<?xml version="1.0" encoding="UTF-8"?>
<coverage generated="1785740062856" clover="3.2.0">
  <project timestamp="1785740062856" name="All files">
    <metrics statements="1617" coveredstatements="1499" conditionals="1523" coveredconditionals="1274" methods="267" coveredmethods="233" elements="3407" coveredelements="3006" complexity="0" loc="1617" ncloc="1617" packages="9" files="29" classes="29"/>
    <package name="config">
      <metrics statements="20" coveredstatements="20" conditionals="63" coveredconditionals="61" methods="2" coveredmethods="2"/>
      <file name="index.js" path="/home/claude/project/India In Time - Testing 2.1 - Copy (3)/config/index.js">
        <metrics statements="20" coveredstatements="20" conditionals="63" coveredconditionals="61" methods="2" coveredmethods="2"/>
        <line num="5" count="55" type="stmt"/>
        <line num="7" count="55" type="cond" truecount="1" falsecount="1"/>
        <line num="8" count="55" type="stmt"/>
        <line num="12" count="54" type="stmt"/>
        <line num="13" count="54" type="cond" truecount="4" falsecount="0"/>
        <line num="14" count="7" type="stmt"/>
        <line num="15" count="7" type="cond" truecount="1" falsecount="1"/>
        <line num="17" count="54" type="cond" truecount="2" falsecount="0"/>
        <line num="26" count="55" type="cond" truecount="2" falsecount="0"/>
        <line num="27" count="55" type="cond" truecount="5" falsecount="0"/>
        <line num="28" count="1" type="stmt"/>
        <line num="34" count="1" type="stmt"/>
        <line num="37" count="54" type="stmt"/>
        <line num="135" count="54" type="stmt"/>
        <line num="136" count="54" type="stmt"/>
        <line num="138" count="54" type="stmt"/>
        <line num="139" count="4" type="stmt"/>
        <line num="140" count="4" type="cond" truecount="4" falsecount="0"/>
        <line num="141" count="3" type="stmt"/>
        <line num="144" count="54" type="stmt"/>
      </file>
    </package>
    <package name="data">
      <metrics statements="5" coveredstatements="5" conditionals="12" coveredconditionals="8" methods="2" coveredmethods="2"/>
      <file name="city-seeds.js" path="/home/claude/project/India In Time - Testing 2.1 - Copy (3)/data/city-seeds.js">
        <metrics statements="5" coveredstatements="5" conditionals="12" coveredconditionals="8" methods="2" coveredmethods="2"/>
        <line num="9" count="11" type="cond" truecount="1" falsecount="1"/>
        <line num="10" count="11" type="stmt"/>
        <line num="202" count="11" type="cond" truecount="2" falsecount="0"/>
        <line num="203" count="56" type="stmt"/>
        <line num="212" count="1" type="stmt"/>
      </file>
    </package>
    <package name="db">
      <metrics statements="119" coveredstatements="93" conditionals="69" coveredconditionals="55" methods="28" coveredmethods="20"/>
      <file name="init.js" path="/home/claude/project/India In Time - Testing 2.1 - Copy (3)/db/init.js">
        <metrics statements="26" coveredstatements="24" conditionals="12" coveredconditionals="10" methods="4" coveredmethods="3"/>
        <line num="3" count="1" type="stmt"/>
        <line num="4" count="1" type="stmt"/>
        <line num="5" count="1" type="stmt"/>
        <line num="6" count="1" type="stmt"/>
        <line num="7" count="1" type="stmt"/>
        <line num="9" count="1" type="stmt"/>
        <line num="16" count="5" type="cond" truecount="2" falsecount="0"/>
        <line num="17" count="1" type="stmt"/>
        <line num="20" count="4" type="cond" truecount="2" falsecount="2"/>
        <line num="21" count="0" type="stmt"/>
        <line num="34" count="4" type="stmt"/>
        <line num="46" count="4" type="stmt"/>
        <line num="48" count="0" type="stmt"/>
        <line num="57" count="4" type="stmt"/>
        <line num="58" count="4" type="stmt"/>
        <line num="60" count="3" type="stmt"/>
        <line num="62" count="1" type="stmt"/>
        <line num="63" count="1" type="stmt"/>
        <line num="66" count="3" type="stmt"/>
        <line num="73" count="3" type="cond" truecount="2" falsecount="0"/>
        <line num="74" count="1" type="stmt"/>
        <line num="81" count="8" type="cond" truecount="2" falsecount="0"/>
        <line num="82" count="4" type="stmt"/>
        <line num="83" count="4" type="stmt"/>
        <line num="84" count="4" type="stmt"/>
        <line num="88" count="1" type="stmt"/>
      </file>
      <file name="queries.js" path="/home/claude/project/India In Time - Testing 2.1 - Copy (3)/db/queries.js">
        <metrics statements="91" coveredstatements="67" conditionals="57" coveredconditionals="45" methods="24" coveredmethods="17"/>
        <line num="4" count="1" type="stmt"/>
        <line num="11" count="1" type="stmt"/>
        <line num="12" count="1" type="stmt"/>
        <line num="19" count="1" type="stmt"/>
        <line num="20" count="1" type="stmt"/>
        <line num="27" count="1" type="stmt"/>
        <line num="31" count="2" type="stmt"/>
        <line num="32" count="2" type="stmt"/>
        <line num="33" count="2" type="cond" truecount="2" falsecount="0"/>
        <line num="37" count="0" type="stmt"/>
        <line num="38" count="0" type="stmt"/>
        <line num="39" count="0" type="cond" truecount="0" falsecount="2"/>
        <line num="43" count="0" type="stmt"/>
        <line num="44" count="0" type="stmt"/>
        <line num="48" count="1" type="stmt"/>
        <line num="49" count="1" type="stmt"/>
        <line num="57" count="1" type="stmt"/>
        <line num="58" count="1" type="stmt"/>
        <line num="66" count="0" type="stmt"/>
        <line num="67" count="0" type="cond" truecount="0" falsecount="2"/>
        <line num="68" count="0" type="stmt"/>
        <line num="71" count="0" type="stmt"/>
        <line num="73" count="0" type="stmt"/>
        <line num="76" count="0" type="stmt"/>
        <line num="80" count="1" type="stmt"/>
        <line num="81" count="1" type="stmt"/>
        <line num="85" count="2" type="stmt"/>
        <line num="86" count="2" type="stmt"/>
        <line num="89" count="2" type="stmt"/>
        <line num="96" count="1" type="stmt"/>
        <line num="97" count="1" type="stmt"/>
        <line num="100" count="3" type="cond" truecount="2" falsecount="0"/>
        <line num="101" count="2" type="stmt"/>
        <line num="102" count="2" type="stmt"/>
        <line num="104" count="2" type="stmt"/>
        <line num="105" count="2" type="stmt"/>
        <line num="106" count="2" type="stmt"/>
        <line num="107" count="2" type="stmt"/>
        <line num="108" count="2" type="stmt"/>
        <line num="109" count="2" type="stmt"/>
        <line num="113" count="2" type="stmt"/>
        <line num="114" count="2" type="stmt"/>
        <line num="116" count="1" type="stmt"/>
        <line num="118" count="1" type="stmt"/>
        <line num="119" count="1" type="stmt"/>
        <line num="121" count="2" type="stmt"/>
        <line num="124" count="1" type="stmt"/>
        <line num="129" count="2" type="stmt"/>
        <line num="137" count="2" type="cond" truecount="2" falsecount="0"/>
        <line num="138" count="1" type="stmt"/>
        <line num="141" count="2" type="cond" truecount="1" falsecount="1"/>
        <line num="142" count="0" type="stmt"/>
        <line num="147" count="0" type="stmt"/>
        <line num="148" count="0" type="stmt"/>
        <line num="150" count="0" type="stmt"/>
        <line num="162" count="0" type="stmt"/>
        <line num="171" count="0" type="stmt"/>
        <line num="179" count="3" type="stmt"/>
        <line num="180" count="3" type="stmt"/>
        <line num="184" count="3" type="cond" truecount="2" falsecount="0"/>
        <line num="185" count="2" type="stmt"/>
        <line num="186" count="2" type="stmt"/>
        <line num="188" count="1" type="stmt"/>
        <line num="193" count="1" type="stmt"/>
        <line num="194" count="1" type="stmt"/>
        <line num="195" count="1" type="stmt"/>
        <line num="206" count="0" type="stmt"/>
        <line num="207" count="0" type="stmt"/>
        <line num="211" count="1" type="stmt"/>
        <line num="212" count="1" type="stmt"/>
        <line num="213" count="1" type="stmt"/>
        <line num="221" count="2" type="stmt"/>
        <line num="222" count="2" type="stmt"/>
        <line num="225" count="2" type="cond" truecount="2" falsecount="0"/>
        <line num="229" count="0" type="stmt"/>
        <line num="230" count="0" type="stmt"/>
        <line num="244" count="1" type="stmt"/>
        <line num="245" count="1" type="stmt"/>
        <line num="252" count="1" type="stmt"/>
        <line num="253" count="1" type="stmt"/>
        <line num="259" count="1" type="cond" truecount="2" falsecount="0"/>
        <line num="263" count="0" type="stmt"/>
        <line num="264" count="0" type="stmt"/>
        <line num="268" count="0" type="stmt"/>
        <line num="272" count="1" type="stmt"/>
        <line num="273" count="1" type="stmt"/>
        <line num="280" count="1" type="stmt"/>
        <line num="281" count="1" type="stmt"/>
        <line num="285" count="1" type="stmt"/>
        <line num="289" count="1" type="cond" truecount="1" falsecount="1"/>
        <line num="292" count="1" type="stmt"/>
      </file>
      <file name="schema.js" path="/home/claude/project/India In Time - Testing 2.1 - Copy (3)/db/schema.js">
        <metrics statements="2" coveredstatements="2" conditionals="0" coveredconditionals="0" methods="0" coveredmethods="0"/>
        <line num="12" count="1" type="stmt"/>
        <line num="105" count="1" type="stmt"/>
      </file>
    </package>
    <package name="lib">
      <metrics statements="5" coveredstatements="5" conditionals="8" coveredconditionals="8" methods="0" coveredmethods="0"/>
      <file name="logger.js" path="/home/claude/project/India In Time - Testing 2.1 - Copy (3)/lib/logger.js">
        <metrics statements="5" coveredstatements="5" conditionals="8" coveredconditionals="8" methods="0" coveredmethods="0"/>
        <line num="19" count="37" type="stmt"/>
        <line num="21" count="37" type="cond" truecount="4" falsecount="0"/>
        <line num="23" count="37" type="stmt"/>
        <line num="25" count="37" type="stmt"/>
        <line num="42" count="37" type="stmt"/>
      </file>
    </package>
    <package name="middleware">
      <metrics statements="183" coveredstatements="175" conditionals="121" coveredconditionals="107" methods="26" coveredmethods="21"/>
      <file name="adminAuth.js" path="/home/claude/project/India In Time - Testing 2.1 - Copy (3)/middleware/adminAuth.js">
        <metrics statements="44" coveredstatements="44" conditionals="40" coveredconditionals="36" methods="4" coveredmethods="4"/>
        <line num="29" count="5" type="stmt"/>
        <line num="30" count="5" type="stmt"/>
        <line num="31" count="5" type="stmt"/>
        <line num="42" count="26" type="cond" truecount="1" falsecount="1"/>
        <line num="43" count="26" type="cond" truecount="1" falsecount="1"/>
        <line num="48" count="26" type="stmt"/>
        <line num="49" count="26" type="stmt"/>
        <line num="50" count="26" type="stmt"/>
        <line num="54" count="39" type="cond" truecount="2" falsecount="0"/>
        <line num="55" count="39" type="stmt"/>
        <line num="56" count="39" type="cond" truecount="2" falsecount="0"/>
        <line num="58" count="3" type="stmt"/>
        <line num="59" count="3" type="stmt"/>
        <line num="60" count="2" type="cond" truecount="4" falsecount="0"/>
        <line num="61" count="1" type="stmt"/>
        <line num="62" count="1" type="cond" truecount="1" falsecount="1"/>
        <line num="63" count="1" type="stmt"/>
        <line num="64" count="1" type="stmt"/>
        <line num="66" count="1" type="cond" truecount="1" falsecount="1"/>
        <line num="67" count="1" type="stmt"/>
        <line num="70" count="1" type="stmt"/>
        <line num="72" count="2" type="stmt"/>
        <line num="76" count="38" type="stmt"/>
        <line num="77" count="38" type="cond" truecount="2" falsecount="0"/>
        <line num="83" count="36" type="cond" truecount="2" falsecount="0"/>
        <line num="91" count="35" type="stmt"/>
        <line num="92" count="35" type="cond" truecount="2" falsecount="0"/>
        <line num="93" count="3" type="stmt"/>
        <line num="94" count="3" type="cond" truecount="4" falsecount="0"/>
        <line num="95" count="1" type="stmt"/>
        <line num="100" count="1" type="stmt"/>
        <line num="103" count="34" type="stmt"/>
        <line num="104" count="34" type="cond" truecount="4" falsecount="0"/>
        <line num="105" count="18" type="stmt"/>
        <line num="112" count="18" type="stmt"/>
        <line num="116" count="18" type="stmt"/>
        <line num="125" count="39" type="cond" truecount="2" falsecount="0"/>
        <line num="126" count="38" type="cond" truecount="2" falsecount="0"/>
        <line num="128" count="20" type="stmt"/>
        <line num="129" count="20" type="stmt"/>
        <line num="130" count="20" type="cond" truecount="4" falsecount="0"/>
        <line num="131" count="2" type="stmt"/>
        <line num="135" count="18" type="stmt"/>
        <line num="141" count="5" type="stmt"/>
      </file>
      <file name="auth.js" path="/home/claude/project/India In Time - Testing 2.1 - Copy (3)/middleware/auth.js">
        <metrics statements="47" coveredstatements="47" conditionals="26" coveredconditionals="25" methods="4" coveredmethods="4"/>
        <line num="23" count="20" type="stmt"/>
        <line num="25" count="20" type="stmt"/>
        <line num="26" count="20" type="stmt"/>
        <line num="29" count="20" type="cond" truecount="4" falsecount="0"/>
        <line num="31" count="19" type="stmt"/>
        <line num="32" count="19" type="cond" truecount="2" falsecount="0"/>
        <line num="33" count="3" type="stmt"/>
        <line num="37" count="3" type="stmt"/>
        <line num="38" count="3" type="stmt"/>
        <line num="41" count="16" type="stmt"/>
        <line num="44" count="16" type="stmt"/>
        <line num="45" count="16" type="cond" truecount="2" falsecount="0"/>
        <line num="46" count="16" type="stmt"/>
        <line num="48" count="15" type="stmt"/>
        <line num="51" count="14" type="stmt"/>
        <line num="52" count="14" type="stmt"/>
        <line num="54" count="2" type="stmt"/>
        <line num="55" count="2" type="stmt"/>
        <line num="64" count="13" type="stmt"/>
        <line num="65" count="13" type="cond" truecount="2" falsecount="0"/>
        <line num="66" count="3" type="stmt"/>
        <line num="72" count="10" type="cond" truecount="2" falsecount="0"/>
        <line num="73" count="10" type="stmt"/>
        <line num="74" count="10" type="cond" truecount="2" falsecount="0"/>
        <line num="75" count="2" type="stmt"/>
        <line num="78" count="8" type="stmt"/>
        <line num="79" count="8" type="stmt"/>
        <line num="80" count="7" type="stmt"/>
        <line num="81" count="7" type="cond" truecount="2" falsecount="0"/>
        <line num="82" count="7" type="stmt"/>
        <line num="84" count="1" type="stmt"/>
        <line num="85" count="1" type="stmt"/>
        <line num="100" count="4" type="stmt"/>
        <line num="101" count="4" type="cond" truecount="2" falsecount="0"/>
        <line num="102" count="4" type="stmt"/>
        <line num="103" count="4" type="cond" truecount="4" falsecount="0"/>
        <line num="104" count="2" type="stmt"/>
        <line num="106" count="2" type="stmt"/>
        <line num="107" count="2" type="stmt"/>
        <line num="108" count="1" type="stmt"/>
        <line num="109" count="1" type="cond" truecount="1" falsecount="1"/>
        <line num="111" count="1" type="stmt"/>
        <line num="113" count="2" type="stmt"/>
        <line num="127" count="3" type="stmt"/>
        <line num="128" count="3" type="cond" truecount="2" falsecount="0"/>
        <line num="129" count="2" type="stmt"/>
        <line num="132" count="20" type="stmt"/>
      </file>
      <file name="errorHandler.js" path="/home/claude/project/India In Time - Testing 2.1 - Copy (3)/middleware/errorHandler.js">
        <metrics statements="29" coveredstatements="29" conditionals="31" coveredconditionals="28" methods="6" coveredmethods="5"/>
        <line num="4" count="10" type="stmt"/>
        <line num="5" count="10" type="stmt"/>
        <line num="21" count="10" type="stmt"/>
        <line num="24" count="6" type="stmt"/>
        <line num="25" count="6" type="cond" truecount="4" falsecount="0"/>
        <line num="27" count="2" type="stmt"/>
        <line num="28" count="2" type="stmt"/>
        <line num="30" count="2" type="stmt"/>
        <line num="46" count="1" type="stmt"/>
        <line num="51" count="2" type="stmt"/>
        <line num="61" count="8" type="cond" truecount="3" falsecount="0"/>
        <line num="64" count="8" type="stmt"/>
        <line num="73" count="8" type="cond" truecount="2" falsecount="0"/>
        <line num="74" count="6" type="stmt"/>
        <line num="75" count="6" type="stmt"/>
        <line num="76" count="6" type="stmt"/>
        <line num="78" count="2" type="stmt"/>
        <line num="82" count="8" type="stmt"/>
        <line num="89" count="8" type="cond" truecount="4" falsecount="0"/>
        <line num="90" count="1" type="stmt"/>
        <line num="94" count="8" type="cond" truecount="4" falsecount="0"/>
        <line num="95" count="5" type="stmt"/>
        <line num="96" count="5" type="stmt"/>
        <line num="99" count="8" type="stmt"/>
        <line num="106" count="2" type="cond" truecount="1" falsecount="1"/>
        <line num="107" count="2" type="cond" truecount="2" falsecount="0"/>
        <line num="113" count="1" type="stmt"/>
        <line num="115" count="1" type="stmt"/>
        <line num="122" count="10" type="stmt"/>
      </file>
      <file name="rateLimiter.js" path="/home/claude/project/India In Time - Testing 2.1 - Copy (3)/middleware/rateLimiter.js">
        <metrics statements="56" coveredstatements="50" conditionals="24" coveredconditionals="18" methods="9" coveredmethods="6"/>
        <line num="13" count="8" type="stmt"/>
        <line num="16" count="8" type="stmt"/>
        <line num="19" count="8" type="stmt"/>
        <line num="20" count="0" type="stmt"/>
        <line num="21" count="0" type="stmt"/>
        <line num="22" count="0" type="cond" truecount="0" falsecount="2"/>
        <line num="23" count="0" type="stmt"/>
        <line num="29" count="8" type="stmt"/>
        <line num="30" count="8" type="cond" truecount="2" falsecount="0"/>
        <line num="31" count="1" type="stmt"/>
        <line num="32" count="1" type="stmt"/>
        <line num="33" count="1" type="stmt"/>
        <line num="34" count="1" type="stmt"/>
        <line num="35" count="1" type="stmt"/>
        <line num="37" count="0" type="stmt"/>
        <line num="38" count="0" type="stmt"/>
        <line num="41" count="7" type="stmt"/>
        <line num="45" count="6" type="stmt"/>
        <line num="46" count="6" type="stmt"/>
        <line num="47" count="6" type="stmt"/>
        <line num="48" count="5" type="cond" truecount="2" falsecount="0"/>
        <line num="49" count="5" type="stmt"/>
        <line num="50" count="5" type="cond" truecount="1" falsecount="1"/>
        <line num="54" count="16" type="stmt"/>
        <line num="55" count="16" type="stmt"/>
        <line num="56" count="16" type="cond" truecount="2" falsecount="0"/>
        <line num="57" count="16" type="cond" truecount="2" falsecount="0"/>
        <line num="58" count="16" type="stmt"/>
        <line num="59" count="16" type="cond" truecount="1" falsecount="1"/>
        <line num="60" count="16" type="stmt"/>
        <line num="61" count="16" type="stmt"/>
        <line num="69" count="45" type="cond" truecount="1" falsecount="1"/>
        <line num="70" count="45" type="stmt"/>
        <line num="72" count="45" type="stmt"/>
        <line num="73" count="22" type="cond" truecount="3" falsecount="0"/>
        <line num="75" count="22" type="stmt"/>
        <line num="76" count="21" type="stmt"/>
        <line num="77" count="21" type="stmt"/>
        <line num="78" count="21" type="stmt"/>
        <line num="79" count="21" type="stmt"/>
        <line num="80" count="21" type="stmt"/>
        <line num="82" count="21" type="cond" truecount="2" falsecount="0"/>
        <line num="83" count="3" type="stmt"/>
        <line num="84" count="3" type="stmt"/>
        <line num="85" count="3" type="stmt"/>
        <line num="93" count="18" type="stmt"/>
        <line num="96" count="22" type="cond" truecount="2" falsecount="0"/>
        <line num="97" count="6" type="stmt"/>
        <line num="100" count="1" type="stmt"/>
        <line num="101" count="1" type="stmt"/>
        <line num="104" count="16" type="stmt"/>
        <line num="110" count="8" type="stmt"/>
        <line num="111" count="8" type="stmt"/>
        <line num="112" count="8" type="stmt"/>
        <line num="113" count="8" type="stmt"/>
        <line num="115" count="8" type="stmt"/>
      </file>
      <file name="security.js" path="/home/claude/project/India In Time - Testing 2.1 - Copy (3)/middleware/security.js">
        <metrics statements="7" coveredstatements="5" conditionals="0" coveredconditionals="0" methods="3" coveredmethods="2"/>
        <line num="7" count="12" type="stmt"/>
        <line num="137" count="11" type="stmt"/>
        <line num="138" count="11" type="stmt"/>
        <line num="139" count="11" type="stmt"/>
        <line num="141" count="0" type="stmt"/>
        <line num="142" count="0" type="stmt"/>
        <line num="146" count="1" type="stmt"/>
      </file>
    </package>
    <package name="migrations">
      <metrics statements="6" coveredstatements="5" conditionals="0" coveredconditionals="0" methods="2" coveredmethods="1"/>
      <file name="1700000000000_baseline-schema.js" path="/home/claude/project/India In Time - Testing 2.1 - Copy (3)/migrations/1700000000000_baseline-schema.js">
        <metrics statements="6" coveredstatements="5" conditionals="0" coveredconditionals="0" methods="2" coveredmethods="1"/>
        <line num="16" count="1" type="stmt"/>
        <line num="18" count="1" type="stmt"/>
        <line num="20" count="1" type="stmt"/>
        <line num="21" count="1" type="stmt"/>
        <line num="24" count="1" type="stmt"/>
        <line num="31" count="0" type="stmt"/>
      </file>
    </package>
    <package name="routes">
      <metrics statements="540" coveredstatements="488" conditionals="443" coveredconditionals="379" methods="93" coveredmethods="82"/>
      <file name="ai.js" path="/home/claude/project/India In Time - Testing 2.1 - Copy (3)/routes/ai.js">
        <metrics statements="80" coveredstatements="80" conditionals="116" coveredconditionals="102" methods="28" coveredmethods="28"/>
        <line num="19" count="2" type="stmt"/>
        <line num="20" count="2" type="stmt"/>
        <line num="21" count="2" type="stmt"/>
        <line num="33" count="2" type="stmt"/>
        <line num="44" count="2" type="stmt"/>
        <line num="53" count="13" type="cond" truecount="2" falsecount="0"/>
        <line num="57" count="44" type="stmt"/>
        <line num="58" count="50" type="stmt"/>
        <line num="59" count="50" type="stmt"/>
        <line num="60" count="46" type="stmt"/>
        <line num="62" count="4" type="stmt"/>
        <line num="63" count="4" type="cond" truecount="4" falsecount="0"/>
        <line num="64" count="4" type="cond" truecount="2" falsecount="0"/>
        <line num="67" count="4" type="stmt"/>
        <line num="75" count="2" type="stmt"/>
        <line num="76" count="8" type="cond" truecount="4" falsecount="0"/>
        <line num="80" count="8" type="stmt"/>
        <line num="93" count="2" type="stmt"/>
        <line num="94" count="3" type="cond" truecount="2" falsecount="0"/>
        <line num="95" count="3" type="stmt"/>
        <line num="103" count="2" type="stmt"/>
        <line num="104" count="1" type="stmt"/>
        <line num="112" count="2" type="stmt"/>
        <line num="113" count="3" type="cond" truecount="4" falsecount="0"/>
        <line num="114" count="3" type="stmt"/>
        <line num="122" count="2" type="stmt"/>
        <line num="123" count="3" type="cond" truecount="4" falsecount="0"/>
        <line num="124" count="3" type="stmt"/>
        <line num="131" count="2" type="stmt"/>
        <line num="132" count="2" type="stmt"/>
        <line num="139" count="2" type="stmt"/>
        <line num="140" count="1" type="cond" truecount="1" falsecount="1"/>
        <line num="141" count="1" type="stmt"/>
        <line num="150" count="2" type="stmt"/>
        <line num="151" count="2" type="stmt"/>
        <line num="158" count="2" type="stmt"/>
        <line num="159" count="1" type="stmt"/>
        <line num="175" count="2" type="stmt"/>
        <line num="176" count="1" type="stmt"/>
        <line num="193" count="2" type="stmt"/>
        <line num="194" count="4" type="cond" truecount="4" falsecount="0"/>
        <line num="195" count="4" type="cond" truecount="3" falsecount="1"/>
        <line num="196" count="4" type="cond" truecount="2" falsecount="0"/>
        <line num="198" count="4" type="stmt"/>
        <line num="218" count="2" type="stmt"/>
        <line num="219" count="4" type="cond" truecount="4" falsecount="0"/>
        <line num="220" count="4" type="cond" truecount="4" falsecount="0"/>
        <line num="222" count="4" type="cond" truecount="4" falsecount="0"/>
        <line num="239" count="2" type="stmt"/>
        <line num="240" count="2" type="cond" truecount="2" falsecount="0"/>
        <line num="242" count="2" type="stmt"/>
        <line num="258" count="2" type="stmt"/>
        <line num="259" count="2" type="cond" truecount="2" falsecount="2"/>
        <line num="261" count="2" type="stmt"/>
        <line num="275" count="2" type="stmt"/>
        <line num="276" count="2" type="cond" truecount="2" falsecount="0"/>
        <line num="277" count="2" type="cond" truecount="2" falsecount="0"/>
        <line num="278" count="2" type="stmt"/>
        <line num="302" count="2" type="stmt"/>
        <line num="303" count="2" type="cond" truecount="4" falsecount="0"/>
        <line num="304" count="2" type="stmt"/>
        <line num="326" count="2" type="stmt"/>
        <line num="327" count="1" type="stmt"/>
        <line num="354" count="2" type="stmt"/>
        <line num="355" count="1" type="cond" truecount="2" falsecount="0"/>
        <line num="356" count="1" type="cond" truecount="2" falsecount="0"/>
        <line num="357" count="1" type="stmt"/>
        <line num="388" count="2" type="stmt"/>
        <line num="389" count="1" type="stmt"/>
        <line num="426" count="2" type="stmt"/>
        <line num="427" count="2" type="cond" truecount="2" falsecount="0"/>
        <line num="428" count="2" type="cond" truecount="2" falsecount="0"/>
        <line num="429" count="2" type="stmt"/>
        <line num="467" count="2" type="stmt"/>
        <line num="468" count="2" type="cond" truecount="2" falsecount="0"/>
        <line num="469" count="2" type="cond" truecount="2" falsecount="0"/>
        <line num="470" count="2" type="stmt"/>
        <line num="513" count="2" type="stmt"/>
        <line num="514" count="2" type="stmt"/>
        <line num="531" count="2" type="stmt"/>
      </file>
      <file name="analytics.js" path="/home/claude/project/India In Time - Testing 2.1 - Copy (3)/routes/analytics.js">
        <metrics statements="29" coveredstatements="27" conditionals="8" coveredconditionals="6" methods="4" coveredmethods="4"/>
        <line num="4" count="1" type="stmt"/>
        <line num="5" count="1" type="stmt"/>
        <line num="6" count="1" type="stmt"/>
        <line num="7" count="1" type="stmt"/>
        <line num="8" count="1" type="stmt"/>
        <line num="9" count="1" type="stmt"/>
        <line num="13" count="6" type="stmt"/>
        <line num="15" count="6" type="stmt"/>
        <line num="17" count="6" type="cond" truecount="2" falsecount="0"/>
        <line num="19" count="1" type="cond" truecount="1" falsecount="1"/>
        <line num="21" count="1" type="stmt"/>
        <line num="22" count="1" type="stmt"/>
        <line num="23" count="1" type="stmt"/>
        <line num="37" count="6" type="stmt"/>
        <line num="43" count="1" type="stmt"/>
        <line num="44" count="4" type="stmt"/>
        <line num="45" count="4" type="cond" truecount="2" falsecount="0"/>
        <line num="46" count="4" type="stmt"/>
        <line num="49" count="4" type="stmt"/>
        <line num="57" count="4" type="stmt"/>
        <line num="60" count="4" type="stmt"/>
        <line num="67" count="4" type="stmt"/>
        <line num="74" count="0" type="stmt"/>
        <line num="75" count="0" type="stmt"/>
        <line num="80" count="4" type="stmt"/>
        <line num="81" count="4" type="stmt"/>
        <line num="82" count="4" type="stmt"/>
        <line num="83" count="4" type="stmt"/>
        <line num="86" count="1" type="stmt"/>
      </file>
      <file name="favorites.js" path="/home/claude/project/India In Time - Testing 2.1 - Copy (3)/routes/favorites.js">
        <metrics statements="29" coveredstatements="23" conditionals="8" coveredconditionals="8" methods="3" coveredmethods="3"/>
        <line num="6" count="1" type="stmt"/>
        <line num="7" count="1" type="stmt"/>
        <line num="8" count="1" type="stmt"/>
        <line num="9" count="1" type="stmt"/>
        <line num="12" count="1" type="stmt"/>
        <line num="13" count="3" type="stmt"/>
        <line num="14" count="3" type="stmt"/>
        <line num="16" count="3" type="cond" truecount="4" falsecount="0"/>
        <line num="17" count="1" type="stmt"/>
        <line num="21" count="2" type="cond" truecount="2" falsecount="0"/>
        <line num="22" count="1" type="stmt"/>
        <line num="25" count="1" type="stmt"/>
        <line num="26" count="1" type="stmt"/>
        <line num="28" count="0" type="stmt"/>
        <line num="29" count="0" type="stmt"/>
        <line num="34" count="1" type="stmt"/>
        <line num="35" count="2" type="stmt"/>
        <line num="36" count="2" type="cond" truecount="2" falsecount="0"/>
        <line num="37" count="2" type="stmt"/>
        <line num="39" count="2" type="stmt"/>
        <line num="41" count="0" type="stmt"/>
        <line num="42" count="0" type="stmt"/>
        <line num="47" count="1" type="stmt"/>
        <line num="48" count="1" type="stmt"/>
        <line num="52" count="1" type="stmt"/>
        <line num="54" count="1" type="stmt"/>
        <line num="56" count="0" type="stmt"/>
        <line num="57" count="0" type="stmt"/>
        <line num="61" count="1" type="stmt"/>
      </file>
      <file name="feedback.js" path="/home/claude/project/India In Time - Testing 2.1 - Copy (3)/routes/feedback.js">
        <metrics statements="59" coveredstatements="48" conditionals="41" coveredconditionals="37" methods="5" coveredmethods="5"/>
        <line num="7" count="1" type="stmt"/>
        <line num="8" count="1" type="stmt"/>
        <line num="12" count="1" type="stmt"/>
        <line num="13" count="1" type="stmt"/>
        <line num="14" count="1" type="stmt"/>
        <line num="23" count="1" type="stmt"/>
        <line num="24" count="9" type="stmt"/>
        <line num="25" count="9" type="stmt"/>
        <line num="26" count="9" type="cond" truecount="2" falsecount="0"/>
        <line num="28" count="9" type="cond" truecount="5" falsecount="0"/>
        <line num="29" count="2" type="stmt"/>
        <line num="31" count="7" type="stmt"/>
        <line num="32" count="7" type="cond" truecount="5" falsecount="0"/>
        <line num="33" count="3" type="stmt"/>
        <line num="35" count="4" type="cond" truecount="4" falsecount="0"/>
        <line num="36" count="1" type="stmt"/>
        <line num="39" count="3" type="stmt"/>
        <line num="40" count="3" type="stmt"/>
        <line num="42" count="0" type="stmt"/>
        <line num="43" count="0" type="stmt"/>
        <line num="47" count="1" type="stmt"/>
        <line num="48" count="2" type="stmt"/>
        <line num="49" count="2" type="stmt"/>
        <line num="50" count="2" type="cond" truecount="4" falsecount="0"/>
        <line num="51" count="1" type="stmt"/>
        <line num="52" count="1" type="stmt"/>
        <line num="54" count="0" type="stmt"/>
        <line num="55" count="0" type="stmt"/>
        <line num="60" count="1" type="stmt"/>
        <line num="61" count="1" type="stmt"/>
        <line num="62" count="1" type="cond" truecount="1" falsecount="1"/>
        <line num="63" count="1" type="stmt"/>
        <line num="64" count="1" type="stmt"/>
        <line num="66" count="0" type="stmt"/>
        <line num="67" count="0" type="stmt"/>
        <line num="72" count="1" type="stmt"/>
        <line num="73" count="3" type="stmt"/>
        <line num="74" count="3" type="stmt"/>
        <line num="75" count="3" type="cond" truecount="2" falsecount="0"/>
        <line num="77" count="3" type="cond" truecount="1" falsecount="1"/>
        <line num="78" count="3" type="stmt"/>
        <line num="79" count="3" type="cond" truecount="4" falsecount="1"/>
        <line num="80" count="0" type="stmt"/>
        <line num="82" count="3" type="cond" truecount="4" falsecount="0"/>
        <line num="83" count="1" type="stmt"/>
        <line num="85" count="2" type="stmt"/>
        <line num="86" count="2" type="cond" truecount="2" falsecount="0"/>
        <line num="88" count="2" type="stmt"/>
        <line num="92" count="2" type="stmt"/>
        <line num="94" count="0" type="stmt"/>
        <line num="95" count="0" type="stmt"/>
        <line num="99" count="1" type="stmt"/>
        <line num="100" count="1" type="stmt"/>
        <line num="101" count="1" type="cond" truecount="1" falsecount="1"/>
        <line num="102" count="1" type="stmt"/>
        <line num="103" count="1" type="stmt"/>
        <line num="105" count="0" type="stmt"/>
        <line num="106" count="0" type="stmt"/>
        <line num="110" count="1" type="stmt"/>
      </file>
      <file name="geocode.js" path="/home/claude/project/India In Time - Testing 2.1 - Copy (3)/routes/geocode.js">
        <metrics statements="55" coveredstatements="48" conditionals="29" coveredconditionals="23" methods="10" coveredmethods="10"/>
        <line num="18" count="1" type="stmt"/>
        <line num="19" count="1" type="stmt"/>
        <line num="20" count="1" type="stmt"/>
        <line num="21" count="1" type="stmt"/>
        <line num="22" count="1" type="stmt"/>
        <line num="28" count="1" type="stmt"/>
        <line num="30" count="7" type="stmt"/>
        <line num="31" count="7" type="stmt"/>
        <line num="32" count="7" type="stmt"/>
        <line num="33" count="7" type="stmt"/>
        <line num="46" count="4" type="stmt"/>
        <line num="47" count="4" type="stmt"/>
        <line num="51" count="3" type="cond" truecount="1" falsecount="1"/>
        <line num="52" count="0" type="stmt"/>
        <line num="53" count="0" type="stmt"/>
        <line num="54" count="0" type="stmt"/>
        <line num="56" count="3" type="stmt"/>
        <line num="57" count="3" type="cond" truecount="2" falsecount="0"/>
        <line num="58" count="3" type="stmt"/>
        <line num="59" count="2" type="cond" truecount="2" falsecount="0"/>
        <line num="61" count="2" type="stmt"/>
        <line num="62" count="2" type="cond" truecount="1" falsecount="1"/>
        <line num="63" count="2" type="stmt"/>
        <line num="64" count="2" type="stmt"/>
        <line num="73" count="1" type="stmt"/>
        <line num="74" count="9" type="cond" truecount="2" falsecount="0"/>
        <line num="75" count="9" type="cond" truecount="2" falsecount="0"/>
        <line num="77" count="8" type="stmt"/>
        <line num="78" count="8" type="stmt"/>
        <line num="79" count="8" type="cond" truecount="2" falsecount="0"/>
        <line num="81" count="7" type="stmt"/>
        <line num="83" count="7" type="stmt"/>
        <line num="84" count="7" type="stmt"/>
        <line num="85" count="7" type="stmt"/>
        <line num="86" count="7" type="stmt"/>
        <line num="95" count="5" type="cond" truecount="2" falsecount="0"/>
        <line num="96" count="1" type="stmt"/>
        <line num="97" count="1" type="stmt"/>
        <line num="98" count="1" type="stmt"/>
        <line num="100" count="4" type="stmt"/>
        <line num="103" count="3" type="stmt"/>
        <line num="104" count="3" type="stmt"/>
        <line num="110" count="7" type="cond" truecount="4" falsecount="0"/>
        <line num="111" count="4" type="stmt"/>
        <line num="112" count="4" type="stmt"/>
        <line num="114" count="1" type="stmt"/>
        <line num="115" count="1" type="stmt"/>
        <line num="122" count="7" type="cond" truecount="4" falsecount="0"/>
        <line num="123" count="5" type="stmt"/>
        <line num="125" count="7" type="stmt"/>
        <line num="127" count="0" type="stmt"/>
        <line num="128" count="0" type="cond" truecount="0" falsecount="2"/>
        <line num="129" count="0" type="stmt"/>
        <line num="131" count="0" type="stmt"/>
        <line num="135" count="1" type="stmt"/>
      </file>
      <file name="places.js" path="/home/claude/project/India In Time - Testing 2.1 - Copy (3)/routes/places.js">
        <metrics statements="112" coveredstatements="105" conditionals="93" coveredconditionals="77" methods="21" coveredmethods="13"/>
        <line num="2" count="1" type="stmt"/>
        <line num="3" count="1" type="stmt"/>
        <line num="4" count="1" type="stmt"/>
        <line num="5" count="1" type="stmt"/>
        <line num="6" count="1" type="stmt"/>
        <line num="7" count="1" type="stmt"/>
        <line num="10" count="1" type="stmt"/>
        <line num="14" count="1" type="stmt"/>
        <line num="16" count="13" type="stmt"/>
        <line num="26" count="11" type="cond" truecount="2" falsecount="0"/>
        <line num="30" count="11" type="cond" truecount="4" falsecount="1"/>
        <line num="31" count="11" type="stmt"/>
        <line num="34" count="1" type="stmt"/>
        <line num="38" count="2" type="stmt"/>
        <line num="45" count="1" type="stmt"/>
        <line num="46" count="1" type="stmt"/>
        <line num="49" count="3" type="stmt"/>
        <line num="50" count="3" type="cond" truecount="2" falsecount="0"/>
        <line num="51" count="3" type="cond" truecount="2" falsecount="0"/>
        <line num="52" count="2" type="stmt"/>
        <line num="54" count="2" type="cond" truecount="1" falsecount="1"/>
        <line num="55" count="0" type="stmt"/>
        <line num="56" count="0" type="stmt"/>
        <line num="57" count="0" type="cond" truecount="0" falsecount="2"/>
        <line num="60" count="2" type="stmt"/>
        <line num="63" count="1" type="stmt"/>
        <line num="64" count="14" type="cond" truecount="1" falsecount="0"/>
        <line num="65" count="14" type="cond" truecount="3" falsecount="0"/>
        <line num="66" count="14" type="cond" truecount="4" falsecount="0"/>
        <line num="67" count="13" type="stmt"/>
        <line num="68" count="13" type="stmt"/>
        <line num="79" count="13" type="stmt"/>
        <line num="80" count="13" type="cond" truecount="2" falsecount="0"/>
        <line num="81" count="13" type="cond" truecount="4" falsecount="0"/>
        <line num="82" count="1" type="stmt"/>
        <line num="84" count="13" type="stmt"/>
        <line num="86" count="13" type="cond" truecount="2" falsecount="0"/>
        <line num="87" count="2" type="stmt"/>
        <line num="88" count="2" type="stmt"/>
        <line num="90" count="13" type="cond" truecount="2" falsecount="0"/>
        <line num="91" count="13" type="cond" truecount="4" falsecount="0"/>
        <line num="92" count="2" type="stmt"/>
        <line num="93" count="2" type="stmt"/>
        <line num="95" count="11" type="stmt"/>
        <line num="96" count="11" type="stmt"/>
        <line num="103" count="11" type="cond" truecount="2" falsecount="0"/>
        <line num="104" count="11" type="cond" truecount="2" falsecount="0"/>
        <line num="109" count="11" type="stmt"/>
        <line num="110" count="11" type="cond" truecount="2" falsecount="0"/>
        <line num="111" count="10" type="stmt"/>
        <line num="112" count="0" type="stmt"/>
        <line num="116" count="11" type="stmt"/>
        <line num="117" count="0" type="stmt"/>
        <line num="120" count="11" type="stmt"/>
        <line num="121" count="11" type="stmt"/>
        <line num="123" count="11" type="cond" truecount="1" falsecount="1"/>
        <line num="124" count="11" type="cond" truecount="1" falsecount="1"/>
        <line num="127" count="11" type="stmt"/>
        <line num="132" count="10" type="stmt"/>
        <line num="135" count="10" type="stmt"/>
        <line num="136" count="10" type="stmt"/>
        <line num="139" count="51" type="cond" truecount="1" falsecount="1"/>
        <line num="140" count="68" type="cond" truecount="1" falsecount="1"/>
        <line num="141" count="68" type="cond" truecount="5" falsecount="0"/>
        <line num="142" count="66" type="cond" truecount="3" falsecount="1"/>
        <line num="143" count="66" type="stmt"/>
        <line num="144" count="66" type="stmt"/>
        <line num="150" count="10" type="stmt"/>
        <line num="151" count="10" type="stmt"/>
        <line num="152" count="10" type="stmt"/>
        <line num="153" count="10" type="stmt"/>
        <line num="154" count="10" type="stmt"/>
        <line num="157" count="10" type="cond" truecount="2" falsecount="0"/>
        <line num="158" count="1" type="stmt"/>
        <line num="159" count="1" type="stmt"/>
        <line num="162" count="10" type="cond" truecount="2" falsecount="0"/>
        <line num="171" count="10" type="stmt"/>
        <line num="172" count="173" type="cond" truecount="3" falsecount="1"/>
        <line num="173" count="10" type="stmt"/>
        <line num="174" count="10" type="stmt"/>
        <line num="175" count="66" type="stmt"/>
        <line num="176" count="66" type="stmt"/>
        <line num="177" count="253" type="cond" truecount="3" falsecount="1"/>
        <line num="178" count="253" type="cond" truecount="2" falsecount="0"/>
        <line num="179" count="7" type="stmt"/>
        <line num="180" count="17" type="stmt"/>
        <line num="182" count="66" type="cond" truecount="2" falsecount="0"/>
        <line num="184" count="10" type="stmt"/>
        <line num="185" count="10" type="stmt"/>
        <line num="187" count="10" type="cond" truecount="2" falsecount="0"/>
        <line num="189" count="10" type="cond" truecount="2" falsecount="0"/>
        <line num="190" count="8" type="stmt"/>
        <line num="191" count="8" type="stmt"/>
        <line num="192" count="8" type="stmt"/>
        <line num="200" count="2" type="stmt"/>
        <line num="201" count="2" type="stmt"/>
        <line num="202" count="2" type="stmt"/>
        <line num="203" count="2" type="stmt"/>
        <line num="206" count="1" type="stmt"/>
        <line num="207" count="1" type="stmt"/>
        <line num="208" count="1" type="stmt"/>
        <line num="209" count="1" type="stmt"/>
        <line num="210" count="1" type="stmt"/>
        <line num="211" count="1" type="stmt"/>
        <line num="213" count="9" type="cond" truecount="2" falsecount="0"/>
        <line num="214" count="45" type="cond" truecount="2" falsecount="2"/>
        <line num="218" count="1" type="stmt"/>
        <line num="219" count="1" type="stmt"/>
        <line num="220" count="1" type="stmt"/>
        <line num="222" count="0" type="stmt"/>
        <line num="223" count="0" type="stmt"/>
        <line num="228" count="1" type="stmt"/>
      </file>
      <file name="time-intelligence.js" path="/home/claude/project/India In Time - Testing 2.1 - Copy (3)/routes/time-intelligence.js">
        <metrics statements="32" coveredstatements="32" conditionals="26" coveredconditionals="24" methods="4" coveredmethods="4"/>
        <line num="5" count="3" type="stmt"/>
        <line num="6" count="3" type="stmt"/>
        <line num="11" count="3" type="stmt"/>
        <line num="19" count="3" type="stmt"/>
        <line num="22" count="3" type="stmt"/>
        <line num="23" count="12" type="stmt"/>
        <line num="24" count="12" type="cond" truecount="1" falsecount="1"/>
        <line num="25" count="12" type="stmt"/>
        <line num="26" count="12" type="cond" truecount="4" falsecount="0"/>
        <line num="27" count="4" type="stmt"/>
        <line num="29" count="8" type="stmt"/>
        <line num="30" count="8" type="cond" truecount="2" falsecount="0"/>
        <line num="31" count="8" type="cond" truecount="2" falsecount="0"/>
        <line num="34" count="6" type="stmt"/>
        <line num="35" count="206" type="cond" truecount="2" falsecount="0"/>
        <line num="36" count="2" type="cond" truecount="2" falsecount="0"/>
        <line num="38" count="206" type="stmt"/>
        <line num="41" count="6" type="stmt"/>
        <line num="43" count="2" type="stmt"/>
        <line num="44" count="2" type="stmt"/>
        <line num="49" count="3" type="stmt"/>
        <line num="50" count="7" type="stmt"/>
        <line num="51" count="7" type="cond" truecount="1" falsecount="1"/>
        <line num="52" count="7" type="stmt"/>
        <line num="53" count="7" type="cond" truecount="4" falsecount="0"/>
        <line num="54" count="1" type="stmt"/>
        <line num="56" count="6" type="stmt"/>
        <line num="57" count="205" type="stmt"/>
        <line num="61" count="5" type="stmt"/>
        <line num="63" count="1" type="stmt"/>
        <line num="64" count="1" type="stmt"/>
        <line num="68" count="3" type="stmt"/>
      </file>
      <file name="trips.js" path="/home/claude/project/India In Time - Testing 2.1 - Copy (3)/routes/trips.js">
        <metrics statements="59" coveredstatements="43" conditionals="34" coveredconditionals="28" methods="7" coveredmethods="5"/>
        <line num="9" count="1" type="stmt"/>
        <line num="10" count="1" type="stmt"/>
        <line num="11" count="1" type="stmt"/>
        <line num="12" count="1" type="stmt"/>
        <line num="13" count="1" type="stmt"/>
        <line num="16" count="1" type="stmt"/>
        <line num="17" count="2" type="stmt"/>
        <line num="18" count="2" type="stmt"/>
        <line num="20" count="2" type="cond" truecount="6" falsecount="0"/>
        <line num="21" count="1" type="stmt"/>
        <line num="24" count="1" type="stmt"/>
        <line num="25" count="1" type="stmt"/>
        <line num="35" count="1" type="stmt"/>
        <line num="37" count="0" type="stmt"/>
        <line num="38" count="0" type="stmt"/>
        <line num="43" count="1" type="stmt"/>
        <line num="44" count="0" type="stmt"/>
        <line num="45" count="0" type="stmt"/>
        <line num="46" count="0" type="stmt"/>
        <line num="57" count="0" type="stmt"/>
        <line num="59" count="0" type="stmt"/>
        <line num="60" count="0" type="stmt"/>
        <line num="65" count="1" type="stmt"/>
        <line num="66" count="2" type="stmt"/>
        <line num="67" count="2" type="stmt"/>
        <line num="68" count="2" type="cond" truecount="2" falsecount="0"/>
        <line num="69" count="1" type="stmt"/>
        <line num="72" count="1" type="stmt"/>
        <line num="84" count="0" type="stmt"/>
        <line num="85" count="0" type="stmt"/>
        <line num="90" count="1" type="stmt"/>
        <line num="91" count="3" type="stmt"/>
        <line num="92" count="3" type="stmt"/>
        <line num="93" count="3" type="cond" truecount="2" falsecount="0"/>
        <line num="94" count="1" type="stmt"/>
        <line num="96" count="2" type="cond" truecount="2" falsecount="0"/>
        <line num="99" count="1" type="stmt"/>
        <line num="102" count="1" type="stmt"/>
        <line num="114" count="0" type="stmt"/>
        <line num="115" count="0" type="stmt"/>
        <line num="120" count="1" type="stmt"/>
        <line num="121" count="1" type="stmt"/>
        <line num="125" count="1" type="stmt"/>
        <line num="127" count="1" type="stmt"/>
        <line num="129" count="0" type="stmt"/>
        <line num="130" count="0" type="stmt"/>
        <line num="135" count="1" type="stmt"/>
        <line num="136" count="3" type="stmt"/>
        <line num="137" count="3" type="stmt"/>
        <line num="138" count="3" type="cond" truecount="4" falsecount="0"/>
        <line num="139" count="1" type="stmt"/>
        <line num="143" count="2" type="cond" truecount="2" falsecount="0"/>
        <line num="144" count="1" type="stmt"/>
        <line num="148" count="1" type="stmt"/>
        <line num="149" count="1" type="stmt"/>
        <line num="151" count="1" type="stmt"/>
        <line num="153" count="0" type="stmt"/>
        <line num="154" count="0" type="stmt"/>
        <line num="158" count="1" type="stmt"/>
      </file>
      <file name="weather-alerts.js" path="/home/claude/project/India In Time - Testing 2.1 - Copy (3)/routes/weather-alerts.js">
        <metrics statements="50" coveredstatements="49" conditionals="67" coveredconditionals="54" methods="7" coveredmethods="7"/>
        <line num="5" count="1" type="stmt"/>
        <line num="6" count="1" type="stmt"/>
        <line num="7" count="1" type="stmt"/>
        <line num="10" count="65" type="cond" truecount="2" falsecount="0"/>
        <line num="11" count="2" type="cond" truecount="1" falsecount="1"/>
        <line num="12" count="2" type="cond" truecount="1" falsecount="1"/>
        <line num="13" count="2" type="cond" truecount="2" falsecount="0"/>
        <line num="14" count="1" type="cond" truecount="1" falsecount="1"/>
        <line num="15" count="1" type="stmt"/>
        <line num="19" count="65" type="cond" truecount="2" falsecount="0"/>
        <line num="20" count="2" type="cond" truecount="1" falsecount="1"/>
        <line num="21" count="2" type="cond" truecount="1" falsecount="1"/>
        <line num="22" count="2" type="cond" truecount="2" falsecount="0"/>
        <line num="23" count="1" type="cond" truecount="1" falsecount="1"/>
        <line num="24" count="1" type="stmt"/>
        <line num="28" count="57" type="cond" truecount="2" falsecount="0"/>
        <line num="29" count="56" type="cond" truecount="5" falsecount="0"/>
        <line num="30" count="54" type="stmt"/>
        <line num="34" count="57" type="stmt"/>
        <line num="35" count="57" type="cond" truecount="3" falsecount="1"/>
        <line num="36" count="56" type="cond" truecount="2" falsecount="0"/>
        <line num="37" count="54" type="cond" truecount="1" falsecount="1"/>
        <line num="38" count="54" type="cond" truecount="3" falsecount="1"/>
        <line num="39" count="0" type="stmt"/>
        <line num="42" count="1" type="stmt"/>
        <line num="43" count="11" type="stmt"/>
        <line num="47" count="11" type="cond" truecount="1" falsecount="1"/>
        <line num="48" count="60" type="cond" truecount="2" falsecount="0"/>
        <line num="50" count="11" type="cond" truecount="4" falsecount="0"/>
        <line num="52" count="10" type="stmt"/>
        <line num="54" count="10" type="stmt"/>
        <line num="55" count="10" type="stmt"/>
        <line num="56" count="9" type="cond" truecount="2" falsecount="0"/>
        <line num="58" count="8" type="stmt"/>
        <line num="59" count="8" type="stmt"/>
        <line num="63" count="8" type="cond" truecount="2" falsecount="0"/>
        <line num="64" count="8" type="cond" truecount="1" falsecount="1"/>
        <line num="66" count="8" type="stmt"/>
        <line num="67" count="8" type="stmt"/>
        <line num="70" count="8" type="stmt"/>
        <line num="72" count="57" type="cond" truecount="1" falsecount="1"/>
        <line num="73" count="57" type="cond" truecount="2" falsecount="0"/>
        <line num="75" count="57" type="cond" truecount="2" falsecount="0"/>
        <line num="76" count="57" type="cond" truecount="2" falsecount="0"/>
        <line num="77" count="57" type="cond" truecount="2" falsecount="0"/>
        <line num="79" count="57" type="stmt"/>
        <line num="97" count="8" type="stmt"/>
        <line num="107" count="1" type="stmt"/>
        <line num="108" count="1" type="stmt"/>
        <line num="112" count="1" type="stmt"/>
      </file>
      <file name="weather.js" path="/home/claude/project/India In Time - Testing 2.1 - Copy (3)/routes/weather.js">
        <metrics statements="35" coveredstatements="33" conditionals="21" coveredconditionals="20" methods="4" coveredmethods="3"/>
        <line num="6" count="1" type="stmt"/>
        <line num="7" count="1" type="stmt"/>
        <line num="8" count="1" type="stmt"/>
        <line num="11" count="12" type="cond" truecount="2" falsecount="0"/>
        <line num="12" count="6" type="cond" truecount="2" falsecount="0"/>
        <line num="13" count="4" type="cond" truecount="2" falsecount="0"/>
        <line num="14" count="2" type="stmt"/>
        <line num="18" count="14" type="stmt"/>
        <line num="19" count="14" type="stmt"/>
        <line num="20" count="9" type="cond" truecount="2" falsecount="0"/>
        <line num="21" count="2" type="stmt"/>
        <line num="22" count="2" type="stmt"/>
        <line num="23" count="2" type="stmt"/>
        <line num="24" count="2" type="stmt"/>
        <line num="26" count="7" type="stmt"/>
        <line num="29" count="1" type="stmt"/>
        <line num="30" count="11" type="stmt"/>
        <line num="31" count="11" type="cond" truecount="4" falsecount="0"/>
        <line num="34" count="10" type="stmt"/>
        <line num="35" count="10" type="stmt"/>
        <line num="39" count="4" type="stmt"/>
        <line num="40" count="4" type="stmt"/>
        <line num="41" count="4" type="stmt"/>
        <line num="45" count="3" type="stmt"/>
        <line num="46" count="3" type="cond" truecount="4" falsecount="0"/>
        <line num="47" count="3" type="stmt"/>
        <line num="51" count="7" type="stmt"/>
        <line num="52" count="7" type="stmt"/>
        <line num="53" count="7" type="cond" truecount="2" falsecount="0"/>
        <line num="55" count="6" type="stmt"/>
        <line num="56" count="6" type="cond" truecount="1" falsecount="1"/>
        <line num="57" count="6" type="stmt"/>
        <line num="65" count="0" type="stmt"/>
        <line num="66" count="0" type="stmt"/>
        <line num="70" count="1" type="stmt"/>
      </file>
    </package>
    <package name="services">
      <metrics statements="651" coveredstatements="620" conditionals="696" coveredconditionals="558" methods="86" coveredmethods="77"/>
      <file name="cache.js" path="/home/claude/project/India In Time - Testing 2.1 - Copy (3)/services/cache.js">
        <metrics statements="75" coveredstatements="67" conditionals="45" coveredconditionals="37" methods="19" coveredmethods="15"/>
        <line num="13" count="105" type="cond" truecount="2" falsecount="0"/>
        <line num="14" count="105" type="cond" truecount="2" falsecount="0"/>
        <line num="15" count="105" type="cond" truecount="1" falsecount="1"/>
        <line num="16" count="105" type="stmt"/>
        <line num="17" count="105" type="stmt"/>
        <line num="18" count="105" type="cond" truecount="2" falsecount="0"/>
        <line num="22" count="12" type="stmt"/>
        <line num="39" count="60" type="stmt"/>
        <line num="40" count="60" type="cond" truecount="2" falsecount="0"/>
        <line num="41" count="41" type="stmt"/>
        <line num="42" count="41" type="cond" truecount="2" falsecount="0"/>
        <line num="43" count="41" type="stmt"/>
        <line num="46" count="19" type="cond" truecount="2" falsecount="0"/>
        <line num="47" count="2" type="stmt"/>
        <line num="48" count="2" type="stmt"/>
        <line num="49" count="2" type="cond" truecount="1" falsecount="1"/>
        <line num="50" count="2" type="stmt"/>
        <line num="53" count="17" type="stmt"/>
        <line num="54" count="17" type="stmt"/>
        <line num="55" count="17" type="stmt"/>
        <line num="56" count="17" type="stmt"/>
        <line num="60" count="5" type="stmt"/>
        <line num="62" count="3" type="cond" truecount="1" falsecount="1"/>
        <line num="63" count="3" type="stmt"/>
        <line num="64" count="3" type="cond" truecount="4" falsecount="0"/>
        <line num="67" count="1" type="cond" truecount="1" falsecount="1"/>
        <line num="68" count="1" type="stmt"/>
        <line num="69" count="1" type="stmt"/>
        <line num="79" count="2" type="stmt"/>
        <line num="80" count="2" type="cond" truecount="2" falsecount="0"/>
        <line num="81" count="1" type="cond" truecount="1" falsecount="1"/>
        <line num="82" count="0" type="stmt"/>
        <line num="83" count="0" type="stmt"/>
        <line num="85" count="1" type="stmt"/>
        <line num="96" count="33" type="cond" truecount="1" falsecount="1"/>
        <line num="97" count="0" type="stmt"/>
        <line num="101" count="33" type="stmt"/>
        <line num="102" count="1" type="stmt"/>
        <line num="103" count="1" type="stmt"/>
        <line num="104" count="1" type="stmt"/>
        <line num="107" count="33" type="cond" truecount="2" falsecount="0"/>
        <line num="108" count="33" type="stmt"/>
        <line num="109" count="33" type="stmt"/>
        <line num="115" count="33" type="cond" truecount="2" falsecount="0"/>
        <line num="116" count="6" type="cond" truecount="2" falsecount="0"/>
        <line num="117" count="6" type="stmt"/>
        <line num="127" count="2" type="cond" truecount="2" falsecount="0"/>
        <line num="128" count="2" type="stmt"/>
        <line num="135" count="1" type="stmt"/>
        <line num="142" count="1" type="stmt"/>
        <line num="149" count="1" type="stmt"/>
        <line num="150" count="1" type="stmt"/>
        <line num="151" count="1" type="stmt"/>
        <line num="152" count="2" type="cond" truecount="2" falsecount="0"/>
        <line num="153" count="1" type="stmt"/>
        <line num="154" count="1" type="stmt"/>
        <line num="157" count="1" type="stmt"/>
        <line num="164" count="18" type="stmt"/>
        <line num="165" count="18" type="stmt"/>
        <line num="181" count="1" type="stmt"/>
        <line num="187" count="21" type="stmt"/>
        <line num="196" count="21" type="stmt"/>
        <line num="197" count="21" type="cond" truecount="1" falsecount="1"/>
        <line num="198" count="0" type="stmt"/>
        <line num="199" count="0" type="stmt"/>
        <line num="203" count="0" type="stmt"/>
        <line num="204" count="0" type="stmt"/>
        <line num="207" count="21" type="stmt"/>
        <line num="210" count="21" type="stmt"/>
        <line num="217" count="21" type="stmt"/>
        <line num="224" count="21" type="stmt"/>
        <line num="231" count="21" type="stmt"/>
        <line num="239" count="21" type="stmt"/>
        <line num="240" count="0" type="stmt"/>
        <line num="243" count="21" type="stmt"/>
      </file>
      <file name="gemini.js" path="/home/claude/project/India In Time - Testing 2.1 - Copy (3)/services/gemini.js">
        <metrics statements="142" coveredstatements="126" conditionals="79" coveredconditionals="64" methods="18" coveredmethods="16"/>
        <line num="5" count="20" type="stmt"/>
        <line num="6" count="20" type="stmt"/>
        <line num="7" count="20" type="stmt"/>
        <line num="8" count="20" type="stmt"/>
        <line num="9" count="20" type="stmt"/>
        <line num="10" count="20" type="stmt"/>
        <line num="14" count="20" type="stmt"/>
        <line num="15" count="20" type="stmt"/>
        <line num="16" count="20" type="stmt"/>
        <line num="17" count="20" type="stmt"/>
        <line num="18" count="20" type="stmt"/>
        <line num="19" count="20" type="stmt"/>
        <line num="24" count="33" type="stmt"/>
        <line num="25" count="33" type="stmt"/>
        <line num="29" count="20" type="stmt"/>
        <line num="35" count="29" type="cond" truecount="2" falsecount="0"/>
        <line num="37" count="1" type="stmt"/>
        <line num="38" count="1" type="cond" truecount="1" falsecount="1"/>
        <line num="39" count="0" type="stmt"/>
        <line num="40" count="0" type="stmt"/>
        <line num="41" count="0" type="stmt"/>
        <line num="44" count="1" type="stmt"/>
        <line num="48" count="11" type="stmt"/>
        <line num="49" count="11" type="cond" truecount="1" falsecount="1"/>
        <line num="50" count="0" type="stmt"/>
        <line num="51" count="0" type="stmt"/>
        <line num="56" count="17" type="stmt"/>
        <line num="57" count="17" type="cond" truecount="1" falsecount="1"/>
        <line num="59" count="0" type="stmt"/>
        <line num="60" count="0" type="stmt"/>
        <line num="61" count="0" type="stmt"/>
        <line num="62" count="0" type="stmt"/>
        <line num="64" count="17" type="cond" truecount="2" falsecount="0"/>
        <line num="65" count="2" type="stmt"/>
        <line num="66" count="2" type="stmt"/>
        <line num="67" count="2" type="stmt"/>
        <line num="68" count="2" type="stmt"/>
        <line num="75" count="28" type="cond" truecount="1" falsecount="1"/>
        <line num="76" count="28" type="stmt"/>
        <line num="77" count="28" type="stmt"/>
        <line num="80" count="0" type="stmt"/>
        <line num="81" count="0" type="stmt"/>
        <line num="85" count="28" type="stmt"/>
        <line num="86" count="28" type="cond" truecount="1" falsecount="1"/>
        <line num="87" count="0" type="stmt"/>
        <line num="88" count="0" type="stmt"/>
        <line num="95" count="60" type="cond" truecount="2" falsecount="0"/>
        <line num="96" count="60" type="cond" truecount="2" falsecount="0"/>
        <line num="97" count="60" type="cond" truecount="2" falsecount="0"/>
        <line num="98" count="60" type="cond" truecount="2" falsecount="0"/>
        <line num="100" count="60" type="stmt"/>
        <line num="102" count="60" type="stmt"/>
        <line num="107" count="60" type="stmt"/>
        <line num="121" count="8" type="cond" truecount="1" falsecount="1"/>
        <line num="122" count="8" type="stmt"/>
        <line num="123" count="8" type="stmt"/>
        <line num="126" count="52" type="cond" truecount="2" falsecount="0"/>
        <line num="127" count="41" type="stmt"/>
        <line num="128" count="41" type="stmt"/>
        <line num="129" count="41" type="stmt"/>
        <line num="131" count="41" type="cond" truecount="2" falsecount="0"/>
        <line num="132" count="41" type="stmt"/>
        <line num="135" count="11" type="stmt"/>
        <line num="136" count="11" type="cond" truecount="1" falsecount="1"/>
        <line num="153" count="33" type="stmt"/>
        <line num="156" count="33" type="stmt"/>
        <line num="159" count="33" type="stmt"/>
        <line num="160" count="33" type="cond" truecount="2" falsecount="0"/>
        <line num="161" count="3" type="stmt"/>
        <line num="162" count="3" type="stmt"/>
        <line num="166" count="30" type="stmt"/>
        <line num="167" count="30" type="stmt"/>
        <line num="168" count="30" type="cond" truecount="2" falsecount="0"/>
        <line num="169" count="1" type="stmt"/>
        <line num="170" count="1" type="stmt"/>
        <line num="171" count="1" type="stmt"/>
        <line num="174" count="0" type="stmt"/>
        <line num="178" count="29" type="cond" truecount="2" falsecount="0"/>
        <line num="179" count="1" type="stmt"/>
        <line num="183" count="28" type="stmt"/>
        <line num="185" count="28" type="stmt"/>
        <line num="186" count="28" type="stmt"/>
        <line num="187" count="28" type="stmt"/>
        <line num="189" count="28" type="stmt"/>
        <line num="190" count="48" type="stmt"/>
        <line num="191" count="48" type="stmt"/>
        <line num="194" count="5" type="stmt"/>
        <line num="195" count="5" type="stmt"/>
        <line num="198" count="5" type="cond" truecount="3" falsecount="1"/>
        <line num="199" count="5" type="stmt"/>
        <line num="200" count="5" type="stmt"/>
        <line num="201" count="5" type="stmt"/>
        <line num="203" count="0" type="stmt"/>
        <line num="207" count="5" type="stmt"/>
        <line num="209" count="43" type="stmt"/>
        <line num="212" count="43" type="cond" truecount="2" falsecount="0"/>
        <line num="213" count="13" type="stmt"/>
        <line num="214" count="13" type="stmt"/>
        <line num="215" count="13" type="stmt"/>
        <line num="219" count="30" type="cond" truecount="2" falsecount="0"/>
        <line num="220" count="20" type="stmt"/>
        <line num="221" count="20" type="stmt"/>
        <line num="222" count="20" type="stmt"/>
        <line num="223" count="20" type="stmt"/>
        <line num="239" count="10" type="cond" truecount="2" falsecount="0"/>
        <line num="240" count="10" type="stmt"/>
        <line num="241" count="12" type="stmt"/>
        <line num="245" count="12" type="stmt"/>
        <line num="247" count="6" type="stmt"/>
        <line num="248" count="6" type="stmt"/>
        <line num="249" count="6" type="cond" truecount="2" falsecount="0"/>
        <line num="250" count="6" type="cond" truecount="4" falsecount="0"/>
        <line num="252" count="6" type="cond" truecount="3" falsecount="1"/>
        <line num="253" count="6" type="stmt"/>
        <line num="254" count="6" type="stmt"/>
        <line num="255" count="6" type="stmt"/>
        <line num="257" count="0" type="stmt"/>
        <line num="260" count="6" type="stmt"/>
        <line num="263" count="10" type="cond" truecount="4" falsecount="0"/>
        <line num="264" count="4" type="stmt"/>
        <line num="265" count="4" type="stmt"/>
        <line num="270" count="2" type="stmt"/>
        <line num="271" count="2" type="stmt"/>
        <line num="275" count="8" type="cond" truecount="4" falsecount="1"/>
        <line num="276" count="8" type="stmt"/>
        <line num="277" count="8" type="stmt"/>
        <line num="278" count="8" type="stmt"/>
        <line num="287" count="4" type="stmt"/>
        <line num="288" count="4" type="stmt"/>
        <line num="292" count="4" type="stmt"/>
        <line num="293" count="4" type="stmt"/>
        <line num="294" count="4" type="cond" truecount="1" falsecount="1"/>
        <line num="297" count="28" type="stmt"/>
        <line num="305" count="32" type="stmt"/>
        <line num="312" count="1" type="stmt"/>
        <line num="316" count="1" type="stmt"/>
        <line num="323" count="12" type="stmt"/>
        <line num="337" count="1" type="stmt"/>
        <line num="338" count="1" type="stmt"/>
        <line num="339" count="1" type="stmt"/>
        <line num="340" count="1" type="stmt"/>
        <line num="343" count="20" type="stmt"/>
      </file>
      <file name="placesDiscovery.js" path="/home/claude/project/India In Time - Testing 2.1 - Copy (3)/services/placesDiscovery.js">
        <metrics statements="253" coveredstatements="253" conditionals="304" coveredconditionals="221" methods="26" coveredmethods="23"/>
        <line num="9" count="3" type="stmt"/>
        <line num="10" count="3" type="stmt"/>
        <line num="11" count="3" type="stmt"/>
        <line num="15" count="3" type="stmt"/>
        <line num="18" count="7" type="stmt"/>
        <line num="54" count="7" type="cond" truecount="2" falsecount="2"/>
        <line num="55" count="7" type="cond" truecount="1" falsecount="1"/>
        <line num="63" count="7" type="cond" truecount="1" falsecount="1"/>
        <line num="64" count="7" type="stmt"/>
        <line num="65" count="7" type="stmt"/>
        <line num="66" count="7" type="stmt"/>
        <line num="84" count="7" type="stmt"/>
        <line num="87" count="7" type="stmt"/>
        <line num="90" count="7" type="stmt"/>
        <line num="92" count="7" type="stmt"/>
        <line num="93" count="7" type="stmt"/>
        <line num="96" count="4" type="stmt"/>
        <line num="97" count="4" type="cond" truecount="2" falsecount="0"/>
        <line num="99" count="1" type="stmt"/>
        <line num="101" count="1" type="stmt"/>
        <line num="102" count="1" type="cond" truecount="1" falsecount="1"/>
        <line num="103" count="1" type="stmt"/>
        <line num="104" count="1" type="stmt"/>
        <line num="109" count="4" type="cond" truecount="2" falsecount="0"/>
        <line num="110" count="3" type="stmt"/>
        <line num="111" count="3" type="stmt"/>
        <line num="113" count="3" type="stmt"/>
        <line num="114" count="3" type="stmt"/>
        <line num="115" count="3" type="stmt"/>
        <line num="116" count="3" type="cond" truecount="1" falsecount="1"/>
        <line num="119" count="3" type="cond" truecount="2" falsecount="0"/>
        <line num="123" count="7" type="cond" truecount="4" falsecount="0"/>
        <line num="124" count="1" type="stmt"/>
        <line num="125" count="1" type="stmt"/>
        <line num="128" count="6" type="stmt"/>
        <line num="130" count="6" type="stmt"/>
        <line num="131" count="12" type="cond" truecount="1" falsecount="1"/>
        <line num="132" count="12" type="stmt"/>
        <line num="133" count="12" type="cond" truecount="2" falsecount="0"/>
        <line num="134" count="11" type="cond" truecount="2" falsecount="0"/>
        <line num="135" count="9" type="cond" truecount="2" falsecount="0"/>
        <line num="136" count="6" type="cond" truecount="1" falsecount="1"/>
        <line num="137" count="12" type="cond" truecount="2" falsecount="0"/>
        <line num="138" count="12" type="cond" truecount="2" falsecount="0"/>
        <line num="139" count="10" type="cond" truecount="2" falsecount="0"/>
        <line num="140" count="10" type="cond" truecount="2" falsecount="0"/>
        <line num="141" count="10" type="cond" truecount="3" falsecount="1"/>
        <line num="142" count="10" type="stmt"/>
        <line num="165" count="4" type="stmt"/>
        <line num="166" count="4" type="stmt"/>
        <line num="170" count="4" type="cond" truecount="2" falsecount="0"/>
        <line num="171" count="3" type="stmt"/>
        <line num="172" count="3" type="stmt"/>
        <line num="173" count="3" type="stmt"/>
        <line num="174" count="3" type="cond" truecount="1" falsecount="1"/>
        <line num="175" count="8" type="cond" truecount="3" falsecount="0"/>
        <line num="177" count="5" type="stmt"/>
        <line num="178" count="5" type="cond" truecount="2" falsecount="0"/>
        <line num="181" count="5" type="stmt"/>
        <line num="199" count="48" type="stmt"/>
        <line num="200" count="48" type="stmt"/>
        <line num="202" count="48" type="stmt"/>
        <line num="209" count="48" type="cond" truecount="1" falsecount="1"/>
        <line num="210" count="48" type="stmt"/>
        <line num="211" count="48" type="cond" truecount="4" falsecount="0"/>
        <line num="213" count="41" type="stmt"/>
        <line num="214" count="41" type="cond" truecount="1" falsecount="1"/>
        <line num="215" count="41" type="stmt"/>
        <line num="216" count="42" type="stmt"/>
        <line num="217" count="42" type="stmt"/>
        <line num="218" count="42" type="cond" truecount="3" falsecount="1"/>
        <line num="219" count="42" type="stmt"/>
        <line num="220" count="42" type="cond" truecount="1" falsecount="1"/>
        <line num="221" count="42" type="cond" truecount="1" falsecount="1"/>
        <line num="222" count="42" type="stmt"/>
        <line num="223" count="42" type="cond" truecount="4" falsecount="0"/>
        <line num="224" count="42" type="cond" truecount="5" falsecount="1"/>
        <line num="225" count="42" type="cond" truecount="3" falsecount="1"/>
        <line num="226" count="42" type="cond" truecount="3" falsecount="1"/>
        <line num="230" count="41" type="cond" truecount="1" falsecount="1"/>
        <line num="231" count="41" type="cond" truecount="2" falsecount="0"/>
        <line num="232" count="41" type="cond" truecount="2" falsecount="0"/>
        <line num="233" count="39" type="stmt"/>
        <line num="252" count="9" type="stmt"/>
        <line num="253" count="9" type="stmt"/>
        <line num="256" count="9" type="stmt"/>
        <line num="257" count="9" type="stmt"/>
        <line num="261" count="8" type="cond" truecount="2" falsecount="0"/>
        <line num="262" count="7" type="stmt"/>
        <line num="264" count="1" type="stmt"/>
        <line num="267" count="7" type="cond" truecount="2" falsecount="0"/>
        <line num="268" count="7" type="cond" truecount="2" falsecount="0"/>
        <line num="270" count="2" type="stmt"/>
        <line num="271" count="2" type="cond" truecount="1" falsecount="1"/>
        <line num="272" count="2" type="stmt"/>
        <line num="273" count="2" type="stmt"/>
        <line num="274" count="2" type="stmt"/>
        <line num="275" count="2" type="cond" truecount="3" falsecount="1"/>
        <line num="276" count="2" type="stmt"/>
        <line num="277" count="2" type="cond" truecount="1" falsecount="1"/>
        <line num="278" count="2" type="cond" truecount="3" falsecount="0"/>
        <line num="279" count="2" type="cond" truecount="1" falsecount="1"/>
        <line num="280" count="2" type="stmt"/>
        <line num="281" count="2" type="cond" truecount="4" falsecount="0"/>
        <line num="282" count="2" type="cond" truecount="4" falsecount="2"/>
        <line num="283" count="2" type="cond" truecount="2" falsecount="2"/>
        <line num="286" count="2" type="cond" truecount="1" falsecount="1"/>
        <line num="287" count="2" type="cond" truecount="1" falsecount="1"/>
        <line num="288" count="2" type="cond" truecount="2" falsecount="0"/>
        <line num="289" count="1" type="stmt"/>
        <line num="293" count="48" type="stmt"/>
        <line num="294" count="48" type="cond" truecount="2" falsecount="0"/>
        <line num="299" count="9" type="stmt"/>
        <line num="303" count="11" type="stmt"/>
        <line num="306" count="11" type="stmt"/>
        <line num="307" count="11" type="stmt"/>
        <line num="308" count="8" type="cond" truecount="1" falsecount="1"/>
        <line num="309" count="8" type="cond" truecount="5" falsecount="0"/>
        <line num="310" count="5" type="stmt"/>
        <line num="311" count="5" type="stmt"/>
        <line num="314" count="11" type="stmt"/>
        <line num="315" count="11" type="stmt"/>
        <line num="316" count="11" type="stmt"/>
        <line num="318" count="11" type="stmt"/>
        <line num="319" count="5" type="stmt"/>
        <line num="320" count="5" type="stmt"/>
        <line num="321" count="5" type="stmt"/>
        <line num="323" count="5" type="stmt"/>
        <line num="324" count="5" type="cond" truecount="1" falsecount="1"/>
        <line num="325" count="5" type="cond" truecount="2" falsecount="0"/>
        <line num="326" count="4" type="stmt"/>
        <line num="327" count="4" type="stmt"/>
        <line num="331" count="5" type="cond" truecount="1" falsecount="1"/>
        <line num="334" count="11" type="stmt"/>
        <line num="335" count="11" type="stmt"/>
        <line num="339" count="2" type="stmt"/>
        <line num="345" count="2" type="cond" truecount="1" falsecount="1"/>
        <line num="346" count="2" type="cond" truecount="2" falsecount="0"/>
        <line num="347" count="2" type="stmt"/>
        <line num="348" count="2" type="stmt"/>
        <line num="350" count="2" type="stmt"/>
        <line num="351" count="5" type="stmt"/>
        <line num="352" count="5" type="stmt"/>
        <line num="353" count="5" type="cond" truecount="1" falsecount="1"/>
        <line num="354" count="5" type="stmt"/>
        <line num="355" count="5" type="cond" truecount="1" falsecount="1"/>
        <line num="356" count="5" type="stmt"/>
        <line num="357" count="5" type="stmt"/>
        <line num="369" count="5" type="stmt"/>
        <line num="373" count="2" type="stmt"/>
        <line num="374" count="2" type="stmt"/>
        <line num="378" count="4" type="stmt"/>
        <line num="412" count="4" type="cond" truecount="1" falsecount="1"/>
        <line num="413" count="4" type="cond" truecount="2" falsecount="0"/>
        <line num="414" count="4" type="stmt"/>
        <line num="415" count="4" type="stmt"/>
        <line num="417" count="4" type="stmt"/>
        <line num="418" count="30" type="stmt"/>
        <line num="419" count="30" type="stmt"/>
        <line num="420" count="30" type="cond" truecount="2" falsecount="0"/>
        <line num="421" count="29" type="stmt"/>
        <line num="422" count="29" type="cond" truecount="1" falsecount="1"/>
        <line num="423" count="29" type="stmt"/>
        <line num="424" count="29" type="stmt"/>
        <line num="436" count="29" type="stmt"/>
        <line num="440" count="4" type="stmt"/>
        <line num="441" count="4" type="stmt"/>
        <line num="445" count="10" type="cond" truecount="1" falsecount="0"/>
        <line num="450" count="10" type="stmt"/>
        <line num="455" count="10" type="stmt"/>
        <line num="476" count="10" type="stmt"/>
        <line num="479" count="10" type="cond" truecount="1" falsecount="1"/>
        <line num="483" count="10" type="stmt"/>
        <line num="484" count="10" type="stmt"/>
        <line num="486" count="10" type="stmt"/>
        <line num="487" count="70" type="stmt"/>
        <line num="488" count="70" type="stmt"/>
        <line num="489" count="70" type="stmt"/>
        <line num="490" count="70" type="stmt"/>
        <line num="494" count="69" type="cond" truecount="1" falsecount="1"/>
        <line num="495" count="69" type="stmt"/>
        <line num="497" count="69" type="cond" truecount="1" falsecount="1"/>
        <line num="498" count="55" type="stmt"/>
        <line num="499" count="55" type="stmt"/>
        <line num="500" count="55" type="cond" truecount="3" falsecount="1"/>
        <line num="502" count="55" type="stmt"/>
        <line num="503" count="55" type="cond" truecount="3" falsecount="1"/>
        <line num="506" count="48" type="cond" truecount="1" falsecount="1"/>
        <line num="507" count="48" type="cond" truecount="1" falsecount="1"/>
        <line num="510" count="48" type="cond" truecount="2" falsecount="0"/>
        <line num="512" count="41" type="cond" truecount="1" falsecount="1"/>
        <line num="514" count="41" type="cond" truecount="2" falsecount="2"/>
        <line num="516" count="41" type="cond" truecount="3" falsecount="1"/>
        <line num="519" count="41" type="cond" truecount="2" falsecount="0"/>
        <line num="522" count="34" type="cond" truecount="2" falsecount="0"/>
        <line num="523" count="27" type="cond" truecount="1" falsecount="1"/>
        <line num="525" count="27" type="stmt"/>
        <line num="526" count="27" type="cond" truecount="2" falsecount="0"/>
        <line num="527" count="15" type="stmt"/>
        <line num="529" count="15" type="stmt"/>
        <line num="530" count="15" type="stmt"/>
        <line num="542" count="69" type="stmt"/>
[...]
        <line num="592" count="14" type="cond" truecount="1" falsecount="1"/>
        <line num="593" count="14" type="cond" truecount="1" falsecount="1"/>
        <line num="594" count="14" type="cond" truecount="1" falsecount="1"/>
        <line num="596" count="14" type="cond" truecount="1" falsecount="1"/>
        <line num="597" count="14" type="cond" truecount="3" falsecount="1"/>
        <line num="598" count="14" type="cond" truecount="2" falsecount="0"/>
        <line num="599" count="7" type="cond" truecount="1" falsecount="1"/>
        <line num="601" count="7" type="stmt"/>
        <line num="602" count="7" type="cond" truecount="2" falsecount="0"/>
        <line num="603" count="1" type="stmt"/>
        <line num="605" count="1" type="stmt"/>
        <line num="606" count="1" type="stmt"/>
        <line num="620" count="8" type="stmt"/>
        <line num="623" count="10" type="stmt"/>
        <line num="627" count="6" type="cond" truecount="1" falsecount="1"/>
        <line num="628" count="6" type="stmt"/>
        <line num="629" count="6" type="stmt"/>
        <line num="631" count="6" type="stmt"/>
        <line num="632" count="24" type="cond" truecount="1" falsecount="1"/>
        <line num="633" count="24" type="cond" truecount="1" falsecount="1"/>
        <line num="634" count="177" type="cond" truecount="1" falsecount="1"/>
        <line num="637" count="24" type="cond" truecount="2" falsecount="0"/>
        <line num="638" count="3" type="cond" truecount="1" falsecount="1"/>
        <line num="639" count="3" type="stmt"/>
        <line num="641" count="1" type="stmt"/>
        <line num="642" count="1" type="cond" truecount="1" falsecount="1"/>
        <line num="643" count="1" type="cond" truecount="2" falsecount="2"/>
        <line num="647" count="24" type="cond" truecount="2" falsecount="0"/>
        <line num="648" count="23" type="stmt"/>
        <line num="657" count="1" type="stmt"/>
        <line num="661" count="6" type="stmt"/>
        <line num="662" count="6" type="stmt"/>
        <line num="664" count="1" type="stmt"/>
        <line num="669" count="3" type="stmt"/>
      </file>
      <file name="timeIntelligence.js" path="/home/claude/project/India In Time - Testing 2.1 - Copy (3)/services/timeIntelligence.js">
        <metrics statements="181" coveredstatements="174" conditionals="268" coveredconditionals="236" methods="23" coveredmethods="23"/>
        <line num="13" count="4" type="stmt"/>
        <line num="17" count="2089" type="cond" truecount="5" falsecount="0"/>
        <line num="18" count="2084" type="stmt"/>
        <line num="19" count="2084" type="cond" truecount="3" falsecount="1"/>
        <line num="20" count="2084" type="stmt"/>
        <line num="23" count="474" type="stmt"/>
        <line num="24" count="474" type="stmt"/>
        <line num="25" count="474" type="stmt"/>
        <line num="26" count="474" type="stmt"/>
        <line num="29" count="898" type="cond" truecount="3" falsecount="1"/>
        <line num="32" count="4" type="stmt"/>
        <line num="38" count="4" type="stmt"/>
        <line num="45" count="234" type="stmt"/>
        <line num="46" count="5616" type="stmt"/>
        <line num="47" count="234" type="stmt"/>
        <line num="48" count="234" type="stmt"/>
        <line num="49" count="234" type="stmt"/>
        <line num="50" count="234" type="stmt"/>
        <line num="51" count="234" type="stmt"/>
        <line num="60" count="234" type="cond" truecount="2" falsecount="0"/>
        <line num="61" count="1" type="cond" truecount="1" falsecount="1"/>
        <line num="62" count="1" type="cond" truecount="1" falsecount="1"/>
        <line num="63" count="0" type="stmt"/>
        <line num="67" count="234" type="cond" truecount="2" falsecount="0"/>
        <line num="76" count="236" type="stmt"/>
        <line num="77" count="236" type="cond" truecount="4" falsecount="0"/>
        <line num="78" count="1" type="stmt"/>
        <line num="80" count="235" type="cond" truecount="1" falsecount="1"/>
        <line num="81" count="235" type="cond" truecount="1" falsecount="1"/>
        <line num="82" count="0" type="stmt"/>
        <line num="84" count="235" type="stmt"/>
        <line num="85" count="235" type="stmt"/>
        <line num="86" count="235" type="stmt"/>
        <line num="89" count="470" type="cond" truecount="2" falsecount="0"/>
        <line num="90" count="470" type="stmt"/>
        <line num="91" count="470" type="stmt"/>
        <line num="92" count="470" type="stmt"/>
        <line num="93" count="470" type="stmt"/>
        <line num="94" count="470" type="stmt"/>
        <line num="95" count="470" type="stmt"/>
        <line num="96" count="470" type="stmt"/>
        <line num="97" count="470" type="stmt"/>
        <line num="98" count="470" type="stmt"/>
        <line num="99" count="470" type="stmt"/>
        <line num="100" count="470" type="stmt"/>
        <line num="102" count="470" type="stmt"/>
        <line num="104" count="470" type="cond" truecount="3" falsecount="1"/>
        <line num="105" count="470" type="cond" truecount="2" falsecount="0"/>
        <line num="106" count="470" type="stmt"/>
        <line num="107" count="470" type="stmt"/>
        <line num="108" count="470" type="stmt"/>
        <line num="109" count="470" type="stmt"/>
        <line num="110" count="470" type="stmt"/>
        <line num="111" count="470" type="stmt"/>
        <line num="112" count="470" type="stmt"/>
        <line num="113" count="470" type="stmt"/>
        <line num="114" count="470" type="stmt"/>
        <line num="115" count="470" type="stmt"/>
        <line num="118" count="235" type="cond" truecount="2" falsecount="2"/>
        <line num="120" count="0" type="stmt"/>
        <line num="128" count="234" type="cond" truecount="4" falsecount="0"/>
        <line num="129" count="232" type="cond" truecount="4" falsecount="0"/>
        <line num="130" count="225" type="cond" truecount="4" falsecount="0"/>
        <line num="131" count="17" type="cond" truecount="4" falsecount="0"/>
        <line num="132" count="15" type="cond" truecount="2" falsecount="2"/>
        <line num="133" count="0" type="stmt"/>
        <line num="144" count="234" type="cond" truecount="1" falsecount="1"/>
        <line num="145" count="234" type="stmt"/>
        <line num="146" count="234" type="cond" truecount="2" falsecount="0"/>
        <line num="148" count="234" type="stmt"/>
        <line num="149" count="234" type="stmt"/>
        <line num="150" count="234" type="stmt"/>
        <line num="151" count="234" type="stmt"/>
        <line num="152" count="234" type="stmt"/>
        <line num="153" count="234" type="cond" truecount="2" falsecount="0"/>
        <line num="154" count="234" type="stmt"/>
        <line num="155" count="234" type="stmt"/>
        <line num="157" count="234" type="stmt"/>
        <line num="158" count="234" type="stmt"/>
        <line num="160" count="234" type="cond" truecount="2" falsecount="0"/>
        <line num="161" count="234" type="cond" truecount="2" falsecount="0"/>
        <line num="164" count="234" type="cond" truecount="2" falsecount="0"/>
        <line num="165" count="234" type="cond" truecount="2" falsecount="0"/>
        <line num="166" count="234" type="cond" truecount="4" falsecount="1"/>
        <line num="168" count="234" type="cond" truecount="4" falsecount="0"/>
        <line num="169" count="234" type="cond" truecount="2" falsecount="0"/>
        <line num="174" count="234" type="stmt"/>
        <line num="175" count="234" type="cond" truecount="2" falsecount="0"/>
        <line num="176" count="234" type="cond" truecount="2" falsecount="0"/>
        <line num="177" count="234" type="stmt"/>
        <line num="178" count="234" type="stmt"/>
        <line num="180" count="234" type="stmt"/>
        <line num="181" count="234" type="stmt"/>
        <line num="183" count="234" type="cond" truecount="2" falsecount="0"/>
        <line num="184" count="7" type="cond" truecount="2" falsecount="0"/>
        <line num="185" count="227" type="cond" truecount="2" falsecount="0"/>
        <line num="186" count="1" type="cond" truecount="1" falsecount="1"/>
        <line num="187" count="1" type="cond" truecount="1" falsecount="1"/>
        <line num="188" count="1" type="stmt"/>
        <line num="189" count="226" type="cond" truecount="4" falsecount="0"/>
        <line num="190" count="6" type="stmt"/>
        <line num="191" count="220" type="cond" truecount="2" falsecount="0"/>
        <line num="192" count="206" type="cond" truecount="5" falsecount="0"/>
        <line num="193" count="1" type="stmt"/>
        <line num="194" count="1" type="stmt"/>
        <line num="196" count="205" type="stmt"/>
        <line num="198" count="206" type="stmt"/>
        <line num="199" count="14" type="cond" truecount="2" falsecount="0"/>
        <line num="200" count="2" type="cond" truecount="1" falsecount="1"/>
        <line num="201" count="0" type="stmt"/>
        <line num="202" count="0" type="stmt"/>
        <line num="204" count="2" type="stmt"/>
        <line num="206" count="12" type="cond" truecount="1" falsecount="1"/>
        <line num="207" count="12" type="cond" truecount="2" falsecount="0"/>
        <line num="208" count="2" type="stmt"/>
        <line num="209" count="2" type="stmt"/>
        <line num="211" count="10" type="stmt"/>
        <line num="216" count="234" type="stmt"/>
        <line num="217" count="234" type="cond" truecount="2" falsecount="0"/>
        <line num="218" count="5" type="cond" truecount="4" falsecount="0"/>
        <line num="219" count="2" type="stmt"/>
        <line num="221" count="5" type="cond" truecount="4" falsecount="0"/>
        <line num="222" count="1" type="stmt"/>
        <line num="224" count="5" type="cond" truecount="6" falsecount="0"/>
        <line num="225" count="1" type="stmt"/>
        <line num="230" count="234" type="stmt"/>
        <line num="233" count="234" type="cond" truecount="2" falsecount="0"/>
        <line num="235" count="234" type="cond" truecount="4" falsecount="1"/>
        <line num="242" count="234" type="stmt"/>
        <line num="243" count="234" type="cond" truecount="2" falsecount="0"/>
        <line num="244" count="234" type="cond" truecount="5" falsecount="0"/>
        <line num="245" count="234" type="cond" truecount="2" falsecount="0"/>
        <line num="246" count="234" type="cond" truecount="1" falsecount="1"/>
        <line num="247" count="234" type="cond" truecount="4" falsecount="0"/>
        <line num="248" count="234" type="cond" truecount="6" falsecount="0"/>
        <line num="249" count="234" type="cond" truecount="4" falsecount="0"/>
        <line num="250" count="234" type="cond" truecount="8" falsecount="0"/>
        <line num="251" count="234" type="cond" truecount="4" falsecount="0"/>
        <line num="254" count="234" type="stmt"/>
        <line num="255" count="234" type="cond" truecount="5" falsecount="0"/>
        <line num="256" count="2" type="stmt"/>
        <line num="258" count="234" type="cond" truecount="2" falsecount="3"/>
        <line num="259" count="0" type="stmt"/>
        <line num="261" count="234" type="cond" truecount="4" falsecount="0"/>
        <line num="262" count="4" type="stmt"/>
        <line num="264" count="234" type="cond" truecount="4" falsecount="0"/>
        <line num="265" count="6" type="cond" truecount="1" falsecount="1"/>
        <line num="268" count="234" type="stmt"/>
        <line num="299" count="238" type="stmt"/>
        <line num="300" count="238" type="cond" truecount="1" falsecount="1"/>
        <line num="301" count="238" type="cond" truecount="2" falsecount="0"/>
        <line num="302" count="238" type="cond" truecount="2" falsecount="0"/>
        <line num="303" count="238" type="cond" truecount="4" falsecount="0"/>
        <line num="305" count="238" type="cond" truecount="2" falsecount="0"/>
        <line num="306" count="235" type="cond" truecount="2" falsecount="0"/>
        <line num="307" count="220" type="cond" truecount="2" falsecount="0"/>
        <line num="308" count="6" type="cond" truecount="2" falsecount="0"/>
        <line num="309" count="4" type="stmt"/>
        <line num="315" count="4" type="stmt"/>
        <line num="324" count="8" type="stmt"/>
        <line num="325" count="38" type="cond" truecount="3" falsecount="1"/>
        <line num="326" count="38" type="cond" truecount="4" falsecount="0"/>
        <line num="327" count="37" type="cond" truecount="4" falsecount="0"/>
        <line num="328" count="34" type="cond" truecount="2" falsecount="2"/>
        <line num="329" count="34" type="cond" truecount="2" falsecount="0"/>
        <line num="331" count="8" type="stmt"/>
        <line num="341" count="13" type="stmt"/>
        <line num="342" count="13" type="stmt"/>
        <line num="343" count="1" type="stmt"/>
        <line num="344" count="1" type="cond" truecount="1" falsecount="1"/>
        <line num="346" count="13" type="cond" truecount="5" falsecount="0"/>
        <line num="347" count="7" type="stmt"/>
        <line num="348" count="7" type="cond" truecount="1" falsecount="1"/>
        <line num="350" count="13" type="stmt"/>
        <line num="358" count="208" type="cond" truecount="2" falsecount="0"/>
        <line num="365" count="5" type="cond" truecount="1" falsecount="1"/>
        <line num="366" count="18" type="cond" truecount="2" falsecount="0"/>
        <line num="367" count="13" type="stmt"/>
        <line num="368" count="13" type="stmt"/>
        <line num="370" count="4" type="stmt"/>
        <line num="373" count="4" type="stmt"/>
      </file>
    </package>
    <package name="utils">
      <metrics statements="88" coveredstatements="88" conditionals="111" coveredconditionals="98" methods="28" coveredmethods="28"/>
      <file name="geo.js" path="/home/claude/project/India In Time - Testing 2.1 - Copy (3)/utils/geo.js">
        <metrics statements="15" coveredstatements="15" conditionals="16" coveredconditionals="15" methods="4" coveredmethods="4"/>
        <line num="8" count="379" type="stmt"/>
        <line num="9" count="379" type="stmt"/>
        <line num="10" count="379" type="stmt"/>
        <line num="12" count="379" type="stmt"/>
        <line num="15" count="379" type="stmt"/>
        <line num="22" count="5" type="stmt"/>
        <line num="31" count="6" type="stmt"/>
        <line num="41" count="5" type="stmt"/>
        <line num="54" count="3" type="stmt"/>
        <line num="55" count="3" type="stmt"/>
        <line num="56" count="5" type="cond" truecount="2" falsecount="0"/>
        <line num="57" count="3" type="stmt"/>
        <line num="58" count="3" type="cond" truecount="1" falsecount="1"/>
        <line num="60" count="3" type="stmt"/>
        <line num="63" count="5" type="stmt"/>
      </file>
      <file name="placesMerge.js" path="/home/claude/project/India In Time - Testing 2.1 - Copy (3)/utils/placesMerge.js">
        <metrics statements="42" coveredstatements="42" conditionals="60" coveredconditionals="54" methods="12" coveredmethods="12"/>
        <line num="13" count="55" type="cond" truecount="5" falsecount="1"/>
        <line num="14" count="11" type="cond" truecount="2" falsecount="0"/>
        <line num="18" count="34" type="stmt"/>
        <line num="19" count="34" type="cond" truecount="2" falsecount="0"/>
        <line num="23" count="71" type="stmt"/>
        <line num="25" count="71" type="stmt"/>
        <line num="26" count="64" type="stmt"/>
        <line num="30" count="11" type="stmt"/>
        <line num="31" count="11" type="stmt"/>
        <line num="32" count="11" type="cond" truecount="4" falsecount="0"/>
        <line num="34" count="10" type="stmt"/>
        <line num="35" count="10" type="stmt"/>
        <line num="36" count="15" type="cond" truecount="2" falsecount="0"/>
        <line num="38" count="10" type="stmt"/>
        <line num="42" count="6" type="stmt"/>
        <line num="43" count="6" type="stmt"/>
        <line num="44" count="6" type="cond" truecount="2" falsecount="0"/>
        <line num="45" count="5" type="cond" truecount="2" falsecount="0"/>
        <line num="46" count="1" type="stmt"/>
        <line num="50" count="10" type="stmt"/>
        <line num="51" count="10" type="stmt"/>
        <line num="52" count="10" type="cond" truecount="2" falsecount="0"/>
        <line num="53" count="30" type="cond" truecount="1" falsecount="1"/>
        <line num="54" count="30" type="cond" truecount="5" falsecount="0"/>
        <line num="55" count="28" type="cond" truecount="4" falsecount="0"/>
        <line num="56" count="26" type="stmt"/>
        <line num="57" count="26" type="stmt"/>
        <line num="59" count="10" type="stmt"/>
        <line num="63" count="22" type="cond" truecount="2" falsecount="0"/>
        <line num="64" count="20" type="cond" truecount="2" falsecount="0"/>
        <line num="65" count="17" type="cond" truecount="2" falsecount="0"/>
        <line num="66" count="15" type="stmt"/>
        <line num="70" count="19" type="cond" truecount="6" falsecount="2"/>
        <line num="71" count="19" type="cond" truecount="2" falsecount="0"/>
        <line num="72" count="18" type="cond" truecount="2" falsecount="0"/>
        <line num="73" count="17" type="cond" truecount="1" falsecount="1"/>
        <line num="74" count="17" type="stmt"/>
        <line num="78" count="20" type="cond" truecount="2" falsecount="0"/>
        <line num="79" count="19" type="cond" truecount="2" falsecount="0"/>
        <line num="80" count="18" type="cond" truecount="2" falsecount="0"/>
        <line num="81" count="15" type="stmt"/>
        <line num="85" count="5" type="stmt"/>
      </file>
      <file name="sanitize.js" path="/home/claude/project/India In Time - Testing 2.1 - Copy (3)/utils/sanitize.js">
        <metrics statements="31" coveredstatements="31" conditionals="35" coveredconditionals="29" methods="12" coveredmethods="12"/>
        <line num="7" count="123" type="cond" truecount="2" falsecount="0"/>
        <line num="9" count="120" type="stmt"/>
        <line num="16" count="121" type="cond" truecount="1" falsecount="1"/>
        <line num="17" count="121" type="stmt"/>
        <line num="24" count="118" type="stmt"/>
        <line num="31" count="5" type="cond" truecount="2" falsecount="0"/>
        <line num="32" count="3" type="stmt"/>
        <line num="42" count="2" type="cond" truecount="1" falsecount="1"/>
        <line num="43" count="2" type="stmt"/>
        <line num="54" count="4" type="cond" truecount="4" falsecount="0"/>
        <line num="55" count="2" type="stmt"/>
        <line num="58" count="2" type="stmt"/>
        <line num="59" count="2" type="stmt"/>
        <line num="60" count="2" type="cond" truecount="2" falsecount="0"/>
        <line num="61" count="1" type="stmt"/>
        <line num="63" count="1" type="stmt"/>
        <line num="70" count="4" type="cond" truecount="2" falsecount="0"/>
        <line num="71" count="2" type="stmt"/>
        <line num="73" count="13" type="cond" truecount="2" falsecount="0"/>
        <line num="74" count="13" type="stmt"/>
        <line num="87" count="3" type="cond" truecount="1" falsecount="1"/>
        <line num="88" count="3" type="stmt"/>
        <line num="89" count="105" type="cond" truecount="4" falsecount="0"/>
        <line num="90" count="102" type="stmt"/>
        <line num="91" count="102" type="cond" truecount="1" falsecount="1"/>
        <line num="92" count="102" type="stmt"/>
        <line num="93" count="102" type="stmt"/>
        <line num="101" count="107" type="stmt"/>
        <line num="102" count="107" type="cond" truecount="2" falsecount="0"/>
        <line num="103" count="105" type="stmt"/>
        <line num="106" count="1" type="stmt"/>
      </file>
    </package>
  </project>
</coverage>
