{"/home/claude/project/India In Time - Testing 2.1 - Copy (3)/config/index.js": {"path":"/home/claude/project/India In Time - Testing 2.1 - Copy (3)/config/index.js","statementMap":{"0":{"start":{"line":5,"column":0},"end":{"line":5,"column":82}},"1":{"start":{"line":7,"column":17},"end":{"line":7,"column":54}},"2":{"start":{"line":8,"column":17},"end":{"line":8,"column":42}},"3":{"start":{"line":12,"column":14},"end":{"line":12,"column":30}},"4":{"start":{"line":13,"column":2},"end":{"line":16,"column":3}},"5":{"start":{"line":14,"column":4},"end":{"line":14,"column":70}},"6":{"start":{"line":15,"column":4},"end":{"line":15,"column":32}},"7":{"start":{"line":15,"column":16},"end":{"line":15,"column":32}},"8":{"start":{"line":17,"column":2},"end":{"line":17,"column":28}},"9":{"start":{"line":26,"column":19},"end":{"line":26,"column":49}},"10":{"start":{"line":27,"column":0},"end":{"line":35,"column":1}},"11":{"start":{"line":28,"column":2},"end":{"line":33,"column":4}},"12":{"start":{"line":34,"column":2},"end":{"line":34,"column":18}},"13":{"start":{"line":37,"column":15},"end":{"line":125,"column":1}},"14":{"start":{"line":135,"column":11},"end":{"line":135,"column":24}},"15":{"start":{"line":136,"column":13},"end":{"line":136,"column":28}},"16":{"start":{"line":138,"column":0},"end":{"line":142,"column":2}},"17":{"start":{"line":139,"column":20},"end":{"line":139,"column":69}},"18":{"start":{"line":140,"column":2},"end":{"line":140,"column":66}},"19":{"start":{"line":140,"column":49},"end":{"line":140,"column":66}},"20":{"start":{"line":141,"column":2},"end":{"line":141,"column":51}},"21":{"start":{"line":144,"column":0},"end":{"line":144,"column":24}}},"fnMap":{"0":{"name":"requireEnv","decl":{"start":{"line":11,"column":9},"end":{"line":11,"column":19}},"loc":{"start":{"line":11,"column":25},"end":{"line":18,"column":1}},"line":11},"1":{"name":"resolveIndexHtmlPath","decl":{"start":{"line":138,"column":39},"end":{"line":138,"column":59}},"loc":{"start":{"line":138,"column":62},"end":{"line":142,"column":1}},"line":138}},"branchMap":{"0":{"loc":{"start":{"line":7,"column":17},"end":{"line":7,"column":54}},"type":"binary-expr","locations":[{"start":{"line":7,"column":17},"end":{"line":7,"column":37}},{"start":{"line":7,"column":41},"end":{"line":7,"column":54}}],"line":7},"1":{"loc":{"start":{"line":13,"column":2},"end":{"line":16,"column":3}},"type":"if","locations":[{"start":{"line":13,"column":2},"end":{"line":16,"column":3}},{"start":{},"end":{}}],"line":13},"2":{"loc":{"start":{"line":13,"column":6},"end":{"line":13,"column":25}},"type":"binary-expr","locations":[{"start":{"line":13,"column":6},"end":{"line":13,"column":10}},{"start":{"line":13,"column":14},"end":{"line":13,"column":25}}],"line":13},"3":{"loc":{"start":{"line":15,"column":4},"end":{"line":15,"column":32}},"type":"if","locations":[{"start":{"line":15,"column":4},"end":{"line":15,"column":32}},{"start":{},"end":{}}],"line":15},"4":{"loc":{"start":{"line":17,"column":10},"end":{"line":17,"column":19}},"type":"binary-expr","locations":[{"start":{"line":17,"column":10},"end":{"line":17,"column":13}},{"start":{"line":17,"column":17},"end":{"line":17,"column":19}}],"line":17},"5":{"loc":{"start":{"line":26,"column":19},"end":{"line":26,"column":49}},"type":"binary-expr","locations":[{"start":{"line":26,"column":19},"end":{"line":26,"column":42}},{"start":{"line":26,"column":46},"end":{"line":26,"column":49}}],"line":26},"6":{"loc":{"start":{"line":27,"column":0},"end":{"line":35,"column":1}},"type":"if","locations":[{"start":{"line":27,"column":0},"end":{"line":35,"column":1}},{"start":{},"end":{}}],"line":27},"7":{"loc":{"start":{"line":27,"column":4},"end":{"line":27,"column":78}},"type":"binary-expr","locations":[{"start":{"line":27,"column":4},"end":{"line":27,"column":10}},{"start":{"line":27,"column":14},"end":{"line":27,"column":32}},{"start":{"line":27,"column":36},"end":{"line":27,"column":78}}],"line":27},"8":{"loc":{"start":{"line":39,"column":8},"end":{"line":39,"column":46}},"type":"binary-expr","locations":[{"start":{"line":39,"column":8},"end":{"line":39,"column":38}},{"start":{"line":39,"column":42},"end":{"line":39,"column":46}}],"line":39},"9":{"loc":{"start":{"line":48,"column":21},"end":{"line":48,"column":67}},"type":"binary-expr","locations":[{"start":{"line":48,"column":21},"end":{"line":48,"column":45}},{"start":{"line":48,"column":49},"end":{"line":48,"column":67}}],"line":48},"10":{"loc":{"start":{"line":59,"column":21},"end":{"line":59,"column":76}},"type":"binary-expr","locations":[{"start":{"line":59,"column":21},"end":{"line":59,"column":54}},{"start":{"line":59,"column":58},"end":{"line":59,"column":76}}],"line":59},"11":{"loc":{"start":{"line":72,"column":21},"end":{"line":72,"column":63}},"type":"binary-expr","locations":[{"start":{"line":72,"column":21},"end":{"line":72,"column":57}},{"start":{"line":72,"column":61},"end":{"line":72,"column":63}}],"line":72},"12":{"loc":{"start":{"line":73,"column":21},"end":{"line":73,"column":70}},"type":"binary-expr","locations":[{"start":{"line":73,"column":21},"end":{"line":73,"column":65}},{"start":{"line":73,"column":69},"end":{"line":73,"column":70}}],"line":73},"13":{"loc":{"start":{"line":74,"column":21},"end":{"line":74,"column":73}},"type":"binary-expr","locations":[{"start":{"line":74,"column":21},"end":{"line":74,"column":64}},{"start":{"line":74,"column":68},"end":{"line":74,"column":73}}],"line":74},"14":{"loc":{"start":{"line":75,"column":21},"end":{"line":75,"column":79}},"type":"binary-expr","locations":[{"start":{"line":75,"column":21},"end":{"line":75,"column":70}},{"start":{"line":75,"column":74},"end":{"line":75,"column":79}}],"line":75},"15":{"loc":{"start":{"line":76,"column":21},"end":{"line":76,"column":73}},"type":"binary-expr","locations":[{"start":{"line":76,"column":21},"end":{"line":76,"column":68}},{"start":{"line":76,"column":72},"end":{"line":76,"column":73}}],"line":76},"16":{"loc":{"start":{"line":85,"column":14},"end":{"line":85,"column":65}},"type":"binary-expr","locations":[{"start":{"line":85,"column":14},"end":{"line":85,"column":53}},{"start":{"line":85,"column":63},"end":{"line":85,"column":65}}],"line":85},"17":{"loc":{"start":{"line":86,"column":14},"end":{"line":86,"column":65}},"type":"binary-expr","locations":[{"start":{"line":86,"column":14},"end":{"line":86,"column":57}},{"start":{"line":86,"column":63},"end":{"line":86,"column":65}}],"line":86},"18":{"loc":{"start":{"line":87,"column":14},"end":{"line":87,"column":65}},"type":"binary-expr","locations":[{"start":{"line":87,"column":14},"end":{"line":87,"column":58}},{"start":{"line":87,"column":63},"end":{"line":87,"column":65}}],"line":87},"19":{"loc":{"start":{"line":88,"column":14},"end":{"line":88,"column":66}},"type":"binary-expr","locations":[{"start":{"line":88,"column":14},"end":{"line":88,"column":58}},{"start":{"line":88,"column":63},"end":{"line":88,"column":66}}],"line":88},"20":{"loc":{"start":{"line":94,"column":20},"end":{"line":94,"column":74}},"type":"binary-expr","locations":[{"start":{"line":94,"column":20},"end":{"line":94,"column":63}},{"start":{"line":94,"column":71},"end":{"line":94,"column":74}}],"line":94},"21":{"loc":{"start":{"line":95,"column":20},"end":{"line":95,"column":84}},"type":"binary-expr","locations":[{"start":{"line":95,"column":20},"end":{"line":95,"column":65}},{"start":{"line":95,"column":70},"end":{"line":95,"column":84}}],"line":95},"22":{"loc":{"start":{"line":96,"column":20},"end":{"line":96,"column":84}},"type":"binary-expr","locations":[{"start":{"line":96,"column":20},"end":{"line":96,"column":66}},{"start":{"line":96,"column":70},"end":{"line":96,"column":84}}],"line":96},"23":{"loc":{"start":{"line":97,"column":20},"end":{"line":97,"column":84}},"type":"binary-expr","locations":[{"start":{"line":97,"column":20},"end":{"line":97,"column":65}},{"start":{"line":97,"column":70},"end":{"line":97,"column":84}}],"line":97},"24":{"loc":{"start":{"line":102,"column":24},"end":{"line":102,"column":55}},"type":"binary-expr","locations":[{"start":{"line":102,"column":24},"end":{"line":102,"column":46}},{"start":{"line":102,"column":50},"end":{"line":102,"column":55}}],"line":102},"25":{"loc":{"start":{"line":112,"column":15},"end":{"line":112,"column":89}},"type":"binary-expr","locations":[{"start":{"line":112,"column":15},"end":{"line":112,"column":47}},{"start":{"line":112,"column":51},"end":{"line":112,"column":89}}],"line":112},"26":{"loc":{"start":{"line":113,"column":15},"end":{"line":113,"column":69}},"type":"binary-expr","locations":[{"start":{"line":113,"column":15},"end":{"line":113,"column":61}},{"start":{"line":113,"column":65},"end":{"line":113,"column":69}}],"line":113},"27":{"loc":{"start":{"line":114,"column":15},"end":{"line":114,"column":69}},"type":"binary-expr","locations":[{"start":{"line":114,"column":15},"end":{"line":114,"column":59}},{"start":{"line":114,"column":65},"end":{"line":114,"column":69}}],"line":114},"28":{"loc":{"start":{"line":124,"column":16},"end":{"line":124,"column":46}},"type":"binary-expr","locations":[{"start":{"line":124,"column":16},"end":{"line":124,"column":40}},{"start":{"line":124,"column":44},"end":{"line":124,"column":46}}],"line":124},"29":{"loc":{"start":{"line":140,"column":2},"end":{"line":140,"column":66}},"type":"if","locations":[{"start":{"line":140,"column":2},"end":{"line":140,"column":66}},{"start":{},"end":{}}],"line":140},"30":{"loc":{"start":{"line":140,"column":6},"end":{"line":140,"column":47}},"type":"binary-expr","locations":[{"start":{"line":140,"column":6},"end":{"line":140,"column":19}},{"start":{"line":140,"column":23},"end":{"line":140,"column":47}}],"line":140}},"s":{"0":55,"1":55,"2":55,"3":54,"4":54,"5":7,"6":7,"7":0,"8":54,"9":55,"10":55,"11":1,"12":1,"13":54,"14":54,"15":54,"16":54,"17":4,"18":4,"19":1,"20":3,"21":54},"f":{"0":54,"1":4},"b":{"0":[55,0],"1":[7,47],"2":[54,47],"3":[0,7],"4":[54,7],"5":[55,41],"6":[1,54],"7":[55,12,2],"8":[54,54],"9":[54,54],"10":[54,54],"11":[54,49],"12":[54,54],"13":[54,54],"14":[54,54],"15":[54,54],"16":[54,53],"17":[54,54],"18":[54,54],"19":[54,47],"20":[54,54],"21":[54,54],"22":[54,54],"23":[54,54],"24":[54,54],"25":[54,54],"26":[54,54],"27":[54,54],"28":[54,54],"29":[1,3],"30":[4,2]},"_coverageSchema":"1a1c01bbd47fc00a2c39e90264f33305004495a9","hash":"1626b0c4679eaa063a4f3d1e86ea665a2a9a8dbb"}
,"/home/claude/project/India In Time - Testing 2.1 - Copy (3)/data/city-seeds.js": {"path":"/home/claude/project/India In Time - Testing 2.1 - Copy (3)/data/city-seeds.js","statementMap":{"0":{"start":{"line":9,"column":14},"end":{"line":9,"column":57}},"1":{"start":{"line":10,"column":28},"end":{"line":201,"column":3}},"2":{"start":{"line":202,"column":16},"end":{"line":202,"column":44}},"3":{"start":{"line":203,"column":2},"end":{"line":209,"column":6}},"4":{"start":{"line":203,"column":30},"end":{"line":209,"column":3}},"5":{"start":{"line":212,"column":0},"end":{"line":212,"column":38}}},"fnMap":{"0":{"name":"staticCityPlaces","decl":{"start":{"line":8,"column":9},"end":{"line":8,"column":25}},"loc":{"start":{"line":8,"column":36},"end":{"line":210,"column":1}},"line":8},"1":{"name":"(anonymous_1)","decl":{"start":{"line":203,"column":19},"end":{"line":203,"column":20}},"loc":{"start":{"line":203,"column":30},"end":{"line":209,"column":3}},"line":203}},"branchMap":{"0":{"loc":{"start":{"line":9,"column":21},"end":{"line":9,"column":35}},"type":"binary-expr","locations":[{"start":{"line":9,"column":21},"end":{"line":9,"column":29}},{"start":{"line":9,"column":33},"end":{"line":9,"column":35}}],"line":9},"1":{"loc":{"start":{"line":202,"column":16},"end":{"line":202,"column":44}},"type":"binary-expr","locations":[{"start":{"line":202,"column":16},"end":{"line":202,"column":38}},{"start":{"line":202,"column":42},"end":{"line":202,"column":44}}],"line":202},"2":{"loc":{"start":{"line":207,"column":16},"end":{"line":207,"column":93}},"type":"cond-expr","locations":[{"start":{"line":207,"column":34},"end":{"line":207,"column":42}},{"start":{"line":207,"column":45},"end":{"line":207,"column":93}}],"line":207},"3":{"loc":{"start":{"line":207,"column":45},"end":{"line":207,"column":93}},"type":"cond-expr","locations":[{"start":{"line":207,"column":53},"end":{"line":207,"column":63}},{"start":{"line":207,"column":66},"end":{"line":207,"column":93}}],"line":207},"4":{"loc":{"start":{"line":207,"column":66},"end":{"line":207,"column":93}},"type":"cond-expr","locations":[{"start":{"line":207,"column":75},"end":{"line":207,"column":83}},{"start":{"line":207,"column":86},"end":{"line":207,"column":93}}],"line":207},"5":{"loc":{"start":{"line":208,"column":21},"end":{"line":208,"column":69}},"type":"cond-expr","locations":[{"start":{"line":208,"column":39},"end":{"line":208,"column":41}},{"start":{"line":208,"column":44},"end":{"line":208,"column":69}}],"line":208}},"s":{"0":11,"1":11,"2":11,"3":11,"4":56,"5":1},"f":{"0":11,"1":56},"b":{"0":[11,0],"1":[11,4],"2":[14,42],"3":[42,0],"4":[0,0],"5":[14,42]},"_coverageSchema":"1a1c01bbd47fc00a2c39e90264f33305004495a9","hash":"3937526bc01ae41a13cf1211bbed056ac5d51d74"}
,"/home/claude/project/India In Time - Testing 2.1 - Copy (3)/db/init.js": {"path":"/home/claude/project/India In Time - Testing 2.1 - Copy (3)/db/init.js","statementMap":{"0":{"start":{"line":3,"column":29},"end":{"line":3,"column":64}},"1":{"start":{"line":4,"column":11},"end":{"line":4,"column":24}},"2":{"start":{"line":5,"column":0},"end":{"line":5,"column":37}},"3":{"start":{"line":6,"column":0},"end":{"line":6,"column":27}},"4":{"start":{"line":7,"column":23},"end":{"line":7,"column":42}},"5":{"start":{"line":9,"column":11},"end":{"line":9,"column":15}},"6":{"start":{"line":16,"column":2},"end":{"line":18,"column":3}},"7":{"start":{"line":17,"column":4},"end":{"line":17,"column":69}},"8":{"start":{"line":20,"column":2},"end":{"line":28,"column":3}},"9":{"start":{"line":21,"column":4},"end":{"line":27,"column":6}},"10":{"start":{"line":34,"column":2},"end":{"line":44,"column":5}},"11":{"start":{"line":46,"column":2},"end":{"line":49,"column":5}},"12":{"start":{"line":48,"column":4},"end":{"line":48,"column":72}},"13":{"start":{"line":57,"column":2},"end":{"line":64,"column":3}},"14":{"start":{"line":58,"column":4},"end":{"line":58,"column":33}},"15":{"start":{"line":60,"column":4},"end":{"line":60,"column":55}},"16":{"start":{"line":62,"column":4},"end":{"line":62,"column":68}},"17":{"start":{"line":63,"column":4},"end":{"line":63,"column":16}},"18":{"start":{"line":66,"column":2},"end":{"line":66,"column":14}},"19":{"start":{"line":73,"column":2},"end":{"line":73,"column":90}},"20":{"start":{"line":73,"column":13},"end":{"line":73,"column":90}},"21":{"start":{"line":74,"column":2},"end":{"line":74,"column":14}},"22":{"start":{"line":81,"column":2},"end":{"line":85,"column":3}},"23":{"start":{"line":82,"column":4},"end":{"line":82,"column":21}},"24":{"start":{"line":83,"column":4},"end":{"line":83,"column":16}},"25":{"start":{"line":84,"column":4},"end":{"line":84,"column":50}},"26":{"start":{"line":88,"column":0},"end":{"line":88,"column":56}}},"fnMap":{"0":{"name":"initDatabase","decl":{"start":{"line":15,"column":15},"end":{"line":15,"column":27}},"loc":{"start":{"line":15,"column":30},"end":{"line":67,"column":1}},"line":15},"1":{"name":"(anonymous_1)","decl":{"start":{"line":46,"column":19},"end":{"line":46,"column":20}},"loc":{"start":{"line":46,"column":28},"end":{"line":49,"column":3}},"line":46},"2":{"name":"getDb","decl":{"start":{"line":72,"column":9},"end":{"line":72,"column":14}},"loc":{"start":{"line":72,"column":17},"end":{"line":75,"column":1}},"line":72},"3":{"name":"closeDatabase","decl":{"start":{"line":80,"column":15},"end":{"line":80,"column":28}},"loc":{"start":{"line":80,"column":31},"end":{"line":86,"column":1}},"line":80}},"branchMap":{"0":{"loc":{"start":{"line":16,"column":2},"end":{"line":18,"column":3}},"type":"if","locations":[{"start":{"line":16,"column":2},"end":{"line":18,"column":3}},{"start":{},"end":{}}],"line":16},"1":{"loc":{"start":{"line":20,"column":2},"end":{"line":28,"column":3}},"type":"if","locations":[{"start":{"line":20,"column":2},"end":{"line":28,"column":3}},{"start":{},"end":{}}],"line":20},"2":{"loc":{"start":{"line":20,"column":6},"end":{"line":20,"column":101}},"type":"binary-expr","locations":[{"start":{"line":20,"column":6},"end":{"line":20,"column":49}},{"start":{"line":20,"column":53},"end":{"line":20,"column":101}}],"line":20},"3":{"loc":{"start":{"line":39,"column":9},"end":{"line":39,"column":51}},"type":"binary-expr","locations":[{"start":{"line":39,"column":9},"end":{"line":39,"column":46}},{"start":{"line":39,"column":50},"end":{"line":39,"column":51}}],"line":39},"4":{"loc":{"start":{"line":73,"column":2},"end":{"line":73,"column":90}},"type":"if","locations":[{"start":{"line":73,"column":2},"end":{"line":73,"column":90}},{"start":{},"end":{}}],"line":73},"5":{"loc":{"start":{"line":81,"column":2},"end":{"line":85,"column":3}},"type":"if","locations":[{"start":{"line":81,"column":2},"end":{"line":85,"column":3}},{"start":{},"end":{}}],"line":81}},"s":{"0":1,"1":1,"2":1,"3":1,"4":1,"5":1,"6":5,"7":1,"8":4,"9":0,"10":4,"11":4,"12":0,"13":4,"14":4,"15":3,"16":1,"17":1,"18":3,"19":3,"20":2,"21":1,"22":8,"23":4,"24":4,"25":4,"26":1},"f":{"0":5,"1":0,"2":3,"3":8},"b":{"0":[1,4],"1":[0,4],"2":[4,0],"3":[4,4],"4":[2,1],"5":[4,4]},"_coverageSchema":"1a1c01bbd47fc00a2c39e90264f33305004495a9","hash":"dd2918f5a7eaac1c86b0eb0714cc98ab6291a0ff"}
,"/home/claude/project/India In Time - Testing 2.1 - Copy (3)/db/queries.js": {"path":"/home/claude/project/India In Time - Testing 2.1 - Copy (3)/db/queries.js","statementMap":{"0":{"start":{"line":4,"column":18},"end":{"line":4,"column":35}},"1":{"start":{"line":11,"column":15},"end":{"line":11,"column":22}},"2":{"start":{"line":12,"column":2},"end":{"line":15,"column":74}},"3":{"start":{"line":19,"column":15},"end":{"line":19,"column":22}},"4":{"start":{"line":20,"column":19},"end":{"line":26,"column":21}},"5":{"start":{"line":27,"column":2},"end":{"line":27,"column":14}},"6":{"start":{"line":31,"column":15},"end":{"line":31,"column":22}},"7":{"start":{"line":32,"column":19},"end":{"line":32,"column":82}},"8":{"start":{"line":33,"column":2},"end":{"line":33,"column":25}},"9":{"start":{"line":37,"column":15},"end":{"line":37,"column":22}},"10":{"start":{"line":38,"column":19},"end":{"line":38,"column":90}},"11":{"start":{"line":39,"column":2},"end":{"line":39,"column":25}},"12":{"start":{"line":43,"column":15},"end":{"line":43,"column":22}},"13":{"start":{"line":44,"column":2},"end":{"line":44,"column":119}},"14":{"start":{"line":48,"column":15},"end":{"line":48,"column":22}},"15":{"start":{"line":49,"column":2},"end":{"line":49,"column":89}},"16":{"start":{"line":57,"column":15},"end":{"line":57,"column":22}},"17":{"start":{"line":58,"column":2},"end":{"line":62,"column":91}},"18":{"start":{"line":66,"column":15},"end":{"line":66,"column":22}},"19":{"start":{"line":67,"column":2},"end":{"line":72,"column":3}},"20":{"start":{"line":68,"column":21},"end":{"line":70,"column":22}},"21":{"start":{"line":71,"column":4},"end":{"line":71,"column":16}},"22":{"start":{"line":73,"column":19},"end":{"line":75,"column":14}},"23":{"start":{"line":76,"column":2},"end":{"line":76,"column":14}},"24":{"start":{"line":80,"column":15},"end":{"line":80,"column":22}},"25":{"start":{"line":81,"column":2},"end":{"line":81,"column":97}},"26":{"start":{"line":85,"column":15},"end":{"line":85,"column":22}},"27":{"start":{"line":86,"column":19},"end":{"line":88,"column":31}},"28":{"start":{"line":89,"column":2},"end":{"line":89,"column":25}},"29":{"start":{"line":96,"column":22},"end":{"line":96,"column":24}},"30":{"start":{"line":97,"column":26},"end":{"line":97,"column":30}},"31":{"start":{"line":100,"column":2},"end":{"line":100,"column":43}},"32":{"start":{"line":100,"column":36},"end":{"line":100,"column":43}},"33":{"start":{"line":101,"column":16},"end":{"line":101,"column":36}},"34":{"start":{"line":102,"column":2},"end":{"line":102,"column":23}},"35":{"start":{"line":104,"column":2},"end":{"line":125,"column":3}},"36":{"start":{"line":105,"column":17},"end":{"line":105,"column":24}},"37":{"start":{"line":106,"column":19},"end":{"line":106,"column":39}},"38":{"start":{"line":107,"column":4},"end":{"line":122,"column":5}},"39":{"start":{"line":108,"column":6},"end":{"line":108,"column":34}},"40":{"start":{"line":109,"column":19},"end":{"line":112,"column":7}},"41":{"start":{"line":113,"column":6},"end":{"line":115,"column":7}},"42":{"start":{"line":114,"column":8},"end":{"line":114,"column":131}},"43":{"start":{"line":116,"column":6},"end":{"line":116,"column":35}},"44":{"start":{"line":118,"column":6},"end":{"line":118,"column":37}},"45":{"start":{"line":119,"column":6},"end":{"line":119,"column":14}},"46":{"start":{"line":121,"column":6},"end":{"line":121,"column":23}},"47":{"start":{"line":124,"column":4},"end":{"line":124,"column":66}},"48":{"start":{"line":129,"column":2},"end":{"line":135,"column":5}},"49":{"start":{"line":137,"column":2},"end":{"line":139,"column":3}},"50":{"start":{"line":138,"column":4},"end":{"line":138,"column":66}},"51":{"start":{"line":141,"column":2},"end":{"line":143,"column":3}},"52":{"start":{"line":142,"column":4},"end":{"line":142,"column":27}},"53":{"start":{"line":147,"column":15},"end":{"line":147,"column":22}},"54":{"start":{"line":148,"column":16},"end":{"line":148,"column":72}},"55":{"start":{"line":150,"column":24},"end":{"line":160,"column":13}},"56":{"start":{"line":162,"column":20},"end":{"line":169,"column":13}},"57":{"start":{"line":171,"column":2},"end":{"line":171,"column":99}},"58":{"start":{"line":179,"column":15},"end":{"line":179,"column":22}},"59":{"start":{"line":180,"column":19},"end":{"line":183,"column":16}},"60":{"start":{"line":184,"column":2},"end":{"line":184,"column":37}},"61":{"start":{"line":184,"column":25},"end":{"line":184,"column":37}},"62":{"start":{"line":185,"column":2},"end":{"line":189,"column":3}},"63":{"start":{"line":186,"column":4},"end":{"line":186,"column":44}},"64":{"start":{"line":188,"column":4},"end":{"line":188,"column":16}},"65":{"start":{"line":193,"column":15},"end":{"line":193,"column":22}},"66":{"start":{"line":194,"column":20},"end":{"line":194,"column":62}},"67":{"start":{"line":195,"column":2},"end":{"line":202,"column":53}},"68":{"start":{"line":206,"column":15},"end":{"line":206,"column":22}},"69":{"start":{"line":207,"column":2},"end":{"line":207,"column":79}},"70":{"start":{"line":211,"column":15},"end":{"line":211,"column":22}},"71":{"start":{"line":212,"column":17},"end":{"line":212,"column":98}},"72":{"start":{"line":213,"column":2},"end":{"line":213,"column":25}},"73":{"start":{"line":221,"column":15},"end":{"line":221,"column":22}},"74":{"start":{"line":222,"column":19},"end":{"line":224,"column":18}},"75":{"start":{"line":225,"column":2},"end":{"line":225,"column":55}},"76":{"start":{"line":229,"column":15},"end":{"line":229,"column":22}},"77":{"start":{"line":230,"column":2},"end":{"line":236,"column":32}},"78":{"start":{"line":244,"column":15},"end":{"line":244,"column":22}},"79":{"start":{"line":245,"column":2},"end":{"line":248,"column":107}},"80":{"start":{"line":252,"column":15},"end":{"line":252,"column":22}},"81":{"start":{"line":253,"column":19},"end":{"line":258,"column":23}},"82":{"start":{"line":259,"column":2},"end":{"line":259,"column":91}},"83":{"start":{"line":263,"column":15},"end":{"line":263,"column":22}},"84":{"start":{"line":264,"column":19},"end":{"line":267,"column":13}},"85":{"start":{"line":268,"column":2},"end":{"line":268,"column":14}},"86":{"start":{"line":272,"column":15},"end":{"line":272,"column":22}},"87":{"start":{"line":273,"column":2},"end":{"line":276,"column":107}},"88":{"start":{"line":280,"column":15},"end":{"line":280,"column":22}},"89":{"start":{"line":281,"column":28},"end":{"line":284,"column":4}},"90":{"start":{"line":285,"column":27},"end":{"line":288,"column":13}},"91":{"start":{"line":289,"column":2},"end":{"line":289,"column":71}},"92":{"start":{"line":292,"column":0},"end":{"line":305,"column":2}}},"fnMap":{"0":{"name":"saveTrip","decl":{"start":{"line":10,"column":15},"end":{"line":10,"column":23}},"loc":{"start":{"line":10,"column":87},"end":{"line":16,"column":1}},"line":10},"1":{"name":"getUserTrips","decl":{"start":{"line":18,"column":15},"end":{"line":18,"column":27}},"loc":{"start":{"line":18,"column":48},"end":{"line":28,"column":1}},"line":18},"2":{"name":"getTripById","decl":{"start":{"line":30,"column":15},"end":{"line":30,"column":26}},"loc":{"start":{"line":30,"column":35},"end":{"line":34,"column":1}},"line":30},"3":{"name":"getTripByShareToken","decl":{"start":{"line":36,"column":15},"end":{"line":36,"column":34}},"loc":{"start":{"line":36,"column":42},"end":{"line":40,"column":1}},"line":36},"4":{"name":"updateTripShareToken","decl":{"start":{"line":42,"column":15},"end":{"line":42,"column":35}},"loc":{"start":{"line":42,"column":51},"end":{"line":45,"column":1}},"line":42},"5":{"name":"deleteTrip","decl":{"start":{"line":47,"column":15},"end":{"line":47,"column":25}},"loc":{"start":{"line":47,"column":42},"end":{"line":50,"column":1}},"line":47},"6":{"name":"addFavorite","decl":{"start":{"line":56,"column":15},"end":{"line":56,"column":26}},"loc":{"start":{"line":56,"column":83},"end":{"line":63,"column":1}},"line":56},"7":{"name":"getUserFavorites","decl":{"start":{"line":65,"column":15},"end":{"line":65,"column":31}},"loc":{"start":{"line":65,"column":53},"end":{"line":77,"column":1}},"line":65},"8":{"name":"removeFavorite","decl":{"start":{"line":79,"column":15},"end":{"line":79,"column":29}},"loc":{"start":{"line":79,"column":50},"end":{"line":82,"column":1}},"line":79},"9":{"name":"isFavorite","decl":{"start":{"line":84,"column":15},"end":{"line":84,"column":25}},"loc":{"start":{"line":84,"column":51},"end":{"line":90,"column":1}},"line":84},"10":{"name":"flushAnalyticsBuffer","decl":{"start":{"line":99,"column":15},"end":{"line":99,"column":35}},"loc":{"start":{"line":99,"column":38},"end":{"line":126,"column":1}},"line":99},"11":{"name":"logApiUsage","decl":{"start":{"line":128,"column":9},"end":{"line":128,"column":20}},"loc":{"start":{"line":128,"column":93},"end":{"line":144,"column":1}},"line":128},"12":{"name":"getApiUsageSummary","decl":{"start":{"line":146,"column":15},"end":{"line":146,"column":33}},"loc":{"start":{"line":146,"column":46},"end":{"line":172,"column":1}},"line":146},"13":{"name":"getCachedPlaces","decl":{"start":{"line":178,"column":15},"end":{"line":178,"column":30}},"loc":{"start":{"line":178,"column":41},"end":{"line":190,"column":1}},"line":178},"14":{"name":"setCachedPlaces","decl":{"start":{"line":192,"column":15},"end":{"line":192,"column":30}},"loc":{"start":{"line":192,"column":57},"end":{"line":203,"column":1}},"line":192},"15":{"name":"deleteCachedPlaces","decl":{"start":{"line":205,"column":15},"end":{"line":205,"column":33}},"loc":{"start":{"line":205,"column":44},"end":{"line":208,"column":1}},"line":205},"16":{"name":"purgeExpiredCache","decl":{"start":{"line":210,"column":15},"end":{"line":210,"column":32}},"loc":{"start":{"line":210,"column":35},"end":{"line":214,"column":1}},"line":210},"17":{"name":"getCachedAiResponse","decl":{"start":{"line":220,"column":15},"end":{"line":220,"column":34}},"loc":{"start":{"line":220,"column":47},"end":{"line":226,"column":1}},"line":220},"18":{"name":"setCachedAiResponse","decl":{"start":{"line":228,"column":15},"end":{"line":228,"column":34}},"loc":{"start":{"line":228,"column":60},"end":{"line":237,"column":1}},"line":228},"19":{"name":"submitPlaceFeedback","decl":{"start":{"line":243,"column":15},"end":{"line":243,"column":34}},"loc":{"start":{"line":243,"column":91},"end":{"line":249,"column":1}},"line":243},"20":{"name":"getPlaceFeedbackSummary","decl":{"start":{"line":251,"column":15},"end":{"line":251,"column":38}},"loc":{"start":{"line":251,"column":56},"end":{"line":260,"column":1}},"line":251},"21":{"name":"getAllPlaceFeedback","decl":{"start":{"line":262,"column":15},"end":{"line":262,"column":34}},"loc":{"start":{"line":262,"column":48},"end":{"line":269,"column":1}},"line":262},"22":{"name":"submitAppFeedback","decl":{"start":{"line":271,"column":15},"end":{"line":271,"column":32}},"loc":{"start":{"line":271,"column":92},"end":{"line":277,"column":1}},"line":271},"23":{"name":"getAppFeedbackSummary","decl":{"start":{"line":279,"column":15},"end":{"line":279,"column":36}},"loc":{"start":{"line":279,"column":49},"end":{"line":290,"column":1}},"line":279}},"branchMap":{"0":{"loc":{"start":{"line":15,"column":10},"end":{"line":15,"column":24}},"type":"binary-expr","locations":[{"start":{"line":15,"column":10},"end":{"line":15,"column":16}},{"start":{"line":15,"column":20},"end":{"line":15,"column":24}}],"line":15},"1":{"loc":{"start":{"line":18,"column":36},"end":{"line":18,"column":46}},"type":"default-arg","locations":[{"start":{"line":18,"column":44},"end":{"line":18,"column":46}}],"line":18},"2":{"loc":{"start":{"line":33,"column":9},"end":{"line":33,"column":24}},"type":"binary-expr","locations":[{"start":{"line":33,"column":9},"end":{"line":33,"column":16}},{"start":{"line":33,"column":20},"end":{"line":33,"column":24}}],"line":33},"3":{"loc":{"start":{"line":39,"column":9},"end":{"line":39,"column":24}},"type":"binary-expr","locations":[{"start":{"line":39,"column":9},"end":{"line":39,"column":16}},{"start":{"line":39,"column":20},"end":{"line":39,"column":24}}],"line":39},"4":{"loc":{"start":{"line":62,"column":31},"end":{"line":62,"column":42}},"type":"binary-expr","locations":[{"start":{"line":62,"column":31},"end":{"line":62,"column":34}},{"start":{"line":62,"column":38},"end":{"line":62,"column":42}}],"line":62},"5":{"loc":{"start":{"line":62,"column":44},"end":{"line":62,"column":55}},"type":"binary-expr","locations":[{"start":{"line":62,"column":44},"end":{"line":62,"column":47}},{"start":{"line":62,"column":51},"end":{"line":62,"column":55}}],"line":62},"6":{"loc":{"start":{"line":62,"column":57},"end":{"line":62,"column":73}},"type":"binary-expr","locations":[{"start":{"line":62,"column":57},"end":{"line":62,"column":65}},{"start":{"line":62,"column":69},"end":{"line":62,"column":73}}],"line":62},"7":{"loc":{"start":{"line":62,"column":75},"end":{"line":62,"column":88}},"type":"binary-expr","locations":[{"start":{"line":62,"column":75},"end":{"line":62,"column":80}},{"start":{"line":62,"column":84},"end":{"line":62,"column":88}}],"line":62},"8":{"loc":{"start":{"line":65,"column":40},"end":{"line":65,"column":51}},"type":"default-arg","locations":[{"start":{"line":65,"column":47},"end":{"line":65,"column":51}}],"line":65},"9":{"loc":{"start":{"line":67,"column":2},"end":{"line":72,"column":3}},"type":"if","locations":[{"start":{"line":67,"column":2},"end":{"line":72,"column":3}},{"start":{},"end":{}}],"line":67},"10":{"loc":{"start":{"line":100,"column":2},"end":{"line":100,"column":43}},"type":"if","locations":[{"start":{"line":100,"column":2},"end":{"line":100,"column":43}},{"start":{},"end":{}}],"line":100},"11":{"loc":{"start":{"line":131,"column":8},"end":{"line":131,"column":18}},"type":"binary-expr","locations":[{"start":{"line":131,"column":8},"end":{"line":131,"column":10}},{"start":{"line":131,"column":14},"end":{"line":131,"column":18}}],"line":131},"12":{"loc":{"start":{"line":132,"column":16},"end":{"line":132,"column":31}},"type":"binary-expr","locations":[{"start":{"line":132,"column":16},"end":{"line":132,"column":25}},{"start":{"line":132,"column":29},"end":{"line":132,"column":31}}],"line":132},"13":{"loc":{"start":{"line":134,"column":15},"end":{"line":134,"column":32}},"type":"binary-expr","locations":[{"start":{"line":134,"column":15},"end":{"line":134,"column":24}},{"start":{"line":134,"column":28},"end":{"line":134,"column":32}}],"line":134},"14":{"loc":{"start":{"line":137,"column":2},"end":{"line":139,"column":3}},"type":"if","locations":[{"start":{"line":137,"column":2},"end":{"line":139,"column":3}},{"start":{},"end":{}}],"line":137},"15":{"loc":{"start":{"line":141,"column":2},"end":{"line":143,"column":3}},"type":"if","locations":[{"start":{"line":141,"column":2},"end":{"line":143,"column":3}},{"start":{},"end":{}}],"line":141},"16":{"loc":{"start":{"line":146,"column":34},"end":{"line":146,"column":44}},"type":"default-arg","locations":[{"start":{"line":146,"column":42},"end":{"line":146,"column":44}}],"line":146},"17":{"loc":{"start":{"line":184,"column":2},"end":{"line":184,"column":37}},"type":"if","locations":[{"start":{"line":184,"column":2},"end":{"line":184,"column":37}},{"start":{},"end":{}}],"line":184},"18":{"loc":{"start":{"line":225,"column":9},"end":{"line":225,"column":54}},"type":"cond-expr","locations":[{"start":{"line":225,"column":27},"end":{"line":225,"column":47}},{"start":{"line":225,"column":50},"end":{"line":225,"column":54}}],"line":225},"19":{"loc":{"start":{"line":248,"column":6},"end":{"line":248,"column":20}},"type":"binary-expr","locations":[{"start":{"line":248,"column":6},"end":{"line":248,"column":12}},{"start":{"line":248,"column":16},"end":{"line":248,"column":20}}],"line":248},"20":{"loc":{"start":{"line":248,"column":47},"end":{"line":248,"column":87}},"type":"cond-expr","locations":[{"start":{"line":248,"column":72},"end":{"line":248,"column":76}},{"start":{"line":248,"column":79},"end":{"line":248,"column":87}}],"line":248},"21":{"loc":{"start":{"line":248,"column":89},"end":{"line":248,"column":104}},"type":"binary-expr","locations":[{"start":{"line":248,"column":89},"end":{"line":248,"column":96}},{"start":{"line":248,"column":100},"end":{"line":248,"column":104}}],"line":248},"22":{"loc":{"start":{"line":259,"column":9},"end":{"line":259,"column":90}},"type":"binary-expr","locations":[{"start":{"line":259,"column":9},"end":{"line":259,"column":16}},{"start":{"line":259,"column":20},"end":{"line":259,"column":90}}],"line":259},"23":{"loc":{"start":{"line":262,"column":35},"end":{"line":262,"column":46}},"type":"default-arg","locations":[{"start":{"line":262,"column":43},"end":{"line":262,"column":46}}],"line":262},"24":{"loc":{"start":{"line":276,"column":6},"end":{"line":276,"column":20}},"type":"binary-expr","locations":[{"start":{"line":276,"column":6},"end":{"line":276,"column":12}},{"start":{"line":276,"column":16},"end":{"line":276,"column":20}}],"line":276},"25":{"loc":{"start":{"line":276,"column":30},"end":{"line":276,"column":51}},"type":"binary-expr","locations":[{"start":{"line":276,"column":30},"end":{"line":276,"column":38}},{"start":{"line":276,"column":42},"end":{"line":276,"column":51}}],"line":276},"26":{"loc":{"start":{"line":276,"column":53},"end":{"line":276,"column":68}},"type":"binary-expr","locations":[{"start":{"line":276,"column":53},"end":{"line":276,"column":60}},{"start":{"line":276,"column":64},"end":{"line":276,"column":68}}],"line":276},"27":{"loc":{"start":{"line":276,"column":70},"end":{"line":276,"column":85}},"type":"binary-expr","locations":[{"start":{"line":276,"column":70},"end":{"line":276,"column":77}},{"start":{"line":276,"column":81},"end":{"line":276,"column":85}}],"line":276},"28":{"loc":{"start":{"line":276,"column":87},"end":{"line":276,"column":104}},"type":"binary-expr","locations":[{"start":{"line":276,"column":87},"end":{"line":276,"column":96}},{"start":{"line":276,"column":100},"end":{"line":276,"column":104}}],"line":276},"29":{"loc":{"start":{"line":279,"column":37},"end":{"line":279,"column":47}},"type":"default-arg","locations":[{"start":{"line":279,"column":45},"end":{"line":279,"column":47}}],"line":279},"30":{"loc":{"start":{"line":289,"column":15},"end":{"line":289,"column":59}},"type":"binary-expr","locations":[{"start":{"line":289,"column":15},"end":{"line":289,"column":25}},{"start":{"line":289,"column":29},"end":{"line":289,"column":59}}],"line":289}},"s":{"0":1,"1":1,"2":1,"3":1,"4":1,"5":1,"6":2,"7":2,"8":2,"9":0,"10":0,"11":0,"12":0,"13":0,"14":1,"15":1,"16":1,"17":1,"18":0,"19":0,"20":0,"21":0,"22":0,"23":0,"24":1,"25":1,"26":2,"27":2,"28":2,"29":1,"30":1,"31":3,"32":1,"33":2,"34":2,"35":2,"36":2,"37":2,"38":2,"39":2,"40":2,"41":2,"42":2,"43":1,"44":1,"45":1,"46":2,"47":1,"48":2,"49":2,"50":1,"51":2,"52":0,"53":0,"54":0,"55":0,"56":0,"57":0,"58":3,"59":3,"60":3,"61":1,"62":2,"63":2,"64":1,"65":1,"66":1,"67":1,"68":0,"69":0,"70":1,"71":1,"72":1,"73":2,"74":2,"75":2,"76":0,"77":0,"78":1,"79":1,"80":1,"81":1,"82":1,"83":0,"84":0,"85":0,"86":1,"87":1,"88":1,"89":1,"90":1,"91":1,"92":1},"f":{"0":1,"1":1,"2":2,"3":0,"4":0,"5":1,"6":1,"7":0,"8":1,"9":2,"10":3,"11":2,"12":0,"13":3,"14":1,"15":0,"16":1,"17":2,"18":0,"19":1,"20":1,"21":0,"22":1,"23":1},"b":{"0":[1,1],"1":[1],"2":[2,1],"3":[0,0],"4":[1,1],"5":[1,1],"6":[1,1],"7":[1,1],"8":[0],"9":[0,0],"10":[1,2],"11":[2,1],"12":[2,1],"13":[2,1],"14":[1,1],"15":[0,2],"16":[0],"17":[1,2],"18":[1,1],"19":[1,0],"20":[1,0],"21":[1,1],"22":[1,1],"23":[0],"24":[1,1],"25":[1,1],"26":[1,0],"27":[1,1],"28":[1,1],"29":[1],"30":[1,0]},"_coverageSchema":"1a1c01bbd47fc00a2c39e90264f33305004495a9","hash":"95f4a9e6bbfc4a53ac32ce40bf40b65b32ed183d"}
,"/home/claude/project/India In Time - Testing 2.1 - Copy (3)/db/schema.js": {"path":"/home/claude/project/India In Time - Testing 2.1 - Copy (3)/db/schema.js","statementMap":{"0":{"start":{"line":12,"column":19},"end":{"line":103,"column":1}},"1":{"start":{"line":105,"column":0},"end":{"line":105,"column":32}}},"fnMap":{},"branchMap":{},"s":{"0":1,"1":1},"f":{},"b":{},"_coverageSchema":"1a1c01bbd47fc00a2c39e90264f33305004495a9","hash":"df5ee5ed0a31c5347df2272eff89cd33d8111492"}
,"/home/claude/project/India In Time - Testing 2.1 - Copy (3)/lib/logger.js": {"path":"/home/claude/project/India In Time - Testing 2.1 - Copy (3)/lib/logger.js","statementMap":{"0":{"start":{"line":19,"column":15},"end":{"line":19,"column":35}},"1":{"start":{"line":21,"column":14},"end":{"line":21,"column":73}},"2":{"start":{"line":23,"column":13},"end":{"line":23,"column":28}},"3":{"start":{"line":25,"column":15},"end":{"line":40,"column":2}},"4":{"start":{"line":42,"column":0},"end":{"line":42,"column":24}}},"fnMap":{},"branchMap":{"0":{"loc":{"start":{"line":21,"column":14},"end":{"line":21,"column":73}},"type":"binary-expr","locations":[{"start":{"line":21,"column":14},"end":{"line":21,"column":35}},{"start":{"line":21,"column":40},"end":{"line":21,"column":72}}],"line":21},"1":{"loc":{"start":{"line":21,"column":40},"end":{"line":21,"column":72}},"type":"cond-expr","locations":[{"start":{"line":21,"column":56},"end":{"line":21,"column":62}},{"start":{"line":21,"column":65},"end":{"line":21,"column":72}}],"line":21},"2":{"loc":{"start":{"line":29,"column":13},"end":{"line":38,"column":7}},"type":"cond-expr","locations":[{"start":{"line":30,"column":6},"end":{"line":30,"column":15}},{"start":{"line":31,"column":6},"end":{"line":38,"column":7}}],"line":29},"3":{"loc":{"start":{"line":39,"column":8},"end":{"line":39,"column":68}},"type":"cond-expr","locations":[{"start":{"line":39,"column":24},"end":{"line":39,"column":56}},{"start":{"line":39,"column":59},"end":{"line":39,"column":68}}],"line":39}},"s":{"0":37,"1":37,"2":37,"3":37,"4":37},"f":{},"b":{"0":[37,36],"1":[7,29],"2":[7,30],"3":[7,30]},"_coverageSchema":"1a1c01bbd47fc00a2c39e90264f33305004495a9","hash":"7c9979827f2457a3f13667e1d0ef6309cbe61296"}
,"/home/claude/project/India In Time - Testing 2.1 - Copy (3)/middleware/adminAuth.js": {"path":"/home/claude/project/India In Time - Testing 2.1 - Copy (3)/middleware/adminAuth.js","statementMap":{"0":{"start":{"line":29,"column":15},"end":{"line":29,"column":32}},"1":{"start":{"line":30,"column":24},"end":{"line":30,"column":41}},"2":{"start":{"line":31,"column":15},"end":{"line":31,"column":39}},"3":{"start":{"line":42,"column":15},"end":{"line":42,"column":43}},"4":{"start":{"line":43,"column":15},"end":{"line":43,"column":43}},"5":{"start":{"line":48,"column":16},"end":{"line":48,"column":65}},"6":{"start":{"line":49,"column":16},"end":{"line":49,"column":65}},"7":{"start":{"line":50,"column":2},"end":{"line":50,"column":46}},"8":{"start":{"line":54,"column":17},"end":{"line":54,"column":48}},"9":{"start":{"line":55,"column":16},"end":{"line":55,"column":46}},"10":{"start":{"line":56,"column":2},"end":{"line":56,"column":27}},"11":{"start":{"line":56,"column":14},"end":{"line":56,"column":27}},"12":{"start":{"line":58,"column":2},"end":{"line":71,"column":3}},"13":{"start":{"line":59,"column":20},"end":{"line":59,"column":47}},"14":{"start":{"line":60,"column":4},"end":{"line":65,"column":5}},"15":{"start":{"line":61,"column":6},"end":{"line":61,"column":28}},"16":{"start":{"line":62,"column":6},"end":{"line":62,"column":45}},"17":{"start":{"line":63,"column":6},"end":{"line":63,"column":45}},"18":{"start":{"line":64,"column":6},"end":{"line":64,"column":18}},"19":{"start":{"line":66,"column":4},"end":{"line":68,"column":5}},"20":{"start":{"line":67,"column":6},"end":{"line":67,"column":117}},"21":{"start":{"line":70,"column":4},"end":{"line":70,"column":88}},"22":{"start":{"line":72,"column":2},"end":{"line":72,"column":15}},"23":{"start":{"line":76,"column":21},"end":{"line":76,"column":51}},"24":{"start":{"line":77,"column":2},"end":{"line":77,"column":32}},"25":{"start":{"line":77,"column":19},"end":{"line":77,"column":32}},"26":{"start":{"line":83,"column":2},"end":{"line":83,"column":69}},"27":{"start":{"line":83,"column":56},"end":{"line":83,"column":69}},"28":{"start":{"line":91,"column":21},"end":{"line":91,"column":57}},"29":{"start":{"line":92,"column":2},"end":{"line":102,"column":3}},"30":{"start":{"line":93,"column":22},"end":{"line":93,"column":42}},"31":{"start":{"line":94,"column":4},"end":{"line":101,"column":5}},"32":{"start":{"line":95,"column":6},"end":{"line":99,"column":8}},"33":{"start":{"line":100,"column":6},"end":{"line":100,"column":19}},"34":{"start":{"line":103,"column":19},"end":{"line":103,"column":45}},"35":{"start":{"line":104,"column":2},"end":{"line":104,"column":78}},"36":{"start":{"line":104,"column":65},"end":{"line":104,"column":78}},"37":{"start":{"line":105,"column":2},"end":{"line":105,"column":44}},"38":{"start":{"line":112,"column":2},"end":{"line":115,"column":4}},"39":{"start":{"line":116,"column":2},"end":{"line":116,"column":14}},"40":{"start":{"line":125,"column":2},"end":{"line":125,"column":53}},"41":{"start":{"line":125,"column":39},"end":{"line":125,"column":53}},"42":{"start":{"line":126,"column":2},"end":{"line":126,"column":43}},"43":{"start":{"line":126,"column":29},"end":{"line":126,"column":43}},"44":{"start":{"line":128,"column":29},"end":{"line":128,"column":67}},"45":{"start":{"line":129,"column":24},"end":{"line":129,"column":56}},"46":{"start":{"line":130,"column":2},"end":{"line":134,"column":3}},"47":{"start":{"line":131,"column":4},"end":{"line":133,"column":7}},"48":{"start":{"line":135,"column":2},"end":{"line":135,"column":81}},"49":{"start":{"line":141,"column":0},"end":{"line":141,"column":73}}},"fnMap":{"0":{"name":"timingSafeStringEqual","decl":{"start":{"line":41,"column":9},"end":{"line":41,"column":30}},"loc":{"start":{"line":41,"column":37},"end":{"line":51,"column":1}},"line":41},"1":{"name":"tryFirebaseAdminAuth","decl":{"start":{"line":53,"column":15},"end":{"line":53,"column":35}},"loc":{"start":{"line":53,"column":41},"end":{"line":73,"column":1}},"line":53},"2":{"name":"tryLegacyKeyAuth","decl":{"start":{"line":75,"column":9},"end":{"line":75,"column":25}},"loc":{"start":{"line":75,"column":31},"end":{"line":117,"column":1}},"line":75},"3":{"name":"requireAdminAuth","decl":{"start":{"line":124,"column":15},"end":{"line":124,"column":31}},"loc":{"start":{"line":124,"column":48},"end":{"line":136,"column":1}},"line":124}},"branchMap":{"0":{"loc":{"start":{"line":42,"column":34},"end":{"line":42,"column":41}},"type":"binary-expr","locations":[{"start":{"line":42,"column":34},"end":{"line":42,"column":35}},{"start":{"line":42,"column":39},"end":{"line":42,"column":41}}],"line":42},"1":{"loc":{"start":{"line":43,"column":34},"end":{"line":43,"column":41}},"type":"binary-expr","locations":[{"start":{"line":43,"column":34},"end":{"line":43,"column":35}},{"start":{"line":43,"column":39},"end":{"line":43,"column":41}}],"line":43},"2":{"loc":{"start":{"line":54,"column":17},"end":{"line":54,"column":48}},"type":"binary-expr","locations":[{"start":{"line":54,"column":17},"end":{"line":54,"column":42}},{"start":{"line":54,"column":46},"end":{"line":54,"column":48}}],"line":54},"3":{"loc":{"start":{"line":56,"column":2},"end":{"line":56,"column":27}},"type":"if","locations":[{"start":{"line":56,"column":2},"end":{"line":56,"column":27}},{"start":{},"end":{}}],"line":56},"4":{"loc":{"start":{"line":60,"column":4},"end":{"line":65,"column":5}},"type":"if","locations":[{"start":{"line":60,"column":4},"end":{"line":65,"column":5}},{"start":{},"end":{}}],"line":60},"5":{"loc":{"start":{"line":60,"column":8},"end":{"line":60,"column":41}},"type":"binary-expr","locations":[{"start":{"line":60,"column":8},"end":{"line":60,"column":15}},{"start":{"line":60,"column":19},"end":{"line":60,"column":41}}],"line":60},"6":{"loc":{"start":{"line":62,"column":23},"end":{"line":62,"column":44}},"type":"binary-expr","locations":[{"start":{"line":62,"column":23},"end":{"line":62,"column":36}},{"start":{"line":62,"column":40},"end":{"line":62,"column":44}}],"line":62},"7":{"loc":{"start":{"line":66,"column":4},"end":{"line":68,"column":5}},"type":"if","locations":[{"start":{"line":66,"column":4},"end":{"line":68,"column":5}},{"start":{},"end":{}}],"line":66},"8":{"loc":{"start":{"line":77,"column":2},"end":{"line":77,"column":32}},"type":"if","locations":[{"start":{"line":77,"column":2},"end":{"line":77,"column":32}},{"start":{},"end":{}}],"line":77},"9":{"loc":{"start":{"line":83,"column":2},"end":{"line":83,"column":69}},"type":"if","locations":[{"start":{"line":83,"column":2},"end":{"line":83,"column":69}},{"start":{},"end":{}}],"line":83},"10":{"loc":{"start":{"line":92,"column":2},"end":{"line":102,"column":3}},"type":"if","locations":[{"start":{"line":92,"column":2},"end":{"line":102,"column":3}},{"start":{},"end":{}}],"line":92},"11":{"loc":{"start":{"line":94,"column":4},"end":{"line":101,"column":5}},"type":"if","locations":[{"start":{"line":94,"column":4},"end":{"line":101,"column":5}},{"start":{},"end":{}}],"line":94},"12":{"loc":{"start":{"line":94,"column":8},"end":{"line":94,"column":79}},"type":"binary-expr","locations":[{"start":{"line":94,"column":8},"end":{"line":94,"column":42}},{"start":{"line":94,"column":46},"end":{"line":94,"column":79}}],"line":94},"13":{"loc":{"start":{"line":104,"column":2},"end":{"line":104,"column":78}},"type":"if","locations":[{"start":{"line":104,"column":2},"end":{"line":104,"column":78}},{"start":{},"end":{}}],"line":104},"14":{"loc":{"start":{"line":104,"column":6},"end":{"line":104,"column":63}},"type":"binary-expr","locations":[{"start":{"line":104,"column":6},"end":{"line":104,"column":15}},{"start":{"line":104,"column":19},"end":{"line":104,"column":63}}],"line":104},"15":{"loc":{"start":{"line":113,"column":12},"end":{"line":113,"column":39}},"type":"binary-expr","locations":[{"start":{"line":113,"column":12},"end":{"line":113,"column":27}},{"start":{"line":113,"column":31},"end":{"line":113,"column":39}}],"line":113},"16":{"loc":{"start":{"line":125,"column":2},"end":{"line":125,"column":53}},"type":"if","locations":[{"start":{"line":125,"column":2},"end":{"line":125,"column":53}},{"start":{},"end":{}}],"line":125},"17":{"loc":{"start":{"line":126,"column":2},"end":{"line":126,"column":43}},"type":"if","locations":[{"start":{"line":126,"column":2},"end":{"line":126,"column":43}},{"start":{},"end":{}}],"line":126},"18":{"loc":{"start":{"line":130,"column":2},"end":{"line":134,"column":3}},"type":"if","locations":[{"start":{"line":130,"column":2},"end":{"line":134,"column":3}},{"start":{},"end":{}}],"line":130},"19":{"loc":{"start":{"line":130,"column":6},"end":{"line":130,"column":43}},"type":"binary-expr","locations":[{"start":{"line":130,"column":6},"end":{"line":130,"column":25}},{"start":{"line":130,"column":29},"end":{"line":130,"column":43}}],"line":130}},"s":{"0":5,"1":5,"2":5,"3":26,"4":26,"5":26,"6":26,"7":26,"8":39,"9":39,"10":39,"11":36,"12":3,"13":3,"14":2,"15":1,"16":1,"17":1,"18":1,"19":1,"20":1,"21":1,"22":2,"23":38,"24":38,"25":2,"26":36,"27":1,"28":35,"29":35,"30":3,"31":3,"32":1,"33":1,"34":34,"35":34,"36":16,"37":18,"38":18,"39":18,"40":39,"41":1,"42":38,"43":18,"44":20,"45":20,"46":20,"47":2,"48":18,"49":5},"f":{"0":26,"1":39,"2":38,"3":39},"b":{"0":[26,0],"1":[26,0],"2":[39,36],"3":[36,3],"4":[1,1],"5":[2,2],"6":[1,0],"7":[1,0],"8":[2,36],"9":[1,35],"10":[3,32],"11":[1,2],"12":[3,2],"13":[16,18],"14":[34,26],"15":[18,8],"16":[1,38],"17":[18,20],"18":[2,18],"19":[20,20]},"_coverageSchema":"1a1c01bbd47fc00a2c39e90264f33305004495a9","hash":"b09cfc595bd5e6648a15b83aacd9b87b607f8bbc"}
,"/home/claude/project/India In Time - Testing 2.1 - Copy (3)/middleware/auth.js": {"path":"/home/claude/project/India In Time - Testing 2.1 - Copy (3)/middleware/auth.js","statementMap":{"0":{"start":{"line":23,"column":14},"end":{"line":23,"column":39}},"1":{"start":{"line":25,"column":18},"end":{"line":25,"column":23}},"2":{"start":{"line":26,"column":16},"end":{"line":26,"column":20}},"3":{"start":{"line":29,"column":2},"end":{"line":29,"column":39}},"4":{"start":{"line":29,"column":32},"end":{"line":29,"column":39}},"5":{"start":{"line":31,"column":14},"end":{"line":31,"column":50}},"6":{"start":{"line":32,"column":2},"end":{"line":39,"column":3}},"7":{"start":{"line":33,"column":4},"end":{"line":36,"column":6}},"8":{"start":{"line":37,"column":4},"end":{"line":37,"column":43}},"9":{"start":{"line":38,"column":4},"end":{"line":38,"column":11}},"10":{"start":{"line":41,"column":2},"end":{"line":56,"column":3}},"11":{"start":{"line":44,"column":26},"end":{"line":44,"column":52}},"12":{"start":{"line":45,"column":20},"end":{"line":45,"column":85}},"13":{"start":{"line":46,"column":27},"end":{"line":46,"column":46}},"14":{"start":{"line":48,"column":4},"end":{"line":50,"column":7}},"15":{"start":{"line":51,"column":4},"end":{"line":51,"column":23}},"16":{"start":{"line":52,"column":4},"end":{"line":52,"column":80}},"17":{"start":{"line":54,"column":4},"end":{"line":54,"column":20}},"18":{"start":{"line":55,"column":4},"end":{"line":55,"column":74}},"19":{"start":{"line":64,"column":2},"end":{"line":64,"column":22}},"20":{"start":{"line":65,"column":2},"end":{"line":70,"column":3}},"21":{"start":{"line":66,"column":4},"end":{"line":69,"column":7}},"22":{"start":{"line":72,"column":17},"end":{"line":72,"column":48}},"23":{"start":{"line":73,"column":16},"end":{"line":73,"column":46}},"24":{"start":{"line":74,"column":2},"end":{"line":76,"column":3}},"25":{"start":{"line":75,"column":4},"end":{"line":75,"column":114}},"26":{"start":{"line":78,"column":2},"end":{"line":86,"column":3}},"27":{"start":{"line":79,"column":20},"end":{"line":79,"column":62}},"28":{"start":{"line":80,"column":4},"end":{"line":80,"column":26}},"29":{"start":{"line":81,"column":4},"end":{"line":81,"column":42}},"30":{"start":{"line":82,"column":4},"end":{"line":82,"column":11}},"31":{"start":{"line":84,"column":4},"end":{"line":84,"column":67}},"32":{"start":{"line":85,"column":4},"end":{"line":85,"column":119}},"33":{"start":{"line":100,"column":2},"end":{"line":100,"column":22}},"34":{"start":{"line":101,"column":17},"end":{"line":101,"column":48}},"35":{"start":{"line":102,"column":16},"end":{"line":102,"column":46}},"36":{"start":{"line":103,"column":2},"end":{"line":105,"column":3}},"37":{"start":{"line":104,"column":4},"end":{"line":104,"column":18}},"38":{"start":{"line":106,"column":2},"end":{"line":112,"column":3}},"39":{"start":{"line":107,"column":20},"end":{"line":107,"column":62}},"40":{"start":{"line":108,"column":4},"end":{"line":108,"column":26}},"41":{"start":{"line":109,"column":4},"end":{"line":109,"column":42}},"42":{"start":{"line":111,"column":4},"end":{"line":111,"column":102}},"43":{"start":{"line":113,"column":2},"end":{"line":113,"column":9}},"44":{"start":{"line":127,"column":2},"end":{"line":127,"column":22}},"45":{"start":{"line":128,"column":2},"end":{"line":128,"column":32}},"46":{"start":{"line":128,"column":20},"end":{"line":128,"column":32}},"47":{"start":{"line":129,"column":2},"end":{"line":129,"column":45}},"48":{"start":{"line":132,"column":0},"end":{"line":132,"column":60}}},"fnMap":{"0":{"name":"ensureInitialized","decl":{"start":{"line":28,"column":9},"end":{"line":28,"column":26}},"loc":{"start":{"line":28,"column":29},"end":{"line":57,"column":1}},"line":28},"1":{"name":"requireAuth","decl":{"start":{"line":63,"column":15},"end":{"line":63,"column":26}},"loc":{"start":{"line":63,"column":43},"end":{"line":87,"column":1}},"line":63},"2":{"name":"optionalAuth","decl":{"start":{"line":99,"column":15},"end":{"line":99,"column":27}},"loc":{"start":{"line":99,"column":44},"end":{"line":114,"column":1}},"line":99},"3":{"name":"verifyToken","decl":{"start":{"line":126,"column":15},"end":{"line":126,"column":26}},"loc":{"start":{"line":126,"column":36},"end":{"line":130,"column":1}},"line":126}},"branchMap":{"0":{"loc":{"start":{"line":29,"column":2},"end":{"line":29,"column":39}},"type":"if","locations":[{"start":{"line":29,"column":2},"end":{"line":29,"column":39}},{"start":{},"end":{}}],"line":29},"1":{"loc":{"start":{"line":29,"column":6},"end":{"line":29,"column":30}},"type":"binary-expr","locations":[{"start":{"line":29,"column":6},"end":{"line":29,"column":17}},{"start":{"line":29,"column":21},"end":{"line":29,"column":30}}],"line":29},"2":{"loc":{"start":{"line":32,"column":2},"end":{"line":39,"column":3}},"type":"if","locations":[{"start":{"line":32,"column":2},"end":{"line":39,"column":3}},{"start":{},"end":{}}],"line":32},"3":{"loc":{"start":{"line":45,"column":20},"end":{"line":45,"column":85}},"type":"cond-expr","locations":[{"start":{"line":45,"column":36},"end":{"line":45,"column":39}},{"start":{"line":45,"column":42},"end":{"line":45,"column":85}}],"line":45},"4":{"loc":{"start":{"line":65,"column":2},"end":{"line":70,"column":3}},"type":"if","locations":[{"start":{"line":65,"column":2},"end":{"line":70,"column":3}},{"start":{},"end":{}}],"line":65},"5":{"loc":{"start":{"line":72,"column":17},"end":{"line":72,"column":48}},"type":"binary-expr","locations":[{"start":{"line":72,"column":17},"end":{"line":72,"column":42}},{"start":{"line":72,"column":46},"end":{"line":72,"column":48}}],"line":72},"6":{"loc":{"start":{"line":74,"column":2},"end":{"line":76,"column":3}},"type":"if","locations":[{"start":{"line":74,"column":2},"end":{"line":76,"column":3}},{"start":{},"end":{}}],"line":74},"7":{"loc":{"start":{"line":81,"column":20},"end":{"line":81,"column":41}},"type":"binary-expr","locations":[{"start":{"line":81,"column":20},"end":{"line":81,"column":33}},{"start":{"line":81,"column":37},"end":{"line":81,"column":41}}],"line":81},"8":{"loc":{"start":{"line":101,"column":17},"end":{"line":101,"column":48}},"type":"binary-expr","locations":[{"start":{"line":101,"column":17},"end":{"line":101,"column":42}},{"start":{"line":101,"column":46},"end":{"line":101,"column":48}}],"line":101},"9":{"loc":{"start":{"line":103,"column":2},"end":{"line":105,"column":3}},"type":"if","locations":[{"start":{"line":103,"column":2},"end":{"line":105,"column":3}},{"start":{},"end":{}}],"line":103},"10":{"loc":{"start":{"line":103,"column":6},"end":{"line":103,"column":28}},"type":"binary-expr","locations":[{"start":{"line":103,"column":6},"end":{"line":103,"column":18}},{"start":{"line":103,"column":22},"end":{"line":103,"column":28}}],"line":103},"11":{"loc":{"start":{"line":109,"column":20},"end":{"line":109,"column":41}},"type":"binary-expr","locations":[{"start":{"line":109,"column":20},"end":{"line":109,"column":33}},{"start":{"line":109,"column":37},"end":{"line":109,"column":41}}],"line":109},"12":{"loc":{"start":{"line":128,"column":2},"end":{"line":128,"column":32}},"type":"if","locations":[{"start":{"line":128,"column":2},"end":{"line":128,"column":32}},{"start":{},"end":{}}],"line":128}},"s":{"0":20,"1":20,"2":20,"3":20,"4":1,"5":19,"6":19,"7":3,"8":3,"9":3,"10":16,"11":16,"12":16,"13":16,"14":15,"15":14,"16":14,"17":2,"18":2,"19":13,"20":13,"21":3,"22":10,"23":10,"24":10,"25":2,"26":8,"27":8,"28":7,"29":7,"30":7,"31":1,"32":1,"33":4,"34":4,"35":4,"36":4,"37":2,"38":2,"39":2,"40":1,"41":1,"42":1,"43":2,"44":3,"45":3,"46":1,"47":2,"48":20},"f":{"0":20,"1":13,"2":4,"3":3},"b":{"0":[1,19],"1":[20,19],"2":[3,16],"3":[15,1],"4":[3,10],"5":[10,1],"6":[2,8],"7":[7,1],"8":[4,1],"9":[2,2],"10":[4,3],"11":[1,0],"12":[1,2]},"_coverageSchema":"1a1c01bbd47fc00a2c39e90264f33305004495a9","hash":"ae03b1779e39c44e7710f2580c9db183b838d28d"}
,"/home/claude/project/India In Time - Testing 2.1 - Copy (3)/middleware/errorHandler.js": {"path":"/home/claude/project/India In Time - Testing 2.1 - Copy (3)/middleware/errorHandler.js","statementMap":{"0":{"start":{"line":4,"column":15},"end":{"line":4,"column":35}},"1":{"start":{"line":5,"column":15},"end":{"line":5,"column":39}},"2":{"start":{"line":21,"column":26},"end":{"line":21,"column":30}},"3":{"start":{"line":24,"column":14},"end":{"line":24,"column":53}},"4":{"start":{"line":25,"column":2},"end":{"line":25,"column":50}},"5":{"start":{"line":25,"column":43},"end":{"line":25,"column":50}},"6":{"start":{"line":27,"column":21},"end":{"line":27,"column":42}},"7":{"start":{"line":28,"column":16},"end":{"line":28,"column":71}},"8":{"start":{"line":28,"column":33},"end":{"line":28,"column":51}},"9":{"start":{"line":30,"column":2},"end":{"line":51,"column":40}},"10":{"start":{"line":46,"column":6},"end":{"line":49,"column":8}},"11":{"start":{"line":51,"column":19},"end":{"line":51,"column":38}},"12":{"start":{"line":61,"column":21},"end":{"line":61,"column":56}},"13":{"start":{"line":64,"column":18},"end":{"line":71,"column":3}},"14":{"start":{"line":73,"column":2},"end":{"line":79,"column":3}},"15":{"start":{"line":74,"column":4},"end":{"line":74,"column":30}},"16":{"start":{"line":75,"column":4},"end":{"line":75,"column":63}},"17":{"start":{"line":76,"column":4},"end":{"line":76,"column":35}},"18":{"start":{"line":78,"column":4},"end":{"line":78,"column":52}},"19":{"start":{"line":82,"column":19},"end":{"line":86,"column":3}},"20":{"start":{"line":89,"column":2},"end":{"line":91,"column":3}},"21":{"start":{"line":90,"column":4},"end":{"line":90,"column":55}},"22":{"start":{"line":94,"column":2},"end":{"line":97,"column":3}},"23":{"start":{"line":95,"column":4},"end":{"line":95,"column":71}},"24":{"start":{"line":96,"column":4},"end":{"line":96,"column":26}},"25":{"start":{"line":99,"column":2},"end":{"line":99,"column":40}},"26":{"start":{"line":106,"column":17},"end":{"line":106,"column":41}},"27":{"start":{"line":107,"column":2},"end":{"line":114,"column":3}},"28":{"start":{"line":113,"column":4},"end":{"line":113,"column":55}},"29":{"start":{"line":115,"column":2},"end":{"line":119,"column":5}},"30":{"start":{"line":122,"column":0},"end":{"line":122,"column":51}}},"fnMap":{"0":{"name":"reportErrorAsync","decl":{"start":{"line":23,"column":9},"end":{"line":23,"column":25}},"loc":{"start":{"line":23,"column":40},"end":{"line":52,"column":1}},"line":23},"1":{"name":"(anonymous_1)","decl":{"start":{"line":28,"column":27},"end":{"line":28,"column":28}},"loc":{"start":{"line":28,"column":33},"end":{"line":28,"column":51}},"line":28},"2":{"name":"(anonymous_2)","decl":{"start":{"line":45,"column":11},"end":{"line":45,"column":12}},"loc":{"start":{"line":45,"column":26},"end":{"line":50,"column":5}},"line":45},"3":{"name":"(anonymous_3)","decl":{"start":{"line":51,"column":13},"end":{"line":51,"column":14}},"loc":{"start":{"line":51,"column":19},"end":{"line":51,"column":38}},"line":51},"4":{"name":"errorHandler","decl":{"start":{"line":59,"column":9},"end":{"line":59,"column":21}},"loc":{"start":{"line":59,"column":44},"end":{"line":100,"column":1}},"line":59},"5":{"name":"notFoundHandler","decl":{"start":{"line":105,"column":9},"end":{"line":105,"column":24}},"loc":{"start":{"line":105,"column":35},"end":{"line":120,"column":1}},"line":105}},"branchMap":{"0":{"loc":{"start":{"line":25,"column":2},"end":{"line":25,"column":50}},"type":"if","locations":[{"start":{"line":25,"column":2},"end":{"line":25,"column":50}},{"start":{},"end":{}}],"line":25},"1":{"loc":{"start":{"line":25,"column":6},"end":{"line":25,"column":41}},"type":"binary-expr","locations":[{"start":{"line":25,"column":6},"end":{"line":25,"column":10}},{"start":{"line":25,"column":14},"end":{"line":25,"column":41}}],"line":25},"2":{"loc":{"start":{"line":35,"column":11},"end":{"line":35,"column":55}},"type":"cond-expr","locations":[{"start":{"line":35,"column":27},"end":{"line":35,"column":39}},{"start":{"line":35,"column":42},"end":{"line":35,"column":55}}],"line":35},"3":{"loc":{"start":{"line":61,"column":21},"end":{"line":61,"column":56}},"type":"binary-expr","locations":[{"start":{"line":61,"column":21},"end":{"line":61,"column":35}},{"start":{"line":61,"column":39},"end":{"line":61,"column":49}},{"start":{"line":61,"column":53},"end":{"line":61,"column":56}}],"line":61},"4":{"loc":{"start":{"line":66,"column":15},"end":{"line":66,"column":35}},"type":"binary-expr","locations":[{"start":{"line":66,"column":15},"end":{"line":66,"column":28}},{"start":{"line":66,"column":32},"end":{"line":66,"column":35}}],"line":66},"5":{"loc":{"start":{"line":73,"column":2},"end":{"line":79,"column":3}},"type":"if","locations":[{"start":{"line":73,"column":2},"end":{"line":79,"column":3}},{"start":{"line":77,"column":9},"end":{"line":79,"column":3}}],"line":73},"6":{"loc":{"start":{"line":83,"column":15},"end":{"line":83,"column":53}},"type":"binary-expr","locations":[{"start":{"line":83,"column":15},"end":{"line":83,"column":26}},{"start":{"line":83,"column":30},"end":{"line":83,"column":53}}],"line":83},"7":{"loc":{"start":{"line":84,"column":15},"end":{"line":84,"column":43}},"type":"binary-expr","locations":[{"start":{"line":84,"column":15},"end":{"line":84,"column":23}},{"start":{"line":84,"column":27},"end":{"line":84,"column":43}}],"line":84},"8":{"loc":{"start":{"line":85,"column":15},"end":{"line":85,"column":41}},"type":"binary-expr","locations":[{"start":{"line":85,"column":15},"end":{"line":85,"column":28}},{"start":{"line":85,"column":32},"end":{"line":85,"column":41}}],"line":85},"9":{"loc":{"start":{"line":89,"column":2},"end":{"line":91,"column":3}},"type":"if","locations":[{"start":{"line":89,"column":2},"end":{"line":91,"column":3}},{"start":{},"end":{}}],"line":89},"10":{"loc":{"start":{"line":89,"column":6},"end":{"line":89,"column":33}},"type":"binary-expr","locations":[{"start":{"line":89,"column":6},"end":{"line":89,"column":20}},{"start":{"line":89,"column":24},"end":{"line":89,"column":33}}],"line":89},"11":{"loc":{"start":{"line":94,"column":2},"end":{"line":97,"column":3}},"type":"if","locations":[{"start":{"line":94,"column":2},"end":{"line":97,"column":3}},{"start":{},"end":{}}],"line":94},"12":{"loc":{"start":{"line":94,"column":6},"end":{"line":94,"column":40}},"type":"binary-expr","locations":[{"start":{"line":94,"column":6},"end":{"line":94,"column":19}},{"start":{"line":94,"column":23},"end":{"line":94,"column":40}}],"line":94},"13":{"loc":{"start":{"line":106,"column":17},"end":{"line":106,"column":41}},"type":"binary-expr","locations":[{"start":{"line":106,"column":17},"end":{"line":106,"column":35}},{"start":{"line":106,"column":39},"end":{"line":106,"column":41}}],"line":106},"14":{"loc":{"start":{"line":107,"column":2},"end":{"line":114,"column":3}},"type":"if","locations":[{"start":{"line":107,"column":2},"end":{"line":114,"column":3}},{"start":{},"end":{}}],"line":107}},"s":{"0":10,"1":10,"2":10,"3":6,"4":6,"5":4,"6":2,"7":2,"8":0,"9":2,"10":1,"11":2,"12":8,"13":8,"14":8,"15":6,"16":6,"17":6,"18":2,"19":8,"20":8,"21":1,"22":8,"23":5,"24":5,"25":8,"26":2,"27":2,"28":1,"29":1,"30":10},"f":{"0":6,"1":0,"2":1,"3":2,"4":8,"5":2},"b":{"0":[4,2],"1":[6,2],"2":[2,0],"3":[8,1,1],"4":[8,5],"5":[6,2],"6":[8,0],"7":[8,7],"8":[8,5],"9":[1,7],"10":[8,1],"11":[5,3],"12":[8,7],"13":[2,0],"14":[1,1]},"_coverageSchema":"1a1c01bbd47fc00a2c39e90264f33305004495a9","hash":"bee38df594c987bea5ab096963392a81491b92fa"}
,"/home/claude/project/India In Time - Testing 2.1 - Copy (3)/middleware/rateLimiter.js": {"path":"/home/claude/project/India In Time - Testing 2.1 - Copy (3)/middleware/rateLimiter.js","statementMap":{"0":{"start":{"line":13,"column":15},"end":{"line":13,"column":35}},"1":{"start":{"line":16,"column":16},"end":{"line":16,"column":25}},"2":{"start":{"line":19,"column":0},"end":{"line":26,"column":26}},"3":{"start":{"line":20,"column":14},"end":{"line":20,"column":24}},"4":{"start":{"line":21,"column":2},"end":{"line":25,"column":3}},"5":{"start":{"line":22,"column":4},"end":{"line":24,"column":5}},"6":{"start":{"line":23,"column":6},"end":{"line":23,"column":25}},"7":{"start":{"line":29,"column":12},"end":{"line":29,"column":16}},"8":{"start":{"line":30,"column":0},"end":{"line":42,"column":1}},"9":{"start":{"line":31,"column":2},"end":{"line":39,"column":3}},"10":{"start":{"line":32,"column":18},"end":{"line":32,"column":36}},"11":{"start":{"line":33,"column":4},"end":{"line":33,"column":101}},"12":{"start":{"line":34,"column":4},"end":{"line":34,"column":103}},"13":{"start":{"line":34,"column":31},"end":{"line":34,"column":101}},"14":{"start":{"line":35,"column":4},"end":{"line":35,"column":148}},"15":{"start":{"line":35,"column":30},"end":{"line":35,"column":146}},"16":{"start":{"line":37,"column":4},"end":{"line":37,"column":158}},"17":{"start":{"line":38,"column":4},"end":{"line":38,"column":17}},"18":{"start":{"line":41,"column":2},"end":{"line":41,"column":137}},"19":{"start":{"line":45,"column":17},"end":{"line":45,"column":50}},"20":{"start":{"line":46,"column":14},"end":{"line":46,"column":42}},"21":{"start":{"line":47,"column":16},"end":{"line":47,"column":37}},"22":{"start":{"line":48,"column":2},"end":{"line":48,"column":54}},"23":{"start":{"line":48,"column":19},"end":{"line":48,"column":54}},"24":{"start":{"line":49,"column":14},"end":{"line":49,"column":35}},"25":{"start":{"line":50,"column":2},"end":{"line":50,"column":54}},"26":{"start":{"line":54,"column":14},"end":{"line":54,"column":24}},"27":{"start":{"line":55,"column":13},"end":{"line":55,"column":28}},"28":{"start":{"line":56,"column":2},"end":{"line":56,"column":61}},"29":{"start":{"line":56,"column":15},"end":{"line":56,"column":36}},"30":{"start":{"line":56,"column":37},"end":{"line":56,"column":59}},"31":{"start":{"line":57,"column":2},"end":{"line":57,"column":75}},"32":{"start":{"line":57,"column":25},"end":{"line":57,"column":75}},"33":{"start":{"line":58,"column":19},"end":{"line":58,"column":35}},"34":{"start":{"line":59,"column":2},"end":{"line":59,"column":96}},"35":{"start":{"line":59,"column":47},"end":{"line":59,"column":66}},"36":{"start":{"line":59,"column":67},"end":{"line":59,"column":94}},"37":{"start":{"line":60,"column":2},"end":{"line":60,"column":19}},"38":{"start":{"line":61,"column":2},"end":{"line":61,"column":85}},"39":{"start":{"line":69,"column":22},"end":{"line":69,"column":72}},"40":{"start":{"line":70,"column":22},"end":{"line":70,"column":47}},"41":{"start":{"line":72,"column":2},"end":{"line":106,"column":4}},"42":{"start":{"line":73,"column":15},"end":{"line":73,"column":67}},"43":{"start":{"line":75,"column":24},"end":{"line":94,"column":5}},"44":{"start":{"line":76,"column":24},"end":{"line":76,"column":56}},"45":{"start":{"line":77,"column":22},"end":{"line":77,"column":62}},"46":{"start":{"line":78,"column":6},"end":{"line":78,"column":60}},"47":{"start":{"line":79,"column":6},"end":{"line":79,"column":58}},"48":{"start":{"line":80,"column":6},"end":{"line":80,"column":56}},"49":{"start":{"line":82,"column":6},"end":{"line":92,"column":7}},"50":{"start":{"line":83,"column":30},"end":{"line":83,"column":55}},"51":{"start":{"line":84,"column":8},"end":{"line":84,"column":54}},"52":{"start":{"line":85,"column":8},"end":{"line":91,"column":11}},"53":{"start":{"line":93,"column":6},"end":{"line":93,"column":13}},"54":{"start":{"line":96,"column":4},"end":{"line":105,"column":5}},"55":{"start":{"line":97,"column":6},"end":{"line":102,"column":11}},"56":{"start":{"line":100,"column":10},"end":{"line":100,"column":99}},"57":{"start":{"line":101,"column":10},"end":{"line":101,"column":17}},"58":{"start":{"line":104,"column":6},"end":{"line":104,"column":56}},"59":{"start":{"line":110,"column":23},"end":{"line":110,"column":46}},"60":{"start":{"line":111,"column":23},"end":{"line":111,"column":50}},"61":{"start":{"line":112,"column":23},"end":{"line":112,"column":51}},"62":{"start":{"line":113,"column":23},"end":{"line":113,"column":51}},"63":{"start":{"line":115,"column":0},"end":{"line":121,"column":2}}},"fnMap":{"0":{"name":"(anonymous_0)","decl":{"start":{"line":19,"column":12},"end":{"line":19,"column":13}},"loc":{"start":{"line":19,"column":18},"end":{"line":26,"column":1}},"line":19},"1":{"name":"(anonymous_1)","decl":{"start":{"line":34,"column":22},"end":{"line":34,"column":23}},"loc":{"start":{"line":34,"column":31},"end":{"line":34,"column":101}},"line":34},"2":{"name":"(anonymous_2)","decl":{"start":{"line":35,"column":24},"end":{"line":35,"column":25}},"loc":{"start":{"line":35,"column":30},"end":{"line":35,"column":146}},"line":35},"3":{"name":"checkRedisLimit","decl":{"start":{"line":44,"column":15},"end":{"line":44,"column":30}},"loc":{"start":{"line":44,"column":51},"end":{"line":51,"column":1}},"line":44},"4":{"name":"checkMemoryLimit","decl":{"start":{"line":53,"column":9},"end":{"line":53,"column":25}},"loc":{"start":{"line":53,"column":46},"end":{"line":62,"column":1}},"line":53},"5":{"name":"createRateLimiter","decl":{"start":{"line":68,"column":9},"end":{"line":68,"column":26}},"loc":{"start":{"line":68,"column":45},"end":{"line":107,"column":1}},"line":68},"6":{"name":"(anonymous_6)","decl":{"start":{"line":72,"column":9},"end":{"line":72,"column":10}},"loc":{"start":{"line":72,"column":29},"end":{"line":106,"column":3}},"line":72},"7":{"name":"(anonymous_7)","decl":{"start":{"line":75,"column":24},"end":{"line":75,"column":25}},"loc":{"start":{"line":75,"column":48},"end":{"line":94,"column":5}},"line":75},"8":{"name":"(anonymous_8)","decl":{"start":{"line":99,"column":15},"end":{"line":99,"column":16}},"loc":{"start":{"line":99,"column":24},"end":{"line":102,"column":9}},"line":99}},"branchMap":{"0":{"loc":{"start":{"line":22,"column":4},"end":{"line":24,"column":5}},"type":"if","locations":[{"start":{"line":22,"column":4},"end":{"line":24,"column":5}},{"start":{},"end":{}}],"line":22},"1":{"loc":{"start":{"line":30,"column":0},"end":{"line":42,"column":1}},"type":"if","locations":[{"start":{"line":30,"column":0},"end":{"line":42,"column":1}},{"start":{"line":40,"column":7},"end":{"line":42,"column":1}}],"line":30},"2":{"loc":{"start":{"line":48,"column":2},"end":{"line":48,"column":54}},"type":"if","locations":[{"start":{"line":48,"column":2},"end":{"line":48,"column":54}},{"start":{},"end":{}}],"line":48},"3":{"loc":{"start":{"line":50,"column":27},"end":{"line":50,"column":51}},"type":"cond-expr","locations":[{"start":{"line":50,"column":37},"end":{"line":50,"column":40}},{"start":{"line":50,"column":43},"end":{"line":50,"column":51}}],"line":50},"4":{"loc":{"start":{"line":56,"column":2},"end":{"line":56,"column":61}},"type":"if","locations":[{"start":{"line":56,"column":2},"end":{"line":56,"column":61}},{"start":{},"end":{}}],"line":56},"5":{"loc":{"start":{"line":57,"column":2},"end":{"line":57,"column":75}},"type":"if","locations":[{"start":{"line":57,"column":2},"end":{"line":57,"column":75}},{"start":{},"end":{}}],"line":57},"6":{"loc":{"start":{"line":59,"column":2},"end":{"line":59,"column":96}},"type":"if","locations":[{"start":{"line":59,"column":2},"end":{"line":59,"column":96}},{"start":{},"end":{}}],"line":59},"7":{"loc":{"start":{"line":68,"column":27},"end":{"line":68,"column":43}},"type":"default-arg","locations":[{"start":{"line":68,"column":34},"end":{"line":68,"column":43}}],"line":68},"8":{"loc":{"start":{"line":69,"column":22},"end":{"line":69,"column":72}},"type":"binary-expr","locations":[{"start":{"line":69,"column":22},"end":{"line":69,"column":44}},{"start":{"line":69,"column":48},"end":{"line":69,"column":72}}],"line":69},"9":{"loc":{"start":{"line":73,"column":15},"end":{"line":73,"column":67}},"type":"binary-expr","locations":[{"start":{"line":73,"column":15},"end":{"line":73,"column":21}},{"start":{"line":73,"column":25},"end":{"line":73,"column":54}},{"start":{"line":73,"column":58},"end":{"line":73,"column":67}}],"line":73},"10":{"loc":{"start":{"line":82,"column":6},"end":{"line":92,"column":7}},"type":"if","locations":[{"start":{"line":82,"column":6},"end":{"line":92,"column":7}},{"start":{},"end":{}}],"line":82},"11":{"loc":{"start":{"line":96,"column":4},"end":{"line":105,"column":5}},"type":"if","locations":[{"start":{"line":96,"column":4},"end":{"line":105,"column":5}},{"start":{"line":103,"column":11},"end":{"line":105,"column":5}}],"line":96}},"s":{"0":8,"1":8,"2":8,"3":0,"4":0,"5":0,"6":0,"7":8,"8":8,"9":1,"10":1,"11":1,"12":1,"13":0,"14":1,"15":0,"16":0,"17":0,"18":7,"19":6,"20":6,"21":6,"22":5,"23":3,"24":5,"25":5,"26":16,"27":16,"28":16,"29":7,"30":7,"31":16,"32":8,"33":16,"34":16,"35":0,"36":0,"37":16,"38":16,"39":45,"40":45,"41":45,"42":22,"43":22,"44":21,"45":21,"46":21,"47":21,"48":21,"49":21,"50":3,"51":3,"52":3,"53":18,"54":22,"55":6,"56":1,"57":1,"58":16,"59":8,"60":8,"61":8,"62":8,"63":8},"f":{"0":0,"1":0,"2":0,"3":6,"4":16,"5":45,"6":22,"7":21,"8":1},"b":{"0":[0,0],"1":[1,7],"2":[3,2],"3":[5,0],"4":[7,9],"5":[8,8],"6":[0,16],"7":[0],"8":[45,0],"9":[22,1,1],"10":[3,18],"11":[6,16]},"_coverageSchema":"1a1c01bbd47fc00a2c39e90264f33305004495a9","hash":"404464219ce3dd2e62fd8a836b7658e7b991ff5c"}
,"/home/claude/project/India In Time - Testing 2.1 - Copy (3)/middleware/security.js": {"path":"/home/claude/project/India In Time - Testing 2.1 - Copy (3)/middleware/security.js","statementMap":{"0":{"start":{"line":7,"column":2},"end":{"line":129,"column":4}},"1":{"start":{"line":137,"column":2},"end":{"line":143,"column":3}},"2":{"start":{"line":138,"column":19},"end":{"line":138,"column":36}},"3":{"start":{"line":139,"column":4},"end":{"line":139,"column":40}},"4":{"start":{"line":141,"column":4},"end":{"line":141,"column":81}},"5":{"start":{"line":142,"column":4},"end":{"line":142,"column":40}},"6":{"start":{"line":142,"column":33},"end":{"line":142,"column":39}},"7":{"start":{"line":146,"column":0},"end":{"line":146,"column":65}}},"fnMap":{"0":{"name":"buildHelmetOptions","decl":{"start":{"line":6,"column":9},"end":{"line":6,"column":27}},"loc":{"start":{"line":6,"column":30},"end":{"line":130,"column":1}},"line":6},"1":{"name":"buildSecurityMiddleware","decl":{"start":{"line":136,"column":9},"end":{"line":136,"column":32}},"loc":{"start":{"line":136,"column":35},"end":{"line":144,"column":1}},"line":136},"2":{"name":"(anonymous_2)","decl":{"start":{"line":142,"column":11},"end":{"line":142,"column":12}},"loc":{"start":{"line":142,"column":33},"end":{"line":142,"column":39}},"line":142}},"branchMap":{},"s":{"0":12,"1":11,"2":11,"3":11,"4":0,"5":0,"6":0,"7":1},"f":{"0":12,"1":11,"2":0},"b":{},"_coverageSchema":"1a1c01bbd47fc00a2c39e90264f33305004495a9","hash":"4309d745b3b4eb9dc069611a172cbb8209a814db"}
,"/home/claude/project/India In Time - Testing 2.1 - Copy (3)/migrations/1700000000000_baseline-schema.js": {"path":"/home/claude/project/India In Time - Testing 2.1 - Copy (3)/migrations/1700000000000_baseline-schema.js","statementMap":{"0":{"start":{"line":16,"column":23},"end":{"line":16,"column":46}},"1":{"start":{"line":18,"column":0},"end":{"line":18,"column":31}},"2":{"start":{"line":20,"column":0},"end":{"line":22,"column":2}},"3":{"start":{"line":21,"column":2},"end":{"line":21,"column":22}},"4":{"start":{"line":24,"column":0},"end":{"line":32,"column":2}},"5":{"start":{"line":31,"column":2},"end":{"line":31,"column":23}}},"fnMap":{"0":{"name":"(anonymous_0)","decl":{"start":{"line":20,"column":13},"end":{"line":20,"column":14}},"loc":{"start":{"line":20,"column":22},"end":{"line":22,"column":1}},"line":20},"1":{"name":"(anonymous_1)","decl":{"start":{"line":24,"column":15},"end":{"line":24,"column":16}},"loc":{"start":{"line":24,"column":24},"end":{"line":32,"column":1}},"line":24}},"branchMap":{},"s":{"0":1,"1":1,"2":1,"3":1,"4":1,"5":0},"f":{"0":1,"1":0},"b":{},"_coverageSchema":"1a1c01bbd47fc00a2c39e90264f33305004495a9","hash":"e62fae59a76323bec8be0f9676a220970f6ce95f"}
,"/home/claude/project/India In Time - Testing 2.1 - Copy (3)/routes/ai.js": {"path":"/home/claude/project/India In Time - Testing 2.1 - Copy (3)/routes/ai.js","statementMap":{"0":{"start":{"line":19,"column":16},"end":{"line":19,"column":34}},"1":{"start":{"line":20,"column":16},"end":{"line":20,"column":32}},"2":{"start":{"line":21,"column":45},"end":{"line":21,"column":74}},"3":{"start":{"line":33,"column":27},"end":{"line":35,"column":1}},"4":{"start":{"line":44,"column":27},"end":{"line":50,"column":1}},"5":{"start":{"line":53,"column":2},"end":{"line":53,"column":44}},"6":{"start":{"line":57,"column":2},"end":{"line":69,"column":4}},"7":{"start":{"line":58,"column":4},"end":{"line":68,"column":5}},"8":{"start":{"line":59,"column":21},"end":{"line":59,"column":39}},"9":{"start":{"line":60,"column":6},"end":{"line":60,"column":33}},"10":{"start":{"line":62,"column":6},"end":{"line":62,"column":53}},"11":{"start":{"line":63,"column":25},"end":{"line":63,"column":86}},"12":{"start":{"line":64,"column":28},"end":{"line":66,"column":86}},"13":{"start":{"line":67,"column":6},"end":{"line":67,"column":60}},"14":{"start":{"line":75,"column":0},"end":{"line":88,"column":4}},"15":{"start":{"line":76,"column":18},"end":{"line":78,"column":12}},"16":{"start":{"line":80,"column":2},"end":{"line":87,"column":85}},"17":{"start":{"line":93,"column":0},"end":{"line":98,"column":4}},"18":{"start":{"line":94,"column":18},"end":{"line":94,"column":46}},"19":{"start":{"line":95,"column":2},"end":{"line":97,"column":86}},"20":{"start":{"line":103,"column":0},"end":{"line":107,"column":4}},"21":{"start":{"line":104,"column":2},"end":{"line":106,"column":79}},"22":{"start":{"line":112,"column":0},"end":{"line":117,"column":4}},"23":{"start":{"line":113,"column":18},"end":{"line":113,"column":79}},"24":{"start":{"line":114,"column":2},"end":{"line":116,"column":84}},"25":{"start":{"line":122,"column":0},"end":{"line":126,"column":4}},"26":{"start":{"line":123,"column":18},"end":{"line":123,"column":65}},"27":{"start":{"line":124,"column":2},"end":{"line":125,"column":100}},"28":{"start":{"line":131,"column":0},"end":{"line":134,"column":4}},"29":{"start":{"line":132,"column":2},"end":{"line":133,"column":101}},"30":{"start":{"line":139,"column":0},"end":{"line":145,"column":4}},"31":{"start":{"line":140,"column":17},"end":{"line":140,"column":72}},"32":{"start":{"line":140,"column":43},"end":{"line":140,"column":60}},"33":{"start":{"line":141,"column":2},"end":{"line":144,"column":33}},"34":{"start":{"line":150,"column":0},"end":{"line":153,"column":4}},"35":{"start":{"line":151,"column":2},"end":{"line":152,"column":107}},"36":{"start":{"line":158,"column":0},"end":{"line":170,"column":4}},"37":{"start":{"line":159,"column":2},"end":{"line":169,"column":26}},"38":{"start":{"line":175,"column":0},"end":{"line":188,"column":4}},"39":{"start":{"line":176,"column":2},"end":{"line":187,"column":68}},"40":{"start":{"line":193,"column":0},"end":{"line":213,"column":4}},"41":{"start":{"line":194,"column":21},"end":{"line":194,"column":66}},"42":{"start":{"line":195,"column":21},"end":{"line":195,"column":72}},"43":{"start":{"line":195,"column":54},"end":{"line":195,"column":68}},"44":{"star
[...]
Prefs","decl":{"start":{"line":12,"column":9},"end":{"line":12,"column":28}},"loc":{"start":{"line":12,"column":49},"end":{"line":15,"column":1}},"line":12},"1":{"name":"(anonymous_1)","decl":{"start":{"line":14,"column":31},"end":{"line":14,"column":32}},"loc":{"start":{"line":14,"column":36},"end":{"line":14,"column":57}},"line":14},"2":{"name":"normalizeTokens","decl":{"start":{"line":17,"column":9},"end":{"line":17,"column":24}},"loc":{"start":{"line":17,"column":30},"end":{"line":27,"column":1}},"line":17},"3":{"name":"(anonymous_3)","decl":{"start":{"line":23,"column":9},"end":{"line":23,"column":10}},"loc":{"start":{"line":23,"column":14},"end":{"line":23,"column":22}},"line":23},"4":{"name":"(anonymous_4)","decl":{"start":{"line":25,"column":12},"end":{"line":25,"column":13}},"loc":{"start":{"line":25,"column":17},"end":{"line":25,"column":30}},"line":25},"5":{"name":"(anonymous_5)","decl":{"start":{"line":26,"column":12},"end":{"line":26,"column":13}},"loc":{"start":{"line":26,"column":17},"end":{"line":26,"column":29}},"line":26},"6":{"name":"tokenOverlap","decl":{"start":{"line":29,"column":9},"end":{"line":29,"column":21}},"loc":{"start":{"line":29,"column":40},"end":{"line":39,"column":1}},"line":29},"7":{"name":"isConfidentWikiMatch","decl":{"start":{"line":41,"column":9},"end":{"line":41,"column":29}},"loc":{"start":{"line":41,"column":50},"end":{"line":47,"column":1}},"line":41},"8":{"name":"dedupePlacesByName","decl":{"start":{"line":49,"column":9},"end":{"line":49,"column":27}},"loc":{"start":{"line":49,"column":34},"end":{"line":60,"column":1}},"line":49},"9":{"name":"fallbackCategoryForQuery","decl":{"start":{"line":62,"column":9},"end":{"line":62,"column":33}},"loc":{"start":{"line":62,"column":41},"end":{"line":67,"column":1}},"line":62},"10":{"name":"inferFallbackCategory","decl":{"start":{"line":69,"column":9},"end":{"line":69,"column":30}},"loc":{"start":{"line":69,"column":43},"end":{"line":75,"column":1}},"line":69},"11":{"name":"visitMinutesForCat","decl":{"start":{"line":77,"column":9},"end":{"line":77,"column":27}},"loc":{"start":{"line":77,"column":33},"end":{"line":82,"column":1}},"line":77}},"branchMap":{"0":{"loc":{"start":{"line":12,"column":37},"end":{"line":12,"column":47}},"type":"default-arg","locations":[{"start":{"line":12,"column":45},"end":{"line":12,"column":47}}],"line":12},"1":{"loc":{"start":{"line":13,"column":2},"end":{"line":13,"column":94}},"type":"if","locations":[{"start":{"line":13,"column":2},"end":{"line":13,"column":94}},{"start":{},"end":{}}],"line":13},"2":{"loc":{"start":{"line":13,"column":6},"end":{"line":13,"column":49}},"type":"binary-expr","locations":[{"start":{"line":13,"column":6},"end":{"line":13,"column":27}},{"start":{"line":13,"column":31},"end":{"line":13,"column":49}}],"line":13},"3":{"loc":{"start":{"line":13,"column":58},"end":{"line":13,"column":93}},"type":"cond-expr","locations":[{"start":{"line":13,"column":82},"end":{"line":13,"column":88}},{"start":{"line":13,"column":91},"end":{"line":13,"column":93}}],"line":13},"4":{"loc":{"start":{"line":14,"column":10},"end":{"line":14,"column":22}},"type":"binary-expr","locations":[{"start":{"line":14,"column":10},"end":{"line":14,"column":16}},{"start":{"line":14,"column":20},"end":{"line":14,"column":22}}],"line":14},"5":{"loc":{"start":{"line":19,"column":16},"end":{"line":19,"column":25}},"type":"binary-expr","locations":[{"start":{"line":19,"column":16},"end":{"line":19,"column":19}},{"start":{"line":19,"column":23},"end":{"line":19,"column":25}}],"line":19},"6":{"loc":{"start":{"line":32,"column":2},"end":{"line":32,"column":63}},"type":"if","locations":[{"start":{"line":32,"column":2},"end":{"line":32,"column":63}},{"start":{},"end":{}}],"line":32},"7":{"loc":{"start":{"line":32,"column":6},"end":{"line":32,"column":52}},"type":"binary-expr","locations":[{"start":{"line":32,"column":6},"end":{"line":32,"column":27}},{"start":{"line":32,"column":31},"end":{"line":32,"column":52}}],"line":32},"8":{"loc":{"start":{"line":36,"column":4},"end":{"line":36,"column":44}},"type":"if","locations":[{"start":{"line":36,"column":4},"end":{"line":36,"column":44}},{"start":{},"end":{}}],"line":36},"9":{"loc":{"start":{"line":44,"column":2},"end":{"line":44,"column":34}},"type":"if","locations":[{"start":{"line":44,"column":2},"end":{"line":44,"column":34}},{"start":{},"end":{}}],"line":44},"10":{"loc":{"start":{"line":45,"column":2},"end":{"line":45,"column":50}},"type":"if","locations":[{"start":{"line":45,"column":2},"end":{"line":45,"column":50}},{"start":{},"end":{}}],"line":45},"11":{"loc":{"start":{"line":52,"column":19},"end":{"line":52,"column":29}},"type":"binary-expr","locations":[{"start":{"line":52,"column":19},"end":{"line":52,"column":23}},{"start":{"line":52,"column":27},"end":{"line":52,"column":29}}],"line":52},"12":{"loc":{"start":{"line":53,"column":23},"end":{"line":53,"column":36}},"type":"binary-expr","locations":[{"start":{"line":53,"column":23},"end":{"line":53,"column":30}},{"start":{"line":53,"column":34},"end":{"line":53,"column":36}}],"line":53},"13":{"loc":{"start":{"line":54,"column":4},"end":{"line":54,"column":58}},"type":"if","locations":[{"start":{"line":54,"column":4},"end":{"line":54,"column":58}},{"start":{},"end":{}}],"line":54},"14":{"loc":{"start":{"line":54,"column":8},"end":{"line":54,"column":47}},"type":"binary-expr","locations":[{"start":{"line":54,"column":8},"end":{"line":54,"column":12}},{"start":{"line":54,"column":16},"end":{"line":54,"column":30}},{"start":{"line":54,"column":34},"end":{"line":54,"column":47}}],"line":54},"15":{"loc":{"start":{"line":55,"column":4},"end":{"line":55,"column":52}},"type":"if","locations":[{"start":{"line":55,"column":4},"end":{"line":55,"column":52}},{"start":{},"end":{}}],"line":55},"16":{"loc":{"start":{"line":55,"column":8},"end":{"line":55,"column":41}},"type":"binary-expr","locations":[{"start":{"line":55,"column":8},"end":{"line":55,"column":18}},{"start":{"line":55,"column":22},"end":{"line":55,"column":41}}],"line":55},"17":{"loc":{"start":{"line":63,"column":2},"end":{"line":63,"column":89}},"type":"if","locations":[{"start":{"line":63,"column":2},"end":{"line":63,"column":89}},{"start":{},"end":{}}],"line":63},"18":{"loc":{"start":{"line":64,"column":2},"end":{"line":64,"column":42}},"type":"if","locations":[{"start":{"line":64,"column":2},"end":{"line":64,"column":42}},{"start":{},"end":{}}],"line":64},"19":{"loc":{"start":{"line":65,"column":2},"end":{"line":65,"column":40}},"type":"if","locations":[{"start":{"line":65,"column":2},"end":{"line":65,"column":40}},{"start":{},"end":{}}],"line":65},"20":{"loc":{"start":{"line":70,"column":18},"end":{"line":70,"column":34}},"type":"binary-expr","locations":[{"start":{"line":70,"column":18},"end":{"line":70,"column":28}},{"start":{"line":70,"column":32},"end":{"line":70,"column":34}}],"line":70},"21":{"loc":{"start":{"line":70,"column":38},"end":{"line":70,"column":53}},"type":"binary-expr","locations":[{"start":{"line":70,"column":38},"end":{"line":70,"column":47}},{"start":{"line":70,"column":51},"end":{"line":70,"column":53}}],"line":70},"22":{"loc":{"start":{"line":70,"column":57},"end":{"line":70,"column":72}},"type":"binary-expr","locations":[{"start":{"line":70,"column":57},"end":{"line":70,"column":66}},{"start":{"line":70,"column":70},"end":{"line":70,"column":72}}],"line":70},"23":{"loc":{"start":{"line":70,"column":76},"end":{"line":70,"column":99}},"type":"binary-expr","locations":[{"start":{"line":70,"column":76},"end":{"line":70,"column":93}},{"start":{"line":70,"column":97},"end":{"line":70,"column":99}}],"line":70},"24":{"loc":{"start":{"line":71,"column":2},"end":{"line":71,"column":141}},"type":"if","locations":[{"start":{"line":71,"column":2},"end":{"line":71,"column":141}},{"start":{},"end":{}}],"line":71},"25":{"loc":{"start":{"line":72,"column":2},"end":{"line":72,"column":101}},"type":"if","locations":[{"start":{"line":72,"column":2},"end":{"line":72,"column":101}},{"start":{},"end":{}}],"line":72},"26":{"loc":{"start":{"line":73,"column":2},"end":{"line":73,"column":74}},"type":"if","locations":[{"start":{"line":73,"column":2},"end":{"line":73,"column":74}},{"start":{},"end":{}}],"line":73},"27":{"loc":{"start":{"line":78,"column":2},"end":{"line":78,"column":32}},"type":"if","locations":[{"start":{"line":78,"column":2},"end":{"line":78,"column":32}},{"start":{},"end":{}}],"line":78},"28":{"loc":{"start":{"line":79,"column":2},"end":{"line":79,"column":33}},"type":"if","locations":[{"start":{"line":79,"column":2},"end":{"line":79,"column":33}},{"start":{},"end":{}}],"line":79},"29":{"loc":{"start":{"line":80,"column":2},"end":{"line":80,"column":34}},"type":"if","locations":[{"start":{"line":80,"column":2},"end":{"line":80,"column":34}},{"start":{},"end":{}}],"line":80}},"s":{"0":55,"1":48,"2":7,"3":11,"4":34,"5":34,"6":71,"7":71,"8":64,"9":11,"10":11,"11":11,"12":1,"13":10,"14":10,"15":15,"16":9,"17":10,"18":6,"19":6,"20":6,"21":1,"22":5,"23":4,"24":1,"25":10,"26":10,"27":10,"28":30,"29":30,"30":2,"31":28,"32":2,"33":26,"34":26,"35":10,"36":22,"37":2,"38":20,"39":3,"40":17,"41":2,"42":15,"43":19,"44":19,"45":1,"46":18,"47":1,"48":17,"49":0,"50":17,"51":20,"52":1,"53":19,"54":1,"55":18,"56":3,"57":15,"58":5},"f":{"0":55,"1":11,"2":34,"3":71,"4":71,"5":64,"6":11,"7":6,"8":10,"9":22,"10":19,"11":20},"b":{"0":[0],"1":[48,7],"2":[55,55],"3":[48,0],"4":[7,1],"5":[34,4],"6":[1,10],"7":[11,10],"8":[9,6],"9":[1,5],"10":[4,1],"11":[10,1],"12":[30,0],"13":[2,28],"14":[30,30,30],"15":[2,26],"16":[28,27],"17":[2,20],"18":[3,17],"19":[2,15],"20":[19,1],"21":[19,0],"22":[19,0],"23":[19,4],"24":[1,18],"25":[1,17],"26":[0,17],"27":[1,19],"28":[1,18],"29":[3,15]},"_coverageSchema":"1a1c01bbd47fc00a2c39e90264f33305004495a9","hash":"43e1ed183df1fd710b85149c1282a8e6cf9e84cb"}
,"/home/claude/project/India In Time - Testing 2.1 - Copy (3)/utils/sanitize.js": {"path":"/home/claude/project/India In Time - Testing 2.1 - Copy (3)/utils/sanitize.js","statementMap":{"0":{"start":{"line":7,"column":2},"end":{"line":7,"column":41}},"1":{"start":{"line":7,"column":31},"end":{"line":7,"column":41}},"2":{"start":{"line":9,"column":2},"end":{"line":9,"column":62}},"3":{"start":{"line":16,"column":2},"end":{"line":16,"column":41}},"4":{"start":{"line":16,"column":31},"end":{"line":16,"column":41}},"5":{"start":{"line":17,"column":2},"end":{"line":17,"column":30}},"6":{"start":{"line":24,"column":2},"end":{"line":24,"column":60}},"7":{"start":{"line":31,"column":2},"end":{"line":31,"column":41}},"8":{"start":{"line":31,"column":31},"end":{"line":31,"column":41}},"9":{"start":{"line":32,"column":2},"end":{"line":35,"column":18}},"10":{"start":{"line":42,"column":2},"end":{"line":42,"column":41}},"11":{"start":{"line":42,"column":31},"end":{"line":42,"column":41}},"12":{"start":{"line":43,"column":2},"end":{"line":46,"column":19}},"13":{"start":{"line":54,"column":2},"end":{"line":56,"column":3}},"14":{"start":{"line":55,"column":4},"end":{"line":55,"column":58}},"15":{"start":{"line":58,"column":20},"end":{"line":58,"column":55}},"16":{"start":{"line":59,"column":19},"end":{"line":59,"column":42}},"17":{"start":{"line":60,"column":2},"end":{"line":62,"column":3}},"18":{"start":{"line":61,"column":4},"end":{"line":61,"column":122}},"19":{"start":{"line":63,"column":2},"end":{"line":63,"column":36}},"20":{"start":{"line":70,"column":2},"end":{"line":70,"column":37}},"21":{"start":{"line":70,"column":27},"end":{"line":70,"column":37}},"22":{"start":{"line":71,"column":2},"end":{"line":74,"column":31}},"23":{"start":{"line":73,"column":14},"end":{"line":73,"column":58}},"24":{"start":{"line":74,"column":17},"end":{"line":74,"column":29}},"25":{"start":{"line":87,"column":2},"end":{"line":87,"column":37}},"26":{"start":{"line":87,"column":27},"end":{"line":87,"column":37}},"27":{"start":{"line":88,"column":2},"end":{"line":94,"column":5}},"28":{"start":{"line":89,"column":4},"end":{"line":89,"column":53}},"29":{"start":{"line":89,"column":43},"end":{"line":89,"column":53}},"30":{"start":{"line":90,"column":16},"end":{"line":90,"column":18}},"31":{"start":{"line":91,"column":4},"end":{"line":91,"column":86}},"32":{"start":{"line":91,"column":34},"end":{"line":91,"column":86}},"33":{"start":{"line":92,"column":4},"end":{"line":92,"column":82}},"34":{"start":{"line":92,"column":34},"end":{"line":92,"column":82}},"35":{"start":{"line":93,"column":4},"end":{"line":93,"column":15}},"36":{"start":{"line":101,"column":12},"end":{"line":101,"column":27}},"37":{"start":{"line":102,"column":2},"end":{"line":102,"column":41}},"38":{"start":{"line":102,"column":23},"end":{"line":102,"column":41}},"39":{"start":{"line":103,"column":2},"end":{"line":103,"column":41}},"40":{"start":{"line":106,"column":0},"end":{"line":116,"column":2}}},"fnMap":{"0":{"name":"stripControlChars","decl":{"start":{"line":6,"column":9},"end":{"line":6,"column":26}},"loc":{"start":{"line":6,"column":32},"end":{"line":10,"column":1}},"line":6},"1":{"name":"limitLength","decl":{"start":{"line":15,"column":9},"end":{"line":15,"column":20}},"loc":{"start":{"line":15,"column":40},"end":{"line":18,"column":1}},"line":15},"2":{"name":"sanitizeMessage","decl":{"start":{"line":23,"column":9},"end":{"line":23,"column":24}},"loc":{"start":{"line":23,"column":45},"end":{"line":25,"column":1}},"line":23},"3":{"name":"sanitizeCityName","decl":{"start":{"line":30,"column":9},"end":{"line":30,"column":25}},"loc":{"start":{"line":30,"column":31},"end":{"line":36,"column":1}},"line":30},"4":{"name":"sanitizePlaceName","decl":{"start":{"line":41,"column":9},"end":{"line":41,"column":26}},"loc":{"start":{"line":41,"column":32},"end":{"line":47,"column":1}},"line":41},"5":{"name":"validateBase64Image","decl":{"start":{"line":53,"column":9},"end":{"line":53,"column":28}},"loc":{"start":{"line":53,"column":55},"end":{"line":64,"column":1}},"line":53},"6":{"name":"sanitizeStringArray","decl":{"start":{"line":69,"column":9},"end":{"line":69,"column":28}},"loc":{"start":{"line":69,"column":67},"end":{"line":75,"column":1}},"line":69},"7":{"name":"(anonymous_7)","decl":{"start":{"line":73,"column":9},"end":{"line":73,"column":10}},"loc":{"start":{"line":73,"column":14},"end":{"line":73,"column":58}},"line":73},"8":{"name":"(anonymous_8)","decl":{"start":{"line":74,"column":12},"end":{"line":74,"column":13}},"loc":{"start":{"line":74,"column":17},"end":{"line":74,"column":29}},"line":74},"9":{"name":"sanitizeObjectArray","decl":{"start":{"line":86,"column":9},"end":{"line":86,"column":28}},"loc":{"start":{"line":86,"column":82},"end":{"line":95,"column":1}},"line":86},"10":{"name":"(anonymous_10)","decl":{"start":{"line":88,"column":36},"end":{"line":88,"column":37}},"loc":{"start":{"line":88,"column":44},"end":{"line":94,"column":3}},"line":88},"11":{"name":"sanitizeNumber","decl":{"start":{"line":100,"column":9},"end":{"line":100,"column":23}},"loc":{"start":{"line":100,"column":51},"end":{"line":104,"column":1}},"line":100}},"branchMap":{"0":{"loc":{"start":{"line":7,"column":2},"end":{"line":7,"column":41}},"type":"if","locations":[{"start":{"line":7,"column":2},"end":{"line":7,"column":41}},{"start":{},"end":{}}],"line":7},"1":{"loc":{"start":{"line":15,"column":26},"end":{"line":15,"column":38}},"type":"default-arg","locations":[{"start":{"line":15,"column":35},"end":{"line":15,"column":38}}],"line":15},"2":{"loc":{"start":{"line":16,"column":2},"end":{"line":16,"column":41}},"type":"if","locations":[{"start":{"line":16,"column":2},"end":{"line":16,"column":41}},{"start":{},"end":{}}],"line":16},"3":{"loc":{"start":{"line":23,"column":30},"end":{"line":23,"column":43}},"type":"default-arg","locations":[{"start":{"line":23,"column":39},"end":{"line":23,"column":43}}],"line":23},"4":{"loc":{"start":{"line":31,"column":2},"end":{"line":31,"column":41}},"type":"if","locations":[{"start":{"line":31,"column":2},"end":{"line":31,"column":41}},{"start":{},"end":{}}],"line":31},"5":{"loc":{"start":{"line":42,"column":2},"end":{"line":42,"column":41}},"type":"if","locations":[{"start":{"line":42,"column":2},"end":{"line":42,"column":41}},{"start":{},"end":{}}],"line":42},"6":{"loc":{"start":{"line":53,"column":40},"end":{"line":53,"column":53}},"type":"default-arg","locations":[{"start":{"line":53,"column":52},"end":{"line":53,"column":53}}],"line":53},"7":{"loc":{"start":{"line":54,"column":2},"end":{"line":56,"column":3}},"type":"if","locations":[{"start":{"line":54,"column":2},"end":{"line":56,"column":3}},{"start":{},"end":{}}],"line":54},"8":{"loc":{"start":{"line":54,"column":6},"end":{"line":54,"column":56}},"type":"binary-expr","locations":[{"start":{"line":54,"column":6},"end":{"line":54,"column":35}},{"start":{"line":54,"column":39},"end":{"line":54,"column":56}}],"line":54},"9":{"loc":{"start":{"line":60,"column":2},"end":{"line":62,"column":3}},"type":"if","locations":[{"start":{"line":60,"column":2},"end":{"line":62,"column":3}},{"start":{},"end":{}}],"line":60},"10":{"loc":{"start":{"line":69,"column":34},"end":{"line":69,"column":47}},"type":"default-arg","locations":[{"start":{"line":69,"column":45},"end":{"line":69,"column":47}}],"line":69},"11":{"loc":{"start":{"line":69,"column":49},"end":{"line":69,"column":65}},"type":"default-arg","locations":[{"start":{"line":69,"column":62},"end":{"line":69,"column":65}}],"line":69},"12":{"loc":{"start":{"line":70,"column":2},"end":{"line":70,"column":37}},"type":"if","locations":[{"start":{"line":70,"column":2},"end":{"line":70,"column":37}},{"start":{},"end":{}}],"line":70},"13":{"loc":{"start":{"line":73,"column":37},"end":{"line":73,"column":44}},"type":"binary-expr","locations":[{"start":{"line":73,"column":37},"end":{"line":73,"column":38}},{"start":{"line":73,"column":42},"end":{"line":73,"column":44}}],"line":73},"14":{"loc":{"start":{"line":86,"column":44},"end":{"line":86,"column":61}},"type":"default-arg","locations":[{"start":{"line":86,"column":59},"end":{"line":86,"column":61}}],"line":86},"15":{"loc":{"start":{"line":86,"column":63},"end":{"line":86,"column":80}},"type":"default-arg","locations":[{"start":{"line":86,"column":78},"end":{"line":86,"column":80}}],"line":86},"16":{"loc":{"start":{"line":87,"column":2},"end":{"line":87,"column":37}},"type":"if","locations":[{"start":{"line":87,"column":2},"end":{"line":87,"column":37}},{"start":{},"end":{}}],"line":87},"17":{"loc":{"start":{"line":89,"column":4},"end":{"line":89,"column":53}},"type":"if","locations":[{"start":{"line":89,"column":4},"end":{"line":89,"column":53}},{"start":{},"end":{}}],"line":89},"18":{"loc":{"start":{"line":89,"column":8},"end":{"line":89,"column":41}},"type":"binary-expr","locations":[{"start":{"line":89,"column":8},"end":{"line":89,"column":13}},{"start":{"line":89,"column":17},"end":{"line":89,"column":41}}],"line":89},"19":{"loc":{"start":{"line":91,"column":66},"end":{"line":91,"column":79}},"type":"binary-expr","locations":[{"start":{"line":91,"column":66},"end":{"line":91,"column":73}},{"start":{"line":91,"column":77},"end":{"line":91,"column":79}}],"line":91},"20":{"loc":{"start":{"line":102,"column":2},"end":{"line":102,"column":41}},"type":"if","locations":[{"start":{"line":102,"column":2},"end":{"line":102,"column":41}},{"start":{},"end":{}}],"line":102}},"s":{"0":123,"1":3,"2":120,"3":121,"4":0,"5":121,"6":118,"7":5,"8":2,"9":3,"10":2,"11":0,"12":2,"13":4,"14":2,"15":2,"16":2,"17":2,"18":1,"19":1,"20":4,"21":2,"22":2,"23":13,"24":13,"25":3,"26":0,"27":3,"28":105,"29":3,"30":102,"31":102,"32":102,"33":102,"34":102,"35":102,"36":107,"37":107,"38":2,"39":105,"40":1},"f":{"0":123,"1":121,"2":118,"3":5,"4":2,"5":4,"6":4,"7":13,"8":13,"9":3,"10":105,"11":107},"b":{"0":[3,120],"1":[1],"2":[0,121],"3":[1],"4":[2,3],"5":[0,2],"6":[2],"7":[2,2],"8":[4,3],"9":[1,1],"10":[3],"11":[3],"12":[2,2],"13":[13,1],"14":[0],"15":[0],"16":[0,3],"17":[3,102],"18":[105,103],"19":[102,0],"20":[2,105]},"_coverageSchema":"1a1c01bbd47fc00a2c39e90264f33305004495a9","hash":"134772d4bc1d8c20ed560a0d52bc511cde597991"}
}
