TN:
SF:config/index.js
FN:11,requireEnv
FN:138,resolveIndexHtmlPath
FNF:2
FNH:2
FNDA:54,requireEnv
FNDA:4,resolveIndexHtmlPath
DA:5,55
DA:7,55
DA:8,55
DA:12,54
DA:13,54
DA:14,7
DA:15,7
DA:17,54
DA:26,55
DA:27,55
DA:28,1
DA:34,1
DA:37,54
DA:135,54
DA:136,54
DA:138,54
DA:139,4
DA:140,4
DA:141,3
DA:144,54
LF:20
LH:20
BRDA:7,0,0,55
BRDA:7,0,1,0
BRDA:13,1,0,7
BRDA:13,1,1,47
BRDA:13,2,0,54
BRDA:13,2,1,47
BRDA:15,3,0,0
BRDA:15,3,1,7
BRDA:17,4,0,54
BRDA:17,4,1,7
BRDA:26,5,0,55
BRDA:26,5,1,41
BRDA:27,6,0,1
BRDA:27,6,1,54
BRDA:27,7,0,55
BRDA:27,7,1,12
BRDA:27,7,2,2
BRDA:39,8,0,54
BRDA:39,8,1,54
BRDA:48,9,0,54
BRDA:48,9,1,54
BRDA:59,10,0,54
BRDA:59,10,1,54
BRDA:72,11,0,54
BRDA:72,11,1,49
BRDA:73,12,0,54
BRDA:73,12,1,54
BRDA:74,13,0,54
BRDA:74,13,1,54
BRDA:75,14,0,54
BRDA:75,14,1,54
BRDA:76,15,0,54
BRDA:76,15,1,54
BRDA:85,16,0,54
BRDA:85,16,1,53
BRDA:86,17,0,54
BRDA:86,17,1,54
BRDA:87,18,0,54
BRDA:87,18,1,54
BRDA:88,19,0,54
BRDA:88,19,1,47
BRDA:94,20,0,54
BRDA:94,20,1,54
BRDA:95,21,0,54
BRDA:95,21,1,54
BRDA:96,22,0,54
BRDA:96,22,1,54
BRDA:97,23,0,54
BRDA:97,23,1,54
BRDA:102,24,0,54
BRDA:102,24,1,54
BRDA:112,25,0,54
BRDA:112,25,1,54
BRDA:113,26,0,54
BRDA:113,26,1,54
BRDA:114,27,0,54
BRDA:114,27,1,54
BRDA:124,28,0,54
BRDA:124,28,1,54
BRDA:140,29,0,1
BRDA:140,29,1,3
BRDA:140,30,0,4
BRDA:140,30,1,2
BRF:63
BRH:61
end_of_record
TN:
SF:data/city-seeds.js
FN:8,staticCityPlaces
FN:203,(anonymous_1)
FNF:2
FNH:2
FNDA:11,staticCityPlaces
FNDA:56,(anonymous_1)
DA:9,11
DA:10,11
DA:202,11
DA:203,56
DA:212,1
LF:5
LH:5
BRDA:9,0,0,11
BRDA:9,0,1,0
BRDA:202,1,0,11
BRDA:202,1,1,4
BRDA:207,2,0,14
BRDA:207,2,1,42
BRDA:207,3,0,42
BRDA:207,3,1,0
BRDA:207,4,0,0
BRDA:207,4,1,0
BRDA:208,5,0,14
BRDA:208,5,1,42
BRF:12
BRH:8
end_of_record
TN:
SF:db/init.js
FN:15,initDatabase
FN:46,(anonymous_1)
FN:72,getDb
FN:80,closeDatabase
FNF:4
FNH:3
FNDA:5,initDatabase
FNDA:0,(anonymous_1)
FNDA:3,getDb
FNDA:8,closeDatabase
DA:3,1
DA:4,1
DA:5,1
DA:6,1
DA:7,1
DA:9,1
DA:16,5
DA:17,1
DA:20,4
DA:21,0
DA:34,4
DA:46,4
DA:48,0
DA:57,4
DA:58,4
DA:60,3
DA:62,1
DA:63,1
DA:66,3
DA:73,3
DA:74,1
DA:81,8
DA:82,4
DA:83,4
DA:84,4
DA:88,1
LF:26
LH:24
BRDA:16,0,0,1
BRDA:16,0,1,4
BRDA:20,1,0,0
BRDA:20,1,1,4
BRDA:20,2,0,4
BRDA:20,2,1,0
BRDA:39,3,0,4
BRDA:39,3,1,4
BRDA:73,4,0,2
BRDA:73,4,1,1
BRDA:81,5,0,4
BRDA:81,5,1,4
BRF:12
BRH:10
end_of_record
TN:
SF:db/queries.js
FN:10,saveTrip
FN:18,getUserTrips
FN:30,getTripById
FN:36,getTripByShareToken
FN:42,updateTripShareToken
FN:47,deleteTrip
FN:56,addFavorite
FN:65,getUserFavorites
FN:79,removeFavorite
FN:84,isFavorite
FN:99,flushAnalyticsBuffer
FN:128,logApiUsage
FN:146,getApiUsageSummary
FN:178,getCachedPlaces
FN:192,setCachedPlaces
FN:205,deleteCachedPlaces
FN:210,purgeExpiredCache
FN:220,getCachedAiResponse
FN:228,setCachedAiResponse
FN:243,submitPlaceFeedback
FN:251,getPlaceFeedbackSummary
FN:262,getAllPlaceFeedback
FN:271,submitAppFeedback
FN:279,getAppFeedbackSummary
FNF:24
FNH:17
FNDA:1,saveTrip
FNDA:1,getUserTrips
FNDA:2,getTripById
FNDA:0,getTripByShareToken
FNDA:0,updateTripShareToken
FNDA:1,deleteTrip
FNDA:1,addFavorite
FNDA:0,getUserFavorites
FNDA:1,removeFavorite
FNDA:2,isFavorite
FNDA:3,flushAnalyticsBuffer
FNDA:2,logApiUsage
FNDA:0,getApiUsageSummary
FNDA:3,getCachedPlaces
FNDA:1,setCachedPlaces
FNDA:0,deleteCachedPlaces
FNDA:1,purgeExpiredCache
FNDA:2,getCachedAiResponse
FNDA:0,setCachedAiResponse
FNDA:1,submitPlaceFeedback
FNDA:1,getPlaceFeedbackSummary
FNDA:0,getAllPlaceFeedback
FNDA:1,submitAppFeedback
FNDA:1,getAppFeedbackSummary
DA:4,1
DA:11,1
DA:12,1
DA:19,1
DA:20,1
DA:27,1
DA:31,2
DA:32,2
DA:33,2
DA:37,0
DA:38,0
DA:39,0
DA:43,0
DA:44,0
DA:48,1
DA:49,1
DA:57,1
DA:58,1
DA:66,0
DA:67,0
DA:68,0
DA:71,0
DA:73,0
DA:76,0
DA:80,1
DA:81,1
DA:85,2
DA:86,2
DA:89,2
DA:96,1
DA:97,1
DA:100,3
DA:101,2
DA:102,2
DA:104,2
DA:105,2
DA:106,2
DA:107,2
DA:108,2
DA:109,2
DA:113,2
DA:114,2
DA:116,1
DA:118,1
DA:119,1
DA:121,2
DA:124,1
DA:129,2
DA:137,2
DA:138,1
DA:141,2
DA:142,0
DA:147,0
DA:148,0
DA:150,0
DA:162,0
DA:171,0
DA:179,3
DA:180,3
DA:184,3
DA:185,2
DA:186,2
DA:188,1
DA:193,1
DA:194,1
DA:195,1
DA:206,0
DA:207,0
DA:211,1
DA:212,1
DA:213,1
DA:221,2
DA:222,2
DA:225,2
DA:229,0
DA:230,0
DA:244,1
DA:245,1
DA:252,1
DA:253,1
DA:259,1
DA:263,0
DA:264,0
DA:268,0
DA:272,1
DA:273,1
DA:280,1
DA:281,1
DA:285,1
DA:289,1
DA:292,1
LF:91
LH:67
BRDA:15,0,0,1
BRDA:15,0,1,1
BRDA:18,1,0,1
BRDA:33,2,0,2
BRDA:33,2,1,1
BRDA:39,3,0,0
BRDA:39,3,1,0
BRDA:62,4,0,1
BRDA:62,4,1,1
BRDA:62,5,0,1
BRDA:62,5,1,1
BRDA:62,6,0,1
BRDA:62,6,1,1
BRDA:62,7,0,1
BRDA:62,7,1,1
BRDA:65,8,0,0
BRDA:67,9,0,0
BRDA:67,9,1,0
BRDA:100,10,0,1
BRDA:100,10,1,2
BRDA:131,11,0,2
BRDA:131,11,1,1
BRDA:132,12,0,2
BRDA:132,12,1,1
BRDA:134,13,0,2
BRDA:134,13,1,1
BRDA:137,14,0,1
BRDA:137,14,1,1
BRDA:141,15,0,0
BRDA:141,15,1,2
BRDA:146,16,0,0
BRDA:184,17,0,1
BRDA:184,17,1,2
BRDA:225,18,0,1
BRDA:225,18,1,1
BRDA:248,19,0,1
BRDA:248,19,1,0
BRDA:248,20,0,1
BRDA:248,20,1,0
BRDA:248,21,0,1
BRDA:248,21,1,1
BRDA:259,22,0,1
BRDA:259,22,1,1
BRDA:262,23,0,0
BRDA:276,24,0,1
BRDA:276,24,1,1
BRDA:276,25,0,1
BRDA:276,25,1,1
BRDA:276,26,0,1
BRDA:276,26,1,0
BRDA:276,27,0,1
BRDA:276,27,1,1
BRDA:276,28,0,1
BRDA:276,28,1,1
BRDA:279,29,0,1
BRDA:289,30,0,1
BRDA:289,30,1,0
BRF:57
BRH:45
end_of_record
TN:
SF:db/schema.js
FNF:0
FNH:0
DA:12,1
DA:105,1
LF:2
LH:2
BRF:0
BRH:0
end_of_record
TN:
SF:lib/logger.js
FNF:0
FNH:0
DA:19,37
DA:21,37
DA:23,37
DA:25,37
DA:42,37
LF:5
LH:5
BRDA:21,0,0,37
BRDA:21,0,1,36
BRDA:21,1,0,7
BRDA:21,1,1,29
BRDA:29,2,0,7
BRDA:29,2,1,30
BRDA:39,3,0,7
BRDA:39,3,1,30
BRF:8
BRH:8
end_of_record
TN:
SF:middleware/adminAuth.js
FN:41,timingSafeStringEqual
FN:53,tryFirebaseAdminAuth
FN:75,tryLegacyKeyAuth
FN:124,requireAdminAuth
FNF:4
FNH:4
FNDA:26,timingSafeStringEqual
FNDA:39,tryFirebaseAdminAuth
FNDA:38,tryLegacyKeyAuth
FNDA:39,requireAdminAuth
DA:29,5
DA:30,5
DA:31,5
DA:42,26
DA:43,26
DA:48,26
DA:49,26
DA:50,26
DA:54,39
DA:55,39
DA:56,39
DA:58,3
DA:59,3
DA:60,2
DA:61,1
DA:62,1
DA:63,1
DA:64,1
DA:66,1
DA:67,1
DA:70,1
DA:72,2
DA:76,38
DA:77,38
DA:83,36
DA:91,35
DA:92,35
DA:93,3
DA:94,3
DA:95,1
DA:100,1
DA:103,34
DA:104,34
DA:105,18
DA:112,18
DA:116,18
DA:125,39
DA:126,38
DA:128,20
DA:129,20
DA:130,20
DA:131,2
DA:135,18
DA:141,5
LF:44
LH:44
BRDA:42,0,0,26
BRDA:42,0,1,0
BRDA:43,1,0,26
BRDA:43,1,1,0
BRDA:54,2,0,39
BRDA:54,2,1,36
BRDA:56,3,0,36
BRDA:56,3,1,3
BRDA:60,4,0,1
BRDA:60,4,1,1
BRDA:60,5,0,2
BRDA:60,5,1,2
BRDA:62,6,0,1
BRDA:62,6,1,0
BRDA:66,7,0,1
BRDA:66,7,1,0
BRDA:77,8,0,2
BRDA:77,8,1,36
BRDA:83,9,0,1
BRDA:83,9,1,35
BRDA:92,10,0,3
BRDA:92,10,1,32
BRDA:94,11,0,1
BRDA:94,11,1,2
BRDA:94,12,0,3
BRDA:94,12,1,2
BRDA:104,13,0,16
BRDA:104,13,1,18
BRDA:104,14,0,34
BRDA:104,14,1,26
BRDA:113,15,0,18
BRDA:113,15,1,8
BRDA:125,16,0,1
BRDA:125,16,1,38
BRDA:126,17,0,18
BRDA:126,17,1,20
BRDA:130,18,0,2
BRDA:130,18,1,18
BRDA:130,19,0,20
BRDA:130,19,1,20
BRF:40
BRH:36
end_of_record
TN:
SF:middleware/auth.js
FN:28,ensureInitialized
FN:63,requireAuth
FN:99,optionalAuth
FN:126,verifyToken
FNF:4
FNH:4
FNDA:20,ensureInitialized
FNDA:13,requireAuth
FNDA:4,optionalAuth
FNDA:3,verifyToken
DA:23,20
DA:25,20
DA:26,20
DA:29,20
DA:31,19
DA:32,19
DA:33,3
DA:37,3
DA:38,3
DA:41,16
DA:44,16
DA:45,16
DA:46,16
DA:48,15
DA:51,14
DA:52,14
DA:54,2
DA:55,2
DA:64,13
DA:65,13
DA:66,3
DA:72,10
DA:73,10
DA:74,10
DA:75,2
DA:78,8
DA:79,8
DA:80,7
DA:81,7
DA:82,7
DA:84,1
DA:85,1
DA:100,4
DA:101,4
DA:102,4
DA:103,4
DA:104,2
DA:106,2
DA:107,2
DA:108,1
DA:109,1
DA:111,1
DA:113,2
DA:127,3
DA:128,3
DA:129,2
DA:132,20
LF:47
LH:47
BRDA:29,0,0,1
BRDA:29,0,1,19
BRDA:29,1,0,20
BRDA:29,1,1,19
BRDA:32,2,0,3
BRDA:32,2,1,16
BRDA:45,3,0,15
BRDA:45,3,1,1
BRDA:65,4,0,3
BRDA:65,4,1,10
BRDA:72,5,0,10
BRDA:72,5,1,1
BRDA:74,6,0,2
BRDA:74,6,1,8
BRDA:81,7,0,7
BRDA:81,7,1,1
BRDA:101,8,0,4
BRDA:101,8,1,1
BRDA:103,9,0,2
BRDA:103,9,1,2
BRDA:103,10,0,4
BRDA:103,10,1,3
BRDA:109,11,0,1
BRDA:109,11,1,0
BRDA:128,12,0,1
BRDA:128,12,1,2
BRF:26
BRH:25
end_of_record
TN:
SF:middleware/errorHandler.js
FN:23,reportErrorAsync
FN:28,(anonymous_1)
FN:45,(anonymous_2)
FN:51,(anonymous_3)
FN:59,errorHandler
FN:105,notFoundHandler
FNF:6
FNH:5
FNDA:6,reportErrorAsync
FNDA:0,(anonymous_1)
FNDA:1,(anonymous_2)
FNDA:2,(anonymous_3)
FNDA:8,errorHandler
FNDA:2,notFoundHandler
DA:4,10
DA:5,10
DA:21,10
DA:24,6
DA:25,6
DA:27,2
DA:28,2
DA:30,2
DA:46,1
DA:51,2
DA:61,8
DA:64,8
DA:73,8
DA:74,6
DA:75,6
DA:76,6
DA:78,2
DA:82,8
DA:89,8
DA:90,1
DA:94,8
DA:95,5
DA:96,5
DA:99,8
DA:106,2
DA:107,2
DA:113,1
DA:115,1
DA:122,10
LF:29
LH:29
BRDA:25,0,0,4
BRDA:25,0,1,2
BRDA:25,1,0,6
BRDA:25,1,1,2
BRDA:35,2,0,2
BRDA:35,2,1,0
BRDA:61,3,0,8
BRDA:61,3,1,1
BRDA:61,3,2,1
BRDA:66,4,0,8
BRDA:66,4,1,5
BRDA:73,5,0,6
BRDA:73,5,1,2
BRDA:83,6,0,8
BRDA:83,6,1,0
BRDA:84,7,0,8
BRDA:84,7,1,7
BRDA:85,8,0,8
BRDA:85,8,1,5
BRDA:89,9,0,1
BRDA:89,9,1,7
BRDA:89,10,0,8
BRDA:89,10,1,1
BRDA:94,11,0,5
BRDA:94,11,1,3
BRDA:94,12,0,8
BRDA:94,12,1,7
BRDA:106,13,0,2
BRDA:106,13,1,0
BRDA:107,14,0,1
BRDA:107,14,1,1
BRF:31
BRH:28
end_of_record
TN:
SF:middleware/rateLimiter.js
FN:19,(anonymous_0)
FN:34,(anonymous_1)
FN:35,(anonymous_2)
FN:44,checkRedisLimit
FN:53,checkMemoryLimit
FN:68,createRateLimiter
FN:72,(anonymous_6)
FN:75,(anonymous_7)
FN:99,(anonymous_8)
FNF:9
FNH:6
FNDA:0,(anonymous_0)
FNDA:0,(anonymous_1)
FNDA:0,(anonymous_2)
FNDA:6,checkRedisLimit
FNDA:16,checkMemoryLimit
FNDA:45,createRateLimiter
FNDA:22,(anonymous_6)
FNDA:21,(anonymous_7)
FNDA:1,(anonymous_8)
DA:13,8
DA:16,8
DA:19,8
DA:20,0
DA:21,0
DA:22,0
DA:23,0
DA:29,8
DA:30,8
DA:31,1
DA:32,1
DA:33,1
DA:34,1
DA:35,1
DA:37,0
DA:38,0
DA:41,7
DA:45,6
DA:46,6
DA:47,6
DA:48,5
DA:49,5
DA:50,5
DA:54,16
DA:55,16
DA:56,16
DA:57,16
DA:58,16
DA:59,16
DA:60,16
DA:61,16
DA:69,45
DA:70,45
DA:72,45
DA:73,22
DA:75,22
DA:76,21
DA:77,21
DA:78,21
DA:79,21
DA:80,21
DA:82,21
DA:83,3
DA:84,3
DA:85,3
DA:93,18
DA:96,22
DA:97,6
DA:100,1
DA:101,1
DA:104,16
DA:110,8
DA:111,8
DA:112,8
DA:113,8
DA:115,8
LF:56
LH:50
BRDA:22,0,0,0
BRDA:22,0,1,0
BRDA:30,1,0,1
BRDA:30,1,1,7
BRDA:48,2,0,3
BRDA:48,2,1,2
BRDA:50,3,0,5
BRDA:50,3,1,0
BRDA:56,4,0,7
BRDA:56,4,1,9
BRDA:57,5,0,8
BRDA:57,5,1,8
BRDA:59,6,0,0
BRDA:59,6,1,16
BRDA:68,7,0,0
BRDA:69,8,0,45
BRDA:69,8,1,0
BRDA:73,9,0,22
BRDA:73,9,1,1
BRDA:73,9,2,1
BRDA:82,10,0,3
BRDA:82,10,1,18
BRDA:96,11,0,6
BRDA:96,11,1,16
BRF:24
BRH:18
end_of_record
TN:
SF:middleware/security.js
FN:6,buildHelmetOptions
FN:136,buildSecurityMiddleware
FN:142,(anonymous_2)
FNF:3
FNH:2
FNDA:12,buildHelmetOptions
FNDA:11,buildSecurityMiddleware
FNDA:0,(anonymous_2)
DA:7,12
DA:137,11
DA:138,11
DA:139,11
DA:141,0
DA:142,0
DA:146,1
LF:7
LH:5
BRF:0
BRH:0
end_of_record
TN:
SF:migrations/1700000000000_baseline-schema.js
FN:20,(anonymous_0)
FN:24,(anonymous_1)
FNF:2
FNH:1
FNDA:1,(anonymous_0)
FNDA:0,(anonymous_1)
DA:16,1
DA:18,1
DA:20,1
DA:21,1
DA:24,1
DA:31,0
LF:6
LH:5
BRF:0
BRH:0
end_of_record
TN:
SF:routes/ai.js
FN:52,tripModeLine
FN:56,handler
FN:57,(anonymous_2)
FN:75,(anonymous_3)
FN:93,(anonymous_4)
FN:103,(anonymous_5)
FN:112,(anonymous_6)
FN:122,(anonymous_7)
FN:131,(anonymous_8)
FN:139,(anonymous_9)
FN:140,(anonymous_10)
FN:150,(anonymous_11)
FN:158,(anonymous_12)
FN:175,(anonymous_13)
FN:193,(anonymous_14)
FN:195,(anonymous_15)
FN:218,(anonymous_16)
FN:220,(anonymous_17)
FN:239,(anonymous_18)
FN:258,(anonymous_19)
FN:275,(anonymous_20)
FN:302,(anonymous_21)
FN:326,(anonymous_22)
FN:354,(anonymous_23)
FN:388,(anonymous_24)
FN:426,(anonymous_25)
FN:467,(anonymous_26)
FN:513,(anonymous_27)
FNF:28
FNH:28
FNDA:13,tripModeLine
FNDA:44,handler
FNDA:50,(anonymous_2)
FNDA:8,(anonymous_3)
FNDA:3,(anonymous_4)
FNDA:1,(anonymous_5)
FNDA:3,(anonymous_6)
FNDA:3,(anonymous_7)
FNDA:2,(anonymous_8)
FNDA:1,(anonymous_9)
FNDA:1,(anonymous_10)
FNDA:2,(anonymous_11)
FNDA:1,(anonymous_12)
FNDA:1,(anonymous_13)
FNDA:4,(anonymous_14)
FNDA:3,(anonymous_15)
FNDA:4,(anonymous_16)
FNDA:3,(anonymous_17)
FNDA:2,(anonymous_18)
FNDA:2,(anonymous_19)
FNDA:2,(anonymous_20)
FNDA:2,(anonymous_21)
FNDA:1,(anonymous_22)
FNDA:1,(anonymous_23)
FNDA:1,(anonymous_24)
FNDA:2,(anonymous_25)
FNDA:2,(anonymous_26)
FNDA:2,(anonymous_27)
DA:19,2
DA:20,2
DA:21,2
DA:33,2
DA:44,2
DA:53,13
DA:57,44
DA:58,50
DA:59,50
DA:60,46
DA:62,4
DA:63,4
DA:64,4
DA:67,4
DA:75,2
DA:76,8
DA:80,8
DA:93,2
DA:94,3
DA:95,3
DA:103,2
DA:104,1
DA:112,2
DA:113,3
DA:114,3
DA:122,2
DA:123,3
DA:124,3
DA:131,2
DA:132,2
DA:139,2
DA:140,1
DA:141,1
DA:150,2
DA:151,2
DA:158,2
DA:159,1
DA:175,2
DA:176,1
DA:193,2
DA:194,4
DA:195,4
DA:196,4
DA:198,4
DA:218,2
DA:219,4
DA:220,4
DA:222,4
DA:239,2
DA:240,2
DA:242,2
DA:258,2
DA:259,2
DA:261,2
DA:275,2
DA:276,2
DA:277,2
DA:278,2
DA:302,2
DA:303,2
DA:304,2
DA:326,2
DA:327,1
DA:354,2
DA:355,1
DA:356,1
DA:357,1
DA:388,2
DA:389,1
DA:426,2
DA:427,2
DA:428,2
DA:429,2
DA:467,2
DA:468,2
DA:469,2
DA:470,2
DA:513,2
DA:514,2
DA:531,2
LF:80
LH:80
BRDA:53,0,0,13
BRDA:53,0,1,12
BRDA:63,1,0,1
BRDA:63,1,1,3
BRDA:63,2,0,4
BRDA:63,2,1,2
BRDA:64,3,0,1
BRDA:64,3,1,3
BRDA:76,4,0,1
BRDA:76,4,1,7
BRDA:76,5,0,8
BRDA:76,5,1,1
BRDA:81,6,0,8
BRDA:81,6,1,0
BRDA:83,7,0,8
BRDA:83,7,1,8
BRDA:94,8,0,3
BRDA:94,8,1,1
BRDA:105,9,0,1
BRDA:105,9,1,0
BRDA:113,10,0,3
BRDA:113,10,1,1
BRDA:113,11,0,3
BRDA:113,11,1,1
BRDA:123,12,0,3
BRDA:123,12,1,1
BRDA:123,13,0,3
BRDA:123,13,1,1
BRDA:140,14,0,1
BRDA:140,14,1,0
BRDA:160,15,0,1
BRDA:160,15,1,0
BRDA:160,16,0,1
BRDA:160,16,1,0
BRDA:177,17,0,1
BRDA:177,17,1,0
BRDA:194,18,0,4
BRDA:194,18,1,2
BRDA:194,19,0,4
BRDA:194,19,1,2
BRDA:195,20,0,4
BRDA:195,20,1,2
BRDA:195,21,0,3
BRDA:195,21,1,0
BRDA:196,22,0,4
BRDA:196,22,1,2
BRDA:201,23,0,4
BRDA:201,23,1,3
BRDA:219,24,0,4
BRDA:219,24,1,2
BRDA:219,25,0,4
BRDA:219,25,1,2
BRDA:220,26,0,4
BRDA:220,26,1,2
BRDA:220,27,0,4
BRDA:220,27,1,2
BRDA:222,28,0,4
BRDA:222,28,1,2
BRDA:222,29,0,4
BRDA:222,29,1,4
BRDA:240,30,0,2
BRDA:240,30,1,1
BRDA:259,31,0,0
BRDA:259,31,1,2
BRDA:259,32,0,2
BRDA:259,32,1,0
BRDA:262,33,0,2
BRDA:262,33,1,1
BRDA:264,34,0,0
BRDA:264,34,1,2
BRDA:270,35,0,2
BRDA:270,35,1,1
BRDA:276,36,0,2
BRDA:276,36,1,2
BRDA:277,37,0,2
BRDA:277,37,1,2
BRDA:303,38,0,2
BRDA:303,38,1,1
BRDA:303,39,0,2
BRDA:303,39,1,1
BRDA:328,40,0,1
BRDA:328,40,1,0
BRDA:355,41,0,1
BRDA:355,41,1,1
BRDA:356,42,0,1
BRDA:356,42,1,1
BRDA:373,43,0,1
BRDA:373,43,1,0
BRDA:391,44,0,1
BRDA:391,44,1,0
BRDA:408,45,0,1
BRDA:408,45,1,0
BRDA:427,46,0,2
BRDA:427,46,1,2
BRDA:428,47,0,2
BRDA:428,47,1,2
BRDA:431,48,0,2
BRDA:431,48,1,2
BRDA:468,49,0,2
BRDA:468,49,1,1
BRDA:469,50,0,2
BRDA:469,50,1,2
BRDA:471,51,0,2
BRDA:471,51,1,1
BRDA:471,52,0,2
BRDA:471,52,1,1
BRDA:516,53,0,2
BRDA:516,53,1,1
BRDA:517,54,0,2
BRDA:517,54,1,1
BRDA:517,55,0,2
BRDA:517,55,1,1
BRDA:518,56,0,2
BRDA:518,56,1,2
BRDA:519,57,0,2
BRDA:519,57,1,2
BRF:116
BRH:102
end_of_record
TN:
SF:routes/analytics.js
FN:12,analyticsMiddleware
FN:15,(anonymous_1)
FN:43,(anonymous_2)
FN:79,formatUptime
FNF:4
FNH:4
FNDA:6,analyticsMiddleware
FNDA:6,(anonymous_1)
FNDA:4,(anonymous_2)
FNDA:4,formatUptime
DA:4,1
DA:5,1
DA:6,1
DA:7,1
DA:8,1
DA:9,1
DA:13,6
DA:15,6
DA:17,6
DA:19,1
DA:21,1
DA:22,1
DA:23,1
DA:37,6
DA:43,1
DA:44,4
DA:45,4
DA:46,4
DA:49,4
DA:57,4
DA:60,4
DA:67,4
DA:74,0
DA:75,0
DA:80,4
DA:81,4
DA:82,4
DA:83,4
DA:86,1
LF:29
LH:27
BRDA:17,0,0,5
BRDA:17,0,1,1
BRDA:19,1,0,0
BRDA:19,1,1,1
BRDA:26,2,0,1
BRDA:26,2,1,0
BRDA:45,3,0,4
BRDA:45,3,1,3
BRF:8
BRH:6
end_of_record
TN:
SF:routes/favorites.js
FN:12,(anonymous_0)
FN:34,(anonymous_1)
FN:47,(anonymous_2)
FNF:3
FNH:3
FNDA:3,(anonymous_0)
FNDA:2,(anonymous_1)
FNDA:1,(anonymous_2)
DA:6,1
DA:7,1
DA:8,1
DA:9,1
DA:12,1
DA:13,3
DA:14,3
DA:16,3
DA:17,1
DA:21,2
DA:22,1
DA:25,1
DA:26,1
DA:28,0
DA:29,0
DA:34,1
DA:35,2
DA:36,2
DA:37,2
DA:39,2
DA:41,0
DA:42,0
DA:47,1
DA:48,1
DA:52,1
DA:54,1
DA:56,0
DA:57,0
DA:61,1
LF:29
LH:23
BRDA:16,0,0,1
BRDA:16,0,1,2
BRDA:16,1,0,3
BRDA:16,1,1,3
BRDA:21,2,0,1
BRDA:21,2,1,1
BRDA:36,3,0,2
BRDA:36,3,1,1
BRF:8
BRH:8
end_of_record
TN:
SF:routes/feedback.js
FN:23,(anonymous_0)
FN:47,(anonymous_1)
FN:60,(anonymous_2)
FN:72,(anonymous_3)
FN:99,(anonymous_4)
FNF:5
FNH:5
FNDA:9,(anonymous_0)
FNDA:2,(anonymous_1)
FNDA:1,(anonymous_2)
FNDA:3,(anonymous_3)
FNDA:1,(anonymous_4)
DA:7,1
DA:8,1
DA:12,1
DA:13,1
DA:14,1
DA:23,1
DA:24,9
DA:25,9
DA:26,9
DA:28,9
DA:29,2
DA:31,7
DA:32,7
DA:33,3
DA:35,4
DA:36,1
DA:39,3
DA:40,3
DA:42,0
DA:43,0
DA:47,1
DA:48,2
DA:49,2
DA:50,2
DA:51,1
DA:52,1
DA:54,0
DA:55,0
DA:60,1
DA:61,1
DA:62,1
DA:63,1
DA:64,1
DA:66,0
DA:67,0
DA:72,1
DA:73,3
DA:74,3
DA:75,3
DA:77,3
DA:78,3
DA:79,3
DA:80,0
DA:82,3
DA:83,1
DA:85,2
DA:86,2
DA:88,2
DA:92,2
DA:94,0
DA:95,0
DA:99,1
DA:100,1
DA:101,1
DA:102,1
DA:103,1
DA:105,0
DA:106,0
DA:110,1
LF:59
LH:48
BRDA:26,0,0,9
BRDA:26,0,1,8
BRDA:28,1,0,2
BRDA:28,1,1,7
BRDA:28,2,0,9
BRDA:28,2,1,9
BRDA:28,2,2,9
BRDA:32,3,0,3
BRDA:32,3,1,4
BRDA:32,4,0,7
BRDA:32,4,1,6
BRDA:32,4,2,5
BRDA:35,5,0,1
BRDA:35,5,1,3
BRDA:35,6,0,4
BRDA:35,6,1,2
BRDA:50,7,0,1
BRDA:50,7,1,1
BRDA:50,8,0,2
BRDA:50,8,1,1
BRDA:62,9,0,1
BRDA:62,9,1,0
BRDA:75,10,0,3
BRDA:75,10,1,3
BRDA:77,11,0,0
BRDA:77,11,1,3
BRDA:79,12,0,0
BRDA:79,12,1,3
BRDA:79,13,0,3
BRDA:79,13,1,3
BRDA:79,13,2,3
BRDA:82,14,0,1
BRDA:82,14,1,2
BRDA:82,15,0,3
BRDA:82,15,1,3
BRDA:86,16,0,1
BRDA:86,16,1,1
BRDA:90,17,0,2
BRDA:90,17,1,2
BRDA:101,18,0,1
BRDA:101,18,1,0
BRF:41
BRH:37
end_of_record
TN:
SF:routes/geocode.js
FN:29,throttledNominatimCall
FN:30,(anonymous_1)
FN:32,(anonymous_2)
FN:32,(anonymous_3)
FN:32,(anonymous_4)
FN:45,geocodeViaPhoton
FN:59,(anonymous_6)
FN:60,(anonymous_7)
FN:73,(anonymous_8)
FN:84,(anonymous_9)
FNF:10
FNH:10
FNDA:7,throttledNominatimCall
FNDA:7,(anonymous_1)
FNDA:3,(anonymous_2)
FNDA:7,(anonymous_3)
FNDA:7,(anonymous_4)
FNDA:4,geocodeViaPhoton
FNDA:2,(anonymous_6)
FNDA:2,(anonymous_7)
FNDA:9,(anonymous_8)
FNDA:7,(anonymous_9)
DA:18,1
DA:19,1
DA:20,1
DA:21,1
DA:22,1
DA:28,1
DA:30,7
DA:31,7
DA:32,7
DA:33,7
DA:46,4
DA:47,4
DA:51,3
DA:52,0
DA:53,0
DA:54,0
DA:56,3
DA:57,3
DA:58,3
DA:59,2
DA:61,2
DA:62,2
DA:63,2
DA:64,2
DA:73,1
DA:74,9
DA:75,9
DA:77,8
DA:78,8
DA:79,8
DA:81,7
DA:83,7
DA:84,7
DA:85,7
DA:86,7
DA:95,5
DA:96,1
DA:97,1
DA:98,1
DA:100,4
DA:103,3
DA:104,3
DA:110,7
DA:111,4
DA:112,4
DA:114,1
DA:115,1
DA:122,7
DA:123,5
DA:125,7
DA:127,0
DA:128,0
DA:129,0
DA:131,0
DA:135,1
LF:55
LH:48
BRDA:51,0,0,0
BRDA:51,0,1,3
BRDA:57,1,0,2
BRDA:57,1,1,1
BRDA:59,2,0,2
BRDA:59,2,1,2
BRDA:62,3,0,2
BRDA:62,3,1,0
BRDA:67,4,0,2
BRDA:67,4,1,0
BRDA:67,4,2,0
BRDA:74,5,0,9
BRDA:74,5,1,1
BRDA:75,6,0,1
BRDA:75,6,1,8
BRDA:79,7,0,1
BRDA:79,7,1,7
BRDA:95,8,0,1
BRDA:95,8,1,4
BRDA:110,9,0,4
BRDA:110,9,1,3
BRDA:110,10,0,7
BRDA:110,10,1,4
BRDA:122,11,0,5
BRDA:122,11,1,2
BRDA:122,12,0,7
BRDA:122,12,1,7
BRDA:128,13,0,0
BRDA:128,13,1,0
BRF:29
BRH:23
end_of_record
TN:
SF:routes/places.js
FN:15,cacheKey
FN:25,getCachedPlaces
FN:29,setCachedPlaces
FN:37,deleteCachedPlaces
FN:48,canRefresh
FN:63,(anonymous_5)
FN:111,(anonymous_6)
FN:116,(anonymous_7)
FN:120,(anonymous_8)
FN:121,(anonymous_9)
FN:138,addPlaces
FN:158,(anonymous_11)
FN:172,(anonymous_12)
FN:172,(anonymous_13)
FN:176,(anonymous_14)
FN:180,(anonymous_15)
FN:208,(anonymous_16)
FN:209,(anonymous_17)
FN:210,(anonymous_18)
FN:212,(anonymous_19)
FN:214,(anonymous_20)
FNF:21
FNH:13
FNDA:13,cacheKey
FNDA:11,getCachedPlaces
FNDA:11,setCachedPlaces
FNDA:2,deleteCachedPlaces
FNDA:3,canRefresh
FNDA:14,(anonymous_5)
FNDA:0,(anonymous_6)
FNDA:0,(anonymous_7)
FNDA:0,(anonymous_8)
FNDA:0,(anonymous_9)
FNDA:51,addPlaces
FNDA:0,(anonymous_11)
FNDA:73,(anonymous_12)
FNDA:173,(anonymous_13)
FNDA:253,(anonymous_14)
FNDA:17,(anonymous_15)
FNDA:0,(anonymous_16)
FNDA:0,(anonymous_17)
FNDA:0,(anonymous_18)
FNDA:9,(anonymous_19)
FNDA:45,(anonymous_20)
DA:2,1
DA:3,1
DA:4,1
DA:5,1
DA:6,1
DA:7,1
DA:10,1
DA:14,1
DA:16,13
DA:26,11
DA:30,11
DA:31,11
DA:34,1
DA:38,2
DA:45,1
DA:46,1
DA:49,3
DA:50,3
DA:51,3
DA:52,2
DA:54,2
DA:55,0
DA:56,0
DA:57,0
DA:60,2
DA:63,1
DA:64,14
DA:65,14
DA:66,14
DA:67,13
DA:68,13
DA:79,13
DA:80,13
DA:81,13
DA:82,1
DA:84,13
DA:86,13
DA:87,2
DA:88,2
DA:90,13
DA:91,13
DA:92,2
DA:93,2
DA:95,11
DA:96,11
DA:103,11
DA:104,11
DA:109,11
DA:110,11
DA:111,10
DA:112,0
DA:116,11
DA:117,0
DA:120,11
DA:121,11
DA:123,11
DA:124,11
DA:127,11
DA:132,10
DA:135,10
DA:136,10
DA:139,51
DA:140,68
DA:141,68
DA:142,66
DA:143,66
DA:144,66
DA:150,10
DA:151,10
DA:152,10
DA:153,10
DA:154,10
DA:157,10
DA:158,1
DA:159,1
DA:162,10
DA:171,10
DA:172,173
DA:173,10
DA:174,10
DA:175,66
DA:176,66
DA:177,253
DA:178,253
DA:179,7
DA:180,17
DA:182,66
DA:184,10
DA:185,10
DA:187,10
DA:189,10
DA:190,8
DA:191,8
DA:192,8
DA:200,2
DA:201,2
DA:202,2
DA:203,2
DA:206,1
DA:207,1
DA:208,1
DA:209,1
DA:210,1
DA:211,1
DA:213,9
DA:214,45
DA:218,1
DA:219,1
DA:220,1
DA:222,0
DA:223,0
DA:228,1
LF:112
LH:105
BRDA:15,0,0,0
BRDA:17,1,0,13
BRDA:17,1,1,0
BRDA:20,2,0,13
BRDA:20,2,1,13
BRDA:21,3,0,13
BRDA:21,3,1,0
BRDA:26,4,0,11
BRDA:26,4,1,9
BRDA:30,5,0,0
BRDA:30,5,1,11
BRDA:30,6,0,11
BRDA:30,6,1,11
BRDA:30,6,2,11
BRDA:50,7,0,3
BRDA:50,7,1,2
BRDA:51,8,0,1
BRDA:51,8,1,2
BRDA:54,9,0,0
BRDA:54,9,1,2
BRDA:57,10,0,0
BRDA:57,10,1,0
BRDA:64,11,0,13
BRDA:65,12,0,14
BRDA:65,12,1,14
BRDA:65,12,2,1
BRDA:66,13,0,1
BRDA:66,13,1,13
BRDA:66,14,0,14
BRDA:66,14,1,13
BRDA:80,15,0,13
BRDA:80,15,1,3
BRDA:81,16,0,1
BRDA:81,16,1,12
BRDA:81,17,0,13
BRDA:81,17,1,3
BRDA:86,18,0,2
BRDA:86,18,1,11
BRDA:90,19,0,2
BRDA:90,19,1,11
BRDA:91,20,0,2
BRDA:91,20,1,11
BRDA:91,21,0,13
BRDA:91,21,1,11
BRDA:103,22,0,1
BRDA:103,22,1,10
BRDA:104,23,0,1
BRDA:104,23,1,10
BRDA:110,24,0,10
BRDA:110,24,1,1
BRDA:123,25,0,11
BRDA:123,25,1,0
BRDA:124,26,0,11
BRDA:124,26,1,0
BRDA:139,27,0,51
BRDA:139,27,1,0
BRDA:140,28,0,68
BRDA:140,28,1,0
BRDA:141,29,0,2
BRDA:141,29,1,66
BRDA:141,30,0,68
BRDA:141,30,1,68
BRDA:141,30,2,68
BRDA:142,31,0,0
BRDA:142,31,1,66
BRDA:142,32,0,66
BRDA:142,32,1,66
BRDA:157,33,0,1
BRDA:157,33,1,9
BRDA:162,34,0,10
BRDA:162,34,1,9
BRDA:172,35,0,73
BRDA:172,35,1,0
BRDA:172,36,0,173
BRDA:172,36,1,152
BRDA:177,37,0,0
BRDA:177,37,1,253
BRDA:177,38,0,253
BRDA:177,38,1,253
BRDA:178,39,0,246
BRDA:178,39,1,7
BRDA:182,40,0,60
BRDA:182,40,1,6
BRDA:187,41,0,10
BRDA:187,41,1,9
BRDA:189,42,0,8
BRDA:189,42,1,2
BRDA:213,43,0,9
BRDA:213,43,1,9
BRDA:214,44,0,45
BRDA:214,44,1,0
BRDA:214,45,0,45
BRDA:214,45,1,0
BRF:93
BRH:77
end_of_record
TN:
SF:routes/time-intelligence.js
FN:22,(anonymous_0)
FN:34,(anonymous_1)
FN:49,(anonymous_2)
FN:57,(anonymous_3)
FNF:4
FNH:4
FNDA:12,(anonymous_0)
FNDA:206,(anonymous_1)
FNDA:7,(anonymous_2)
FNDA:205,(anonymous_3)
DA:5,3
DA:6,3
DA:11,3
DA:19,3
DA:22,3
DA:23,12
DA:24,12
DA:25,12
DA:26,12
DA:27,4
DA:29,8
DA:30,8
DA:31,8
DA:34,6
DA:35,206
DA:36,2
DA:38,206
DA:41,6
DA:43,2
DA:44,2
DA:49,3
DA:50,7
DA:51,7
DA:52,7
DA:53,7
DA:54,1
DA:56,6
DA:57,205
DA:61,5
DA:63,1
DA:64,1
DA:68,3
LF:32
LH:32
BRDA:24,0,0,12
BRDA:24,0,1,0
BRDA:26,1,0,4
BRDA:26,1,1,8
BRDA:26,2,0,12
BRDA:26,2,1,9
BRDA:30,3,0,5
BRDA:30,3,1,3
BRDA:31,4,0,8
BRDA:31,4,1,7
BRDA:35,5,0,2
BRDA:35,5,1,204
BRDA:36,6,0,2
BRDA:36,6,1,2
BRDA:51,7,0,7
BRDA:51,7,1,0
BRDA:53,8,0,1
BRDA:53,8,1,6
BRDA:53,9,0,7
BRDA:53,9,1,6
BRDA:59,10,0,205
BRDA:59,10,1,1
BRDA:59,11,0,205
BRDA:59,11,1,205
BRDA:59,12,0,205
BRDA:59,12,1,203
BRF:26
BRH:24
end_of_record
TN:
SF:routes/trips.js
FN:16,(anonymous_0)
FN:43,(anonymous_1)
FN:46,(anonymous_2)
FN:65,(anonymous_3)
FN:90,(anonymous_4)
FN:120,(anonymous_5)
FN:135,(anonymous_6)
FNF:7
FNH:5
FNDA:2,(anonymous_0)
FNDA:0,(anonymous_1)
FNDA:0,(anonymous_2)
FNDA:2,(anonymous_3)
FNDA:3,(anonymous_4)
FNDA:1,(anonymous_5)
FNDA:3,(anonymous_6)
DA:9,1
DA:10,1
DA:11,1
DA:12,1
DA:13,1
DA:16,1
DA:17,2
DA:18,2
DA:20,2
DA:21,1
DA:24,1
DA:25,1
DA:35,1
DA:37,0
DA:38,0
DA:43,1
DA:44,0
DA:45,0
DA:46,0
DA:57,0
DA:59,0
DA:60,0
DA:65,1
DA:66,2
DA:67,2
DA:68,2
DA:69,1
DA:72,1
DA:84,0
DA:85,0
DA:90,1
DA:91,3
DA:92,3
DA:93,3
DA:94,1
DA:96,2
DA:99,1
DA:102,1
DA:114,0
DA:115,0
DA:120,1
DA:121,1
DA:125,1
DA:127,1
DA:129,0
DA:130,0
DA:135,1
DA:136,3
DA:137,3
DA:138,3
DA:139,1
DA:143,2
DA:144,1
DA:148,1
DA:149,1
DA:151,1
DA:153,0
DA:154,0
DA:158,1
LF:59
LH:43
BRDA:20,0,0,1
BRDA:20,0,1,1
BRDA:20,1,0,2
BRDA:20,1,1,2
BRDA:20,1,2,1
BRDA:20,1,3,1
BRDA:29,2,0,1
BRDA:29,2,1,1
BRDA:30,3,0,1
BRDA:30,3,1,1
BRDA:31,4,0,1
BRDA:31,4,1,1
BRDA:51,5,0,0
BRDA:51,5,1,0
BRDA:68,6,0,1
BRDA:68,6,1,1
BRDA:77,7,0,1
BRDA:77,7,1,0
BRDA:78,8,0,1
BRDA:78,8,1,0
BRDA:93,9,0,1
BRDA:93,9,1,2
BRDA:96,10,0,1
BRDA:96,10,1,1
BRDA:107,11,0,1
BRDA:107,11,1,0
BRDA:108,12,0,1
BRDA:108,12,1,0
BRDA:138,13,0,1
BRDA:138,13,1,2
BRDA:138,14,0,3
BRDA:138,14,1,3
BRDA:143,15,0,1
BRDA:143,15,1,1
BRF:34
BRH:28
end_of_record
TN:
SF:routes/weather-alerts.js
FN:9,weatherEmoji
FN:18,weatherDesc
FN:27,alertLevel
FN:33,bestTimeForCat
FN:42,(anonymous_4)
FN:48,(anonymous_5)
FN:70,(anonymous_6)
FNF:7
FNH:7
FNDA:65,weatherEmoji
FNDA:65,weatherDesc
FNDA:57,alertLevel
FNDA:57,bestTimeForCat
FNDA:11,(anonymous_4)
FNDA:60,(anonymous_5)
FNDA:57,(anonymous_6)
DA:5,1
DA:6,1
DA:7,1
DA:10,65
DA:11,2
DA:12,2
DA:13,2
DA:14,1
DA:15,1
DA:19,65
DA:20,2
DA:21,2
DA:22,2
DA:23,1
DA:24,1
DA:28,57
DA:29,56
DA:30,54
DA:34,57
DA:35,57
DA:36,56
DA:37,54
DA:38,54
DA:39,0
DA:42,1
DA:43,11
DA:47,11
DA:48,60
DA:50,11
DA:52,10
DA:54,10
DA:55,10
DA:56,9
DA:58,8
DA:59,8
DA:63,8
DA:64,8
DA:66,8
DA:67,8
DA:70,8
DA:72,57
DA:73,57
DA:75,57
DA:76,57
DA:77,57
DA:79,57
DA:97,8
DA:107,1
DA:108,1
DA:112,1
LF:50
LH:49
BRDA:10,0,0,63
BRDA:10,0,1,2
BRDA:11,1,0,0
BRDA:11,1,1,2
BRDA:12,2,0,0
BRDA:12,2,1,2
BRDA:13,3,0,1
BRDA:13,3,1,1
BRDA:14,4,0,0
BRDA:14,4,1,1
BRDA:19,5,0,63
BRDA:19,5,1,2
BRDA:20,6,0,0
BRDA:20,6,1,2
BRDA:21,7,0,0
BRDA:21,7,1,2
BRDA:22,8,0,1
BRDA:22,8,1,1
BRDA:23,9,0,0
BRDA:23,9,1,1
BRDA:28,10,0,1
BRDA:28,10,1,56
BRDA:29,11,0,2
BRDA:29,11,1,54
BRDA:29,12,0,56
BRDA:29,12,1,55
BRDA:29,12,2,54
BRDA:35,13,0,1
BRDA:35,13,1,56
BRDA:35,14,0,1
BRDA:35,14,1,0
BRDA:36,15,0,2
BRDA:36,15,1,54
BRDA:37,16,0,0
BRDA:37,16,1,54
BRDA:38,17,0,54
BRDA:38,17,1,0
BRDA:38,18,0,1
BRDA:38,18,1,53
BRDA:47,19,0,11
BRDA:47,19,1,0
BRDA:48,20,0,60
BRDA:48,20,1,59
BRDA:50,21,0,1
BRDA:50,21,1,10
BRDA:50,22,0,11
BRDA:50,22,1,10
BRDA:56,23,0,1
BRDA:56,23,1,8
BRDA:63,24,0,8
BRDA:63,24,1,1
BRDA:64,25,0,0
BRDA:64,25,1,8
BRDA:72,26,0,57
BRDA:72,26,1,0
BRDA:73,27,0,57
BRDA:73,27,1,1
BRDA:75,28,0,57
BRDA:75,28,1,1
BRDA:76,29,0,57
BRDA:76,29,1,1
BRDA:77,30,0,57
BRDA:77,30,1,1
BRDA:89,31,0,1
BRDA:89,31,1,56
BRDA:91,32,0,0
BRDA:91,32,1,56
BRF:67
BRH:54
end_of_record
TN:
SF:routes/weather.js
FN:10,weatherEmoji
FN:17,fetchOpenMeteo
FN:21,(anonymous_2)
FN:29,(anonymous_3)
FNF:4
FNH:3
FNDA:12,weatherEmoji
FNDA:14,fetchOpenMeteo
FNDA:0,(anonymous_2)
FNDA:11,(anonymous_3)
DA:6,1
DA:7,1
DA:8,1
DA:11,12
DA:12,6
DA:13,4
DA:14,2
DA:18,14
DA:19,14
DA:20,9
DA:21,2
DA:22,2
DA:23,2
DA:24,2
DA:26,7
DA:29,1
DA:30,11
DA:31,11
DA:34,10
DA:35,10
DA:39,4
DA:40,4
DA:41,4
DA:45,3
DA:46,3
DA:47,3
DA:51,7
DA:52,7
DA:53,7
DA:55,6
DA:56,6
DA:57,6
DA:65,0
DA:66,0
DA:70,1
LF:35
LH:33
BRDA:11,0,0,6
BRDA:11,0,1,6
BRDA:12,1,0,2
BRDA:12,1,1,4
BRDA:13,2,0,2
BRDA:13,2,1,2
BRDA:17,3,0,14
BRDA:20,4,0,2
BRDA:20,4,1,7
BRDA:31,5,0,1
BRDA:31,5,1,10
BRDA:31,6,0,11
BRDA:31,6,1,10
BRDA:46,7,0,1
BRDA:46,7,1,2
BRDA:46,8,0,3
BRDA:46,8,1,2
BRDA:53,9,0,1
BRDA:53,9,1,6
BRDA:56,10,0,6
BRDA:56,10,1,0
BRF:21
BRH:20
end_of_record
TN:
SF:services/cache.js
FN:12,(anonymous_0)
FN:21,(anonymous_1)
FN:38,(anonymous_2)
FN:59,(anonymous_3)
FN:61,(anonymous_4)
FN:72,(anonymous_5)
FN:78,(anonymous_6)
FN:94,(anonymous_7)
FN:119,(anonymous_8)
FN:126,(anonymous_9)
FN:127,(anonymous_10)
FN:134,(anonymous_11)
FN:141,(anonymous_12)
FN:148,(anonymous_13)
FN:163,(anonymous_14)
FN:180,(anonymous_15)
FN:203,(anonymous_16)
FN:239,(anonymous_17)
FN:240,(anonymous_18)
FNF:19
FNH:15
FNDA:105,(anonymous_0)
FNDA:12,(anonymous_1)
FNDA:60,(anonymous_2)
FNDA:5,(anonymous_3)
FNDA:3,(anonymous_4)
FNDA:2,(anonymous_5)
FNDA:2,(anonymous_6)
FNDA:33,(anonymous_7)
FNDA:1,(anonymous_8)
FNDA:2,(anonymous_9)
FNDA:0,(anonymous_10)
FNDA:1,(anonymous_11)
FNDA:1,(anonymous_12)
FNDA:1,(anonymous_13)
FNDA:18,(anonymous_14)
FNDA:1,(anonymous_15)
FNDA:0,(anonymous_16)
FNDA:0,(anonymous_17)
FNDA:0,(anonymous_18)
DA:13,105
DA:14,105
DA:15,105
DA:16,105
DA:17,105
DA:18,105
DA:22,12
DA:39,60
DA:40,60
DA:41,41
DA:42,41
DA:43,41
DA:46,19
DA:47,2
DA:48,2
DA:49,2
DA:50,2
DA:53,17
DA:54,17
DA:55,17
DA:56,17
DA:60,5
DA:62,3
DA:63,3
DA:64,3
DA:67,1
DA:68,1
DA:69,1
DA:79,2
DA:80,2
DA:81,1
DA:82,0
DA:83,0
DA:85,1
DA:96,33
DA:97,0
DA:101,33
DA:102,1
DA:103,1
DA:104,1
DA:107,33
DA:108,33
DA:109,33
DA:115,33
DA:116,6
DA:117,6
DA:127,2
DA:128,2
DA:135,1
DA:142,1
DA:149,1
DA:150,1
DA:151,1
DA:152,2
DA:153,1
DA:154,1
DA:157,1
DA:164,18
DA:165,18
DA:181,1
DA:187,21
DA:196,21
DA:197,21
DA:198,0
DA:199,0
DA:203,0
DA:204,0
DA:207,21
DA:210,21
DA:217,21
DA:224,21
DA:231,21
DA:239,21
DA:240,0
DA:243,21
LF:75
LH:67
BRDA:12,0,0,0
BRDA:13,1,0,105
BRDA:13,1,1,20
BRDA:14,2,0,105
BRDA:14,2,1,18
BRDA:15,3,0,105
BRDA:15,3,1,0
BRDA:18,4,0,105
BRDA:18,4,1,96
BRDA:40,5,0,41
BRDA:40,5,1,19
BRDA:42,6,0,5
BRDA:42,6,1,36
BRDA:46,7,0,2
BRDA:46,7,1,17
BRDA:49,8,0,0
BRDA:49,8,1,2
BRDA:62,9,0,0
BRDA:62,9,1,3
BRDA:64,10,0,2
BRDA:64,10,1,1
BRDA:64,11,0,3
BRDA:64,11,1,3
BRDA:67,12,0,1
BRDA:67,12,1,0
BRDA:80,13,0,1
BRDA:80,13,1,1
BRDA:81,14,0,0
BRDA:81,14,1,1
BRDA:96,15,0,0
BRDA:96,15,1,33
BRDA:107,16,0,33
BRDA:107,16,1,30
BRDA:115,17,0,6
BRDA:115,17,1,27
BRDA:116,18,0,6
BRDA:116,18,1,6
BRDA:127,19,0,1
BRDA:127,19,1,1
BRDA:152,20,0,1
BRDA:152,20,1,1
BRDA:173,21,0,15
BRDA:173,21,1,3
BRDA:197,22,0,0
BRDA:197,22,1,21
BRF:45
BRH:37
end_of_record
TN:
SF:services/gemini.js
FN:23,hashPrompt
FN:28,sleep
FN:29,(anonymous_2)
FN:34,checkCircuit
FN:47,recordSuccess
FN:55,recordFailure
FN:74,acquireSlot
FN:80,(anonymous_7)
FN:84,releaseSlot
FN:94,_callGeminiOnce
FN:112,(anonymous_10)
FN:127,(anonymous_11)
FN:152,callGemini
FN:240,(anonymous_13)
FN:304,callGeminiText
FN:311,callGeminiVision
FN:322,getStats
FN:336,resetCircuit
FNF:18
FNH:16
FNDA:33,hashPrompt
FNDA:20,sleep
FNDA:20,(anonymous_2)
FNDA:29,checkCircuit
FNDA:11,recordSuccess
FNDA:17,recordFailure
FNDA:28,acquireSlot
FNDA:0,(anonymous_7)
FNDA:28,releaseSlot
FNDA:60,_callGeminiOnce
FNDA:8,(anonymous_10)
FNDA:0,(anonymous_11)
FNDA:33,callGemini
FNDA:12,(anonymous_13)
FNDA:32,callGeminiText
FNDA:1,callGeminiVision
FNDA:12,getStats
FNDA:1,resetCircuit
DA:5,20
DA:6,20
DA:7,20
DA:8,20
DA:9,20
DA:10,20
DA:14,20
DA:15,20
DA:16,20
DA:17,20
DA:18,20
DA:19,20
DA:24,33
DA:25,33
DA:29,20
DA:35,29
DA:37,1
DA:38,1
DA:39,0
DA:40,0
DA:41,0
DA:44,1
DA:48,11
DA:49,11
DA:50,0
DA:51,0
DA:56,17
DA:57,17
DA:59,0
DA:60,0
DA:61,0
DA:62,0
DA:64,17
DA:65,2
DA:66,2
DA:67,2
DA:68,2
DA:75,28
DA:76,28
DA:77,28
DA:80,0
DA:81,0
DA:85,28
DA:86,28
DA:87,0
DA:88,0
DA:95,60
DA:96,60
DA:97,60
DA:98,60
DA:100,60
DA:102,60
DA:107,60
DA:121,8
DA:122,8
DA:123,8
DA:126,52
DA:127,41
DA:128,41
DA:129,41
DA:131,41
DA:132,41
DA:135,11
DA:136,11
DA:153,33
DA:156,33
DA:159,33
DA:160,33
DA:161,3
DA:162,3
DA:166,30
DA:167,30
DA:168,30
DA:169,1
DA:170,1
DA:171,1
DA:174,0
DA:178,29
DA:179,1
DA:183,28
DA:185,28
DA:186,28
DA:187,28
DA:189,28
DA:190,48
DA:191,48
DA:194,5
DA:195,5
DA:198,5
DA:199,5
DA:200,5
DA:201,5
DA:203,0
DA:207,5
DA:209,43
DA:212,43
DA:213,13
DA:214,13
DA:215,13
DA:219,30
DA:220,20
DA:221,20
DA:222,20
DA:223,20
DA:239,10
DA:240,10
DA:241,12
DA:245,12
DA:247,6
DA:248,6
DA:249,6
DA:250,6
DA:252,6
DA:253,6
DA:254,6
DA:255,6
DA:257,0
DA:260,6
DA:263,10
DA:264,4
DA:265,4
DA:270,2
DA:271,2
DA:275,8
DA:276,8
DA:277,8
DA:278,8
DA:287,4
DA:288,4
DA:292,4
DA:293,4
DA:294,4
DA:297,28
DA:305,32
DA:312,1
DA:316,1
DA:323,12
DA:337,1
DA:338,1
DA:339,1
DA:340,1
DA:343,20
LF:142
LH:126
BRDA:35,0,0,28
BRDA:35,0,1,1
BRDA:38,1,0,0
BRDA:38,1,1,1
BRDA:49,2,0,0
BRDA:49,2,1,11
BRDA:57,3,0,0
BRDA:57,3,1,17
BRDA:64,4,0,2
BRDA:64,4,1,15
BRDA:75,5,0,28
BRDA:75,5,1,0
BRDA:86,6,0,0
BRDA:86,6,1,28
BRDA:94,7,0,0
BRDA:95,8,0,60
BRDA:95,8,1,59
BRDA:96,9,0,60
BRDA:96,9,1,60
BRDA:97,10,0,60
BRDA:97,10,1,52
BRDA:98,11,0,60
BRDA:98,11,1,54
BRDA:104,12,0,0
BRDA:104,12,1,60
BRDA:121,13,0,8
BRDA:121,13,1,0
BRDA:126,14,0,41
BRDA:126,14,1,11
BRDA:131,15,0,41
BRDA:131,15,1,41
BRDA:136,16,0,11
BRDA:136,16,1,0
BRDA:152,17,0,0
BRDA:160,18,0,3
BRDA:160,18,1,30
BRDA:168,19,0,1
BRDA:168,19,1,29
BRDA:178,20,0,1
BRDA:178,20,1,28
BRDA:198,21,0,5
BRDA:198,21,1,0
BRDA:198,22,0,5
BRDA:198,22,1,5
BRDA:212,23,0,13
BRDA:212,23,1,30
BRDA:219,24,0,20
BRDA:219,24,1,10
BRDA:239,25,0,10
BRDA:239,25,1,10
BRDA:249,26,0,3
BRDA:249,26,1,3
BRDA:250,27,0,4
BRDA:250,27,1,2
BRDA:250,28,0,6
BRDA:250,28,1,4
BRDA:252,29,0,6
BRDA:252,29,1,0
BRDA:252,30,0,6
BRDA:252,30,1,6
BRDA:263,31,0,4
BRDA:263,31,1,6
BRDA:263,32,0,10
BRDA:263,32,1,10
BRDA:275,33,0,8
BRDA:275,33,1,0
BRDA:275,34,0,8
BRDA:275,34,1,8
BRDA:275,34,2,8
BRDA:279,35,0,2
BRDA:279,35,1,6
BRDA:282,36,0,2
BRDA:282,36,1,6
BRDA:294,37,0,4
BRDA:294,37,1,0
BRDA:304,38,0,32
BRDA:311,39,0,1
BRDA:313,40,0,1
BRDA:313,40,1,0
BRF:79
BRH:64
end_of_record
TN:
SF:services/placesDiscovery.js
FN:17,callGemini
FN:58,getPlaces
FN:130,(anonymous_2)
FN:162,fetchWiki
FN:175,(anonymous_4)
FN:176,(anonymous_5)
FN:196,geocodePlaceViaNominatimOnly
FN:251,geocodePlaceViaPhoton
FN:292,geocodePlaceNominatim
FN:293,(anonymous_9)
FN:299,(anonymous_10)
FN:302,fixAiCoordsViaNominatim
FN:307,(anonymous_12)
FN:321,(anonymous_13)
FN:331,(anonymous_14)
FN:338,fetchCuratedFoodFallback
FN:369,(anonymous_16)
FN:377,fetchCuratedCityFallback
FN:436,(anonymous_18)
FN:444,fetchNominatimFallback
FN:542,(anonymous_20)
FN:626,hydrateAiPlaces
FN:633,(anonymous_22)
FN:639,(anonymous_23)
FN:640,(anonymous_24)
FN:664,(anonymous_25)
FNF:26
FNH:23
FNDA:7,callGemini
FNDA:7,getPlaces
FNDA:12,(anonymous_2)
FNDA:4,fetchWiki
FNDA:8,(anonymous_4)
FNDA:5,(anonymous_5)
FNDA:48,geocodePlaceViaNominatimOnly
FNDA:9,geocodePlaceViaPhoton
FNDA:48,geocodePlaceNominatim
FNDA:0,(anonymous_9)
FNDA:0,(anonymous_10)
FNDA:11,fixAiCoordsViaNominatim
FNDA:8,(anonymous_12)
FNDA:5,(anonymous_13)
FNDA:0,(anonymous_14)
FNDA:2,fetchCuratedFoodFallback
FNDA:5,(anonymous_16)
FNDA:4,fetchCuratedCityFallback
FNDA:29,(anonymous_18)
FNDA:10,fetchNominatimFallback
FNDA:69,(anonymous_20)
FNDA:6,hydrateAiPlaces
FNDA:177,(anonymous_22)
FNDA:3,(anonymous_23)
FNDA:1,(anonymous_24)
FNDA:1,(anonymous_25)
DA:9,3
DA:10,3
DA:11,3
DA:15,3
DA:18,7
DA:54,7
DA:55,7
DA:63,7
DA:64,7
DA:65,7
DA:66,7
DA:84,7
DA:87,7
DA:90,7
DA:92,7
DA:93,7
DA:96,4
DA:97,4
DA:99,1
DA:101,1
DA:102,1
DA:103,1
DA:104,1
DA:109,4
DA:110,3
DA:111,3
DA:113,3
DA:114,3
DA:115,3
DA:116,3
DA:119,3
DA:123,7
DA:124,1
DA:125,1
DA:128,6
DA:130,6
DA:131,12
DA:132,12
DA:133,12
DA:134,11
DA:135,9
DA:136,6
DA:137,12
DA:138,12
DA:139,10
DA:140,10
DA:141,10
DA:142,10
DA:165,4
DA:166,4
DA:170,4
DA:171,3
DA:172,3
DA:173,3
DA:174,3
DA:175,8
DA:177,5
DA:178,5
DA:181,5
DA:199,48
DA:200,48
DA:202,48
DA:209,48
DA:210,48
DA:211,48
DA:213,41
DA:214,41
DA:215,41
DA:216,42
DA:217,42
DA:218,42
DA:219,42
DA:220,42
DA:221,42
DA:222,42
DA:223,42
DA:224,42
DA:225,42
DA:226,42
DA:230,41
DA:231,41
DA:232,41
DA:233,39
DA:252,9
DA:253,9
DA:256,9
DA:257,9
DA:261,8
DA:262,7
DA:264,1
DA:267,7
DA:268,7
DA:270,2
DA:271,2
DA:272,2
DA:273,2
DA:274,2
DA:275,2
DA:276,2
DA:277,2
DA:278,2
DA:279,2
DA:280,2
DA:281,2
DA:282,2
DA:283,2
DA:286,2
DA:287,2
DA:288,2
DA:289,1
DA:293,48
DA:294,48
DA:299,9
DA:303,11
DA:306,11
DA:307,11
DA:308,8
DA:309,8
DA:310,5
DA:311,5
DA:314,11
DA:315,11
DA:316,11
DA:318,11
DA:319,5
DA:320,5
DA:321,5
DA:323,5
DA:324,5
DA:325,5
DA:326,4
DA:327,4
DA:331,5
DA:334,11
DA:335,11
DA:339,2
DA:345,2
DA:346,2
DA:347,2
DA:348,2
DA:350,2
DA:351,5
DA:352,5
DA:353,5
DA:354,5
DA:355,5
DA:356,5
DA:357,5
DA:369,5
DA:373,2
DA:374,2
DA:378,4
DA:412,4
DA:413,4
DA:414,4
DA:415,4
DA:417,4
DA:418,30
DA:419,30
DA:420,30
DA:421,29
DA:422,29
DA:423,29
DA:424,29
DA:436,29
DA:440,4
DA:441,4
DA:445,10
DA:450,10
DA:455,10
DA:476,10
DA:479,10
DA:483,10
DA:484,10
DA:486,10
DA:487,70
DA:488,70
DA:489,70
DA:490,70
DA:494,69
DA:495,69
DA:497,69
DA:498,55
DA:499,55
DA:500,55
DA:502,55
DA:503,55
DA:506,48
DA:507,48
DA:510,48
DA:512,41
DA:514,41
DA:516,41
DA:519,41
DA:522,34
DA:523,27
DA:525,27
DA:526,27
DA:527,15
DA:529,15
DA:530,15
DA:542,69
DA:546,10
DA:553,10
DA:554,8
DA:572,8
DA:573,56
DA:574,56
DA:575,56
DA:576,56
DA:580,56
DA:581,56
DA:582,56
DA:584,56
DA:585,14
DA:586,14
DA:587,14
DA:589,14
DA:590,14
DA:592,14
DA:593,14
DA:594,14
DA:596,14
DA:597,14
DA:598,14
DA:599,7
DA:601,7
DA:602,7
DA:603,1
DA:605,1
DA:606,1
DA:620,8
DA:623,10
DA:627,6
DA:628,6
DA:629,6
DA:631,6
DA:632,24
DA:633,24
DA:634,177
DA:637,24
DA:638,3
DA:639,3
DA:641,1
DA:642,1
DA:643,1
DA:647,24
DA:648,23
DA:657,1
DA:661,6
DA:662,6
DA:664,1
DA:669,3
LF:253
LH:253
BRDA:54,0,0,7
BRDA:54,0,1,0
BRDA:54,1,0,7
BRDA:54,1,1,0
BRDA:55,2,0,7
BRDA:55,2,1,0
BRDA:63,3,0,7
BRDA:63,3,1,0
BRDA:97,4,0,1
BRDA:97,4,1,3
BRDA:102,5,0,1
BRDA:102,5,1,0
BRDA:109,6,0,3
BRDA:109,6,1,1
BRDA:116,7,0,3
BRDA:116,7,1,0
BRDA:119,8,0,2
BRDA:119,8,1,1
BRDA:123,9,0,1
BRDA:123,9,1,6
BRDA:123,10,0,7
BRDA:123,10,1,6
BRDA:131,11,0,12
BRDA:131,11,1,0
BRDA:133,12,0,1
BRDA:133,12,1,11
BRDA:134,13,0,2
BRDA:134,13,1,9
BRDA:135,14,0,3
BRDA:135,14,1,6
BRDA:136,15,0,6
BRDA:136,15,1,0
BRDA:137,16,0,12
BRDA:137,16,1,1
BRDA:138,17,0,2
BRDA:138,17,1,10
BRDA:139,18,0,10
BRDA:139,18,1,7
BRDA:140,19,0,2
BRDA:140,19,1,8
BRDA:141,20,0,1
BRDA:141,20,1,9
BRDA:141,21,0,9
BRDA:141,21,1,0
BRDA:148,22,0,10
BRDA:148,22,1,7
BRDA:149,23,0,10
BRDA:149,23,1,7
BRDA:149,24,0,0
BRDA:149,24,1,7
BRDA:150,25,0,10
BRDA:150,25,1,7
BRDA:150,26,0,0
BRDA:150,26,1,7
BRDA:151,27,0,10
BRDA:151,27,1,10
BRDA:152,28,0,10
BRDA:152,28,1,10
BRDA:156,29,0,10
BRDA:156,29,1,7
BRDA:157,30,0,10
BRDA:157,30,1,10
BRDA:170,31,0,1
BRDA:170,31,1,3
BRDA:174,32,0,3
BRDA:174,32,1,0
BRDA:175,33,0,8
BRDA:175,33,1,6
BRDA:175,33,2,6
BRDA:178,34,0,1
BRDA:178,34,1,4
BRDA:179,35,0,1
BRDA:179,35,1,3
BRDA:186,36,0,1
BRDA:186,36,1,4
BRDA:196,37,0,0
BRDA:209,38,0,0
BRDA:209,38,1,48
BRDA:211,39,0,7
BRDA:211,39,1,41
BRDA:211,40,0,48
BRDA:211,40,1,48
BRDA:214,41,0,41
BRDA:214,41,1,0
BRDA:218,42,0,0
BRDA:218,42,1,42
BRDA:218,43,0,42
BRDA:218,43,1,42
BRDA:220,44,0,42
BRDA:220,44,1,0
BRDA:221,45,0,42
BRDA:221,45,1,0
BRDA:223,46,0,2
BRDA:223,46,1,40
BRDA:223,47,0,42
BRDA:223,47,1,42
BRDA:224,48,0,8
BRDA:224,48,1,34
BRDA:224,49,0,42
BRDA:224,49,1,42
BRDA:224,50,0,42
BRDA:224,50,1,0
BRDA:225,51,0,8
BRDA:225,51,1,34
BRDA:225,52,0,42
BRDA:225,52,1,0
BRDA:226,53,0,42
BRDA:226,53,1,0
BRDA:226,54,0,42
BRDA:226,54,1,1
BRDA:230,55,0,0
BRDA:230,55,1,41
BRDA:231,56,0,6
BRDA:231,56,1,35
BRDA:232,57,0,2
BRDA:232,57,1,39
BRDA:251,58,0,0
BRDA:261,59,0,1
BRDA:261,59,1,7
BRDA:267,60,0,2
BRDA:267,60,1,5
BRDA:268,61,0,5
BRDA:268,61,1,2
BRDA:271,62,0,2
BRDA:271,62,1,0
BRDA:275,63,0,0
BRDA:275,63,1,2
BRDA:275,64,0,2
BRDA:275,64,1,2
BRDA:277,65,0,2
BRDA:277,65,1,0
BRDA:278,66,0,2
BRDA:278,66,1,1
BRDA:278,66,2,1
BRDA:279,67,0,2
BRDA:279,67,1,0
BRDA:281,68,0,1
BRDA:281,68,1,1
BRDA:281,69,0,2
BRDA:281,69,1,2
BRDA:282,70,0,2
BRDA:282,70,1,0
BRDA:282,71,0,2
BRDA:282,71,1,2
BRDA:282,72,0,2
BRDA:282,72,1,0
BRDA:283,73,0,2
BRDA:283,73,1,0
BRDA:283,74,0,2
BRDA:283,74,1,0
BRDA:286,75,0,0
BRDA:286,75,1,2
BRDA:287,76,0,0
BRDA:287,76,1,2
BRDA:288,77,0,1
BRDA:288,77,1,1
BRDA:292,78,0,0
BRDA:294,79,0,39
BRDA:294,79,1,9
BRDA:308,80,0,8
BRDA:308,80,1,0
BRDA:309,81,0,3
BRDA:309,81,1,5
BRDA:309,82,0,8
BRDA:309,82,1,8
BRDA:309,82,2,7
BRDA:324,83,0,5
BRDA:324,83,1,0
BRDA:325,84,0,4
BRDA:325,84,1,1
BRDA:331,85,0,0
BRDA:331,85,1,5
BRDA:345,86,0,2
BRDA:345,86,1,0
BRDA:346,87,0,2
BRDA:346,87,1,1
BRDA:353,88,0,0
BRDA:353,88,1,5
BRDA:355,89,0,0
BRDA:355,89,1,5
BRDA:412,90,0,4
BRDA:412,90,1,0
BRDA:413,91,0,4
BRDA:413,91,1,1
BRDA:420,92,0,1
BRDA:420,92,1,29
BRDA:422,93,0,0
BRDA:422,93,1,29
BRDA:430,94,0,0
BRDA:430,94,1,29
BRDA:431,95,0,0
BRDA:431,95,1,29
BRDA:444,96,0,10
BRDA:445,97,0,10
BRDA:479,98,0,0
BRDA:479,98,1,10
BRDA:494,99,0,0
BRDA:494,99,1,69
BRDA:497,100,0,69
BRDA:497,100,1,0
BRDA:500,101,0,0
BRDA:500,101,1,55
BRDA:500,102,0,55
BRDA:500,102,1,55
BRDA:503,103,0,7
BRDA:503,103,1,48
BRDA:503,104,0,0
BRDA:503,104,1,55
BRDA:506,105,0,48
BRDA:506,105,1,0
BRDA:507,106,0,48
BRDA:507,106,1,0
BRDA:510,107,0,7
BRDA:510,107,1,41
BRDA:512,108,0,0
BRDA:512,108,1,41
BRDA:514,109,0,41
BRDA:514,109,1,0
BRDA:514,110,0,41
BRDA:514,110,1,0
BRDA:515,111,0,0
BRDA:515,111,1,0
BRDA:516,112,0,0
BRDA:516,112,1,41
BRDA:516,113,0,41
BRDA:516,113,1,41
BRDA:519,114,0,7
BRDA:519,114,1,34
BRDA:522,115,0,7
BRDA:522,115,1,27
BRDA:523,116,0,0
BRDA:523,116,1,27
BRDA:526,117,0,12
BRDA:526,117,1,15
BRDA:535,118,0,0
BRDA:535,118,1,15
BRDA:536,119,0,0
BRDA:536,119,1,15
BRDA:553,120,0,8
BRDA:553,120,1,2
BRDA:580,121,0,0
BRDA:580,121,1,56
BRDA:582,122,0,14
BRDA:582,122,1,42
BRDA:587,123,0,0
BRDA:587,123,1,14
BRDA:587,124,0,14
BRDA:587,124,1,14
BRDA:590,125,0,0
BRDA:590,125,1,14
BRDA:590,126,0,0
BRDA:590,126,1,14
BRDA:592,127,0,14
BRDA:592,127,1,0
BRDA:593,128,0,14
BRDA:593,128,1,0
BRDA:594,129,0,0
BRDA:594,129,1,14
BRDA:596,130,0,14
BRDA:596,130,1,0
BRDA:597,131,0,0
BRDA:597,131,1,14
BRDA:597,132,0,14
BRDA:597,132,1,14
BRDA:598,133,0,7
BRDA:598,133,1,7
BRDA:599,134,0,0
BRDA:599,134,1,7
BRDA:602,135,0,6
BRDA:602,135,1,1
BRDA:611,136,0,0
BRDA:611,136,1,1
BRDA:612,137,0,0
BRDA:612,137,1,1
BRDA:627,138,0,6
BRDA:627,138,1,0
BRDA:632,139,0,24
BRDA:632,139,1,0
BRDA:633,140,0,24
BRDA:633,140,1,0
BRDA:634,141,0,177
BRDA:634,141,1,0
BRDA:637,142,0,3
BRDA:637,142,1,21
BRDA:638,143,0,3
BRDA:638,143,1,0
BRDA:642,144,0,0
BRDA:642,144,1,1
BRDA:643,145,0,1
BRDA:643,145,1,0
BRDA:643,146,0,1
BRDA:643,146,1,0
BRDA:647,147,0,23
BRDA:647,147,1,1
BRDA:652,148,0,23
BRDA:652,148,1,21
BRDA:652,149,0,2
BRDA:652,149,1,19
BRDA:652,150,0,21
BRDA:652,150,1,0
BRDA:654,151,0,23
BRDA:654,151,1,0
BRDA:654,152,0,23
BRDA:654,152,1,0
BRF:304
BRH:221
end_of_record
TN:
SF:services/timeIntelligence.js
FN:16,t2m
FN:22,m2t
FN:28,inWindow
FN:29,(anonymous_3)
FN:44,getISTParts
FN:46,(anonymous_5)
FN:46,(anonymous_6)
FN:58,getSeason
FN:66,categoryRules
FN:75,computeSunTimes
FN:88,calc
FN:127,getDaypart
FN:143,getPlaceState
FN:298,predictCrowd
FN:323,applyWeightSet
FN:340,personalizeScore
FN:357,getBatchState
FN:358,(anonymous_17)
FN:364,suggestOpenAlternatives
FN:366,(anonymous_19)
FN:367,(anonymous_20)
FN:368,(anonymous_21)
FN:370,(anonymous_22)
FNF:23
FNH:23
FNDA:2089,t2m
FNDA:474,m2t
FNDA:468,inWindow
FNDA:898,(anonymous_3)
FNDA:234,getISTParts
FNDA:936,(anonymous_5)
FNDA:5616,(anonymous_6)
FNDA:234,getSeason
FNDA:234,categoryRules
FNDA:236,computeSunTimes
FNDA:470,calc
FNDA:234,getDaypart
FNDA:234,getPlaceState
FNDA:238,predictCrowd
FNDA:8,applyWeightSet
FNDA:13,personalizeScore
FNDA:9,getBatchState
FNDA:208,(anonymous_17)
FNDA:5,suggestOpenAlternatives
FNDA:18,(anonymous_19)
FNDA:13,(anonymous_20)
FNDA:13,(anonymous_21)
FNDA:4,(anonymous_22)
DA:13,4
DA:17,2089
DA:18,2084
DA:19,2084
DA:20,2084
DA:23,474
DA:24,474
DA:25,474
DA:26,474
DA:29,898
DA:32,4
DA:38,4
DA:45,234
DA:46,5616
DA:47,234
DA:48,234
DA:49,234
DA:50,234
DA:51,234
DA:60,234
DA:61,1
DA:62,1
DA:63,0
DA:67,234
DA:76,236
DA:77,236
DA:78,1
DA:80,235
DA:81,235
DA:82,0
DA:84,235
DA:85,235
DA:86,235
DA:89,470
DA:90,470
DA:91,470
DA:92,470
DA:93,470
DA:94,470
DA:95,470
DA:96,470
DA:97,470
DA:98,470
DA:99,470
DA:100,470
DA:102,470
DA:104,470
DA:105,470
DA:106,470
DA:107,470
DA:108,470
DA:109,470
DA:110,470
DA:111,470
DA:112,470
DA:113,470
DA:114,470
DA:115,470
DA:118,235
DA:120,0
DA:128,234
DA:129,232
DA:130,225
DA:131,17
DA:132,15
DA:133,0
DA:144,234
DA:145,234
DA:146,234
DA:148,234
DA:149,234
DA:150,234
DA:151,234
DA:152,234
DA:153,234
DA:154,234
DA:155,234
DA:157,234
DA:158,234
DA:160,234
DA:161,234
DA:164,234
DA:165,234
DA:166,234
DA:168,234
DA:169,234
DA:174,234
DA:175,234
DA:176,234
DA:177,234
DA:178,234
DA:180,234
DA:181,234
DA:183,234
DA:184,7
DA:185,227
DA:186,1
DA:187,1
DA:188,1
DA:189,226
DA:190,6
DA:191,220
DA:192,206
DA:193,1
DA:194,1
DA:196,205
DA:198,206
DA:199,14
DA:200,2
DA:201,0
DA:202,0
DA:204,2
DA:206,12
DA:207,12
DA:208,2
DA:209,2
DA:211,10
DA:216,234
DA:217,234
DA:218,5
DA:219,2
DA:221,5
DA:222,1
DA:224,5
DA:225,1
DA:230,234
DA:233,234
DA:235,234
DA:242,234
DA:243,234
DA:244,234
DA:245,234
DA:246,234
DA:247,234
DA:248,234
DA:249,234
DA:250,234
DA:251,234
DA:254,234
DA:255,234
DA:256,2
DA:258,234
DA:259,0
DA:261,234
DA:262,4
DA:264,234
DA:265,6
DA:268,234
DA:299,238
DA:300,238
DA:301,238
DA:302,238
DA:303,238
DA:305,238
DA:306,235
DA:307,220
DA:308,6
DA:309,4
DA:315,4
DA:324,8
DA:325,38
DA:326,38
DA:327,37
DA:328,34
DA:329,34
DA:331,8
DA:341,13
DA:342,13
DA:343,1
DA:344,1
DA:346,13
DA:347,7
DA:348,7
DA:350,13
DA:358,208
DA:365,5
DA:366,18
DA:367,13
DA:368,13
DA:370,4
DA:373,4
LF:181
LH:174
BRDA:16,0,0,1385
BRDA:17,1,0,5
BRDA:17,1,1,2084
BRDA:17,2,0,2089
BRDA:17,2,1,2085
BRDA:17,2,2,2085
BRDA:19,3,0,0
BRDA:19,3,1,2084
BRDA:19,4,0,2084
BRDA:19,4,1,2084
BRDA:29,5,0,468
BRDA:29,5,1,0
BRDA:29,6,0,898
BRDA:29,6,1,475
BRDA:60,7,0,233
BRDA:60,7,1,1
BRDA:61,8,0,0
BRDA:61,8,1,1
BRDA:62,9,0,1
BRDA:62,9,1,0
BRDA:67,10,0,234
BRDA:67,10,1,204
BRDA:77,11,0,1
BRDA:77,11,1,235
BRDA:77,12,0,236
BRDA:77,12,1,235
BRDA:80,13,0,235
BRDA:80,13,1,0
BRDA:81,14,0,0
BRDA:81,14,1,235
BRDA:89,15,0,235
BRDA:89,15,1,235
BRDA:104,16,0,0
BRDA:104,16,1,470
BRDA:104,17,0,470
BRDA:104,17,1,470
BRDA:105,18,0,235
BRDA:105,18,1,235
BRDA:118,19,0,235
BRDA:118,19,1,0
BRDA:118,20,0,235
BRDA:118,20,1,0
BRDA:128,21,0,2
BRDA:128,21,1,232
BRDA:128,22,0,234
BRDA:128,22,1,234
BRDA:129,23,0,7
BRDA:129,23,1,225
BRDA:129,24,0,232
BRDA:129,24,1,232
BRDA:130,25,0,208
BRDA:130,25,1,17
BRDA:130,26,0,225
BRDA:130,26,1,225
BRDA:131,27,0,2
BRDA:131,27,1,15
BRDA:131,28,0,17
BRDA:131,28,1,17
BRDA:132,29,0,15
BRDA:132,29,1,0
BRDA:132,30,0,15
BRDA:132,30,1,0
BRDA:143,31,0,0
BRDA:143,32,0,9
BRDA:144,33,0,234
BRDA:144,33,1,0
BRDA:146,34,0,234
BRDA:146,34,1,207
BRDA:153,35,0,234
BRDA:153,35,1,234
BRDA:160,36,0,1
BRDA:160,36,1,233
BRDA:161,37,0,208
BRDA:161,37,1,26
BRDA:164,38,0,234
BRDA:164,38,1,5
BRDA:165,39,0,234
BRDA:165,39,1,233
BRDA:166,40,0,234
BRDA:166,40,1,233
BRDA:166,40,2,7
BRDA:166,40,3,1
BRDA:166,40,4,0
BRDA:168,41,0,227
BRDA:168,41,1,7
BRDA:168,42,0,226
BRDA:168,42,1,1
BRDA:169,43,0,7
BRDA:169,43,1,227
BRDA:170,44,0,1
BRDA:170,44,1,6
BRDA:170,45,0,1
BRDA:170,45,1,5
BRDA:175,46,0,234
BRDA:175,46,1,234
BRDA:176,47,0,234
BRDA:176,47,1,234
BRDA:183,48,0,7
BRDA:183,48,1,227
BRDA:184,49,0,1
BRDA:184,49,1,6
BRDA:185,50,0,1
BRDA:185,50,1,226
BRDA:186,51,0,1
BRDA:186,51,1,0
BRDA:187,52,0,1
BRDA:187,52,1,0
BRDA:189,53,0,6
BRDA:189,53,1,220
BRDA:189,54,0,226
BRDA:189,54,1,220
BRDA:191,55,0,206
BRDA:191,55,1,14
BRDA:192,56,0,1
BRDA:192,56,1,205
BRDA:192,57,0,206
BRDA:192,57,1,1
BRDA:192,57,2,1
BRDA:199,58,0,2
BRDA:199,58,1,12
BRDA:200,59,0,0
BRDA:200,59,1,2
BRDA:206,60,0,12
BRDA:206,60,1,0
BRDA:207,61,0,2
BRDA:207,61,1,10
BRDA:217,62,0,5
BRDA:217,62,1,229
BRDA:218,63,0,2
BRDA:218,63,1,3
BRDA:218,64,0,5
BRDA:218,64,1,2
BRDA:221,65,0,1
BRDA:221,65,1,4
BRDA:221,66,0,5
BRDA:221,66,1,2
BRDA:224,67,0,1
BRDA:224,67,1,4
BRDA:224,68,0,5
BRDA:224,68,1,2
BRDA:224,68,2,2
BRDA:224,68,3,1
BRDA:233,69,0,234
BRDA:233,69,1,234
BRDA:235,70,0,0
BRDA:235,70,1,234
BRDA:235,71,0,234
BRDA:235,71,1,234
BRDA:235,71,2,1
BRDA:237,72,0,1
BRDA:237,72,1,233
BRDA:237,73,0,234
BRDA:237,73,1,234
BRDA:243,74,0,227
BRDA:243,74,1,7
BRDA:244,75,0,2
BRDA:244,75,1,232
BRDA:244,76,0,234
BRDA:244,76,1,227
BRDA:244,76,2,227
BRDA:245,77,0,1
BRDA:245,77,1,233
BRDA:246,78,0,0
BRDA:246,78,1,234
BRDA:247,79,0,1
BRDA:247,79,1,233
BRDA:247,80,0,234
BRDA:247,80,1,5
BRDA:248,81,0,2
BRDA:248,81,1,232
BRDA:248,82,0,234
BRDA:248,82,1,5
BRDA:248,83,0,5
BRDA:248,83,1,3
BRDA:249,84,0,4
BRDA:249,84,1,230
BRDA:249,85,0,234
BRDA:249,85,1,232
BRDA:250,86,0,1
BRDA:250,86,1,233
BRDA:250,87,0,234
BRDA:250,87,1,5
BRDA:250,87,2,2
BRDA:250,87,3,2
BRDA:250,87,4,1
BRDA:250,87,5,1
BRDA:251,88,0,4
BRDA:251,88,1,230
BRDA:251,89,0,234
BRDA:251,89,1,5
BRDA:255,90,0,2
BRDA:255,90,1,232
BRDA:255,91,0,234
BRDA:255,91,1,227
BRDA:255,91,2,227
BRDA:258,92,0,0
BRDA:258,92,1,234
BRDA:258,93,0,234
BRDA:258,93,1,0
BRDA:258,93,2,0
BRDA:261,94,0,4
BRDA:261,94,1,230
BRDA:261,95,0,234
BRDA:261,95,1,232
BRDA:264,96,0,6
BRDA:264,96,1,228
BRDA:264,97,0,234
BRDA:264,97,1,7
BRDA:265,98,0,6
BRDA:265,98,1,0
BRDA:300,99,0,238
BRDA:300,99,1,0
BRDA:301,100,0,2
BRDA:301,100,1,236
BRDA:302,101,0,6
BRDA:302,101,1,232
BRDA:303,102,0,2
BRDA:303,102,1,236
BRDA:303,103,0,238
BRDA:303,103,1,236
BRDA:305,104,0,3
BRDA:305,104,1,235
BRDA:306,105,0,15
BRDA:306,105,1,220
BRDA:307,106,0,214
BRDA:307,106,1,6
BRDA:308,107,0,2
BRDA:308,107,1,4
BRDA:325,108,0,0
BRDA:325,108,1,38
BRDA:325,109,0,38
BRDA:325,109,1,3
BRDA:326,110,0,1
BRDA:326,110,1,37
BRDA:326,111,0,38
BRDA:326,111,1,3
BRDA:327,112,0,3
BRDA:327,112,1,34
BRDA:327,113,0,37
BRDA:327,113,1,6
BRDA:328,114,0,0
BRDA:328,114,1,34
BRDA:328,115,0,34
BRDA:328,115,1,0
BRDA:329,116,0,5
BRDA:329,116,1,29
BRDA:340,117,0,1
BRDA:340,118,0,1
BRDA:344,119,0,1
BRDA:344,119,1,0
BRDA:346,120,0,7
BRDA:346,120,1,6
BRDA:346,121,0,13
BRDA:346,121,1,10
BRDA:346,121,2,7
BRDA:348,122,0,7
BRDA:348,122,1,0
BRDA:357,123,0,2
BRDA:357,124,0,3
BRDA:358,125,0,9
BRDA:358,125,1,1
BRDA:364,126,0,0
BRDA:364,127,0,2
BRDA:364,128,0,4
BRDA:365,129,0,5
BRDA:365,129,1,0
BRDA:366,130,0,18
BRDA:366,130,1,14
BRF:268
BRH:236
end_of_record
TN:
SF:utils/geo.js
FN:7,distKm
FN:30,isInIndia
FN:40,isValidCoords
FN:53,findClosest
FNF:4
FNH:4
FNDA:379,distKm
FNDA:6,isInIndia
FNDA:5,isValidCoords
FNDA:3,findClosest
DA:8,379
DA:9,379
DA:10,379
DA:12,379
DA:15,379
DA:22,5
DA:31,6
DA:41,5
DA:54,3
DA:55,3
DA:56,5
DA:57,3
DA:58,3
DA:60,3
DA:63,5
LF:15
LH:15
BRDA:32,0,0,6
BRDA:32,0,1,5
BRDA:32,0,2,3
BRDA:32,0,3,3
BRDA:42,1,0,5
BRDA:42,1,1,4
BRDA:42,1,2,4
BRDA:42,1,3,3
BRDA:42,1,4,3
BRDA:42,1,5,3
BRDA:42,1,6,2
BRDA:42,1,7,2
BRDA:56,2,0,2
BRDA:56,2,1,3
BRDA:58,3,0,3
BRDA:58,3,1,0
BRF:16
BRH:15
end_of_record
TN:
SF:utils/placesMerge.js
FN:12,filterPlacesByPrefs
FN:14,(anonymous_1)
FN:17,normalizeTokens
FN:23,(anonymous_3)
FN:25,(anonymous_4)
FN:26,(anonymous_5)
FN:29,tokenOverlap
FN:41,isConfidentWikiMatch
FN:49,dedupePlacesByName
FN:62,fallbackCategoryForQuery
FN:69,inferFallbackCategory
FN:77,visitMinutesForCat
FNF:12
FNH:12
FNDA:55,filterPlacesByPrefs
FNDA:11,(anonymous_1)
FNDA:34,normalizeTokens
FNDA:71,(anonymous_3)
FNDA:71,(anonymous_4)
FNDA:64,(anonymous_5)
FNDA:11,tokenOverlap
FNDA:6,isConfidentWikiMatch
FNDA:10,dedupePlacesByName
FNDA:22,fallbackCategoryForQuery
FNDA:19,inferFallbackCategory
FNDA:20,visitMinutesForCat
DA:13,55
DA:14,11
DA:18,34
DA:19,34
DA:23,71
DA:25,71
DA:26,64
DA:30,11
DA:31,11
DA:32,11
DA:34,10
DA:35,10
DA:36,15
DA:38,10
DA:42,6
DA:43,6
DA:44,6
DA:45,5
DA:46,1
DA:50,10
DA:51,10
DA:52,10
DA:53,30
DA:54,30
DA:55,28
DA:56,26
DA:57,26
DA:59,10
DA:63,22
DA:64,20
DA:65,17
DA:66,15
DA:70,19
DA:71,19
DA:72,18
DA:73,17
DA:74,17
DA:78,20
DA:79,19
DA:80,18
DA:81,15
DA:85,5
LF:42
LH:42
BRDA:12,0,0,0
BRDA:13,1,0,48
BRDA:13,1,1,7
BRDA:13,2,0,55
BRDA:13,2,1,55
BRDA:13,3,0,48
BRDA:13,3,1,0
BRDA:14,4,0,7
BRDA:14,4,1,1
BRDA:19,5,0,34
BRDA:19,5,1,4
BRDA:32,6,0,1
BRDA:32,6,1,10
BRDA:32,7,0,11
BRDA:32,7,1,10
BRDA:36,8,0,9
BRDA:36,8,1,6
BRDA:44,9,0,1
BRDA:44,9,1,5
BRDA:45,10,0,4
BRDA:45,10,1,1
BRDA:52,11,0,10
BRDA:52,11,1,1
BRDA:53,12,0,30
BRDA:53,12,1,0
BRDA:54,13,0,2
BRDA:54,13,1,28
BRDA:54,14,0,30
BRDA:54,14,1,30
BRDA:54,14,2,30
BRDA:55,15,0,2
BRDA:55,15,1,26
BRDA:55,16,0,28
BRDA:55,16,1,27
BRDA:63,17,0,2
BRDA:63,17,1,20
BRDA:64,18,0,3
BRDA:64,18,1,17
BRDA:65,19,0,2
BRDA:65,19,1,15
BRDA:70,20,0,19
BRDA:70,20,1,1
BRDA:70,21,0,19
BRDA:70,21,1,0
BRDA:70,22,0,19
BRDA:70,22,1,0
BRDA:70,23,0,19
BRDA:70,23,1,4
BRDA:71,24,0,1
BRDA:71,24,1,18
BRDA:72,25,0,1
BRDA:72,25,1,17
BRDA:73,26,0,0
BRDA:73,26,1,17
BRDA:78,27,0,1
BRDA:78,27,1,19
BRDA:79,28,0,1
BRDA:79,28,1,18
BRDA:80,29,0,3
BRDA:80,29,1,15
BRF:60
BRH:54
end_of_record
TN:
SF:utils/sanitize.js
FN:6,stripControlChars
FN:15,limitLength
FN:23,sanitizeMessage
FN:30,sanitizeCityName
FN:41,sanitizePlaceName
FN:53,validateBase64Image
FN:69,sanitizeStringArray
FN:73,(anonymous_7)
FN:74,(anonymous_8)
FN:86,sanitizeObjectArray
FN:88,(anonymous_10)
FN:100,sanitizeNumber
FNF:12
FNH:12
FNDA:123,stripControlChars
FNDA:121,limitLength
FNDA:118,sanitizeMessage
FNDA:5,sanitizeCityName
FNDA:2,sanitizePlaceName
FNDA:4,validateBase64Image
FNDA:4,sanitizeStringArray
FNDA:13,(anonymous_7)
FNDA:13,(anonymous_8)
FNDA:3,sanitizeObjectArray
FNDA:105,(anonymous_10)
FNDA:107,sanitizeNumber
DA:7,123
DA:9,120
DA:16,121
DA:17,121
DA:24,118
DA:31,5
DA:32,3
DA:42,2
DA:43,2
DA:54,4
DA:55,2
DA:58,2
DA:59,2
DA:60,2
DA:61,1
DA:63,1
DA:70,4
DA:71,2
DA:73,13
DA:74,13
DA:87,3
DA:88,3
DA:89,105
DA:90,102
DA:91,102
DA:92,102
DA:93,102
DA:101,107
DA:102,107
DA:103,105
DA:106,1
LF:31
LH:31
BRDA:7,0,0,3
BRDA:7,0,1,120
BRDA:15,1,0,1
BRDA:16,2,0,0
BRDA:16,2,1,121
BRDA:23,3,0,1
BRDA:31,4,0,2
BRDA:31,4,1,3
BRDA:42,5,0,0
BRDA:42,5,1,2
BRDA:53,6,0,2
BRDA:54,7,0,2
BRDA:54,7,1,2
BRDA:54,8,0,4
BRDA:54,8,1,3
BRDA:60,9,0,1
BRDA:60,9,1,1
BRDA:69,10,0,3
BRDA:69,11,0,3
BRDA:70,12,0,2
BRDA:70,12,1,2
BRDA:73,13,0,13
BRDA:73,13,1,1
BRDA:86,14,0,0
BRDA:86,15,0,0
BRDA:87,16,0,0
BRDA:87,16,1,3
BRDA:89,17,0,3
BRDA:89,17,1,102
BRDA:89,18,0,105
BRDA:89,18,1,103
BRDA:91,19,0,102
BRDA:91,19,1,0
BRDA:102,20,0,2
BRDA:102,20,1,105
BRF:35
BRH:29
end_of_record
