TN:
SF:config/index.js
FN:18,requireEnv
FN:23,configError
FN:134,(anonymous_2)
FN:147,resolveIndexHtmlPath
FN:158,distIsHealthy
FN:179,(anonymous_5)
FN:204,validateProductionConfig
FNF:7
FNH:7
FNDA:95,requireEnv
FNDA:2,configError
FNDA:380,(anonymous_2)
FNDA:5,resolveIndexHtmlPath
FNDA:2,distIsHealthy
FNDA:8,(anonymous_5)
FNDA:1,validateProductionConfig
DA:6,95
DA:7,95
DA:9,0
DA:14,95
DA:15,95
DA:19,95
DA:20,95
DA:24,2
DA:25,2
DA:26,2
DA:29,95
DA:32,95
DA:134,380
DA:144,95
DA:145,95
DA:147,95
DA:148,5
DA:149,5
DA:150,5
DA:151,5
DA:153,5
DA:154,1
DA:156,4
DA:159,2
DA:160,2
DA:161,2
DA:163,2
DA:164,2
DA:166,4
DA:167,2
DA:169,2
DA:170,4
DA:171,4
DA:174,4
DA:179,8
DA:181,2
DA:183,0
DA:187,4
DA:188,2
DA:189,0
DA:191,2
DA:192,2
DA:196,95
DA:205,1
DA:207,1
DA:208,1
DA:209,1
DA:210,1
DA:212,1
DA:213,1
DA:214,1
DA:217,1
DA:218,1
DA:220,0
DA:223,95
DA:225,95
LF:56
LH:52
BRDA:9,0,0,0
BRDA:9,0,1,0
BRDA:9,1,0,0
BRDA:9,1,1,0
BRDA:14,2,0,95
BRDA:14,2,1,0
BRDA:20,3,0,95
BRDA:20,3,1,46
BRDA:29,4,0,95
BRDA:29,4,1,80
BRDA:34,5,0,95
BRDA:34,5,1,95
BRDA:43,6,0,95
BRDA:43,6,1,95
BRDA:54,7,0,95
BRDA:54,7,1,95
BRDA:67,8,0,95
BRDA:67,8,1,90
BRDA:68,9,0,95
BRDA:68,9,1,95
BRDA:69,10,0,95
BRDA:69,10,1,95
BRDA:70,11,0,95
BRDA:70,11,1,95
BRDA:71,12,0,95
BRDA:71,12,1,95
BRDA:80,13,0,95
BRDA:80,13,1,94
BRDA:81,14,0,95
BRDA:81,14,1,95
BRDA:82,15,0,95
BRDA:82,15,1,95
BRDA:83,16,0,95
BRDA:83,16,1,88
BRDA:84,17,0,95
BRDA:84,17,1,95
BRDA:90,18,0,95
BRDA:90,18,1,95
BRDA:91,19,0,95
BRDA:91,19,1,95
BRDA:92,20,0,95
BRDA:92,20,1,95
BRDA:93,21,0,95
BRDA:93,21,1,95
BRDA:98,22,0,95
BRDA:98,22,1,95
BRDA:99,23,0,95
BRDA:99,23,1,95
BRDA:101,24,0,95
BRDA:101,24,1,95
BRDA:109,25,0,95
BRDA:109,25,1,95
BRDA:110,26,0,95
BRDA:110,26,1,95
BRDA:111,27,0,95
BRDA:111,27,1,95
BRDA:134,28,0,380
BRDA:134,28,1,380
BRDA:150,29,0,5
BRDA:150,29,1,4
BRDA:151,30,0,5
BRDA:151,30,1,4
BRDA:153,31,0,1
BRDA:153,31,1,4
BRDA:153,32,0,5
BRDA:153,32,1,1
BRDA:156,33,0,0
BRDA:156,33,1,4
BRDA:159,34,0,0
BRDA:159,34,1,2
BRDA:167,35,0,0
BRDA:167,35,1,2
BRDA:171,36,0,0
BRDA:171,36,1,4
BRDA:179,37,0,0
BRDA:179,37,1,4
BRDA:187,38,0,2
BRDA:187,38,1,2
BRDA:188,39,0,2
BRDA:188,39,1,0
BRDA:191,40,0,0
BRDA:191,40,1,2
BRDA:191,41,0,2
BRDA:191,41,1,0
BRDA:205,42,0,0
BRDA:205,42,1,1
BRDA:208,43,0,0
BRDA:208,43,1,1
BRDA:209,44,0,0
BRDA:209,44,1,1
BRDA:210,45,0,1
BRDA:210,45,1,0
BRDA:210,46,0,1
BRDA:210,46,1,1
BRDA:213,47,0,1
BRDA:213,47,1,0
BRDA:213,48,0,1
BRDA:213,48,1,1
BRDA:217,49,0,1
BRDA:217,49,1,0
BRF:100
BRH:81
end_of_record
TN:
SF:data/city-seeds.js
FN:8,staticCityPlaces
FN:207,(anonymous_1)
FNF:2
FNH:2
FNDA:11,staticCityPlaces
FNDA:56,(anonymous_1)
DA:9,11
DA:10,11
DA:206,11
DA:207,56
DA:216,1
LF:5
LH:5
BRDA:9,0,0,11
BRDA:9,0,1,0
BRDA:206,1,0,11
BRDA:206,1,1,4
BRDA:211,2,0,14
BRDA:211,2,1,42
BRDA:211,3,0,42
BRDA:211,3,1,0
BRDA:211,4,0,0
BRDA:211,4,1,0
BRDA:212,5,0,14
BRDA:212,5,1,42
BRF:12
BRH:8
end_of_record
TN:
SF:db/init.js
FN:19,(anonymous_0)
FN:34,initDatabase
FN:69,(anonymous_2)
FN:95,getDb
FN:103,closeDatabase
FNF:5
FNH:3
FNDA:0,(anonymous_0)
FNDA:5,initDatabase
FNDA:0,(anonymous_2)
FNDA:6,getDb
FNDA:10,closeDatabase
DA:2,5
DA:5,5
DA:6,5
DA:7,5
DA:17,5
DA:18,0
DA:19,0
DA:20,0
DA:21,0
DA:22,0
DA:25,5
DA:26,5
DA:28,5
DA:35,5
DA:36,1
DA:39,4
DA:41,0
DA:54,4
DA:55,4
DA:56,0
DA:59,4
DA:69,4
DA:71,0
DA:80,4
DA:81,4
DA:83,3
DA:85,1
DA:86,1
DA:89,3
DA:96,6
DA:97,1
DA:104,10
DA:105,4
DA:106,4
DA:107,4
DA:111,5
LF:36
LH:28
BRDA:17,0,0,0
BRDA:17,0,1,5
BRDA:18,1,0,0
BRDA:18,1,1,0
BRDA:35,2,0,1
BRDA:35,2,1,4
BRDA:39,3,0,0
BRDA:39,3,1,4
BRDA:39,4,0,4
BRDA:39,4,1,4
BRDA:39,4,2,0
BRDA:55,5,0,0
BRDA:55,5,1,4
BRDA:55,6,0,4
BRDA:55,6,1,0
BRDA:61,7,0,0
BRDA:61,7,1,4
BRDA:62,8,0,4
BRDA:62,8,1,4
BRDA:96,9,0,5
BRDA:96,9,1,1
BRDA:104,10,0,4
BRDA:104,10,1,6
BRF:23
BRH:15
end_of_record
TN:
SF:db/queries.js
FN:12,saveTrip
FN:20,getUserTrips
FN:32,getTripById
FN:38,getTripByShareToken
FN:44,updateTripShareToken
FN:49,deleteTrip
FN:58,addFavorite
FN:67,getUserFavorites
FN:81,removeFavorite
FN:86,isFavorite
FN:101,flushAnalyticsBuffer
FN:136,(anonymous_11)
FN:143,logApiUsage
FN:161,getApiUsageSummary
FN:193,getCachedPlaces
FN:207,setCachedPlaces
FN:220,deleteCachedPlaces
FN:225,purgeExpiredCache
FN:238,getCachedAiResponse
FN:247,setCachedAiResponse
FN:264,submitPlaceFeedback
FN:272,getPlaceFeedbackSummary
FN:283,getAllPlaceFeedback
FN:292,submitAppFeedback
FN:300,getAppFeedbackSummary
FN:313,logGeminiUsage
FN:328,getGeminiUsageSummary
FNF:27
FNH:18
FNDA:1,saveTrip
FNDA:1,getUserTrips
FNDA:2,getTripById
FNDA:0,getTripByShareToken
FNDA:0,updateTripShareToken
FNDA:1,deleteTrip
FNDA:1,addFavorite
FNDA:0,getUserFavorites
FNDA:1,removeFavorite
FNDA:2,isFavorite
FNDA:3,flushAnalyticsBuffer
FNDA:1,(anonymous_11)
FNDA:2,logApiUsage
FNDA:0,getApiUsageSummary
FNDA:3,getCachedPlaces
FNDA:1,setCachedPlaces
FNDA:0,deleteCachedPlaces
FNDA:1,purgeExpiredCache
FNDA:2,getCachedAiResponse
FNDA:0,setCachedAiResponse
FNDA:1,submitPlaceFeedback
FNDA:1,getPlaceFeedbackSummary
FNDA:0,getAllPlaceFeedback
FNDA:1,submitAppFeedback
FNDA:1,getAppFeedbackSummary
FNDA:0,logGeminiUsage
FNDA:0,getGeminiUsageSummary
DA:2,1
DA:6,1
DA:13,1
DA:14,1
DA:21,1
DA:22,1
DA:29,1
DA:33,2
DA:34,2
DA:35,2
DA:39,0
DA:40,0
DA:41,0
DA:45,0
DA:46,0
DA:50,1
DA:51,1
DA:59,1
DA:60,1
DA:68,0
DA:69,0
DA:70,0
DA:73,0
DA:75,0
DA:78,0
DA:82,1
DA:83,1
DA:87,2
DA:88,2
DA:91,2
DA:98,1
DA:99,1
DA:102,3
DA:103,2
DA:104,2
DA:106,2
DA:107,2
DA:108,2
DA:109,2
DA:110,2
DA:111,2
DA:115,2
DA:116,2
DA:118,1
DA:120,1
DA:121,1
DA:123,2
DA:128,1
DA:129,1
DA:130,1
DA:131,1
DA:132,1
DA:133,1
DA:134,1
DA:135,1
DA:136,1
DA:138,0
DA:144,2
DA:152,2
DA:153,1
DA:156,2
DA:157,0
DA:162,0
DA:163,0
DA:165,0
DA:177,0
DA:186,0
DA:194,3
DA:195,3
DA:199,3
DA:200,2
DA:201,2
DA:203,1
DA:208,1
DA:209,1
DA:210,1
DA:221,0
DA:222,0
DA:226,1
DA:227,1
DA:231,1
DA:239,2
DA:240,2
DA:244,2
DA:248,0
DA:249,0
DA:250,0
DA:265,1
DA:266,1
DA:273,1
DA:274,1
DA:280,1
DA:284,0
DA:285,0
DA:289,0
DA:293,1
DA:294,1
DA:301,1
DA:302,1
DA:306,1
DA:310,1
DA:314,0
DA:315,0
DA:316,0
DA:322,0
DA:323,0
DA:329,0
DA:330,0
DA:331,0
DA:332,0
DA:345,0
DA:347,0
DA:351,1
LF:113
LH:76
BRDA:17,0,0,1
BRDA:17,0,1,1
BRDA:20,1,0,1
BRDA:35,2,0,2
BRDA:35,2,1,1
BRDA:41,3,0,0
BRDA:41,3,1,0
BRDA:64,4,0,1
BRDA:64,4,1,1
BRDA:64,5,0,1
BRDA:64,5,1,1
BRDA:64,6,0,1
BRDA:64,6,1,1
BRDA:64,7,0,1
BRDA:64,7,1,1
BRDA:67,8,0,0
BRDA:69,9,0,0
BRDA:69,9,1,0
BRDA:102,10,0,1
BRDA:102,10,1,2
BRDA:146,11,0,2
BRDA:146,11,1,1
BRDA:147,12,0,2
BRDA:147,12,1,1
BRDA:149,13,0,2
BRDA:149,13,1,1
BRDA:152,14,0,1
BRDA:152,14,1,1
BRDA:156,15,0,0
BRDA:156,15,1,2
BRDA:161,16,0,0
BRDA:199,17,0,1
BRDA:199,17,1,2
BRDA:244,18,0,1
BRDA:244,18,1,1
BRDA:247,19,0,0
BRDA:269,20,0,1
BRDA:269,20,1,0
BRDA:269,21,0,1
BRDA:269,21,1,0
BRDA:269,22,0,1
BRDA:269,22,1,1
BRDA:280,23,0,1
BRDA:280,23,1,1
BRDA:283,24,0,0
BRDA:297,25,0,1
BRDA:297,25,1,1
BRDA:297,26,0,1
BRDA:297,26,1,1
BRDA:297,27,0,1
BRDA:297,27,1,0
BRDA:297,28,0,1
BRDA:297,28,1,1
BRDA:297,29,0,1
BRDA:297,29,1,1
BRDA:300,30,0,1
BRDA:310,31,0,1
BRDA:310,31,1,0
BRDA:319,32,0,0
BRDA:319,32,1,0
BRDA:319,33,0,0
BRDA:319,33,1,0
BRDA:319,34,0,0
BRDA:319,34,1,0
BRDA:319,35,0,0
BRDA:319,35,1,0
BRDA:319,36,0,0
BRDA:319,36,1,0
BRDA:322,37,0,0
BRDA:322,37,1,0
BRDA:328,38,0,0
BRF:71
BRH:45
end_of_record
TN:
SF:db/schema.js
FNF:0
FNH:0
DA:12,5
DA:188,5
LF:2
LH:2
BRF:0
BRH:0
end_of_record
TN:
SF:lib/apm.js
FN:10,validateApmConfig
FN:17,initSentry
FN:38,captureException
FN:42,(anonymous_3)
FN:59,getApmInfo
FNF:5
FNH:3
FNDA:0,validateApmConfig
FNDA:7,initSentry
FNDA:7,captureException
FNDA:0,(anonymous_3)
FNDA:1,getApmInfo
DA:2,11
DA:3,11
DA:4,11
DA:5,11
DA:6,11
DA:7,11
DA:11,0
DA:12,0
DA:14,0
DA:18,7
DA:19,7
DA:20,7
DA:21,0
DA:22,0
DA:23,0
DA:30,0
DA:31,0
DA:33,0
DA:35,0
DA:39,7
DA:40,7
DA:41,7
DA:42,0
DA:43,0
DA:44,0
DA:45,0
DA:46,0
DA:60,1
DA:63,11
LF:29
LH:14
BRDA:3,0,0,11
BRDA:3,0,1,11
BRDA:3,0,2,11
BRDA:3,0,3,11
BRDA:4,1,0,11
BRDA:4,1,1,11
BRDA:5,2,0,11
BRDA:5,2,1,11
BRDA:11,3,0,0
BRDA:11,3,1,0
BRDA:11,4,0,0
BRDA:11,4,1,0
BRDA:11,4,2,0
BRDA:18,5,0,0
BRDA:18,5,1,7
BRDA:20,6,0,7
BRDA:20,6,1,0
BRDA:25,7,0,0
BRDA:25,7,1,0
BRDA:27,8,0,0
BRDA:27,8,1,0
BRDA:38,9,0,1
BRDA:41,10,0,0
BRDA:41,10,1,7
BRDA:43,11,0,0
BRDA:43,11,1,0
BRDA:44,12,0,0
BRDA:44,12,1,0
BRF:28
BRH:12
end_of_record
TN:
SF:lib/auditLog.js
FN:8,writeAudit
FNF:1
FNH:1
FNDA:2,writeAudit
DA:6,2
DA:9,2
DA:20,2
DA:22,2
DA:23,2
DA:24,2
DA:25,0
DA:26,0
DA:44,2
LF:9
LH:7
BRDA:12,0,0,2
BRDA:12,0,1,2
BRDA:13,1,0,2
BRDA:13,1,1,2
BRDA:14,2,0,2
BRDA:14,2,1,0
BRDA:15,3,0,2
BRDA:15,3,1,2
BRDA:16,4,0,2
BRDA:16,4,1,2
BRDA:17,5,0,2
BRDA:17,5,1,2
BRDA:25,6,0,0
BRDA:25,6,1,0
BRDA:34,7,0,0
BRDA:34,7,1,0
BRDA:35,8,0,0
BRDA:35,8,1,0
BRDA:36,9,0,0
BRDA:36,9,1,0
BRF:20
BRH:11
end_of_record
TN:
SF:lib/clusterBootstrap.js
FN:8,resolveWorkerCount
FN:34,startPrimary
FN:62,(anonymous_2)
FN:70,(anonymous_3)
FN:79,(anonymous_4)
FN:80,(anonymous_5)
FNF:6
FNH:2
FNDA:3,resolveWorkerCount
FNDA:1,startPrimary
FNDA:0,(anonymous_2)
FNDA:0,(anonymous_3)
FNDA:0,(anonymous_4)
FNDA:0,(anonymous_5)
DA:9,3
DA:10,3
DA:12,3
DA:14,2
DA:16,2
DA:17,1
DA:18,1
DA:21,1
DA:22,1
DA:25,2
DA:26,0
DA:31,2
DA:42,1
DA:44,1
DA:45,1
DA:47,1
DA:48,1
DA:50,0
DA:53,1
DA:54,2
DA:57,0
DA:58,0
DA:59,0
DA:62,1
DA:63,0
DA:67,0
DA:70,1
DA:71,0
DA:72,0
DA:73,0
DA:75,0
DA:79,1
DA:80,1
DA:83,1
LF:34
LH:23
BRDA:9,0,0,3
BRDA:9,0,1,0
BRDA:10,1,0,0
BRDA:10,1,1,3
BRDA:12,2,0,2
BRDA:12,2,1,1
BRDA:12,3,0,3
BRDA:12,3,1,3
BRDA:16,4,0,1
BRDA:16,4,1,1
BRDA:25,5,0,0
BRDA:25,5,1,2
BRDA:25,6,0,2
BRDA:25,6,1,1
BRDA:25,6,2,0
BRF:15
BRH:11
end_of_record
TN:
SF:lib/featureFlags.js
FN:17,getFlag
FN:23,setFlag
FN:28,clearOverride
FN:32,listFlags
FN:40,maintenanceGuard
FN:50,requireAiEnabled
FNF:6
FNH:5
FNDA:13,getFlag
FNDA:3,setFlag
FNDA:9,clearOverride
FNDA:1,listFlags
FNDA:2,maintenanceGuard
FNDA:0,requireAiEnabled
DA:5,1
DA:15,1
DA:18,13
DA:19,7
DA:20,0
DA:24,3
DA:25,3
DA:29,9
DA:33,1
DA:34,1
DA:35,7
DA:36,1
DA:41,2
DA:42,2
DA:43,1
DA:51,0
DA:52,0
DA:55,1
LF:18
LH:15
BRDA:18,0,0,6
BRDA:18,0,1,7
BRDA:19,1,0,7
BRDA:19,1,1,0
BRDA:41,2,0,0
BRDA:41,2,1,2
BRDA:42,3,0,1
BRDA:42,3,1,1
BRDA:42,4,0,2
BRDA:42,4,1,1
BRDA:51,5,0,0
BRDA:51,5,1,0
BRF:12
BRH:8
end_of_record
TN:
SF:lib/httpAgent.js
FNF:0
FNH:0
DA:24,26
DA:26,26
DA:33,26
LF:3
LH:3
BRF:0
BRH:0
end_of_record
TN:
SF:lib/logger.js
FNF:0
FNH:0
DA:19,87
DA:21,87
DA:23,87
DA:25,87
DA:42,87
LF:5
LH:5
BRDA:21,0,0,87
BRDA:21,0,1,86
BRDA:21,1,0,7
BRDA:21,1,1,79
BRDA:29,2,0,7
BRDA:29,2,1,80
BRDA:39,3,0,7
BRDA:39,3,1,80
BRF:8
BRH:8
end_of_record
TN:
SF:lib/multiRegion.js
FN:6,getRegionInfo
FN:16,assertHaConfig
FN:25,getReadDatabaseUrl
FNF:3
FNH:1
FNDA:1,getRegionInfo
FNDA:0,assertHaConfig
FNDA:0,getReadDatabaseUrl
DA:2,1
DA:3,1
DA:4,1
DA:7,1
DA:17,0
DA:18,0
DA:19,0
DA:20,0
DA:26,0
DA:29,1
LF:10
LH:5
BRDA:3,0,0,1
BRDA:3,0,1,1
BRDA:3,0,2,1
BRDA:3,0,3,1
BRDA:4,1,0,1
BRDA:4,1,1,1
BRDA:9,2,0,1
BRDA:9,2,1,0
BRDA:12,3,0,1
BRDA:12,3,1,1
BRDA:17,4,0,0
BRDA:17,4,1,0
BRDA:17,5,0,0
BRDA:17,5,1,0
BRDA:17,5,2,0
BRDA:18,6,0,0
BRDA:18,6,1,0
BRDA:26,7,0,0
BRDA:26,7,1,0
BRDA:26,7,2,0
BRF:20
BRH:9
end_of_record
TN:
SF:lib/slo.js
FN:15,recordRequest
FN:23,percentile
FN:29,getSloReport
FN:33,(anonymous_3)
FN:35,(anonymous_4)
FN:37,(anonymous_5)
FN:37,(anonymous_6)
FN:59,sloMiddleware
FN:60,sloTracker
FN:62,(anonymous_9)
FNF:10
FNH:7
FNDA:3,recordRequest
FNDA:3,percentile
FNDA:1,getSloReport
FNDA:3,(anonymous_3)
FNDA:3,(anonymous_4)
FNDA:3,(anonymous_5)
FNDA:2,(anonymous_6)
FNDA:0,sloMiddleware
FNDA:0,sloTracker
FNDA:0,(anonymous_9)
DA:10,1
DA:11,1
DA:13,1
DA:16,3
DA:17,3
DA:18,3
DA:19,3
DA:20,3
DA:24,3
DA:25,3
DA:26,3
DA:30,1
DA:31,1
DA:32,1
DA:33,3
DA:34,1
DA:35,3
DA:36,1
DA:37,3
DA:38,1
DA:39,1
DA:40,1
DA:41,1
DA:43,1
DA:47,1
DA:60,0
DA:61,0
DA:62,0
DA:63,0
DA:64,0
DA:65,0
DA:67,0
DA:71,1
LF:33
LH:26
BRDA:17,0,0,3
BRDA:17,0,1,0
BRDA:17,1,0,3
BRDA:17,1,1,0
BRDA:20,2,0,3
BRDA:20,2,1,3
BRDA:24,3,0,0
BRDA:24,3,1,3
BRDA:29,4,0,1
BRDA:30,5,0,1
BRDA:30,5,1,1
BRDA:31,6,0,1
BRDA:31,6,1,1
BRDA:36,7,0,1
BRDA:36,7,1,0
BRDA:43,8,0,0
BRDA:43,8,1,1
BRDA:55,9,0,1
BRDA:55,9,1,0
BRDA:65,10,0,0
BRDA:65,10,1,0
BRF:21
BRH:13
end_of_record
TN:
SF:middleware/adminAuth.js
FN:13,tryFirebaseAdminAuth
FN:44,requireAdminAuth
FN:61,requireAdminRole
FN:62,(anonymous_3)
FN:63,(anonymous_4)
FNF:5
FNH:5
FNDA:24,tryFirebaseAdminAuth
FNDA:24,requireAdminAuth
FNDA:5,requireAdminRole
FNDA:13,(anonymous_3)
FNDA:10,(anonymous_4)
DA:10,5
DA:11,5
DA:14,24
DA:15,24
DA:16,24
DA:18,15
DA:19,15
DA:20,14
DA:21,13
DA:22,13
DA:23,13
DA:24,13
DA:25,13
DA:28,1
DA:29,1
DA:35,1
DA:41,2
DA:45,24
DA:47,11
DA:48,11
DA:49,2
DA:55,9
DA:62,5
DA:63,13
DA:64,10
DA:65,10
DA:66,1
DA:71,9
DA:76,5
LF:29
LH:29
BRDA:14,0,0,24
BRDA:14,0,1,9
BRDA:16,1,0,9
BRDA:16,1,1,15
BRDA:20,2,0,13
BRDA:20,2,1,1
BRDA:20,3,0,14
BRDA:20,3,1,14
BRDA:22,4,0,13
BRDA:22,4,1,1
BRDA:23,5,0,13
BRDA:23,5,1,0
BRDA:28,6,0,1
BRDA:28,6,1,0
BRDA:45,7,0,13
BRDA:45,7,1,11
BRDA:48,8,0,2
BRDA:48,8,1,9
BRDA:64,9,0,10
BRDA:64,9,1,0
BRDA:65,10,0,1
BRDA:65,10,1,9
BRF:22
BRH:19
end_of_record
TN:
SF:middleware/apiVersion.js
FN:18,parseVersion
FN:32,apiVersion
FNF:2
FNH:2
FNDA:5,parseVersion
FNDA:5,apiVersion
DA:15,2
DA:16,2
DA:19,5
DA:20,5
DA:22,4
DA:23,4
DA:25,2
DA:26,2
DA:27,2
DA:29,2
DA:33,5
DA:34,5
DA:35,5
DA:36,1
DA:42,4
DA:43,4
DA:44,4
DA:47,2
LF:18
LH:18
BRDA:19,0,0,5
BRDA:19,0,1,5
BRDA:19,0,2,4
BRDA:20,1,0,1
BRDA:20,1,1,4
BRDA:23,2,0,2
BRDA:23,2,1,2
BRDA:25,3,0,2
BRDA:25,3,1,2
BRDA:27,4,0,0
BRDA:27,4,1,2
BRDA:35,5,0,1
BRDA:35,5,1,4
BRDA:35,6,0,5
BRDA:35,6,1,1
BRF:15
BRH:14
end_of_record
TN:
SF:middleware/auth.js
FN:30,ensureInitialized
FN:65,requireAuth
FN:102,optionalAuth
FN:129,verifyToken
FNF:4
FNH:4
FNDA:20,ensureInitialized
FNDA:13,requireAuth
FNDA:4,optionalAuth
FNDA:3,verifyToken
DA:2,19
DA:25,19
DA:27,19
DA:28,19
DA:31,20
DA:33,19
DA:34,19
DA:35,3
DA:39,3
DA:40,3
DA:43,16
DA:46,16
DA:47,16
DA:48,16
DA:50,15
DA:53,14
DA:54,14
DA:56,2
DA:57,2
DA:66,13
DA:67,13
DA:68,3
DA:74,10
DA:75,10
DA:76,10
DA:77,2
DA:78,2
DA:81,8
DA:82,8
DA:83,7
DA:84,7
DA:85,7
DA:87,1
DA:88,1
DA:103,4
DA:104,4
DA:105,4
DA:106,4
DA:107,2
DA:109,2
DA:110,2
DA:111,1
DA:112,1
DA:114,1
DA:116,2
DA:130,3
DA:131,3
DA:132,2
DA:135,19
LF:49
LH:49
BRDA:31,0,0,1
BRDA:31,0,1,19
BRDA:31,1,0,20
BRDA:31,1,1,19
BRDA:34,2,0,3
BRDA:34,2,1,16
BRDA:47,3,0,15
BRDA:47,3,1,1
BRDA:67,4,0,3
BRDA:67,4,1,10
BRDA:74,5,0,10
BRDA:74,5,1,1
BRDA:76,6,0,2
BRDA:76,6,1,8
BRDA:84,7,0,7
BRDA:84,7,1,1
BRDA:104,8,0,4
BRDA:104,8,1,1
BRDA:106,9,0,2
BRDA:106,9,1,2
BRDA:106,10,0,4
BRDA:106,10,1,3
BRDA:112,11,0,1
BRDA:112,11,1,0
BRDA:131,12,0,1
BRDA:131,12,1,2
BRF:26
BRH:25
end_of_record
TN:
SF:middleware/errorHandler.js
FN:23,reportErrorAsync
FN:28,(anonymous_1)
FN:45,(anonymous_2)
FN:51,(anonymous_3)
FN:59,errorHandler
FN:106,notFoundHandler
FNF:6
FNH:5
FNDA:6,reportErrorAsync
FNDA:0,(anonymous_1)
FNDA:1,(anonymous_2)
FNDA:2,(anonymous_3)
FNDA:8,errorHandler
FNDA:2,notFoundHandler
DA:4,10
DA:5,10
DA:6,10
DA:21,10
DA:24,6
DA:25,6
DA:27,2
DA:28,2
DA:30,2
DA:46,1
DA:51,2
DA:61,8
DA:64,8
DA:73,8
DA:74,6
DA:75,6
DA:76,6
DA:77,6
DA:79,2
DA:83,8
DA:90,8
DA:91,1
DA:95,8
DA:96,5
DA:97,5
DA:100,8
DA:107,2
DA:108,2
DA:114,1
DA:116,1
DA:123,10
LF:31
LH:31
BRDA:25,0,0,4
BRDA:25,0,1,2
BRDA:25,1,0,6
BRDA:25,1,1,2
BRDA:35,2,0,2
BRDA:35,2,1,0
BRDA:61,3,0,8
BRDA:61,3,1,1
BRDA:61,3,2,1
BRDA:66,4,0,8
BRDA:66,4,1,5
BRDA:73,5,0,6
BRDA:73,5,1,2
BRDA:84,6,0,8
BRDA:84,6,1,0
BRDA:85,7,0,8
BRDA:85,7,1,7
BRDA:86,8,0,8
BRDA:86,8,1,5
BRDA:90,9,0,1
BRDA:90,9,1,7
BRDA:90,10,0,8
BRDA:90,10,1,1
BRDA:95,11,0,5
BRDA:95,11,1,3
BRDA:95,12,0,8
BRDA:95,12,1,7
BRDA:107,13,0,2
BRDA:107,13,1,0
BRDA:108,14,0,1
BRDA:108,14,1,1
BRF:31
BRH:28
end_of_record
TN:
SF:middleware/rateLimiter.js
FN:8,(anonymous_0)
FN:28,(anonymous_1)
FN:29,(anonymous_2)
FN:35,checkMemoryLimit
FN:46,checkRedisLimit
FN:56,createRateLimiter
FN:59,(anonymous_6)
FNF:7
FNH:4
FNDA:0,(anonymous_0)
FNDA:0,(anonymous_1)
FNDA:0,(anonymous_2)
FNDA:17,checkMemoryLimit
FNDA:6,checkRedisLimit
FNDA:58,createRateLimiter
FNDA:22,(anonymous_6)
DA:2,9
DA:5,9
DA:7,9
DA:8,9
DA:9,0
DA:10,0
DA:11,0
DA:12,0
DA:14,0
DA:18,9
DA:19,9
DA:20,1
DA:21,1
DA:22,1
DA:28,1
DA:29,1
DA:31,0
DA:36,17
DA:37,17
DA:38,17
DA:39,17
DA:40,17
DA:41,17
DA:42,17
DA:43,17
DA:47,6
DA:48,6
DA:49,6
DA:50,6
DA:51,5
DA:52,5
DA:53,5
DA:57,58
DA:58,58
DA:59,58
DA:60,22
DA:61,22
DA:62,22
DA:67,21
DA:68,21
DA:69,21
DA:70,21
DA:71,21
DA:72,21
DA:73,3
DA:74,3
DA:75,3
DA:77,18
DA:81,1
DA:82,0
DA:84,1
DA:85,1
DA:86,1
DA:93,9
LF:54
LH:47
BRDA:11,0,0,0
BRDA:11,0,1,0
BRDA:12,1,0,0
BRDA:12,1,1,0
BRDA:14,2,0,0
BRDA:14,2,1,0
BRDA:14,3,0,0
BRDA:14,3,1,0
BRDA:19,4,0,1
BRDA:19,4,1,8
BRDA:38,5,0,8
BRDA:38,5,1,9
BRDA:39,6,0,9
BRDA:39,6,1,8
BRDA:41,7,0,0
BRDA:41,7,1,17
BRDA:47,8,0,0
BRDA:47,8,1,6
BRDA:51,9,0,3
BRDA:51,9,1,2
BRDA:53,10,0,5
BRDA:53,10,1,0
BRDA:56,11,0,0
BRDA:57,12,0,58
BRDA:57,12,1,0
BRDA:60,13,0,22
BRDA:60,13,1,1
BRDA:60,13,2,1
BRDA:62,14,0,6
BRDA:62,14,1,16
BRDA:64,15,0,0
BRDA:64,15,1,16
BRDA:64,16,0,16
BRDA:64,16,1,0
BRDA:72,17,0,3
BRDA:72,17,1,18
BRDA:81,18,0,0
BRDA:81,18,1,1
BRDA:86,19,0,0
BRDA:86,19,1,1
BRF:40
BRH:23
end_of_record
TN:
SF:middleware/security.js
FN:8,buildHelmetOptions
FN:124,buildSecurityMiddleware
FN:130,(anonymous_2)
FNF:3
FNH:2
FNDA:12,buildHelmetOptions
FNDA:11,buildSecurityMiddleware
FNDA:0,(anonymous_2)
DA:2,1
DA:9,12
DA:125,11
DA:126,11
DA:127,11
DA:129,0
DA:130,0
DA:134,1
LF:8
LH:6
BRF:0
BRH:0
end_of_record
TN:
SF:middleware/validator.js
FN:11,validateAiRequest
FN:74,validatePlacesRequest
FN:97,(anonymous_2)
FN:106,validateWeatherRequest
FN:130,validateGeocodeRequest
FN:152,validateTimeIntelRequest
FNF:6
FNH:6
FNDA:12,validateAiRequest
FNDA:5,validatePlacesRequest
FNDA:3,(anonymous_2)
FNDA:4,validateWeatherRequest
FNDA:4,validateGeocodeRequest
FNDA:22,validateTimeIntelRequest
DA:4,2
DA:5,2
DA:12,12
DA:15,12
DA:16,12
DA:17,12
DA:18,12
DA:19,12
DA:20,12
DA:21,12
DA:22,12
DA:28,12
DA:29,12
DA:30,12
DA:31,12
DA:32,12
DA:33,12
DA:34,12
DA:35,12
DA:36,12
DA:37,12
DA:38,12
DA:39,12
DA:42,12
DA:43,12
DA:44,12
DA:45,12
DA:46,12
DA:47,12
DA:48,12
DA:51,12
DA:52,12
DA:55,12
DA:56,2
DA:57,2
DA:58,1
DA:63,11
DA:64,11
DA:65,11
DA:66,11
DA:68,11
DA:75,5
DA:78,5
DA:79,5
DA:81,5
DA:82,1
DA:85,4
DA:86,1
DA:89,3
DA:90,3
DA:91,3
DA:92,3
DA:93,3
DA:95,3
DA:96,2
DA:97,3
DA:100,3
DA:107,4
DA:108,4
DA:110,4
DA:111,1
DA:115,3
DA:116,2
DA:117,2
DA:119,3
DA:120,1
DA:121,1
DA:124,3
DA:131,4
DA:132,4
DA:133,2
DA:135,2
DA:136,1
DA:138,2
DA:141,2
DA:153,22
DA:154,22
DA:156,22
DA:157,15
DA:158,2
DA:160,13
DA:161,1
DA:163,13
DA:164,64
DA:165,64
DA:166,1
DA:168,63
DA:169,1
DA:171,62
DA:172,1
DA:174,62
DA:175,61
DA:177,2
DA:179,59
DA:180,59
DA:181,2
DA:183,57
DA:188,14
DA:189,3
DA:191,1
DA:195,13
DA:196,1
DA:199,12
DA:200,1
DA:203,11
DA:206,2
LF:106
LH:106
BRDA:12,0,0,12
BRDA:12,0,1,1
BRDA:15,1,0,1
BRDA:15,1,1,11
BRDA:16,2,0,1
BRDA:16,2,1,11
BRDA:17,3,0,1
BRDA:17,3,1,11
BRDA:18,4,0,1
BRDA:18,4,1,11
BRDA:19,5,0,1
BRDA:19,5,1,11
BRDA:20,6,0,1
BRDA:20,6,1,11
BRDA:21,7,0,1
BRDA:21,7,1,11
BRDA:22,8,0,1
BRDA:22,8,1,11
BRDA:28,9,0,1
BRDA:28,9,1,11
BRDA:29,10,0,1
BRDA:29,10,1,11
BRDA:30,11,0,1
BRDA:30,11,1,11
BRDA:31,12,0,1
BRDA:31,12,1,11
BRDA:32,13,0,1
BRDA:32,13,1,11
BRDA:33,14,0,1
BRDA:33,14,1,11
BRDA:34,15,0,1
BRDA:34,15,1,11
BRDA:35,16,0,1
BRDA:35,16,1,11
BRDA:36,17,0,1
BRDA:36,17,1,11
BRDA:37,18,0,1
BRDA:37,18,1,11
BRDA:38,19,0,1
BRDA:38,19,1,11
BRDA:39,20,0,2
BRDA:39,20,1,10
BRDA:42,21,0,1
BRDA:42,21,1,11
BRDA:43,22,0,1
BRDA:43,22,1,11
BRDA:44,23,0,1
BRDA:44,23,1,11
BRDA:45,24,0,1
BRDA:45,24,1,11
BRDA:46,25,0,1
BRDA:46,25,1,11
BRDA:47,26,0,1
BRDA:47,26,1,11
BRDA:48,27,0,1
BRDA:48,27,1,11
BRDA:48,28,0,12
BRDA:48,28,1,2
BRDA:51,29,0,1
BRDA:51,29,1,11
BRDA:52,30,0,1
BRDA:52,30,1,11
BRDA:55,31,0,2
BRDA:55,31,1,10
BRDA:57,32,0,1
BRDA:57,32,1,1
BRDA:63,33,0,1
BRDA:63,33,1,10
BRDA:64,34,0,1
BRDA:64,34,1,10
BRDA:65,35,0,1
BRDA:65,35,1,10
BRDA:66,36,0,1
BRDA:66,36,1,10
BRDA:75,37,0,5
BRDA:75,37,1,0
BRDA:81,38,0,1
BRDA:81,38,1,4
BRDA:85,39,0,1
BRDA:85,39,1,3
BRDA:91,40,0,3
BRDA:91,40,1,2
BRDA:95,41,0,2
BRDA:95,41,1,1
BRDA:97,42,0,1
BRDA:97,42,1,1
BRDA:107,43,0,4
BRDA:107,43,1,1
BRDA:108,44,0,4
BRDA:108,44,1,1
BRDA:110,45,0,1
BRDA:110,45,1,3
BRDA:115,46,0,2
BRDA:115,46,1,1
BRDA:119,47,0,1
BRDA:119,47,1,2
BRDA:131,48,0,4
BRDA:131,48,1,1
BRDA:132,49,0,2
BRDA:132,49,1,2
BRDA:132,50,0,4
BRDA:132,50,1,3
BRDA:135,51,0,1
BRDA:135,51,1,1
BRDA:153,52,0,22
BRDA:153,52,1,1
BRDA:156,53,0,15
BRDA:156,53,1,7
BRDA:157,54,0,2
BRDA:157,54,1,13
BRDA:160,55,0,1
BRDA:160,55,1,12
BRDA:165,56,0,1
BRDA:165,56,1,63
BRDA:165,57,0,64
BRDA:165,57,1,64
BRDA:168,58,0,1
BRDA:168,58,1,62
BRDA:168,59,0,63
BRDA:168,59,1,59
BRDA:171,60,0,1
BRDA:171,60,1,61
BRDA:171,61,0,62
BRDA:171,61,1,58
BRDA:174,62,0,61
BRDA:174,62,1,1
BRDA:175,63,0,2
BRDA:175,63,1,59
BRDA:175,64,0,61
BRDA:175,64,1,60
BRDA:175,64,2,59
BRDA:175,64,3,59
BRDA:180,65,0,2
BRDA:180,65,1,57
BRDA:180,66,0,59
BRDA:180,66,1,59
BRDA:180,66,2,57
BRDA:180,66,3,57
BRDA:188,67,0,3
BRDA:188,67,1,11
BRDA:189,68,0,1
BRDA:189,68,1,2
BRDA:189,69,0,3
BRDA:189,69,1,2
BRDA:189,69,2,2
BRDA:189,69,3,2
BRDA:195,70,0,1
BRDA:195,70,1,12
BRDA:195,71,0,13
BRDA:195,71,1,6
BRDA:199,72,0,1
BRDA:199,72,1,11
BRDA:199,73,0,12
BRDA:199,73,1,2
BRF:154
BRH:153
end_of_record
TN:
SF:migrations/1700000000000_baseline-schema.js
FN:20,(anonymous_0)
FN:24,(anonymous_1)
FNF:2
FNH:1
FNDA:1,(anonymous_0)
FNDA:0,(anonymous_1)
DA:16,1
DA:18,1
DA:20,1
DA:21,1
DA:24,1
DA:31,0
LF:6
LH:5
BRF:0
BRH:0
end_of_record
TN:
SF:routes/ai.js
FN:53,buildFactContract
FN:68,tripModeLine
FN:72,handler
FN:73,(anonymous_3)
FN:91,(anonymous_4)
FN:110,(anonymous_5)
FN:120,(anonymous_6)
FN:129,(anonymous_7)
FN:139,(anonymous_8)
FN:148,(anonymous_9)
FN:156,(anonymous_10)
FN:157,(anonymous_11)
FN:167,(anonymous_12)
FN:175,(anonymous_13)
FN:192,(anonymous_14)
FN:210,(anonymous_15)
FN:212,(anonymous_16)
FN:235,(anonymous_17)
FN:237,(anonymous_18)
FN:256,(anonymous_19)
FN:275,(anonymous_20)
FN:292,(anonymous_21)
FN:319,(anonymous_22)
FN:343,(anonymous_23)
FN:371,(anonymous_24)
FN:405,(anonymous_25)
FN:443,(anonymous_26)
FN:484,(anonymous_27)
FN:530,(anonymous_28)
FNF:29
FNH:29
FNDA:8,buildFactContract
FNDA:13,tripModeLine
FNDA:44,handler
FNDA:50,(anonymous_3)
FNDA:8,(anonymous_4)
FNDA:3,(anonymous_5)
FNDA:1,(anonymous_6)
FNDA:3,(anonymous_7)
FNDA:3,(anonymous_8)
FNDA:2,(anonymous_9)
FNDA:1,(anonymous_10)
FNDA:1,(anonymous_11)
FNDA:2,(anonymous_12)
FNDA:1,(anonymous_13)
FNDA:1,(anonymous_14)
FNDA:4,(anonymous_15)
FNDA:3,(anonymous_16)
FNDA:4,(anonymous_17)
FNDA:3,(anonymous_18)
FNDA:2,(anonymous_19)
FNDA:2,(anonymous_20)
FNDA:2,(anonymous_21)
FNDA:2,(anonymous_22)
FNDA:1,(anonymous_23)
FNDA:1,(anonymous_24)
FNDA:1,(anonymous_25)
FNDA:2,(anonymous_26)
FNDA:2,(anonymous_27)
FNDA:2,(anonymous_28)
DA:19,2
DA:20,2
DA:21,2
DA:22,2
DA:34,2
DA:45,2
DA:54,8
DA:65,8
DA:69,13
DA:73,44
DA:74,50
DA:75,50
DA:76,46
DA:78,4
DA:79,4
DA:80,4
DA:83,4
DA:91,2
DA:92,8
DA:96,8
DA:110,2
DA:111,3
DA:112,3
DA:120,2
DA:121,1
DA:129,2
DA:130,3
DA:131,3
DA:139,2
DA:140,3
DA:141,3
DA:148,2
DA:149,2
DA:156,2
DA:157,1
DA:158,1
DA:167,2
DA:168,2
DA:175,2
DA:176,1
DA:192,2
DA:193,1
DA:210,2
DA:211,4
DA:212,4
DA:213,4
DA:215,4
DA:235,2
DA:236,4
DA:237,4
DA:239,4
DA:256,2
DA:257,2
DA:259,2
DA:275,2
DA:276,2
DA:278,2
DA:292,2
DA:293,2
DA:294,2
DA:295,2
DA:319,2
DA:320,2
DA:321,2
DA:343,2
DA:344,1
DA:371,2
DA:372,1
DA:373,1
DA:374,1
DA:405,2
DA:406,1
DA:443,2
DA:444,2
DA:445,2
DA:446,2
DA:484,2
DA:485,2
DA:486,2
DA:487,2
DA:530,2
DA:531,2
DA:548,2
LF:83
LH:83
BRDA:53,0,0,8
BRDA:55,1,0,8
BRDA:55,1,1,8
BRDA:56,2,0,8
BRDA:56,2,1,8
BRDA:57,3,0,0
BRDA:57,3,1,8
BRDA:58,4,0,0
BRDA:58,4,1,8
BRDA:59,5,0,0
BRDA:59,5,1,8
BRDA:60,6,0,0
BRDA:60,6,1,8
BRDA:61,7,0,0
BRDA:61,7,1,8
BRDA:62,8,0,0
BRDA:62,8,1,8
BRDA:63,9,0,0
BRDA:63,9,1,8
BRDA:69,10,0,13
BRDA:69,10,1,12
BRDA:78,11,0,4
BRDA:78,11,1,2
BRDA:78,11,2,2
BRDA:79,12,0,1
BRDA:79,12,1,3
BRDA:79,13,0,4
BRDA:79,13,1,2
BRDA:80,14,0,1
BRDA:80,14,1,3
BRDA:92,15,0,1
BRDA:92,15,1,7
BRDA:92,16,0,8
BRDA:92,16,1,1
BRDA:97,17,0,8
BRDA:97,17,1,0
BRDA:99,18,0,8
BRDA:99,18,1,8
BRDA:111,19,0,3
BRDA:111,19,1,1
BRDA:122,20,0,1
BRDA:122,20,1,0
BRDA:130,21,0,3
BRDA:130,21,1,1
BRDA:130,22,0,3
BRDA:130,22,1,1
BRDA:140,23,0,3
BRDA:140,23,1,1
BRDA:140,24,0,3
BRDA:140,24,1,1
BRDA:157,25,0,1
BRDA:157,25,1,0
BRDA:177,26,0,1
BRDA:177,26,1,0
BRDA:177,27,0,1
BRDA:177,27,1,0
BRDA:194,28,0,1
BRDA:194,28,1,0
BRDA:211,29,0,4
BRDA:211,29,1,2
BRDA:211,30,0,4
BRDA:211,30,1,2
BRDA:212,31,0,4
BRDA:212,31,1,2
BRDA:212,32,0,3
BRDA:212,32,1,0
BRDA:213,33,0,4
BRDA:213,33,1,2
BRDA:218,34,0,4
BRDA:218,34,1,3
BRDA:236,35,0,4
BRDA:236,35,1,2
BRDA:236,36,0,4
BRDA:236,36,1,2
BRDA:237,37,0,4
BRDA:237,37,1,2
BRDA:237,38,0,4
BRDA:237,38,1,2
BRDA:239,39,0,4
BRDA:239,39,1,2
BRDA:239,40,0,4
BRDA:239,40,1,4
BRDA:257,41,0,2
BRDA:257,41,1,1
BRDA:276,42,0,0
BRDA:276,42,1,2
BRDA:276,43,0,2
BRDA:276,43,1,0
BRDA:279,44,0,2
BRDA:279,44,1,1
BRDA:281,45,0,0
BRDA:281,45,1,2
BRDA:287,46,0,2
BRDA:287,46,1,1
BRDA:293,47,0,2
BRDA:293,47,1,2
BRDA:294,48,0,2
BRDA:294,48,1,2
BRDA:320,49,0,2
BRDA:320,49,1,1
BRDA:320,50,0,2
BRDA:320,50,1,1
BRDA:345,51,0,1
BRDA:345,51,1,0
BRDA:372,52,0,1
BRDA:372,52,1,1
BRDA:373,53,0,1
BRDA:373,53,1,1
BRDA:390,54,0,1
BRDA:390,54,1,0
BRDA:408,55,0,1
BRDA:408,55,1,0
BRDA:425,56,0,1
BRDA:425,56,1,0
BRDA:444,57,0,2
BRDA:444,57,1,2
BRDA:445,58,0,2
BRDA:445,58,1,2
BRDA:448,59,0,2
BRDA:448,59,1,2
BRDA:485,60,0,2
BRDA:485,60,1,1
BRDA:486,61,0,2
BRDA:486,61,1,2
BRDA:488,62,0,2
BRDA:488,62,1,1
BRDA:488,63,0,2
BRDA:488,63,1,1
BRDA:533,64,0,2
BRDA:533,64,1,1
BRDA:534,65,0,2
BRDA:534,65,1,1
BRDA:534,66,0,2
BRDA:534,66,1,1
BRDA:535,67,0,2
BRDA:535,67,1,2
BRDA:536,68,0,2
BRDA:536,68,1,2
BRF:138
BRH:117
end_of_record
TN:
SF:routes/analytics.js
FN:16,analyticsMiddleware
FN:19,(anonymous_1)
FN:47,(anonymous_2)
FN:84,(anonymous_3)
FN:109,(anonymous_4)
FN:119,(anonymous_5)
FN:130,(anonymous_6)
FN:139,formatUptime
FNF:8
FNH:4
FNDA:6,analyticsMiddleware
FNDA:6,(anonymous_1)
FNDA:4,(anonymous_2)
FNDA:0,(anonymous_3)
FNDA:0,(anonymous_4)
FNDA:0,(anonymous_5)
FNDA:0,(anonymous_6)
FNDA:4,formatUptime
DA:2,1
DA:6,1
DA:7,1
DA:8,1
DA:9,1
DA:10,1
DA:11,1
DA:12,1
DA:13,1
DA:17,6
DA:19,6
DA:21,6
DA:23,1
DA:25,1
DA:26,1
DA:27,1
DA:41,6
DA:47,1
DA:48,4
DA:49,4
DA:50,4
DA:53,4
DA:61,4
DA:64,4
DA:71,4
DA:78,0
DA:79,0
DA:84,1
DA:85,0
DA:86,0
DA:87,0
DA:88,0
DA:89,0
DA:90,0
DA:91,0
DA:92,0
DA:93,0
DA:94,0
DA:96,0
DA:104,0
DA:105,0
DA:109,1
DA:110,0
DA:111,0
DA:112,0
DA:113,0
DA:115,0
DA:119,1
DA:120,0
DA:121,0
DA:122,0
DA:123,0
DA:124,0
DA:126,0
DA:130,1
DA:131,0
DA:132,0
DA:133,0
DA:135,0
DA:141,4
DA:142,4
DA:143,4
DA:144,4
DA:147,1
LF:64
LH:34
BRDA:21,0,0,5
BRDA:21,0,1,1
BRDA:23,1,0,0
BRDA:23,1,1,1
BRDA:30,2,0,1
BRDA:30,2,1,0
BRDA:49,3,0,4
BRDA:49,3,1,3
BRDA:86,4,0,0
BRDA:86,4,1,0
BRDA:93,5,0,0
BRDA:93,5,1,0
BRDA:122,6,0,0
BRDA:122,6,1,0
BRDA:122,7,0,0
BRDA:122,7,1,0
BRF:16
BRH:6
end_of_record
TN:
SF:routes/favorites.js
FN:14,(anonymous_0)
FN:36,(anonymous_1)
FN:49,(anonymous_2)
FNF:3
FNH:3
FNDA:3,(anonymous_0)
FNDA:2,(anonymous_1)
FNDA:1,(anonymous_2)
DA:2,1
DA:8,1
DA:9,1
DA:10,1
DA:11,1
DA:14,1
DA:15,3
DA:16,3
DA:18,3
DA:19,1
DA:23,2
DA:24,1
DA:27,1
DA:28,1
DA:30,0
DA:31,0
DA:36,1
DA:37,2
DA:38,2
DA:39,2
DA:41,2
DA:43,0
DA:44,0
DA:49,1
DA:50,1
DA:54,1
DA:56,1
DA:58,0
DA:59,0
DA:63,1
LF:30
LH:24
BRDA:18,0,0,1
BRDA:18,0,1,2
BRDA:18,1,0,3
BRDA:18,1,1,3
BRDA:23,2,0,1
BRDA:23,2,1,1
BRDA:38,3,0,2
BRDA:38,3,1,1
BRF:8
BRH:8
end_of_record
TN:
SF:routes/feedback.js
FN:26,(anonymous_0)
FN:67,(anonymous_1)
FN:80,(anonymous_2)
FN:92,(anonymous_3)
FN:119,(anonymous_4)
FNF:5
FNH:5
FNDA:9,(anonymous_0)
FNDA:2,(anonymous_1)
FNDA:1,(anonymous_2)
FNDA:3,(anonymous_3)
FNDA:1,(anonymous_4)
DA:2,1
DA:9,1
DA:10,1
DA:14,1
DA:15,1
DA:16,1
DA:17,1
DA:26,1
DA:27,9
DA:28,9
DA:29,9
DA:31,9
DA:32,2
DA:34,7
DA:35,7
DA:36,3
DA:38,4
DA:39,1
DA:42,3
DA:46,3
DA:47,1
DA:48,1
DA:49,1
DA:60,3
DA:62,0
DA:63,0
DA:67,1
DA:68,2
DA:69,2
DA:70,2
DA:71,1
DA:72,1
DA:74,0
DA:75,0
DA:80,1
DA:81,1
DA:82,1
DA:83,1
DA:84,1
DA:86,0
DA:87,0
DA:92,1
DA:93,3
DA:94,3
DA:95,3
DA:97,3
DA:98,3
DA:99,3
DA:100,0
DA:102,3
DA:103,1
DA:105,2
DA:106,2
DA:108,2
DA:112,2
DA:114,0
DA:115,0
DA:119,1
DA:120,1
DA:121,1
DA:122,1
DA:123,1
DA:125,0
DA:126,0
DA:130,1
LF:65
LH:54
BRDA:29,0,0,9
BRDA:29,0,1,8
BRDA:31,1,0,2
BRDA:31,1,1,7
BRDA:31,2,0,9
BRDA:31,2,1,9
BRDA:31,2,2,9
BRDA:35,3,0,3
BRDA:35,3,1,4
BRDA:35,4,0,7
BRDA:35,4,1,6
BRDA:35,4,2,5
BRDA:38,5,0,1
BRDA:38,5,1,3
BRDA:38,6,0,4
BRDA:38,6,1,2
BRDA:46,7,0,1
BRDA:46,7,1,2
BRDA:52,8,0,1
BRDA:52,8,1,1
BRDA:52,8,2,1
BRDA:70,9,0,1
BRDA:70,9,1,1
BRDA:70,10,0,2
BRDA:70,10,1,1
BRDA:82,11,0,1
BRDA:82,11,1,0
BRDA:95,12,0,3
BRDA:95,12,1,3
BRDA:97,13,0,0
BRDA:97,13,1,3
BRDA:99,14,0,0
BRDA:99,14,1,3
BRDA:99,15,0,3
BRDA:99,15,1,3
BRDA:99,15,2,3
BRDA:102,16,0,1
BRDA:102,16,1,2
BRDA:102,17,0,3
BRDA:102,17,1,3
BRDA:106,18,0,1
BRDA:106,18,1,1
BRDA:110,19,0,2
BRDA:110,19,1,2
BRDA:121,20,0,1
BRDA:121,20,1,0
BRF:46
BRH:42
end_of_record
TN:
SF:routes/geocode.js
FN:32,throttledNominatimCall
FN:33,(anonymous_1)
FN:35,(anonymous_2)
FN:35,(anonymous_3)
FN:35,(anonymous_4)
FN:48,geocodeViaPhoton
FN:63,(anonymous_6)
FN:64,(anonymous_7)
FN:77,(anonymous_8)
FN:88,(anonymous_9)
FNF:10
FNH:10
FNDA:7,throttledNominatimCall
FNDA:7,(anonymous_1)
FNDA:3,(anonymous_2)
FNDA:7,(anonymous_3)
FNDA:7,(anonymous_4)
FNDA:4,geocodeViaPhoton
FNDA:2,(anonymous_6)
FNDA:2,(anonymous_7)
FNDA:9,(anonymous_8)
FNDA:7,(anonymous_9)
DA:2,1
DA:20,1
DA:21,1
DA:22,1
DA:23,1
DA:24,1
DA:25,1
DA:31,1
DA:33,7
DA:34,7
DA:35,7
DA:36,7
DA:49,4
DA:50,4
DA:55,3
DA:56,0
DA:57,0
DA:58,0
DA:60,3
DA:61,3
DA:62,3
DA:63,2
DA:65,2
DA:66,2
DA:67,2
DA:68,2
DA:77,1
DA:78,9
DA:79,9
DA:81,8
DA:82,8
DA:83,8
DA:85,7
DA:87,7
DA:88,7
DA:89,7
DA:90,7
DA:100,5
DA:101,1
DA:102,1
DA:103,1
DA:105,4
DA:108,3
DA:109,3
DA:115,7
DA:116,4
DA:117,4
DA:119,1
DA:120,1
DA:127,7
DA:128,5
DA:130,7
DA:132,0
DA:133,0
DA:134,0
DA:136,0
DA:140,1
LF:57
LH:50
BRDA:55,0,0,0
BRDA:55,0,1,3
BRDA:61,1,0,2
BRDA:61,1,1,1
BRDA:63,2,0,2
BRDA:63,2,1,2
BRDA:66,3,0,2
BRDA:66,3,1,0
BRDA:71,4,0,2
BRDA:71,4,1,0
BRDA:71,4,2,0
BRDA:78,5,0,9
BRDA:78,5,1,1
BRDA:79,6,0,1
BRDA:79,6,1,8
BRDA:83,7,0,1
BRDA:83,7,1,7
BRDA:100,8,0,1
BRDA:100,8,1,4
BRDA:115,9,0,4
BRDA:115,9,1,3
BRDA:115,10,0,7
BRDA:115,10,1,4
BRDA:127,11,0,5
BRDA:127,11,1,2
BRDA:127,12,0,7
BRDA:127,12,1,7
BRDA:133,13,0,0
BRDA:133,13,1,0
BRF:29
BRH:23
end_of_record
TN:
SF:routes/places.js
FN:17,cacheKey
FN:27,getCachedPlaces
FN:31,setCachedPlaces
FN:39,deleteCachedPlaces
FN:50,canRefresh
FN:65,(anonymous_5)
FN:121,(anonymous_6)
FN:126,(anonymous_7)
FN:130,(anonymous_8)
FN:131,(anonymous_9)
FN:148,addPlaces
FN:170,(anonymous_11)
FN:184,(anonymous_12)
FN:184,(anonymous_13)
FN:188,(anonymous_14)
FN:192,(anonymous_15)
FN:220,(anonymous_16)
FN:221,(anonymous_17)
FN:222,(anonymous_18)
FN:223,(anonymous_19)
FN:225,(anonymous_20)
FN:227,(anonymous_21)
FNF:22
FNH:13
FNDA:13,cacheKey
FNDA:11,getCachedPlaces
FNDA:11,setCachedPlaces
FNDA:2,deleteCachedPlaces
FNDA:3,canRefresh
FNDA:14,(anonymous_5)
FNDA:0,(anonymous_6)
FNDA:0,(anonymous_7)
FNDA:0,(anonymous_8)
FNDA:0,(anonymous_9)
FNDA:51,addPlaces
FNDA:0,(anonymous_11)
FNDA:73,(anonymous_12)
FNDA:173,(anonymous_13)
FNDA:253,(anonymous_14)
FNDA:17,(anonymous_15)
FNDA:0,(anonymous_16)
FNDA:0,(anonymous_17)
FNDA:0,(anonymous_18)
FNDA:0,(anonymous_19)
FNDA:9,(anonymous_20)
FNDA:45,(anonymous_21)
DA:2,1
DA:4,1
DA:5,1
DA:6,1
DA:7,1
DA:8,1
DA:9,1
DA:12,1
DA:16,1
DA:18,13
DA:28,11
DA:32,11
DA:33,11
DA:36,1
DA:40,2
DA:47,1
DA:48,1
DA:51,3
DA:52,3
DA:53,3
DA:54,2
DA:56,2
DA:57,0
DA:58,0
DA:59,0
DA:62,2
DA:65,1
DA:66,14
DA:67,14
DA:75,14
DA:76,14
DA:77,13
DA:78,13
DA:89,13
DA:90,13
DA:91,13
DA:92,1
DA:94,13
DA:96,13
DA:97,2
DA:98,2
DA:100,13
DA:101,13
DA:102,2
DA:103,2
DA:105,11
DA:106,11
DA:113,11
DA:114,11
DA:119,11
DA:120,11
DA:121,10
DA:122,0
DA:126,11
DA:127,0
DA:130,11
DA:131,11
DA:133,11
DA:134,11
DA:137,11
DA:142,10
DA:145,10
DA:146,10
DA:149,51
DA:150,68
DA:151,68
DA:152,66
DA:153,66
DA:154,66
DA:160,10
DA:161,10
DA:162,10
DA:163,10
DA:164,10
DA:169,10
DA:170,1
DA:171,1
DA:174,10
DA:183,10
DA:184,173
DA:185,10
DA:186,10
DA:187,66
DA:188,66
DA:189,253
DA:190,253
DA:191,7
DA:192,17
DA:194,66
DA:196,10
DA:197,10
DA:199,10
DA:201,10
DA:202,8
DA:203,8
DA:204,8
DA:212,2
DA:213,2
DA:214,2
DA:215,2
DA:218,1
DA:219,1
DA:220,1
DA:221,1
DA:222,1
DA:223,1
DA:224,1
DA:226,9
DA:227,45
DA:231,1
DA:232,1
DA:233,1
DA:235,0
DA:236,0
DA:241,1
LF:115
LH:108
BRDA:17,0,0,0
BRDA:19,1,0,13
BRDA:19,1,1,0
BRDA:22,2,0,13
BRDA:22,2,1,13
BRDA:23,3,0,13
BRDA:23,3,1,0
BRDA:28,4,0,11
BRDA:28,4,1,9
BRDA:32,5,0,0
BRDA:32,5,1,11
BRDA:32,6,0,11
BRDA:32,6,1,11
BRDA:32,6,2,11
BRDA:52,7,0,3
BRDA:52,7,1,2
BRDA:53,8,0,1
BRDA:53,8,1,2
BRDA:56,9,0,0
BRDA:56,9,1,2
BRDA:59,10,0,0
BRDA:59,10,1,0
BRDA:66,11,0,13
BRDA:67,12,0,14
BRDA:67,12,1,14
BRDA:67,12,2,1
BRDA:75,13,0,14
BRDA:75,13,1,14
BRDA:76,14,0,1
BRDA:76,14,1,13
BRDA:76,15,0,14
BRDA:76,15,1,13
BRDA:90,16,0,13
BRDA:90,16,1,3
BRDA:91,17,0,1
BRDA:91,17,1,12
BRDA:91,18,0,13
BRDA:91,18,1,3
BRDA:96,19,0,2
BRDA:96,19,1,11
BRDA:100,20,0,2
BRDA:100,20,1,11
BRDA:101,21,0,2
BRDA:101,21,1,11
BRDA:101,22,0,13
BRDA:101,22,1,11
BRDA:113,23,0,1
BRDA:113,23,1,10
BRDA:114,24,0,1
BRDA:114,24,1,10
BRDA:120,25,0,10
BRDA:120,25,1,1
BRDA:133,26,0,11
BRDA:133,26,1,0
BRDA:134,27,0,11
BRDA:134,27,1,0
BRDA:149,28,0,51
BRDA:149,28,1,0
BRDA:150,29,0,68
BRDA:150,29,1,0
BRDA:151,30,0,2
BRDA:151,30,1,66
BRDA:151,31,0,68
BRDA:151,31,1,68
BRDA:151,31,2,68
BRDA:152,32,0,0
BRDA:152,32,1,66
BRDA:152,33,0,66
BRDA:152,33,1,66
BRDA:169,34,0,1
BRDA:169,34,1,9
BRDA:174,35,0,10
BRDA:174,35,1,9
BRDA:184,36,0,73
BRDA:184,36,1,0
BRDA:184,37,0,173
BRDA:184,37,1,152
BRDA:189,38,0,0
BRDA:189,38,1,253
BRDA:189,39,0,253
BRDA:189,39,1,253
BRDA:190,40,0,246
BRDA:190,40,1,7
BRDA:194,41,0,60
BRDA:194,41,1,6
BRDA:199,42,0,10
BRDA:199,42,1,9
BRDA:201,43,0,8
BRDA:201,43,1,2
BRDA:223,44,0,0
BRDA:223,44,1,1
BRDA:226,45,0,9
BRDA:226,45,1,9
BRDA:227,46,0,45
BRDA:227,46,1,0
BRDA:227,47,0,45
BRDA:227,47,1,0
BRF:97
BRH:80
end_of_record
TN:
SF:routes/time-intelligence.js
FN:15,(anonymous_0)
FN:25,(anonymous_1)
FN:30,(anonymous_2)
FN:41,(anonymous_3)
FN:47,(anonymous_4)
FN:55,(anonymous_5)
FN:76,(anonymous_6)
FN:80,(anonymous_7)
FN:88,(anonymous_8)
FN:108,(anonymous_9)
FN:131,(anonymous_10)
FN:170,(anonymous_11)
FN:197,(anonymous_12)
FN:226,(anonymous_13)
FN:256,(anonymous_14)
FN:287,(anonymous_15)
FN:306,(anonymous_16)
FN:321,(anonymous_17)
FNF:18
FNH:8
FNDA:12,(anonymous_0)
FNDA:0,(anonymous_1)
FNDA:56,(anonymous_2)
FNDA:7,(anonymous_3)
FNDA:55,(anonymous_4)
FNDA:3,(anonymous_5)
FNDA:0,(anonymous_6)
FNDA:0,(anonymous_7)
FNDA:3,(anonymous_8)
FNDA:0,(anonymous_9)
FNDA:0,(anonymous_10)
FNDA:0,(anonymous_11)
FNDA:1,(anonymous_12)
FNDA:1,(anonymous_13)
FNDA:0,(anonymous_14)
FNDA:0,(anonymous_15)
FNDA:0,(anonymous_16)
FNDA:0,(anonymous_17)
DA:1,4
DA:3,4
DA:4,4
DA:5,4
DA:6,4
DA:7,4
DA:8,4
DA:9,4
DA:10,4
DA:11,4
DA:12,4
DA:13,4
DA:15,4
DA:16,12
DA:17,12
DA:18,12
DA:19,12
DA:20,8
DA:21,8
DA:22,8
DA:24,8
DA:26,0
DA:27,0
DA:30,6
DA:31,56
DA:32,56
DA:34,6
DA:36,2
DA:37,2
DA:41,4
DA:42,7
DA:43,7
DA:44,7
DA:45,7
DA:46,6
DA:47,55
DA:48,5
DA:50,1
DA:51,1
DA:55,4
DA:56,3
DA:57,3
DA:58,3
DA:59,3
DA:60,2
DA:61,2
DA:62,2
DA:73,2
DA:76,0
DA:77,0
DA:78,0
DA:80,0
DA:81,0
DA:83,2
DA:86,2
DA:88,3
DA:98,0
DA:99,0
DA:108,4
DA:109,0
DA:110,0
DA:111,0
DA:112,0
DA:113,0
DA:114,0
DA:123,0
DA:125,0
DA:126,0
DA:131,4
DA:132,0
DA:133,0
DA:137,0
DA:138,0
DA:139,0
DA:140,0
DA:141,0
DA:142,0
DA:161,0
DA:162,0
DA:164,0
DA:165,0
DA:170,4
DA:171,0
DA:172,0
DA:173,0
DA:174,0
DA:175,0
DA:176,0
DA:177,0
DA:190,0
DA:192,0
DA:193,0
DA:197,4
DA:198,1
DA:199,1
DA:200,1
DA:201,1
DA:202,0
DA:204,1
DA:205,1
DA:206,1
DA:218,1
DA:220,0
DA:221,0
DA:226,4
DA:227,1
DA:228,1
DA:229,1
DA:230,0
DA:232,1
DA:233,1
DA:239,1
DA:240,1
DA:246,0
DA:247,0
DA:256,4
DA:257,0
DA:262,0
DA:263,0
DA:264,0
DA:265,0
DA:267,0
DA:268,0
DA:269,0
DA:270,0
DA:271,0
DA:272,0
DA:274,0
DA:287,0
DA:298,0
DA:300,0
DA:301,0
DA:306,4
DA:307,0
DA:308,0
DA:309,0
DA:310,0
DA:311,0
DA:313,0
DA:314,0
DA:315,0
DA:321,0
DA:322,0
DA:323,0
DA:325,0
DA:326,0
DA:328,0
DA:329,0
DA:333,4
LF:149
LH:72
BRDA:13,0,0,4
BRDA:13,0,1,4
BRDA:17,1,0,12
BRDA:17,1,1,0
BRDA:19,2,0,4
BRDA:19,2,1,8
BRDA:19,3,0,12
BRDA:19,3,1,9
BRDA:21,4,0,5
BRDA:21,4,1,3
BRDA:22,5,0,0
BRDA:22,5,1,8
BRDA:22,6,0,8
BRDA:22,6,1,0
BRDA:22,7,0,0
BRDA:22,7,1,8
BRDA:23,8,0,0
BRDA:23,8,1,8
BRDA:23,9,0,0
BRDA:23,9,1,8
BRDA:23,10,0,0
BRDA:23,10,1,8
BRDA:23,11,0,8
BRDA:23,11,1,8
BRDA:24,12,0,0
BRDA:24,12,1,8
BRDA:24,13,0,8
BRDA:24,13,1,8
BRDA:24,13,2,8
BRDA:26,14,0,0
BRDA:26,14,1,0
BRDA:29,15,0,8
BRDA:29,15,1,7
BRDA:31,16,0,2
BRDA:31,16,1,54
BRDA:31,17,0,2
BRDA:31,17,1,2
BRDA:43,18,0,7
BRDA:43,18,1,0
BRDA:45,19,0,1
BRDA:45,19,1,6
BRDA:45,20,0,7
BRDA:45,20,1,6
BRDA:47,21,0,55
BRDA:47,21,1,1
BRDA:47,22,0,55
BRDA:47,22,1,55
BRDA:47,23,0,55
BRDA:47,23,1,53
BRDA:57,24,0,3
BRDA:57,24,1,0
BRDA:59,25,0,1
BRDA:59,25,1,2
BRDA:59,26,0,3
BRDA:59,26,1,2
BRDA:61,27,0,2
BRDA:61,27,1,0
BRDA:63,28,0,0
BRDA:63,28,1,2
BRDA:63,29,0,2
BRDA:63,29,1,0
BRDA:64,30,0,0
BRDA:64,30,1,2
BRDA:65,31,0,0
BRDA:65,31,1,2
BRDA:65,32,0,0
BRDA:65,32,1,2
BRDA:65,33,0,0
BRDA:65,33,1,2
BRDA:66,34,0,2
BRDA:66,34,1,2
BRDA:68,35,0,2
BRDA:68,35,1,2
BRDA:73,36,0,0
BRDA:73,36,1,2
BRDA:73,37,0,2
BRDA:73,37,1,1
BRDA:77,38,0,0
BRDA:77,38,1,0
BRDA:83,39,0,2
BRDA:83,39,1,0
BRDA:89,40,0,3
BRDA:89,40,1,0
BRDA:93,41,0,3
BRDA:93,41,1,0
BRDA:110,42,0,0
BRDA:110,42,1,0
BRDA:111,43,0,0
BRDA:111,43,1,0
BRDA:111,44,0,0
BRDA:111,44,1,0
BRDA:112,45,0,0
BRDA:112,45,1,0
BRDA:113,46,0,0
BRDA:113,46,1,0
BRDA:116,47,0,0
BRDA:116,47,1,0
BRDA:118,48,0,0
BRDA:118,48,1,0
BRDA:120,49,0,0
BRDA:120,49,1,0
BRDA:121,50,0,0
BRDA:121,50,1,0
BRDA:121,51,0,0
BRDA:121,51,1,0
BRDA:121,52,0,0
BRDA:121,52,1,0
BRDA:121,53,0,0
BRDA:121,53,1,0
BRDA:121,54,0,0
BRDA:121,54,1,0
BRDA:133,55,0,0
BRDA:133,55,1,0
BRDA:139,56,0,0
BRDA:139,56,1,0
BRDA:139,57,0,0
BRDA:139,57,1,0
BRDA:140,58,0,0
BRDA:140,58,1,0
BRDA:141,59,0,0
BRDA:141,59,1,0
BRDA:144,60,0,0
BRDA:144,60,1,0
BRDA:145,61,0,0
BRDA:145,61,1,0
BRDA:145,62,0,0
BRDA:145,62,1,0
BRDA:146,63,0,0
BRDA:146,63,1,0
BRDA:146,64,0,0
BRDA:146,64,1,0
BRDA:147,65,0,0
BRDA:147,65,1,0
BRDA:148,66,0,0
BRDA:148,66,1,0
BRDA:148,67,0,0
BRDA:148,67,1,0
BRDA:149,68,0,0
BRDA:149,68,1,0
BRDA:150,69,0,0
BRDA:150,69,1,0
BRDA:151,70,0,0
BRDA:151,70,1,0
BRDA:152,71,0,0
BRDA:152,71,1,0
BRDA:153,72,0,0
BRDA:153,72,1,0
BRDA:154,73,0,0
BRDA:154,73,1,0
BRDA:155,74,0,0
BRDA:155,74,1,0
BRDA:156,75,0,0
BRDA:156,75,1,0
BRDA:172,76,0,0
BRDA:172,76,1,0
BRDA:174,77,0,0
BRDA:174,77,1,0
BRDA:174,78,0,0
BRDA:174,78,1,0
BRDA:175,79,0,0
BRDA:175,79,1,0
BRDA:176,80,0,0
BRDA:176,80,1,0
BRDA:180,81,0,0
BRDA:180,81,1,0
BRDA:181,82,0,0
BRDA:181,82,1,0
BRDA:181,83,0,0
BRDA:181,83,1,0
BRDA:182,84,0,0
BRDA:182,84,1,0
BRDA:182,85,0,0
BRDA:182,85,1,0
BRDA:183,86,0,0
BRDA:183,86,1,0
BRDA:184,87,0,0
BRDA:184,87,1,0
BRDA:185,88,0,0
BRDA:185,88,1,0
BRDA:186,89,0,0
BRDA:186,89,1,0
BRDA:187,90,0,0
BRDA:187,90,1,0
BRDA:188,91,0,0
BRDA:188,91,1,0
BRDA:199,92,0,1
BRDA:199,92,1,0
BRDA:201,93,0,0
BRDA:201,93,1,1
BRDA:201,94,0,1
BRDA:201,94,1,1
BRDA:204,95,0,1
BRDA:204,95,1,0
BRDA:205,96,0,0
BRDA:205,96,1,1
BRDA:208,97,0,1
BRDA:208,97,1,0
BRDA:209,98,0,1
BRDA:209,98,1,0
BRDA:209,99,0,1
BRDA:209,99,1,1
BRDA:210,100,0,0
BRDA:210,100,1,1
BRDA:210,101,0,0
BRDA:210,101,1,1
BRDA:211,102,0,1
BRDA:211,102,1,1
BRDA:212,103,0,0
BRDA:212,103,1,1
BRDA:213,104,0,0
BRDA:213,104,1,1
BRDA:214,105,0,1
BRDA:214,105,1,0
BRDA:215,106,0,0
BRDA:215,106,1,1
BRDA:216,107,0,1
BRDA:216,107,1,1
BRDA:228,108,0,1
BRDA:228,108,1,0
BRDA:229,109,0,0
BRDA:229,109,1,1
BRDA:229,110,0,1
BRDA:229,110,1,1
BRDA:232,111,0,1
BRDA:232,111,1,0
BRDA:233,112,0,1
BRDA:233,112,1,0
BRDA:234,113,0,0
BRDA:234,113,1,1
BRDA:234,114,0,1
BRDA:234,114,1,0
BRDA:235,115,0,0
BRDA:235,115,1,1
BRDA:236,116,0,0
BRDA:236,116,1,1
BRDA:236,117,0,0
BRDA:236,117,1,1
BRDA:236,118,0,0
BRDA:236,118,1,1
BRDA:237,119,0,1
BRDA:237,119,1,1
BRDA:262,120,0,0
BRDA:262,120,1,0
BRDA:264,121,0,0
BRDA:264,121,1,0
BRDA:264,122,0,0
BRDA:264,122,1,0
BRDA:267,123,0,0
BRDA:267,123,1,0
BRDA:269,124,0,0
BRDA:269,124,1,0
BRDA:271,125,0,0
BRDA:271,125,1,0
BRDA:271,126,0,0
BRDA:271,126,1,0
BRDA:272,127,0,0
BRDA:272,127,1,0
BRDA:277,128,0,0
BRDA:277,128,1,0
BRDA:278,129,0,0
BRDA:278,129,1,0
BRDA:278,130,0,0
BRDA:278,130,1,0
BRDA:279,131,0,0
BRDA:279,131,1,0
BRDA:280,132,0,0
BRDA:280,132,1,0
BRDA:280,133,0,0
BRDA:280,133,1,0
BRDA:280,134,0,0
BRDA:280,134,1,0
BRDA:281,135,0,0
BRDA:281,135,1,0
BRDA:282,136,0,0
BRDA:282,136,1,0
BRDA:283,137,0,0
BRDA:283,137,1,0
BRDA:284,138,0,0
BRDA:284,138,1,0
BRDA:285,139,0,0
BRDA:285,139,1,0
BRDA:286,140,0,0
BRDA:286,140,1,0
BRDA:287,141,0,0
BRDA:287,141,1,0
BRDA:287,142,0,0
BRDA:287,142,1,0
BRDA:288,143,0,0
BRDA:288,143,1,0
BRDA:289,144,0,0
BRDA:289,144,1,0
BRDA:290,145,0,0
BRDA:290,145,1,0
BRDA:291,146,0,0
BRDA:291,146,1,0
BRDA:292,147,0,0
BRDA:292,147,1,0
BRDA:293,148,0,0
BRDA:293,148,1,0
BRDA:294,149,0,0
BRDA:294,149,1,0
BRDA:296,150,0,0
BRDA:296,150,1,0
BRDA:308,151,0,0
BRDA:308,151,1,0
BRDA:310,152,0,0
BRDA:310,152,1,0
BRDA:310,153,0,0
BRDA:310,153,1,0
BRDA:314,154,0,0
BRDA:314,154,1,0
BRDA:316,155,0,0
BRDA:316,155,1,0
BRDA:317,156,0,0
BRDA:317,156,1,0
BRDA:317,157,0,0
BRDA:317,157,1,0
BRDA:317,158,0,0
BRDA:317,158,1,0
BRDA:318,159,0,0
BRDA:318,159,1,0
BRDA:319,160,0,0
BRDA:319,160,1,0
BRDA:322,161,0,0
BRDA:322,161,1,0
BRF:325
BRH:94
end_of_record
TN:
SF:routes/trips.js
FN:18,(anonymous_0)
FN:45,(anonymous_1)
FN:48,(anonymous_2)
FN:67,(anonymous_3)
FN:92,(anonymous_4)
FN:122,(anonymous_5)
FN:137,(anonymous_6)
FNF:7
FNH:5
FNDA:2,(anonymous_0)
FNDA:0,(anonymous_1)
FNDA:0,(anonymous_2)
FNDA:2,(anonymous_3)
FNDA:3,(anonymous_4)
FNDA:1,(anonymous_5)
FNDA:3,(anonymous_6)
DA:2,1
DA:11,1
DA:12,1
DA:13,1
DA:14,1
DA:15,1
DA:18,1
DA:19,2
DA:20,2
DA:22,2
DA:23,1
DA:26,1
DA:27,1
DA:37,1
DA:39,0
DA:40,0
DA:45,1
DA:46,0
DA:47,0
DA:48,0
DA:59,0
DA:61,0
DA:62,0
DA:67,1
DA:68,2
DA:69,2
DA:70,2
DA:71,1
DA:74,1
DA:86,0
DA:87,0
DA:92,1
DA:93,3
DA:94,3
DA:95,3
DA:96,1
DA:98,2
DA:101,1
DA:104,1
DA:116,0
DA:117,0
DA:122,1
DA:123,1
DA:127,1
DA:129,1
DA:131,0
DA:132,0
DA:137,1
DA:138,3
DA:139,3
DA:140,3
DA:141,1
DA:145,2
DA:146,1
DA:150,1
DA:151,1
DA:153,1
DA:155,0
DA:156,0
DA:160,1
LF:60
LH:44
BRDA:22,0,0,1
BRDA:22,0,1,1
BRDA:22,1,0,2
BRDA:22,1,1,2
BRDA:22,1,2,1
BRDA:22,1,3,1
BRDA:31,2,0,1
BRDA:31,2,1,1
BRDA:32,3,0,1
BRDA:32,3,1,1
BRDA:33,4,0,1
BRDA:33,4,1,1
BRDA:53,5,0,0
BRDA:53,5,1,0
BRDA:70,6,0,1
BRDA:70,6,1,1
BRDA:79,7,0,1
BRDA:79,7,1,0
BRDA:80,8,0,1
BRDA:80,8,1,0
BRDA:95,9,0,1
BRDA:95,9,1,2
BRDA:98,10,0,1
BRDA:98,10,1,1
BRDA:109,11,0,1
BRDA:109,11,1,0
BRDA:110,12,0,1
BRDA:110,12,1,0
BRDA:140,13,0,1
BRDA:140,13,1,2
BRDA:140,14,0,3
BRDA:140,14,1,3
BRDA:145,15,0,1
BRDA:145,15,1,1
BRF:34
BRH:28
end_of_record
TN:
SF:routes/weather-alerts.js
FN:12,weatherEmoji
FN:21,weatherDesc
FN:30,alertLevel
FN:36,bestTimeForCat
FN:45,(anonymous_4)
FN:51,(anonymous_5)
FN:73,(anonymous_6)
FNF:7
FNH:7
FNDA:65,weatherEmoji
FNDA:65,weatherDesc
FNDA:57,alertLevel
FNDA:57,bestTimeForCat
FNDA:11,(anonymous_4)
FNDA:60,(anonymous_5)
FNDA:57,(anonymous_6)
DA:2,1
DA:7,1
DA:8,1
DA:9,1
DA:10,1
DA:13,65
DA:14,2
DA:15,2
DA:16,2
DA:17,1
DA:18,1
DA:22,65
DA:23,2
DA:24,2
DA:25,2
DA:26,1
DA:27,1
DA:31,57
DA:32,56
DA:33,54
DA:37,57
DA:38,57
DA:39,56
DA:40,54
DA:41,54
DA:42,0
DA:45,1
DA:46,11
DA:50,11
DA:51,60
DA:53,11
DA:55,10
DA:57,10
DA:58,10
DA:59,9
DA:61,8
DA:62,8
DA:66,8
DA:67,8
DA:69,8
DA:70,8
DA:73,8
DA:75,57
DA:76,57
DA:78,57
DA:79,57
DA:80,57
DA:82,57
DA:100,8
DA:110,1
DA:111,1
DA:115,1
LF:52
LH:51
BRDA:13,0,0,63
BRDA:13,0,1,2
BRDA:14,1,0,0
BRDA:14,1,1,2
BRDA:15,2,0,0
BRDA:15,2,1,2
BRDA:16,3,0,1
BRDA:16,3,1,1
BRDA:17,4,0,0
BRDA:17,4,1,1
BRDA:22,5,0,63
BRDA:22,5,1,2
BRDA:23,6,0,0
BRDA:23,6,1,2
BRDA:24,7,0,0
BRDA:24,7,1,2
BRDA:25,8,0,1
BRDA:25,8,1,1
BRDA:26,9,0,0
BRDA:26,9,1,1
BRDA:31,10,0,1
BRDA:31,10,1,56
BRDA:32,11,0,2
BRDA:32,11,1,54
BRDA:32,12,0,56
BRDA:32,12,1,55
BRDA:32,12,2,54
BRDA:38,13,0,1
BRDA:38,13,1,56
BRDA:38,14,0,1
BRDA:38,14,1,0
BRDA:39,15,0,2
BRDA:39,15,1,54
BRDA:40,16,0,0
BRDA:40,16,1,54
BRDA:41,17,0,54
BRDA:41,17,1,0
BRDA:41,18,0,1
BRDA:41,18,1,53
BRDA:50,19,0,11
BRDA:50,19,1,0
BRDA:51,20,0,60
BRDA:51,20,1,59
BRDA:53,21,0,1
BRDA:53,21,1,10
BRDA:53,22,0,11
BRDA:53,22,1,10
BRDA:59,23,0,1
BRDA:59,23,1,8
BRDA:66,24,0,8
BRDA:66,24,1,1
BRDA:67,25,0,0
BRDA:67,25,1,8
BRDA:75,26,0,57
BRDA:75,26,1,0
BRDA:76,27,0,57
BRDA:76,27,1,1
BRDA:78,28,0,57
BRDA:78,28,1,1
BRDA:79,29,0,57
BRDA:79,29,1,1
BRDA:80,30,0,57
BRDA:80,30,1,1
BRDA:92,31,0,1
BRDA:92,31,1,56
BRDA:94,32,0,0
BRDA:94,32,1,56
BRF:67
BRH:54
end_of_record
TN:
SF:routes/weather.js
FN:13,weatherEmoji
FN:20,fetchOpenMeteo
FN:24,(anonymous_2)
FN:32,(anonymous_3)
FN:61,(anonymous_4)
FNF:5
FNH:3
FNDA:12,weatherEmoji
FNDA:14,fetchOpenMeteo
FNDA:0,(anonymous_2)
FNDA:11,(anonymous_3)
FNDA:0,(anonymous_4)
DA:2,1
DA:8,1
DA:9,1
DA:10,1
DA:11,1
DA:14,12
DA:15,6
DA:16,4
DA:17,2
DA:21,14
DA:22,14
DA:23,9
DA:24,2
DA:25,2
DA:26,2
DA:27,2
DA:29,7
DA:32,1
DA:33,11
DA:34,11
DA:37,10
DA:38,10
DA:42,4
DA:43,4
DA:44,4
DA:48,3
DA:49,3
DA:50,3
DA:54,7
DA:55,7
DA:56,7
DA:58,6
DA:59,6
DA:60,6
DA:61,6
DA:73,6
DA:84,0
DA:85,0
DA:89,1
LF:39
LH:37
BRDA:14,0,0,6
BRDA:14,0,1,6
BRDA:15,1,0,2
BRDA:15,1,1,4
BRDA:16,2,0,2
BRDA:16,2,1,2
BRDA:20,3,0,14
BRDA:23,4,0,2
BRDA:23,4,1,7
BRDA:34,5,0,1
BRDA:34,5,1,10
BRDA:34,6,0,11
BRDA:34,6,1,10
BRDA:49,7,0,1
BRDA:49,7,1,2
BRDA:49,8,0,3
BRDA:49,8,1,2
BRDA:56,9,0,1
BRDA:56,9,1,6
BRDA:59,10,0,6
BRDA:59,10,1,0
BRDA:60,11,0,6
BRDA:60,11,1,6
BRDA:61,12,0,0
BRDA:61,12,1,6
BRDA:63,13,0,0
BRDA:63,13,1,0
BRDA:64,14,0,0
BRDA:64,14,1,0
BRDA:65,15,0,0
BRDA:65,15,1,0
BRDA:66,16,0,0
BRDA:66,16,1,0
BRDA:67,17,0,0
BRDA:67,17,1,0
BRDA:68,18,0,0
BRDA:68,18,1,0
BRDA:69,19,0,0
BRDA:69,19,1,0
BRDA:70,20,0,0
BRDA:70,20,1,0
BRDA:71,21,0,0
BRDA:71,21,1,0
BRF:43
BRH:23
end_of_record
TN:
SF:services/cache.js
FN:14,(anonymous_0)
FN:23,(anonymous_1)
FN:40,(anonymous_2)
FN:61,(anonymous_3)
FN:63,(anonymous_4)
FN:74,(anonymous_5)
FN:80,(anonymous_6)
FN:96,(anonymous_7)
FN:121,(anonymous_8)
FN:128,(anonymous_9)
FN:129,(anonymous_10)
FN:136,(anonymous_11)
FN:143,(anonymous_12)
FN:150,(anonymous_13)
FN:165,(anonymous_14)
FN:182,(anonymous_15)
FN:205,(anonymous_16)
FN:241,(anonymous_17)
FN:242,(anonymous_18)
FNF:19
FNH:15
FNDA:105,(anonymous_0)
FNDA:12,(anonymous_1)
FNDA:60,(anonymous_2)
FNDA:5,(anonymous_3)
FNDA:3,(anonymous_4)
FNDA:2,(anonymous_5)
FNDA:2,(anonymous_6)
FNDA:33,(anonymous_7)
FNDA:1,(anonymous_8)
FNDA:2,(anonymous_9)
FNDA:0,(anonymous_10)
FNDA:1,(anonymous_11)
FNDA:1,(anonymous_12)
FNDA:1,(anonymous_13)
FNDA:18,(anonymous_14)
FNDA:1,(anonymous_15)
FNDA:0,(anonymous_16)
FNDA:0,(anonymous_17)
FNDA:0,(anonymous_18)
DA:2,21
DA:15,105
DA:16,105
DA:17,105
DA:18,105
DA:19,105
DA:20,105
DA:24,12
DA:41,60
DA:42,60
DA:43,41
DA:44,41
DA:45,41
DA:48,19
DA:49,2
DA:50,2
DA:51,2
DA:52,2
DA:55,17
DA:56,17
DA:57,17
DA:58,17
DA:62,5
DA:64,3
DA:65,3
DA:66,3
DA:69,1
DA:70,1
DA:71,1
DA:81,2
DA:82,2
DA:83,1
DA:84,0
DA:85,0
DA:87,1
DA:98,33
DA:99,0
DA:103,33
DA:104,1
DA:105,1
DA:106,1
DA:109,33
DA:110,33
DA:111,33
DA:117,33
DA:118,6
DA:119,6
DA:129,2
DA:130,2
DA:137,1
DA:144,1
DA:151,1
DA:152,1
DA:153,1
DA:154,2
DA:155,1
DA:156,1
DA:159,1
DA:166,18
DA:167,18
DA:183,1
DA:189,21
DA:198,21
DA:199,21
DA:200,0
DA:201,0
DA:205,0
DA:206,0
DA:209,21
DA:212,21
DA:219,21
DA:226,21
DA:233,21
DA:241,21
DA:242,0
DA:245,21
LF:76
LH:68
BRDA:14,0,0,0
BRDA:15,1,0,105
BRDA:15,1,1,20
BRDA:16,2,0,105
BRDA:16,2,1,18
BRDA:17,3,0,105
BRDA:17,3,1,0
BRDA:20,4,0,105
BRDA:20,4,1,96
BRDA:42,5,0,41
BRDA:42,5,1,19
BRDA:44,6,0,5
BRDA:44,6,1,36
BRDA:48,7,0,2
BRDA:48,7,1,17
BRDA:51,8,0,0
BRDA:51,8,1,2
BRDA:64,9,0,0
BRDA:64,9,1,3
BRDA:66,10,0,2
BRDA:66,10,1,1
BRDA:66,11,0,3
BRDA:66,11,1,3
BRDA:69,12,0,1
BRDA:69,12,1,0
BRDA:82,13,0,1
BRDA:82,13,1,1
BRDA:83,14,0,0
BRDA:83,14,1,1
BRDA:98,15,0,0
BRDA:98,15,1,33
BRDA:109,16,0,33
BRDA:109,16,1,30
BRDA:117,17,0,6
BRDA:117,17,1,27
BRDA:118,18,0,6
BRDA:118,18,1,6
BRDA:129,19,0,1
BRDA:129,19,1,1
BRDA:154,20,0,1
BRDA:154,20,1,1
BRDA:175,21,0,15
BRDA:175,21,1,3
BRDA:199,22,0,0
BRDA:199,22,1,21
BRF:45
BRH:37
end_of_record
TN:
SF:services/gemini.js
FN:24,hashPrompt
FN:29,sleep
FN:30,(anonymous_2)
FN:35,checkCircuit
FN:48,recordSuccess
FN:56,recordFailure
FN:75,acquireSlot
FN:81,(anonymous_7)
FN:85,releaseSlot
FN:95,_callGeminiOnce
FN:114,(anonymous_10)
FN:129,(anonymous_11)
FN:154,callGemini
FN:242,(anonymous_13)
FN:306,callGeminiText
FN:313,callGeminiVision
FN:324,getStats
FN:338,resetCircuit
FNF:18
FNH:16
FNDA:33,hashPrompt
FNDA:20,sleep
FNDA:20,(anonymous_2)
FNDA:29,checkCircuit
FNDA:11,recordSuccess
FNDA:17,recordFailure
FNDA:28,acquireSlot
FNDA:0,(anonymous_7)
FNDA:28,releaseSlot
FNDA:60,_callGeminiOnce
FNDA:8,(anonymous_10)
FNDA:0,(anonymous_11)
FNDA:33,callGemini
FNDA:12,(anonymous_13)
FNDA:32,callGeminiText
FNDA:1,callGeminiVision
FNDA:12,getStats
FNDA:1,resetCircuit
DA:5,20
DA:6,20
DA:7,20
DA:8,20
DA:9,20
DA:10,20
DA:11,20
DA:15,20
DA:16,20
DA:17,20
DA:18,20
DA:19,20
DA:20,20
DA:25,33
DA:26,33
DA:30,20
DA:36,29
DA:38,1
DA:39,1
DA:40,0
DA:41,0
DA:42,0
DA:45,1
DA:49,11
DA:50,11
DA:51,0
DA:52,0
DA:57,17
DA:58,17
DA:60,0
DA:61,0
DA:62,0
DA:63,0
DA:65,17
DA:66,2
DA:67,2
DA:68,2
DA:69,2
DA:76,28
DA:77,28
DA:78,28
DA:81,0
DA:82,0
DA:86,28
DA:87,28
DA:88,0
DA:89,0
DA:96,60
DA:97,60
DA:98,60
DA:99,60
DA:101,60
DA:103,60
DA:108,60
DA:123,8
DA:124,8
DA:125,8
DA:128,52
DA:129,41
DA:130,41
DA:131,41
DA:133,41
DA:134,41
DA:137,11
DA:138,11
DA:155,33
DA:158,33
DA:161,33
DA:162,33
DA:163,3
DA:164,3
DA:168,30
DA:169,30
DA:170,30
DA:171,1
DA:172,1
DA:173,1
DA:176,0
DA:180,29
DA:181,1
DA:185,28
DA:187,28
DA:188,28
DA:189,28
DA:191,28
DA:192,48
DA:193,48
DA:196,5
DA:197,5
DA:200,5
DA:201,5
DA:202,5
DA:203,5
DA:205,0
DA:209,5
DA:211,43
DA:214,43
DA:215,13
DA:216,13
DA:217,13
DA:221,30
DA:222,20
DA:223,20
DA:224,20
DA:225,20
DA:241,10
DA:242,10
DA:243,12
DA:247,12
DA:249,6
DA:250,6
DA:251,6
DA:252,6
DA:254,6
DA:255,6
DA:256,6
DA:257,6
DA:259,0
DA:262,6
DA:265,10
DA:266,4
DA:267,4
DA:272,2
DA:273,2
DA:277,8
DA:278,8
DA:279,8
DA:280,8
DA:289,4
DA:290,4
DA:294,4
DA:295,4
DA:296,4
DA:299,28
DA:307,32
DA:314,1
DA:318,1
DA:325,12
DA:339,1
DA:340,1
DA:341,1
DA:342,1
DA:345,20
LF:143
LH:127
BRDA:36,0,0,28
BRDA:36,0,1,1
BRDA:39,1,0,0
BRDA:39,1,1,1
BRDA:50,2,0,0
BRDA:50,2,1,11
BRDA:58,3,0,0
BRDA:58,3,1,17
BRDA:65,4,0,2
BRDA:65,4,1,15
BRDA:76,5,0,28
BRDA:76,5,1,0
BRDA:87,6,0,0
BRDA:87,6,1,28
BRDA:95,7,0,0
BRDA:96,8,0,60
BRDA:96,8,1,59
BRDA:97,9,0,60
BRDA:97,9,1,60
BRDA:98,10,0,60
BRDA:98,10,1,52
BRDA:99,11,0,60
BRDA:99,11,1,54
BRDA:105,12,0,0
BRDA:105,12,1,60
BRDA:123,13,0,8
BRDA:123,13,1,0
BRDA:128,14,0,41
BRDA:128,14,1,11
BRDA:133,15,0,41
BRDA:133,15,1,41
BRDA:138,16,0,11
BRDA:138,16,1,0
BRDA:154,17,0,0
BRDA:162,18,0,3
BRDA:162,18,1,30
BRDA:170,19,0,1
BRDA:170,19,1,29
BRDA:180,20,0,1
BRDA:180,20,1,28
BRDA:200,21,0,5
BRDA:200,21,1,0
BRDA:200,22,0,5
BRDA:200,22,1,5
BRDA:214,23,0,13
BRDA:214,23,1,30
BRDA:221,24,0,20
BRDA:221,24,1,10
BRDA:241,25,0,10
BRDA:241,25,1,10
BRDA:251,26,0,3
BRDA:251,26,1,3
BRDA:252,27,0,4
BRDA:252,27,1,2
BRDA:252,28,0,6
BRDA:252,28,1,4
BRDA:254,29,0,6
BRDA:254,29,1,0
BRDA:254,30,0,6
BRDA:254,30,1,6
BRDA:265,31,0,4
BRDA:265,31,1,6
BRDA:265,32,0,10
BRDA:265,32,1,10
BRDA:277,33,0,8
BRDA:277,33,1,0
BRDA:277,34,0,8
BRDA:277,34,1,8
BRDA:277,34,2,8
BRDA:281,35,0,2
BRDA:281,35,1,6
BRDA:284,36,0,2
BRDA:284,36,1,6
BRDA:296,37,0,4
BRDA:296,37,1,0
BRDA:306,38,0,32
BRDA:313,39,0,1
BRDA:315,40,0,1
BRDA:315,40,1,0
BRF:79
BRH:64
end_of_record
TN:
SF:services/placesDiscovery.js
FN:20,callGemini
FN:61,getPlaces
FN:134,(anonymous_2)
FN:166,fetchWiki
FN:180,(anonymous_4)
FN:181,(anonymous_5)
FN:201,geocodePlaceViaNominatimOnly
FN:257,geocodePlaceViaPhoton
FN:299,geocodePlaceNominatim
FN:300,(anonymous_9)
FN:306,(anonymous_10)
FN:309,fixAiCoordsViaNominatim
FN:314,(anonymous_12)
FN:328,(anonymous_13)
FN:338,(anonymous_14)
FN:345,fetchCuratedFoodFallback
FN:376,(anonymous_16)
FN:384,fetchCuratedCityFallback
FN:443,(anonymous_18)
FN:451,fetchNominatimFallback
FN:552,(anonymous_20)
FN:637,hydrateAiPlaces
FN:644,(anonymous_22)
FN:650,(anonymous_23)
FN:651,(anonymous_24)
FN:675,(anonymous_25)
FNF:26
FNH:23
FNDA:7,callGemini
FNDA:7,getPlaces
FNDA:12,(anonymous_2)
FNDA:4,fetchWiki
FNDA:8,(anonymous_4)
FNDA:5,(anonymous_5)
FNDA:48,geocodePlaceViaNominatimOnly
FNDA:9,geocodePlaceViaPhoton
FNDA:48,geocodePlaceNominatim
FNDA:0,(anonymous_9)
FNDA:0,(anonymous_10)
FNDA:11,fixAiCoordsViaNominatim
FNDA:8,(anonymous_12)
FNDA:5,(anonymous_13)
FNDA:0,(anonymous_14)
FNDA:2,fetchCuratedFoodFallback
FNDA:5,(anonymous_16)
FNDA:4,fetchCuratedCityFallback
FNDA:29,(anonymous_18)
FNDA:10,fetchNominatimFallback
FNDA:79,(anonymous_20)
FNDA:6,hydrateAiPlaces
FNDA:177,(anonymous_22)
FNDA:3,(anonymous_23)
FNDA:1,(anonymous_24)
FNDA:1,(anonymous_25)
DA:2,3
DA:11,3
DA:12,3
DA:13,3
DA:14,3
DA:18,3
DA:21,7
DA:57,7
DA:58,7
DA:66,7
DA:67,7
DA:68,7
DA:69,7
DA:88,7
DA:91,7
DA:94,7
DA:96,7
DA:97,7
DA:100,4
DA:101,4
DA:103,1
DA:105,1
DA:106,1
DA:107,1
DA:108,1
DA:113,4
DA:114,3
DA:115,3
DA:117,3
DA:118,3
DA:119,3
DA:120,3
DA:123,3
DA:127,7
DA:128,1
DA:129,1
DA:132,6
DA:134,6
DA:135,12
DA:136,12
DA:137,12
DA:138,11
DA:139,9
DA:140,6
DA:141,12
DA:142,12
DA:143,10
DA:144,10
DA:145,10
DA:146,10
DA:169,4
DA:170,4
DA:175,4
DA:176,3
DA:177,3
DA:178,3
DA:179,3
DA:180,8
DA:182,5
DA:183,5
DA:186,5
DA:204,48
DA:205,48
DA:207,48
DA:215,48
DA:216,48
DA:217,48
DA:219,41
DA:220,41
DA:221,41
DA:222,42
DA:223,42
DA:224,42
DA:225,42
DA:226,42
DA:227,42
DA:228,42
DA:229,42
DA:230,42
DA:231,42
DA:232,42
DA:236,41
DA:237,41
DA:238,41
DA:239,39
DA:258,9
DA:259,9
DA:262,9
DA:263,9
DA:268,8
DA:269,7
DA:271,1
DA:274,7
DA:275,7
DA:277,2
DA:278,2
DA:279,2
DA:280,2
DA:281,2
DA:282,2
DA:283,2
DA:284,2
DA:285,2
DA:286,2
DA:287,2
DA:288,2
DA:289,2
DA:290,2
DA:293,2
DA:294,2
DA:295,2
DA:296,1
DA:300,48
DA:301,48
DA:306,9
DA:310,11
DA:313,11
DA:314,11
DA:315,8
DA:316,8
DA:317,5
DA:318,5
DA:321,11
DA:322,11
DA:323,11
DA:325,11
DA:326,5
DA:327,5
DA:328,5
DA:330,5
DA:331,5
DA:332,5
DA:333,4
DA:334,4
DA:338,5
DA:341,11
DA:342,11
DA:346,2
DA:352,2
DA:353,2
DA:354,2
DA:355,2
DA:357,2
DA:358,5
DA:359,5
DA:360,5
DA:361,5
DA:362,5
DA:363,5
DA:364,5
DA:376,5
DA:380,2
DA:381,2
DA:385,4
DA:419,4
DA:420,4
DA:421,4
DA:422,4
DA:424,4
DA:425,30
DA:426,30
DA:427,30
DA:428,29
DA:429,29
DA:430,29
DA:431,29
DA:443,29
DA:447,4
DA:448,4
DA:452,10
DA:457,10
DA:462,10
DA:485,10
DA:488,10
DA:492,10
DA:493,10
DA:495,10
DA:496,80
DA:497,80
DA:498,80
DA:499,80
DA:504,79
DA:505,79
DA:507,79
DA:508,63
DA:509,63
DA:510,63
DA:512,63
DA:513,63
DA:516,55
DA:517,55
DA:520,55
DA:522,47
DA:524,47
DA:526,47
DA:529,47
DA:532,39
DA:533,31
DA:535,31
DA:536,31
DA:537,17
DA:539,17
DA:540,17
DA:552,79
DA:556,10
DA:563,10
DA:564,8
DA:582,8
DA:583,64
DA:584,64
DA:585,64
DA:586,64
DA:591,64
DA:592,64
DA:593,64
DA:595,64
DA:596,16
DA:597,16
DA:598,16
DA:600,16
DA:601,16
DA:603,16
DA:604,16
DA:605,16
DA:607,16
DA:608,16
DA:609,16
DA:610,8
DA:612,8
DA:613,8
DA:614,1
DA:616,1
DA:617,1
DA:631,8
DA:634,10
DA:638,6
DA:639,6
DA:640,6
DA:642,6
DA:643,24
DA:644,24
DA:645,177
DA:648,24
DA:649,3
DA:650,3
DA:652,1
DA:653,1
DA:654,1
DA:658,24
DA:659,23
DA:668,1
DA:672,6
DA:673,6
DA:675,1
DA:680,3
LF:255
LH:255
BRDA:57,0,0,7
BRDA:57,0,1,0
BRDA:57,1,0,7
BRDA:57,1,1,0
BRDA:58,2,0,7
BRDA:58,2,1,0
BRDA:66,3,0,7
BRDA:66,3,1,0
BRDA:101,4,0,1
BRDA:101,4,1,3
BRDA:106,5,0,1
BRDA:106,5,1,0
BRDA:113,6,0,3
BRDA:113,6,1,1
BRDA:120,7,0,3
BRDA:120,7,1,0
BRDA:123,8,0,2
BRDA:123,8,1,1
BRDA:127,9,0,1
BRDA:127,9,1,6
BRDA:127,10,0,7
BRDA:127,10,1,6
BRDA:135,11,0,12
BRDA:135,11,1,0
BRDA:137,12,0,1
BRDA:137,12,1,11
BRDA:138,13,0,2
BRDA:138,13,1,9
BRDA:139,14,0,3
BRDA:139,14,1,6
BRDA:140,15,0,6
BRDA:140,15,1,0
BRDA:141,16,0,12
BRDA:141,16,1,1
BRDA:142,17,0,2
BRDA:142,17,1,10
BRDA:143,18,0,10
BRDA:143,18,1,7
BRDA:144,19,0,2
BRDA:144,19,1,8
BRDA:145,20,0,1
BRDA:145,20,1,9
BRDA:145,21,0,9
BRDA:145,21,1,0
BRDA:152,22,0,10
BRDA:152,22,1,7
BRDA:153,23,0,10
BRDA:153,23,1,7
BRDA:153,24,0,0
BRDA:153,24,1,7
BRDA:154,25,0,10
BRDA:154,25,1,7
BRDA:154,26,0,0
BRDA:154,26,1,7
BRDA:155,27,0,10
BRDA:155,27,1,10
BRDA:156,28,0,10
BRDA:156,28,1,10
BRDA:160,29,0,10
BRDA:160,29,1,7
BRDA:161,30,0,10
BRDA:161,30,1,10
BRDA:175,31,0,1
BRDA:175,31,1,3
BRDA:179,32,0,3
BRDA:179,32,1,0
BRDA:180,33,0,8
BRDA:180,33,1,6
BRDA:180,33,2,6
BRDA:183,34,0,1
BRDA:183,34,1,4
BRDA:184,35,0,1
BRDA:184,35,1,3
BRDA:191,36,0,1
BRDA:191,36,1,4
BRDA:201,37,0,0
BRDA:215,38,0,0
BRDA:215,38,1,48
BRDA:217,39,0,7
BRDA:217,39,1,41
BRDA:217,40,0,48
BRDA:217,40,1,48
BRDA:220,41,0,41
BRDA:220,41,1,0
BRDA:224,42,0,0
BRDA:224,42,1,42
BRDA:224,43,0,42
BRDA:224,43,1,42
BRDA:226,44,0,42
BRDA:226,44,1,0
BRDA:227,45,0,42
BRDA:227,45,1,0
BRDA:229,46,0,2
BRDA:229,46,1,40
BRDA:229,47,0,42
BRDA:229,47,1,42
BRDA:230,48,0,8
BRDA:230,48,1,34
BRDA:230,49,0,42
BRDA:230,49,1,42
BRDA:230,50,0,42
BRDA:230,50,1,0
BRDA:231,51,0,8
BRDA:231,51,1,34
BRDA:231,52,0,42
BRDA:231,52,1,0
BRDA:232,53,0,42
BRDA:232,53,1,0
BRDA:232,54,0,42
BRDA:232,54,1,1
BRDA:236,55,0,0
BRDA:236,55,1,41
BRDA:237,56,0,6
BRDA:237,56,1,35
BRDA:238,57,0,2
BRDA:238,57,1,39
BRDA:257,58,0,0
BRDA:268,59,0,1
BRDA:268,59,1,7
BRDA:274,60,0,2
BRDA:274,60,1,5
BRDA:275,61,0,5
BRDA:275,61,1,2
BRDA:278,62,0,2
BRDA:278,62,1,0
BRDA:282,63,0,0
BRDA:282,63,1,2
BRDA:282,64,0,2
BRDA:282,64,1,2
BRDA:284,65,0,2
BRDA:284,65,1,0
BRDA:285,66,0,2
BRDA:285,66,1,1
BRDA:285,66,2,1
BRDA:286,67,0,2
BRDA:286,67,1,0
BRDA:288,68,0,1
BRDA:288,68,1,1
BRDA:288,69,0,2
BRDA:288,69,1,2
BRDA:289,70,0,2
BRDA:289,70,1,0
BRDA:289,71,0,2
BRDA:289,71,1,2
BRDA:289,72,0,2
BRDA:289,72,1,0
BRDA:290,73,0,2
BRDA:290,73,1,0
BRDA:290,74,0,2
BRDA:290,74,1,0
BRDA:293,75,0,0
BRDA:293,75,1,2
BRDA:294,76,0,0
BRDA:294,76,1,2
BRDA:295,77,0,1
BRDA:295,77,1,1
BRDA:299,78,0,0
BRDA:301,79,0,39
BRDA:301,79,1,9
BRDA:315,80,0,8
BRDA:315,80,1,0
BRDA:316,81,0,3
BRDA:316,81,1,5
BRDA:316,82,0,8
BRDA:316,82,1,8
BRDA:316,82,2,7
BRDA:331,83,0,5
BRDA:331,83,1,0
BRDA:332,84,0,4
BRDA:332,84,1,1
BRDA:338,85,0,0
BRDA:338,85,1,5
BRDA:352,86,0,2
BRDA:352,86,1,0
BRDA:353,87,0,2
BRDA:353,87,1,1
BRDA:360,88,0,0
BRDA:360,88,1,5
BRDA:362,89,0,0
BRDA:362,89,1,5
BRDA:419,90,0,4
BRDA:419,90,1,0
BRDA:420,91,0,4
BRDA:420,91,1,1
BRDA:427,92,0,1
BRDA:427,92,1,29
BRDA:429,93,0,0
BRDA:429,93,1,29
BRDA:437,94,0,0
BRDA:437,94,1,29
BRDA:438,95,0,0
BRDA:438,95,1,29
BRDA:451,96,0,10
BRDA:452,97,0,10
BRDA:488,98,0,0
BRDA:488,98,1,10
BRDA:504,99,0,0
BRDA:504,99,1,79
BRDA:507,100,0,79
BRDA:507,100,1,0
BRDA:510,101,0,0
BRDA:510,101,1,63
BRDA:510,102,0,63
BRDA:510,102,1,63
BRDA:513,103,0,8
BRDA:513,103,1,55
BRDA:513,104,0,0
BRDA:513,104,1,63
BRDA:516,105,0,55
BRDA:516,105,1,0
BRDA:517,106,0,55
BRDA:517,106,1,0
BRDA:520,107,0,8
BRDA:520,107,1,47
BRDA:522,108,0,0
BRDA:522,108,1,47
BRDA:524,109,0,47
BRDA:524,109,1,0
BRDA:524,110,0,47
BRDA:524,110,1,0
BRDA:525,111,0,0
BRDA:525,111,1,0
BRDA:526,112,0,0
BRDA:526,112,1,47
BRDA:526,113,0,47
BRDA:526,113,1,47
BRDA:529,114,0,8
BRDA:529,114,1,39
BRDA:532,115,0,8
BRDA:532,115,1,31
BRDA:533,116,0,0
BRDA:533,116,1,31
BRDA:536,117,0,14
BRDA:536,117,1,17
BRDA:545,118,0,0
BRDA:545,118,1,17
BRDA:546,119,0,0
BRDA:546,119,1,17
BRDA:563,120,0,8
BRDA:563,120,1,2
BRDA:591,121,0,0
BRDA:591,121,1,64
BRDA:593,122,0,16
BRDA:593,122,1,48
BRDA:598,123,0,0
BRDA:598,123,1,16
BRDA:598,124,0,16
BRDA:598,124,1,16
BRDA:601,125,0,0
BRDA:601,125,1,16
BRDA:601,126,0,0
BRDA:601,126,1,16
BRDA:603,127,0,16
BRDA:603,127,1,0
BRDA:604,128,0,16
BRDA:604,128,1,0
BRDA:605,129,0,0
BRDA:605,129,1,16
BRDA:607,130,0,16
BRDA:607,130,1,0
BRDA:608,131,0,0
BRDA:608,131,1,16
BRDA:608,132,0,16
BRDA:608,132,1,16
BRDA:609,133,0,8
BRDA:609,133,1,8
BRDA:610,134,0,0
BRDA:610,134,1,8
BRDA:613,135,0,7
BRDA:613,135,1,1
BRDA:622,136,0,0
BRDA:622,136,1,1
BRDA:623,137,0,0
BRDA:623,137,1,1
BRDA:638,138,0,6
BRDA:638,138,1,0
BRDA:643,139,0,24
BRDA:643,139,1,0
BRDA:644,140,0,24
BRDA:644,140,1,0
BRDA:645,141,0,177
BRDA:645,141,1,0
BRDA:648,142,0,3
BRDA:648,142,1,21
BRDA:649,143,0,3
BRDA:649,143,1,0
BRDA:653,144,0,0
BRDA:653,144,1,1
BRDA:654,145,0,1
BRDA:654,145,1,0
BRDA:654,146,0,1
BRDA:654,146,1,0
BRDA:658,147,0,23
BRDA:658,147,1,1
BRDA:663,148,0,23
BRDA:663,148,1,21
BRDA:663,149,0,2
BRDA:663,149,1,19
BRDA:663,150,0,21
BRDA:663,150,1,0
BRDA:665,151,0,23
BRDA:665,151,1,0
BRDA:665,152,0,23
BRDA:665,152,1,0
BRF:304
BRH:221
end_of_record
TN:
SF:services/timeIntelligence.js
FN:5,computeSunTimes
FN:10,getPlaceState
FN:25,getBatchState
FN:26,(anonymous_3)
FN:28,predictCrowd
FN:31,applyWeightSet
FN:41,personalizeScore
FN:53,suggestOpenAlternatives
FNF:8
FNH:8
FNDA:2,computeSunTimes
FNDA:71,getPlaceState
FNDA:9,getBatchState
FNDA:58,(anonymous_3)
FNDA:4,predictCrowd
FNDA:8,applyWeightSet
FNDA:13,personalizeScore
FNDA:5,suggestOpenAlternatives
DA:2,5
DA:3,5
DA:4,5
DA:6,2
DA:7,2
DA:9,5
DA:11,71
DA:12,71
DA:26,58
DA:29,4
DA:32,8
DA:33,38
DA:34,38
DA:35,37
DA:36,34
DA:37,34
DA:39,8
DA:42,13
DA:43,13
DA:44,1
DA:45,1
DA:47,13
DA:48,7
DA:49,7
DA:51,13
DA:54,5
DA:56,5
LF:27
LH:27
BRDA:10,0,0,0
BRDA:10,1,0,9
BRDA:25,2,0,2
BRDA:25,3,0,3
BRDA:26,4,0,9
BRDA:26,4,1,1
BRDA:33,5,0,0
BRDA:33,5,1,38
BRDA:33,6,0,38
BRDA:33,6,1,3
BRDA:34,7,0,1
BRDA:34,7,1,37
BRDA:34,8,0,38
BRDA:34,8,1,3
BRDA:35,9,0,3
BRDA:35,9,1,34
BRDA:35,10,0,37
BRDA:35,10,1,6
BRDA:36,11,0,0
BRDA:36,11,1,34
BRDA:36,12,0,34
BRDA:36,12,1,0
BRDA:37,13,0,5
BRDA:37,13,1,29
BRDA:41,14,0,1
BRDA:41,15,0,1
BRDA:45,16,0,1
BRDA:45,16,1,0
BRDA:47,17,0,7
BRDA:47,17,1,6
BRDA:47,18,0,13
BRDA:47,18,1,10
BRDA:47,18,2,7
BRDA:49,19,0,7
BRDA:49,19,1,0
BRDA:53,20,0,0
BRDA:53,21,0,2
BRDA:53,22,0,4
BRF:38
BRH:31
end_of_record
TN:
SF:services/ml/crowdModel.js
FN:16,sigmoid
FN:17,hashBucket
FN:23,hourCyclic
FN:28,buildFeatures
FN:48,predictProba
FN:53,levelFromScore
FN:60,estimateUncertainty
FN:65,predictCrowd
FN:83,feedbackToLabel
FN:90,updateOnline
FN:101,ensureLoaded
FN:117,persist
FN:128,trainFromFeedback
FN:146,learnFromSingleFeedback
FN:157,getModelInfo
FNF:15
FNH:13
FNDA:34,sigmoid
FNDA:35,hashBucket
FNDA:35,hourCyclic
FNDA:35,buildFeatures
FNDA:34,predictProba
FNDA:3,levelFromScore
FNDA:3,estimateUncertainty
FNDA:3,predictCrowd
FNDA:3,feedbackToLabel
FNDA:31,updateOnline
FNDA:1,ensureLoaded
FNDA:0,persist
FNDA:0,trainFromFeedback
FNDA:1,learnFromSingleFeedback
FNDA:1,getModelInfo
DA:2,2
DA:3,2
DA:4,2
DA:5,2
DA:6,2
DA:7,2
DA:8,2
DA:9,2
DA:10,2
DA:11,2
DA:12,2
DA:13,36
DA:14,2
DA:15,2
DA:16,34
DA:18,35
DA:19,35
DA:20,179
DA:21,35
DA:24,35
DA:25,35
DA:26,35
DA:29,35
DA:30,35
DA:31,35
DA:32,35
DA:33,35
DA:34,35
DA:35,35
DA:36,35
DA:37,35
DA:38,35
DA:39,35
DA:40,35
DA:41,35
DA:42,35
DA:43,35
DA:44,35
DA:45,35
DA:46,35
DA:49,34
DA:50,612
DA:51,34
DA:54,3
DA:55,3
DA:56,3
DA:57,1
DA:58,1
DA:61,3
DA:62,3
DA:63,3
DA:66,3
DA:67,3
DA:68,3
DA:69,3
DA:70,3
DA:84,3
DA:85,3
DA:86,3
DA:87,3
DA:88,3
DA:91,31
DA:92,31
DA:93,31
DA:94,31
DA:95,31
DA:96,558
DA:97,31
DA:98,31
DA:99,31
DA:102,1
DA:103,1
DA:104,1
DA:105,1
DA:106,0
DA:107,0
DA:108,0
DA:109,0
DA:110,0
DA:111,0
DA:112,0
DA:118,0
DA:119,0
DA:120,0
DA:121,0
DA:129,0
DA:130,0
DA:131,0
DA:132,0
DA:133,0
DA:134,0
DA:135,0
DA:136,0
DA:137,0
DA:138,0
DA:139,0
DA:140,0
DA:142,0
DA:143,0
DA:144,0
DA:147,1
DA:148,1
DA:154,1
DA:155,1
DA:158,1
DA:160,2
LF:106
LH:80
BRDA:16,0,0,0
BRDA:16,0,1,34
BRDA:16,1,0,0
BRDA:16,1,1,34
BRDA:17,2,0,35
BRDA:18,3,0,35
BRDA:18,3,1,0
BRDA:21,4,0,35
BRDA:21,4,1,0
BRDA:24,5,0,1
BRDA:24,5,1,34
BRDA:31,6,0,35
BRDA:31,6,1,0
BRDA:31,7,0,35
BRDA:31,7,1,35
BRDA:32,8,0,2
BRDA:32,8,1,33
BRDA:33,9,0,33
BRDA:33,9,1,2
BRDA:34,10,0,35
BRDA:34,10,1,0
BRDA:38,11,0,34
BRDA:38,11,1,1
BRDA:41,12,0,0
BRDA:41,12,1,35
BRDA:42,13,0,35
BRDA:42,13,1,35
BRDA:43,14,0,0
BRDA:43,14,1,35
BRDA:44,15,0,35
BRDA:44,15,1,35
BRDA:54,16,0,0
BRDA:54,16,1,3
BRDA:55,17,0,0
BRDA:55,17,1,3
BRDA:56,18,0,2
BRDA:56,18,1,1
BRDA:57,19,0,0
BRDA:57,19,1,1
BRDA:62,20,0,3
BRDA:62,20,1,3
BRDA:65,21,0,0
BRDA:74,22,0,1
BRDA:74,22,1,2
BRDA:85,23,0,3
BRDA:85,23,1,0
BRDA:86,24,0,1
BRDA:86,24,1,2
BRDA:87,25,0,1
BRDA:87,25,1,2
BRDA:102,26,0,0
BRDA:102,26,1,1
BRDA:106,27,0,0
BRDA:106,27,1,0
BRDA:108,28,0,0
BRDA:108,28,1,0
BRDA:110,29,0,0
BRDA:110,29,1,0
BRDA:110,30,0,0
BRDA:110,30,1,0
BRDA:112,31,0,0
BRDA:112,31,1,0
BRDA:120,32,0,0
BRDA:120,32,1,0
BRDA:128,33,0,0
BRDA:132,34,0,0
BRDA:132,34,1,0
BRDA:138,35,0,0
BRDA:138,35,1,0
BRDA:138,36,0,0
BRDA:138,36,1,0
BRDA:138,37,0,0
BRDA:138,37,1,0
BRDA:138,38,0,0
BRDA:138,38,1,0
BRDA:139,39,0,0
BRDA:139,39,1,0
BRDA:139,40,0,0
BRDA:139,40,1,0
BRDA:139,40,2,0
BRDA:139,40,3,0
BRDA:142,41,0,0
BRDA:142,41,1,0
BRDA:146,42,0,0
BRDA:149,43,0,1
BRDA:149,43,1,1
BRDA:150,44,0,1
BRDA:150,44,1,0
BRDA:150,45,0,0
BRDA:150,45,1,1
BRDA:151,46,0,1
BRDA:151,46,1,0
BRDA:151,47,0,1
BRDA:151,47,1,1
BRDA:154,48,0,0
BRDA:154,48,1,1
BRF:96
BRH:46
end_of_record
TN:
SF:services/travelIntelligence/advancedItineraryEngine.js
FN:50,visitMinutes
FN:60,isFood
FN:62,mealAt
FN:69,minuteOf
FN:74,distanceKm
FN:86,formatReasons
FN:104,selectWeatherAt
FN:111,(anonymous_7)
FN:120,(anonymous_8)
FN:121,(anonymous_9)
FN:136,dateAtMinute
FN:140,(anonymous_11)
FN:141,(anonymous_12)
FN:152,placeIdentity
FN:156,matchesPlaceReference
FN:163,matchesMustVisit
FN:167,mustVisitCoverage
FN:169,(anonymous_17)
FN:169,(anonymous_18)
FN:172,explicitCost
FN:182,travelCost
FN:194,mealRequirements
FN:200,requiredMealMet
FN:201,(anonymous_23)
FN:204,requirementSatisfaction
FN:206,(anonymous_25)
FN:207,(anonymous_26)
FN:210,(anonymous_27)
FN:218,(anonymous_28)
FN:219,(anonymous_29)
FN:220,(anonymous_30)
FN:225,validatePlan
FN:243,(anonymous_32)
FN:246,(anonymous_33)
FN:246,(anonymous_34)
FN:247,(anonymous_35)
FN:255,scoreTransition
FN:378,futureTargets
FN:393,(anonymous_38)
FN:393,(anonymous_39)
FN:396,buildStop
FN:431,(anonymous_41)
FN:451,stateQuality
FN:453,(anonymous_43)
FN:455,(anonymous_44)
FN:457,(anonymous_45)
FN:457,(anonymous_46)
FN:459,(anonymous_47)
FN:472,dedupeStates
FN:482,buildInfeasibleResult
FN:506,planAdvancedItinerary
FN:548,(anonymous_51)
FN:548,(anonymous_52)
FN:549,(anonymous_53)
FN:565,(anonymous_54)
FN:566,(anonymous_55)
FN:568,(anonymous_56)
FN:569,(anonymous_57)
FN:590,(anonymous_58)
FN:668,(anonymous_59)
FN:671,(anonymous_60)
FN:673,(anonymous_61)
FN:674,(anonymous_62)
FN:674,(anonymous_63)
FN:675,(anonymous_64)
FN:686,(anonymous_65)
FN:696,(anonymous_66)
FN:697,(anonymous_67)
FN:698,(anonymous_68)
FN:698,(anonymous_69)
FN:704,(anonymous_70)
FN:711,(anonymous_71)
FN:712,(anonymous_72)
FN:713,(anonymous_73)
FN:729,(anonymous_74)
FN:731,(anonymous_75)
FN:761,replanAdvanced
FN:779,(anonymous_77)
FNF:78
FNH:49
FNDA:4035,visitMinutes
FNDA:26246,isFood
FNDA:13830,mealAt
FNDA:2192,minuteOf
FNDA:0,distanceKm
FNDA:4019,formatReasons
FNDA:4035,selectWeatherAt
FNDA:0,(anonymous_7)
FNDA:0,(anonymous_8)
FNDA:0,(anonymous_9)
FNDA:4035,dateAtMinute
FNDA:4035,(anonymous_11)
FNDA:12105,(anonymous_12)
FNDA:22037,placeIdentity
FNDA:0,matchesPlaceReference
FNDA:0,matchesMustVisit
FNDA:255,mustVisitCoverage
FNDA:0,(anonymous_17)
FNDA:0,(anonymous_18)
FNDA:4019,explicitCost
FNDA:4019,travelCost
FNDA:43386,mealRequirements
FNDA:301,requiredMealMet
FNDA:623,(anonymous_23)
FNDA:255,requirementSatisfaction
FNDA:1058,(anonymous_25)
FNDA:553,(anonymous_26)
FNDA:161,(anonymous_27)
FNDA:553,(anonymous_28)
FNDA:161,(anonymous_29)
FNDA:0,(anonymous_30)
FNDA:213,validatePlan
FNDA:0,(anonymous_32)
FNDA:0,(anonymous_33)
FNDA:0,(anonymous_34)
FNDA:0,(anonymous_35)
FNDA:4035,scoreTransition
FNDA:3187,futureTargets
FNDA:4027,(anonymous_38)
FNDA:884,(anonymous_39)
FNDA:3720,buildStop
FNDA:13614,(anonymous_41)
FNDA:34932,stateQuality
FNDA:31328,(anonymous_43)
FNDA:97504,(anonymous_44)
FNDA:0,(anonymous_45)
FNDA:0,(anonymous_46)
FNDA:133644,(anonymous_47)
FNDA:87,dedupeStates
FNDA:2,buildInfeasibleResult
FNDA:20,planAdvancedItinerary
FNDA:0,(anonymous_51)
FNDA:0,(anonymous_52)
FNDA:0,(anonymous_53)
FNDA:0,(anonymous_54)
FNDA:0,(anonymous_55)
FNDA:0,(anonymous_56)
FNDA:0,(anonymous_57)
FNDA:11247,(anonymous_58)
FNDA:17275,(anonymous_59)
FNDA:304,(anonymous_60)
FNDA:248,(anonymous_61)
FNDA:0,(anonymous_62)
FNDA:0,(anonymous_63)
FNDA:488,(anonymous_64)
FNDA:213,(anonymous_65)
FNDA:1,(anonymous_66)
FNDA:0,(anonymous_67)
FNDA:0,(anonymous_68)
FNDA:0,(anonymous_69)
FNDA:191,(anonymous_70)
FNDA:53,(anonymous_71)
FNDA:53,(anonymous_72)
FNDA:53,(anonymous_73)
FNDA:42,(anonymous_74)
FNDA:132,(anonymous_75)
FNDA:0,replanAdvanced
FNDA:0,(anonymous_77)
DA:14,7
DA:15,7
DA:16,7
DA:17,7
DA:27,7
DA:31,7
DA:33,7
DA:46,7
DA:48,7
DA:51,4035
DA:56,4035
DA:57,4035
DA:60,26246
DA:63,13830
DA:64,36276
DA:66,1370
DA:70,2192
DA:71,2192
DA:75,0
DA:76,0
DA:77,0
DA:78,0
DA:79,0
DA:80,0
DA:81,0
DA:82,0
DA:83,0
DA:87,4019
DA:88,4019
DA:89,4019
DA:90,4019
DA:91,4019
DA:92,4019
DA:93,4019
DA:94,4019
DA:95,4019
DA:96,4019
DA:97,4019
DA:98,4019
DA:99,4019
DA:100,4019
DA:101,4019
DA:105,4035
DA:106,0
DA:107,0
DA:108,0
DA:109,0
DA:110,0
DA:111,0
DA:112,0
DA:113,0
DA:114,0
DA:115,0
DA:117,0
DA:118,0
DA:119,0
DA:120,0
DA:121,0
DA:122,0
DA:124,0
DA:126,0
DA:127,0
DA:128,0
DA:129,0
DA:130,0
DA:132,0
DA:133,0
DA:137,4035
DA:138,4035
DA:139,4035
DA:140,4035
DA:141,12105
DA:142,4035
DA:148,4035
DA:149,4035
DA:153,22037
DA:157,0
DA:158,0
DA:159,0
DA:160,0
DA:164,0
DA:168,255
DA:169,255
DA:173,4019
DA:174,4019
DA:175,32152
DA:176,32152
DA:178,4019
DA:179,4019
DA:183,4019
DA:184,4019
DA:185,4019
DA:186,0
DA:187,0
DA:188,0
DA:190,4019
DA:191,4019
DA:195,43386
DA:201,623
DA:205,255
DA:206,1058
DA:207,553
DA:208,255
DA:209,255
DA:210,255
DA:211,255
DA:212,255
DA:213,255
DA:214,255
DA:215,255
DA:216,255
DA:217,255
DA:218,553
DA:219,161
DA:220,0
DA:222,255
DA:226,213
DA:227,213
DA:228,213
DA:229,213
DA:230,926
DA:231,926
DA:232,926
DA:233,926
DA:234,926
DA:235,926
DA:236,926
DA:237,926
DA:238,926
DA:239,926
DA:240,926
DA:242,213
DA:243,213
DA:244,213
DA:245,213
DA:246,213
DA:247,213
DA:248,213
DA:249,0
DA:250,0
DA:252,213
DA:256,4035
DA:257,4035
DA:258,4035
DA:259,4035
DA:260,4035
DA:261,2971
DA:262,2971
DA:271,0
DA:273,2971
DA:276,4035
DA:277,4035
DA:279,4035
DA:280,4035
DA:282,4035
DA:283,4035
DA:284,4035
DA:285,4035
DA:286,4035
DA:290,4035
DA:291,4035
DA:292,4035
DA:293,4035
DA:294,4035
DA:295,4035
DA:296,0
DA:297,0
DA:299,4035
DA:300,4035
DA:301,3957
DA:303,3957
DA:304,2136
DA:306,4035
DA:307,429
DA:308,429
DA:309,56
DA:310,38
DA:311,3606
DA:312,573
DA:314,4035
DA:315,4035
DA:326,4035
DA:327,4035
DA:328,4035
DA:331,4035
DA:332,4035
DA:333,4035
DA:334,4019
DA:335,4019
DA:337,4019
DA:339,4019
DA:340,832
DA:343,4019
DA:344,4019
DA:345,4019
DA:346,4019
DA:347,4019
DA:348,4019
DA:349,4019
DA:351,4019
DA:353,4019
DA:365,4019
DA:379,3187
DA:380,3187
DA:381,2671
DA:382,2671
DA:384,3187
DA:385,3187
DA:386,2642
DA:387,2642
DA:389,3187
DA:390,0
DA:391,0
DA:393,4027
DA:397,3720
DA:398,3720
DA:399,3720
DA:400,3720
DA:431,13614
DA:452,34932
DA:453,34932
DA:454,34932
DA:455,97504
DA:456,34932
DA:457,34932
DA:458,34932
DA:459,133644
DA:460,34932
DA:473,87
DA:474,87
DA:475,4808
DA:476,4808
DA:477,4808
DA:479,87
DA:483,2
DA:484,2
DA:507,20
DA:508,20
DA:513,20
DA:514,20
DA:519,20
DA:523,20
DA:526,20
DA:527,20
DA:537,20
DA:538,20
DA:539,20
DA:540,20
DA:541,20
DA:542,20
DA:543,20
DA:544,20
DA:546,20
DA:548,20
DA:549,20
DA:550,20
DA:552,20
DA:553,20
DA:554,20
DA:555,20
DA:556,20
DA:557,20
DA:558,20
DA:559,20
DA:565,0
DA:566,0
DA:568,0
DA:569,0
DA:574,20
DA:576,20
DA:577,87
DA:578,87
DA:579,1201
DA:580,1201
DA:581,8548
DA:582,8548
DA:583,4158
DA:584,4158
DA:589,4158
DA:590,11247
DA:591,4158
DA:592,4158
DA:593,4158
DA:594,4158
DA:596,3399
DA:603,3399
DA:604,3399
DA:605,3399
DA:606,3399
DA:607,3399
DA:612,3203
DA:613,3203
DA:614,3187
DA:615,3187
DA:616,4027
DA:617,4027
DA:618,4027
DA:619,4019
DA:620,4019
DA:621,4019
DA:622,4019
DA:624,3720
DA:625,3720
DA:634,3720
DA:648,3720
DA:649,426
DA:650,426
DA:652,3720
DA:656,1201
DA:661,1201
DA:662,1088
DA:663,1088
DA:667,87
DA:668,17275
DA:669,87
DA:670,87
DA:671,85
DA:672,304
DA:673,304
DA:674,304
DA:675,488
DA:676,304
DA:680,48
DA:681,48
DA:685,20
DA:686,213
DA:687,20
DA:688,213
DA:689,213
DA:690,213
DA:693,20
DA:694,2
DA:695,2
DA:696,2
DA:697,2
DA:698,0
DA:700,2
DA:701,2
DA:704,18
DA:705,191
DA:706,191
DA:707,191
DA:709,18
DA:710,18
DA:711,53
DA:712,53
DA:713,53
DA:715,18
DA:729,42
DA:731,132
DA:762,0
DA:763,0
DA:766,0
DA:767,0
DA:776,7
DA:780,0
DA:781,0
LF:357
LH:297
BRDA:56,0,0,4035
BRDA:56,0,1,11
BRDA:57,1,0,4024
BRDA:57,1,1,11
BRDA:57,2,0,4035
BRDA:57,2,1,4024
BRDA:57,3,0,11
BRDA:57,3,1,0
BRDA:60,4,0,26246
BRDA:60,4,1,23191
BRDA:64,5,0,12460
BRDA:64,5,1,23816
BRDA:64,6,0,36276
BRDA:64,6,1,33108
BRDA:70,7,0,0
BRDA:70,7,1,2192
BRDA:75,8,0,0
BRDA:75,8,1,0
BRDA:75,9,0,0
BRDA:75,9,1,0
BRDA:75,9,2,0
BRDA:75,9,3,0
BRDA:90,10,0,383
BRDA:90,10,1,3636
BRDA:90,11,0,4019
BRDA:90,11,1,429
BRDA:91,12,0,1198
BRDA:91,12,1,2821
BRDA:92,13,0,474
BRDA:92,13,1,3545
BRDA:92,14,0,4019
BRDA:92,14,1,3545
BRDA:93,15,0,277
BRDA:93,15,1,3742
BRDA:94,16,0,0
BRDA:94,16,1,4019
BRDA:94,17,0,4019
BRDA:94,17,1,0
BRDA:95,18,0,1070
BRDA:95,18,1,2949
BRDA:95,19,0,4019
BRDA:95,19,1,2080
BRDA:95,19,2,1482
BRDA:95,19,3,1208
BRDA:96,20,0,1806
BRDA:96,20,1,2213
BRDA:97,21,0,669
BRDA:97,21,1,3350
BRDA:97,22,0,4019
BRDA:97,22,1,4019
BRDA:98,23,0,832
BRDA:98,23,1,3187
BRDA:99,24,0,4019
BRDA:99,24,1,0
BRDA:100,25,0,4019
BRDA:100,25,1,0
BRDA:101,26,0,4019
BRDA:101,26,1,0
BRDA:105,27,0,4035
BRDA:105,27,1,0
BRDA:105,28,0,4035
BRDA:105,28,1,51
BRDA:105,28,2,0
BRDA:105,29,0,4035
BRDA:105,29,1,3984
BRDA:112,30,0,0
BRDA:112,30,1,0
BRDA:113,31,0,0
BRDA:113,31,1,0
BRDA:113,32,0,0
BRDA:113,32,1,0
BRDA:118,33,0,0
BRDA:118,33,1,0
BRDA:122,34,0,0
BRDA:122,34,1,0
BRDA:122,35,0,0
BRDA:122,35,1,0
BRDA:127,36,0,0
BRDA:127,36,1,0
BRDA:127,36,2,0
BRDA:128,37,0,0
BRDA:128,37,1,0
BRDA:129,38,0,0
BRDA:129,38,1,0
BRDA:130,39,0,0
BRDA:130,39,1,0
BRDA:130,40,0,0
BRDA:130,40,1,0
BRDA:132,41,0,0
BRDA:132,41,1,0
BRDA:133,42,0,0
BRDA:133,42,1,0
BRDA:137,43,0,4035
BRDA:137,43,1,0
BRDA:153,44,0,22037
BRDA:153,44,1,5110
BRDA:153,44,2,5110
BRDA:159,45,0,0
BRDA:159,45,1,0
BRDA:160,46,0,0
BRDA:160,46,1,0
BRDA:160,46,2,0
BRDA:160,46,3,0
BRDA:168,47,0,255
BRDA:168,47,1,0
BRDA:172,48,0,0
BRDA:176,49,0,0
BRDA:176,49,1,32152
BRDA:176,50,0,32152
BRDA:176,50,1,0
BRDA:178,51,0,0
BRDA:178,51,1,4019
BRDA:178,52,0,4019
BRDA:178,52,1,4019
BRDA:178,52,2,4019
BRDA:182,53,0,0
BRDA:185,54,0,0
BRDA:185,54,1,4019
BRDA:185,55,0,4019
BRDA:185,55,1,4019
BRDA:186,56,0,0
BRDA:186,56,1,0
BRDA:186,57,0,0
BRDA:186,57,1,0
BRDA:187,58,0,0
BRDA:187,58,1,0
BRDA:187,59,0,0
BRDA:187,59,1,0
BRDA:190,60,0,0
BRDA:190,60,1,4019
BRDA:195,61,0,54
BRDA:195,61,1,43332
BRDA:197,62,0,38403
BRDA:197,62,1,4929
BRDA:201,63,0,623
BRDA:201,63,1,340
BRDA:204,64,0,42
BRDA:205,65,0,255
BRDA:205,65,1,0
BRDA:208,66,0,195
BRDA:208,66,1,60
BRDA:211,67,0,161
BRDA:211,67,1,94
BRDA:212,68,0,255
BRDA:212,68,1,0
BRDA:214,69,0,0
BRDA:214,69,1,255
BRDA:215,70,0,4
BRDA:215,70,1,251
BRDA:225,71,0,0
BRDA:231,72,0,0
BRDA:231,72,1,926
BRDA:235,73,0,0
BRDA:235,73,1,926
BRDA:235,74,0,926
BRDA:235,74,1,926
BRDA:235,74,2,926
BRDA:236,75,0,0
BRDA:236,75,1,926
BRDA:237,76,0,0
BRDA:237,76,1,926
BRDA:237,77,0,926
BRDA:237,77,1,0
BRDA:238,78,0,0
BRDA:238,78,1,926
BRDA:239,79,0,0
BRDA:239,79,1,926
BRDA:242,80,0,0
BRDA:242,80,1,213
BRDA:242,81,0,213
BRDA:242,81,1,45
BRDA:243,82,0,0
BRDA:243,82,1,213
BRDA:243,83,0,213
BRDA:243,83,1,0
BRDA:243,84,0,0
BRDA:243,84,1,0
BRDA:243,85,0,0
BRDA:243,85,1,0
BRDA:243,86,0,0
BRDA:243,86,1,0
BRDA:245,87,0,4
BRDA:245,87,1,136
BRDA:246,88,0,213
BRDA:246,88,1,0
BRDA:248,89,0,0
BRDA:248,89,1,213
BRDA:249,90,0,0
BRDA:249,90,1,0
BRDA:250,91,0,0
BRDA:250,91,1,0
BRDA:258,92,0,4035
BRDA:258,92,1,0
BRDA:260,93,0,2971
BRDA:260,93,1,1064
BRDA:276,94,0,0
BRDA:276,94,1,4035
BRDA:276,95,0,4035
BRDA:276,95,1,4035
BRDA:277,96,0,0
BRDA:277,96,1,4035
BRDA:277,97,0,4035
BRDA:277,97,1,0
BRDA:280,98,0,0
BRDA:280,98,1,4035
BRDA:280,99,0,4035
BRDA:280,99,1,78
BRDA:282,100,0,4035
BRDA:282,100,1,0
BRDA:283,101,0,4035
BRDA:283,101,1,0
BRDA:286,102,0,4035
BRDA:286,102,1,1337
BRDA:290,103,0,4035
BRDA:290,103,1,0
BRDA:291,104,0,4035
BRDA:291,104,1,0
BRDA:291,105,0,2080
BRDA:291,105,1,1955
BRDA:292,106,0,4035
BRDA:292,106,1,0
BRDA:293,107,0,4035
BRDA:293,107,1,2276
BRDA:294,108,0,0
BRDA:294,108,1,4035
BRDA:294,109,0,4035
BRDA:294,109,1,0
BRDA:295,110,0,0
BRDA:295,110,1,4035
BRDA:296,111,0,0
BRDA:296,111,1,0
BRDA:296,112,0,0
BRDA:296,112,1,0
BRDA:299,113,0,1070
BRDA:299,113,1,2965
BRDA:299,114,0,4035
BRDA:299,114,1,2080
BRDA:300,115,0,3957
BRDA:300,115,1,78
BRDA:301,116,0,3957
BRDA:301,116,1,2136
BRDA:301,116,2,1810
BRDA:303,117,0,1821
BRDA:303,117,1,2136
BRDA:304,118,0,2024
BRDA:304,118,1,112
BRDA:306,119,0,429
BRDA:306,119,1,3606
BRDA:307,120,0,429
BRDA:307,120,1,21
BRDA:307,120,2,21
BRDA:308,121,0,373
BRDA:308,121,1,56
BRDA:308,122,0,429
BRDA:308,122,1,411
BRDA:308,123,0,121
BRDA:308,123,1,252
BRDA:309,124,0,18
BRDA:309,124,1,38
BRDA:311,125,0,573
BRDA:311,125,1,3033
BRDA:311,126,0,3606
BRDA:311,126,1,3054
BRDA:311,126,2,1987
BRDA:311,126,3,1325
BRDA:314,127,0,1047
BRDA:314,127,1,2988
BRDA:314,128,0,4035
BRDA:314,128,1,1549
BRDA:315,129,0,204
BRDA:315,129,1,3831
BRDA:315,130,0,4035
BRDA:315,130,1,3940
BRDA:315,130,2,284
BRDA:327,131,0,4035
BRDA:327,131,1,0
BRDA:331,132,0,4035
BRDA:331,132,1,4035
BRDA:331,132,2,1824
BRDA:332,133,0,4035
BRDA:332,133,1,3984
BRDA:333,134,0,16
BRDA:333,134,1,4019
BRDA:333,135,0,4035
BRDA:333,135,1,2211
BRDA:334,136,0,0
BRDA:334,136,1,4019
BRDA:334,137,0,4019
BRDA:334,137,1,2195
BRDA:335,138,0,0
BRDA:335,138,1,4019
BRDA:335,139,0,4019
BRDA:335,139,1,2195
BRDA:337,140,0,0
BRDA:337,140,1,4019
BRDA:337,141,0,4019
BRDA:337,141,1,0
BRDA:339,142,0,832
BRDA:339,142,1,3187
BRDA:340,143,0,701
BRDA:340,143,1,131
BRDA:340,144,0,832
BRDA:340,144,1,346
BRDA:346,145,0,4019
BRDA:346,145,1,0
BRDA:347,146,0,0
BRDA:347,146,1,4019
BRDA:347,147,0,4019
BRDA:347,147,1,0
BRDA:348,148,0,0
BRDA:348,148,1,4019
BRDA:348,149,0,4019
BRDA:348,149,1,0
BRDA:349,150,0,0
BRDA:349,150,1,4019
BRDA:349,151,0,4019
BRDA:349,151,1,0
BRDA:351,152,0,0
BRDA:351,152,1,4019
BRDA:351,153,0,4019
BRDA:351,153,1,0
BRDA:357,154,0,4019
BRDA:357,154,1,441
BRDA:362,155,0,4019
BRDA:362,155,1,0
BRDA:382,156,0,1229
BRDA:382,156,1,1442
BRDA:382,157,0,2671
BRDA:382,157,1,2671
BRDA:387,158,0,674
BRDA:387,158,1,1968
BRDA:387,159,0,2642
BRDA:387,159,1,1201
BRDA:389,160,0,0
BRDA:389,160,1,3187
BRDA:389,161,0,3187
BRDA:389,161,1,855
BRDA:389,161,2,855
BRDA:391,162,0,0
BRDA:391,162,1,0
BRDA:398,163,0,3720
BRDA:398,163,1,0
BRDA:398,163,2,0
BRDA:402,164,0,3720
BRDA:402,164,1,71
BRDA:402,164,2,71
BRDA:406,165,0,426
BRDA:406,165,1,3294
BRDA:406,166,0,426
BRDA:406,166,1,46
BRDA:408,167,0,3720
BRDA:408,167,1,0
BRDA:408,167,2,0
BRDA:409,168,0,3720
BRDA:409,168,1,0
BRDA:410,169,0,3720
BRDA:410,169,1,0
BRDA:411,170,0,3720
BRDA:411,170,1,0
BRDA:412,171,0,3720
BRDA:412,171,1,0
BRDA:413,172,0,3720
BRDA:413,172,1,0
BRDA:415,173,0,3720
BRDA:415,173,1,2997
BRDA:422,174,0,1031
BRDA:422,174,1,2689
BRDA:422,175,0,2689
BRDA:422,175,1,0
BRDA:422,176,0,2689
BRDA:422,176,1,0
BRDA:423,177,0,1031
BRDA:423,177,1,2689
BRDA:424,178,0,426
BRDA:424,178,1,3294
BRDA:424,179,0,426
BRDA:424,179,1,46
BRDA:432,180,0,1760
BRDA:432,180,1,1960
BRDA:432,181,0,1760
BRDA:432,181,1,0
BRDA:434,182,0,3720
BRDA:434,182,1,0
BRDA:434,182,2,0
BRDA:441,183,0,3720
BRDA:441,183,1,0
BRDA:441,183,2,0
BRDA:442,184,0,3720
BRDA:442,184,1,0
BRDA:442,184,2,0
BRDA:443,185,0,3720
BRDA:443,185,1,0
BRDA:443,185,2,0
BRDA:444,186,0,3720
BRDA:444,186,1,0
BRDA:445,187,0,3720
BRDA:445,187,1,0
BRDA:446,188,0,3720
BRDA:446,188,1,0
BRDA:454,189,0,34932
BRDA:454,189,1,0
BRDA:456,190,0,34932
BRDA:456,190,1,0
BRDA:459,191,0,19324
BRDA:459,191,1,114320
BRDA:462,192,0,31328
BRDA:462,192,1,3604
BRDA:467,193,0,0
BRDA:467,193,1,34932
BRDA:477,194,0,3822
BRDA:477,194,1,986
BRDA:477,195,0,4808
BRDA:477,195,1,1236
BRDA:482,196,0,0
BRDA:494,197,0,2
BRDA:494,197,1,0
BRDA:494,198,0,2
BRDA:494,198,1,0
BRDA:494,199,0,2
BRDA:494,199,1,0
BRDA:499,200,0,2
BRDA:499,200,1,0
BRDA:506,201,0,0
BRDA:508,202,0,20
BRDA:508,202,1,0
BRDA:513,203,0,20
BRDA:513,203,1,0
BRDA:514,204,0,20
BRDA:514,204,1,13
BRDA:514,204,2,13
BRDA:514,204,3,12
BRDA:514,204,4,12
BRDA:519,205,0,20
BRDA:519,205,1,20
BRDA:519,205,2,20
BRDA:519,205,3,20
BRDA:521,206,0,20
BRDA:521,206,1,20
BRDA:521,206,2,20
BRDA:523,207,0,20
BRDA:523,207,1,20
BRDA:524,208,0,20
BRDA:524,208,1,20
BRDA:524,208,2,20
BRDA:526,209,0,20
BRDA:526,209,1,0
BRDA:526,209,2,0
BRDA:528,210,0,20
BRDA:528,210,1,20
BRDA:528,210,2,20
BRDA:530,211,0,20
BRDA:530,211,1,12
BRDA:530,211,2,2
BRDA:531,212,0,20
BRDA:531,212,1,20
BRDA:531,212,2,9
BRDA:538,213,0,10
BRDA:538,213,1,10
BRDA:538,214,0,10
[...]
BRDA:64,60,2,0
BRDA:75,61,0,0
BRDA:75,61,1,0
BRF:136
BRH:94
end_of_record
TN:
SF:services/travelIntelligence/tourismPoi/index.js
FNF:0
FNH:0
DA:16,8
DA:18,8
DA:19,8
DA:24,8
DA:25,8
DA:27,8
LF:6
LH:6
BRF:0
BRH:0
end_of_record
TN:
SF:services/travelIntelligence/tourismPoi/tourismBlacklist.js
FN:92,(anonymous_0)
FN:108,normalizeName
FN:119,isBlacklistedEntity
FN:169,isAllowedException
FN:179,isLocalityOnlyName
FN:185,(anonymous_5)
FNF:6
FNH:6
FNDA:392,(anonymous_0)
FNDA:68,normalizeName
FNDA:47,isBlacklistedEntity
FNDA:2,isAllowedException
FNDA:21,isLocalityOnlyName
FNDA:340,(anonymous_5)
DA:12,8
DA:36,8
DA:47,8
DA:76,8
DA:92,392
DA:98,8
DA:109,68
DA:120,47
DA:122,47
DA:123,47
DA:126,47
DA:127,21
DA:131,26
DA:132,171
DA:133,2
DA:138,24
DA:139,380
DA:142,5
DA:143,5
DA:144,4
DA:150,20
DA:151,20
DA:153,20
DA:154,2
DA:156,18
DA:157,0
DA:161,18
DA:162,18
DA:163,0
DA:166,18
DA:171,2
DA:172,2
DA:180,21
DA:181,21
DA:182,21
DA:184,20
DA:185,340
DA:188,8
LF:38
LH:36
BRDA:109,0,0,68
BRDA:109,0,1,0
BRDA:120,1,0,0
BRDA:120,1,1,47
BRDA:120,2,0,47
BRDA:120,2,1,47
BRDA:123,3,0,0
BRDA:123,3,1,47
BRDA:123,4,0,47
BRDA:123,4,1,47
BRDA:126,5,0,21
BRDA:126,5,1,26
BRDA:132,6,0,2
BRDA:132,6,1,169
BRDA:132,7,0,171
BRDA:132,7,1,0
BRDA:139,8,0,5
BRDA:139,8,1,375
BRDA:143,9,0,4
BRDA:143,9,1,1
BRDA:150,10,0,20
BRDA:150,10,1,18
BRDA:150,10,2,18
BRDA:150,10,3,18
BRDA:151,11,0,20
BRDA:151,11,1,18
BRDA:151,11,2,18
BRDA:151,11,3,18
BRDA:153,12,0,2
BRDA:153,12,1,18
BRDA:153,13,0,20
BRDA:153,13,1,2
BRDA:156,14,0,0
BRDA:156,14,1,18
BRDA:161,15,0,18
BRDA:161,15,1,18
BRDA:161,15,2,18
BRDA:161,15,3,18
BRDA:162,16,0,0
BRDA:162,16,1,18
BRDA:171,17,0,0
BRDA:171,17,1,2
BRDA:171,18,0,2
BRDA:171,18,1,0
BRDA:181,19,0,0
BRDA:181,19,1,21
BRDA:182,20,0,1
BRDA:182,20,1,20
BRDA:184,21,0,0
BRDA:184,21,1,20
BRDA:185,22,0,340
BRDA:185,22,1,0
BRF:52
BRH:41
end_of_record
TN:
SF:services/travelIntelligence/tourismPoi/tourismCategoryClassifier.js
FN:175,classifyTourismCategory
FN:247,isRejectClass
FN:252,toProductCategory
FNF:3
FNH:3
FNDA:123,classifyTourismCategory
FNDA:119,isRejectClass
FNDA:117,toProductCategory
DA:10,8
DA:60,8
DA:82,8
DA:104,8
DA:144,8
DA:176,123
DA:177,0
DA:180,123
DA:181,123
DA:182,123
DA:183,123
DA:186,123
DA:187,108
DA:188,108
DA:197,15
DA:198,0
DA:199,0
DA:208,15
DA:209,255
DA:210,6
DA:220,9
DA:221,0
DA:223,9
DA:224,0
DA:226,9
DA:227,0
DA:229,9
DA:230,0
DA:234,9
DA:235,9
DA:236,9
DA:239,0
DA:248,119
DA:253,117
DA:283,117
DA:286,8
LF:36
LH:28
BRDA:176,0,0,0
BRDA:176,0,1,123
BRDA:176,1,0,123
BRDA:176,1,1,123
BRDA:180,2,0,123
BRDA:180,2,1,0
BRDA:181,3,0,123
BRDA:181,3,1,3
BRDA:181,3,2,3
BRDA:182,4,0,123
BRDA:182,4,1,123
BRDA:182,4,2,123
BRDA:183,5,0,123
BRDA:183,5,1,123
BRDA:183,5,2,123
BRDA:186,6,0,108
BRDA:186,6,1,15
BRDA:186,7,0,123
BRDA:186,7,1,120
BRDA:197,8,0,0
BRDA:197,8,1,15
BRDA:197,9,0,15
BRDA:197,9,1,0
BRDA:209,10,0,6
BRDA:209,10,1,249
BRDA:220,11,0,0
BRDA:220,11,1,9
BRDA:223,12,0,0
BRDA:223,12,1,9
BRDA:226,13,0,0
BRDA:226,13,1,9
BRDA:229,14,0,0
BRDA:229,14,1,9
BRDA:229,15,0,9
BRDA:229,15,1,0
BRDA:229,16,0,0
BRDA:229,16,1,0
BRDA:234,17,0,9
BRDA:234,17,1,0
BRDA:235,18,0,9
BRDA:235,18,1,0
BRDA:283,19,0,117
BRDA:283,19,1,0
BRF:43
BRH:29
end_of_record
TN:
SF:services/travelIntelligence/tourismPoi/tourismEligibilityEngine.js
FN:26,evaluateCandidate
FN:158,(anonymous_1)
FN:174,enrichPlace
FN:195,mapRejectReasonToClass
FN:208,tierRank
FN:216,filterEligibleCandidates
FN:235,(anonymous_6)
FN:247,isTourismEligible
FN:252,normalizeExclusive
FN:254,(anonymous_9)
FN:257,matchesExclusive
FNF:11
FNH:10
FNDA:148,evaluateCandidate
FNDA:5,(anonymous_1)
FNDA:109,enrichPlace
FNDA:29,mapRejectReasonToClass
FNDA:108,tierRank
FNDA:22,filterEligibleCandidates
FNDA:172,(anonymous_6)
FNDA:0,isTourismEligible
FNDA:112,normalizeExclusive
FNDA:5,(anonymous_9)
FNDA:5,matchesExclusive
DA:12,8
DA:13,8
DA:19,8
DA:20,8
DA:27,148
DA:28,148
DA:29,148
DA:30,148
DA:31,148
DA:33,148
DA:47,148
DA:48,0
DA:49,0
DA:50,0
DA:53,148
DA:54,148
DA:55,0
DA:56,0
DA:57,0
DA:61,148
DA:62,148
DA:63,101
DA:74,101
DA:75,101
DA:80,148
DA:81,148
DA:82,47
DA:83,47
DA:84,29
DA:85,29
DA:86,29
DA:87,29
DA:92,119
DA:93,0
DA:94,0
DA:95,0
DA:96,0
DA:100,119
DA:101,119
DA:102,119
DA:104,119
DA:105,0
DA:106,0
DA:107,0
DA:111,119
DA:112,6
DA:113,6
DA:114,6
DA:118,113
DA:123,1
DA:124,1
DA:125,1
DA:129,112
DA:130,112
DA:131,112
DA:132,112
DA:134,112
DA:135,0
DA:136,0
DA:137,0
DA:141,112
DA:142,0
DA:143,0
DA:144,0
DA:148,112
DA:149,0
DA:150,0
DA:151,0
DA:155,112
DA:156,112
DA:157,5
DA:158,5
DA:159,5
DA:160,3
DA:161,3
DA:162,3
DA:166,109
DA:167,109
DA:170,109
DA:171,109
DA:175,109
DA:196,29
DA:205,29
DA:209,108
DA:210,108
DA:217,22
DA:218,22
DA:220,22
DA:221,110
DA:222,110
DA:223,98
DA:225,12
DA:235,22
DA:236,172
DA:237,172
DA:238,54
DA:241,22
DA:248,0
DA:253,112
DA:254,99
DA:258,5
DA:259,5
DA:260,5
DA:261,5
DA:262,5
DA:263,3
DA:264,1
DA:266,2
DA:267,0
DA:268,0
DA:269,0
DA:270,0
DA:271,0
DA:273,0
DA:276,8
LF:115
LH:86
BRDA:26,0,0,19
BRDA:27,1,0,148
BRDA:27,1,1,121
BRDA:27,1,2,121
BRDA:27,1,3,121
BRDA:31,2,0,148
BRDA:31,2,1,147
BRDA:35,3,0,148
BRDA:35,3,1,0
BRDA:43,4,0,148
BRDA:43,4,1,148
BRDA:43,4,2,148
BRDA:43,4,3,148
BRDA:47,5,0,0
BRDA:47,5,1,148
BRDA:47,6,0,148
BRDA:47,6,1,148
BRDA:53,7,0,148
BRDA:53,7,1,0
BRDA:54,8,0,0
BRDA:54,8,1,148
BRDA:62,9,0,101
BRDA:62,9,1,47
BRDA:67,10,0,101
BRDA:67,10,1,101
BRDA:68,11,0,101
BRDA:68,11,1,101
BRDA:68,11,2,0
BRDA:69,12,0,101
BRDA:69,12,1,0
BRDA:69,12,2,0
BRDA:70,13,0,101
BRDA:70,13,1,101
BRDA:70,13,2,19
BRDA:71,14,0,101
BRDA:71,14,1,101
BRDA:71,14,2,19
BRDA:72,15,0,101
BRDA:72,15,1,101
BRDA:80,16,0,148
BRDA:80,16,1,66
BRDA:81,17,0,47
BRDA:81,17,1,101
BRDA:81,18,0,148
BRDA:81,18,1,143
BRDA:83,19,0,29
BRDA:83,19,1,18
BRDA:86,20,0,21
BRDA:86,20,1,8
BRDA:92,21,0,0
BRDA:92,21,1,119
BRDA:92,22,0,119
BRDA:92,22,1,18
BRDA:92,22,2,0
BRDA:104,23,0,0
BRDA:104,23,1,119
BRDA:111,24,0,6
BRDA:111,24,1,113
BRDA:111,25,0,119
BRDA:111,25,1,33
BRDA:118,26,0,1
BRDA:118,26,1,112
BRDA:119,27,0,113
BRDA:119,27,1,107
BRDA:119,27,2,6
BRDA:132,28,0,112
BRDA:132,28,1,0
BRDA:132,28,2,0
BRDA:132,28,3,0
BRDA:134,29,0,0
BRDA:134,29,1,112
BRDA:141,30,0,0
BRDA:141,30,1,112
BRDA:141,31,0,112
BRDA:141,31,1,0
BRDA:148,32,0,0
BRDA:148,32,1,112
BRDA:148,33,0,112
BRDA:148,33,1,0
BRDA:148,33,2,0
BRDA:156,34,0,5
BRDA:156,34,1,107
BRDA:157,35,0,5
BRDA:157,35,1,0
BRDA:157,35,2,0
BRDA:157,35,3,0
BRDA:159,36,0,3
BRDA:159,36,1,2
BRDA:181,37,0,109
BRDA:181,37,1,0
BRDA:181,37,2,0
BRDA:182,38,0,109
BRDA:182,38,1,0
BRDA:182,38,2,0
BRDA:205,39,0,29
BRDA:205,39,1,0
BRDA:210,40,0,108
BRDA:210,40,1,0
BRDA:216,41,0,0
BRDA:220,42,0,22
BRDA:220,42,1,0
BRDA:222,43,0,98
BRDA:222,43,1,12
BRDA:226,44,0,12
BRDA:226,44,1,0
BRDA:236,45,0,172
BRDA:236,45,1,0
BRDA:236,46,0,172
BRDA:236,46,1,0
BRDA:237,47,0,118
BRDA:237,47,1,54
BRDA:241,48,0,22
BRDA:241,48,1,0
BRDA:247,49,0,0
BRDA:253,50,0,13
BRDA:253,50,1,99
BRDA:254,51,0,5
BRDA:254,51,1,0
BRDA:258,52,0,5
BRDA:258,52,1,0
BRDA:259,53,0,5
BRDA:259,53,1,0
BRDA:260,54,0,5
BRDA:260,54,1,0
BRDA:261,55,0,5
BRDA:261,55,1,0
BRDA:262,56,0,2
BRDA:262,56,1,3
BRDA:263,57,0,1
BRDA:263,57,1,2
BRDA:263,58,0,3
BRDA:263,58,1,2
BRDA:263,58,2,2
BRDA:264,59,0,1
BRDA:264,59,1,1
BRDA:264,59,2,1
BRDA:266,60,0,2
BRDA:266,60,1,0
BRDA:266,61,0,2
BRDA:266,61,1,0
BRDA:266,62,0,2
BRDA:266,62,1,2
BRDA:267,63,0,0
BRDA:267,63,1,0
BRDA:267,64,0,0
BRDA:267,64,1,0
BRDA:267,65,0,0
BRDA:267,65,1,0
BRDA:267,65,2,0
BRDA:268,66,0,0
BRDA:268,66,1,0
BRDA:268,67,0,0
BRDA:268,67,1,0
BRDA:268,68,0,0
BRDA:268,68,1,0
BRDA:269,69,0,0
BRDA:269,69,1,0
BRDA:269,70,0,0
BRDA:269,70,1,0
BRDA:269,71,0,0
BRDA:269,71,1,0
BRDA:270,72,0,0
BRDA:270,72,1,0
BRDA:270,73,0,0
BRDA:270,73,1,0
BRDA:271,74,0,0
BRDA:271,74,1,0
BRF:167
BRH:100
end_of_record
TN:
SF:services/travelIntelligence/tourismPoi/tourismQualityScore.js
FN:24,bayesianRating
FN:40,sourceConfidence
FN:57,categoryValidityScore
FN:82,computeTourismQualityScore
FN:178,scoreToTier
FNF:5
FNH:5
FNDA:114,bayesianRating
FNDA:114,sourceConfidence
FNDA:114,categoryValidityScore
FNDA:114,computeTourismQualityScore
FNDA:114,scoreToTier
DA:11,8
DA:25,114
DA:26,114
DA:27,114
DA:29,112
DA:31,2
DA:32,2
DA:33,2
DA:41,114
DA:42,114
DA:43,19
DA:44,19
DA:45,19
DA:46,19
DA:47,18
DA:48,18
DA:49,18
DA:50,18
DA:51,18
DA:58,114
DA:59,114
DA:64,114
DA:69,114
DA:70,28
DA:71,0
DA:83,114
DA:84,0
DA:91,114
DA:92,114
DA:93,114
DA:96,114
DA:106,114
DA:109,114
DA:114,114
DA:116,114
DA:119,114
DA:120,114
DA:121,67
DA:122,40
DA:123,114
DA:126,114
DA:127,114
DA:128,114
DA:129,114
DA:130,114
DA:131,114
DA:134,114
DA:135,114
DA:136,20
DA:137,20
DA:138,20
DA:139,114
DA:140,0
DA:144,114
DA:154,114
DA:155,114
DA:157,114
DA:159,114
DA:179,114
DA:181,114
DA:182,67
DA:183,41
DA:185,20
DA:186,20
DA:187,19
DA:188,19
DA:189,0
DA:190,0
DA:193,8
LF:69
LH:64
BRDA:24,0,0,114
BRDA:24,1,0,114
BRDA:26,2,0,114
BRDA:26,2,1,112
BRDA:27,3,0,112
BRDA:27,3,1,2
BRDA:27,4,0,114
BRDA:27,4,1,2
BRDA:41,5,0,114
BRDA:41,5,1,18
BRDA:41,5,2,18
BRDA:41,5,3,18
BRDA:42,6,0,95
BRDA:42,6,1,19
BRDA:42,7,0,114
BRDA:42,7,1,20
BRDA:42,7,2,19
BRDA:43,8,0,0
BRDA:43,8,1,19
BRDA:43,9,0,19
BRDA:43,9,1,19
BRDA:44,10,0,0
BRDA:44,10,1,19
BRDA:44,11,0,19
BRDA:44,11,1,19
BRDA:45,12,0,0
BRDA:45,12,1,19
BRDA:45,13,0,19
BRDA:45,13,1,19
BRDA:46,14,0,1
BRDA:46,14,1,18
BRDA:46,15,0,19
BRDA:46,15,1,18
BRDA:47,16,0,0
BRDA:47,16,1,18
BRDA:47,17,0,18
BRDA:47,17,1,18
BRDA:48,18,0,0
BRDA:48,18,1,18
BRDA:49,19,0,0
BRDA:49,19,1,18
BRDA:50,20,0,0
BRDA:50,20,1,18
BRDA:58,21,0,0
BRDA:58,21,1,114
BRDA:69,22,0,86
BRDA:69,22,1,28
BRDA:70,23,0,28
BRDA:70,23,1,0
BRDA:82,24,0,2
BRDA:83,25,0,0
BRDA:83,25,1,114
BRDA:83,26,0,114
BRDA:83,26,1,114
BRDA:91,27,0,114
BRDA:91,27,1,112
BRDA:91,27,2,112
BRDA:92,28,0,114
BRDA:92,28,1,112
BRDA:92,28,2,112
BRDA:92,28,3,112
BRDA:109,29,0,114
BRDA:109,29,1,0
BRDA:120,30,0,47
BRDA:120,30,1,67
BRDA:120,31,0,114
BRDA:120,31,1,114
BRDA:121,32,0,27
BRDA:121,32,1,40
BRDA:121,33,0,67
BRDA:121,33,1,66
BRDA:122,34,0,8
BRDA:122,34,1,32
BRDA:122,35,0,40
BRDA:122,35,1,39
BRDA:123,36,0,29
BRDA:123,36,1,85
BRDA:123,37,0,114
BRDA:123,37,1,105
BRDA:127,38,0,0
BRDA:127,38,1,114
BRDA:127,39,0,114
BRDA:127,39,1,0
BRDA:128,40,0,0
BRDA:128,40,1,114
BRDA:128,41,0,114
BRDA:128,41,1,114
BRDA:128,41,2,114
BRDA:129,42,0,0
BRDA:129,42,1,114
BRDA:129,43,0,114
BRDA:129,43,1,114
BRDA:129,43,2,114
BRDA:130,44,0,0
BRDA:130,44,1,114
BRDA:130,45,0,114
BRDA:130,45,1,114
BRDA:135,46,0,94
BRDA:135,46,1,20
BRDA:136,47,0,0
BRDA:136,47,1,20
BRDA:136,48,0,20
BRDA:136,48,1,0
BRDA:137,49,0,0
BRDA:137,49,1,20
BRDA:137,50,0,20
BRDA:137,50,1,20
BRDA:138,51,0,0
BRDA:138,51,1,20
BRDA:138,52,0,20
BRDA:138,52,1,20
BRDA:139,53,0,0
BRDA:139,53,1,114
BRDA:154,54,0,114
BRDA:154,54,1,0
BRDA:179,55,0,0
BRDA:179,55,1,114
BRDA:181,56,0,47
BRDA:181,56,1,67
BRDA:181,57,0,114
BRDA:181,57,1,67
BRDA:182,58,0,26
BRDA:182,58,1,41
BRDA:182,59,0,26
BRDA:182,59,1,0
BRDA:183,60,0,21
BRDA:183,60,1,20
BRDA:183,61,0,41
BRDA:183,61,1,21
BRDA:185,62,0,0
BRDA:185,62,1,20
BRDA:186,63,0,1
BRDA:186,63,1,19
BRDA:187,64,0,0
BRDA:187,64,1,19
BRDA:188,65,0,19
BRDA:188,65,1,0
BRDA:189,66,0,0
BRDA:189,66,1,0
BRF:139
BRH:110
end_of_record
TN:
SF:services/travelIntelligence/tourismPoi/tourismWhitelist.js
FN:11,entry
FN:186,buildIndex
FN:216,resolveWhitelist
FN:224,(anonymous_3)
FN:248,(anonymous_4)
FN:249,(anonymous_5)
FN:249,(anonymous_6)
FN:252,isVerifiedShoppingDestination
FN:259,getCityWhitelist
FN:264,listSupportedCities
FN:265,(anonymous_10)
FNF:11
FNH:11
FNDA:912,entry
FNDA:160,buildIndex
FNDA:158,resolveWhitelist
FNDA:163,(anonymous_3)
FNDA:1576,(anonymous_4)
FNDA:216,(anonymous_5)
FNDA:168,(anonymous_6)
FNDA:66,isVerifiedShoppingDestination
FNDA:2,getCityWhitelist
FNDA:1,listSupportedCities
FNDA:19,(anonymous_10)
DA:12,912
DA:16,8
DA:55,8
DA:67,8
DA:78,8
DA:89,8
DA:102,8
DA:114,8
DA:125,8
DA:135,8
DA:144,8
DA:153,8
DA:164,8
DA:187,160
DA:188,160
DA:189,160
DA:190,3152
DA:191,3152
DA:192,3152
DA:193,2320
DA:196,160
DA:199,8
DA:200,8
DA:201,152
DA:205,8
DA:210,8
DA:217,158
DA:218,158
DA:220,158
DA:224,158
DA:225,163
DA:226,163
DA:227,72
DA:228,70
DA:229,9826
DA:230,9826
DA:231,9817
DA:232,7494
DA:235,52
DA:238,158
DA:239,33
DA:240,33
DA:242,130
DA:245,8
DA:248,1576
DA:249,216
DA:253,66
DA:254,66
DA:255,61
DA:260,2
DA:261,2
DA:265,19
DA:268,8
LF:53
LH:53
BRDA:11,0,0,392
BRDA:192,1,0,3152
BRDA:192,1,1,0
BRDA:216,2,0,0
BRDA:217,3,0,158
BRDA:217,3,1,0
BRDA:218,4,0,0
BRDA:218,4,1,158
BRDA:220,5,0,158
BRDA:220,5,1,121
BRDA:220,5,2,121
BRDA:225,6,0,0
BRDA:225,6,1,163
BRDA:226,7,0,91
BRDA:226,7,1,72
BRDA:227,8,0,2
BRDA:227,8,1,70
BRDA:230,9,0,9
BRDA:230,9,1,9817
BRDA:230,10,0,9826
BRDA:230,10,1,9826
BRDA:230,10,2,9826
BRDA:231,11,0,9817
BRDA:231,11,1,0
BRDA:232,12,0,9
BRDA:232,12,1,7485
BRDA:232,13,0,7494
BRDA:232,13,1,7494
BRDA:232,13,2,7485
BRDA:238,14,0,33
BRDA:238,14,1,125
BRDA:238,15,0,158
BRDA:238,15,1,37
BRDA:240,16,0,28
BRDA:240,16,1,5
BRDA:249,17,0,216
BRDA:249,17,1,0
BRDA:253,18,0,66
BRDA:253,18,1,0
BRDA:254,19,0,5
BRDA:254,19,1,61
BRDA:260,20,0,2
BRDA:260,20,1,0
BRDA:261,21,0,2
BRDA:261,21,1,0
BRDA:265,22,0,19
BRDA:265,22,1,0
BRF:47
BRH:36
end_of_record
TN:
SF:utils/concurrency.js
FN:3,mapWithConcurrency
FN:9,worker
FN:18,(anonymous_2)
FNF:3
FNH:3
FNDA:1,mapWithConcurrency
FNDA:2,worker
FNDA:2,(anonymous_2)
DA:4,1
DA:5,1
DA:6,1
DA:7,1
DA:10,2
DA:11,7
DA:12,7
DA:13,5
DA:17,1
DA:18,2
DA:19,1
DA:22,5
LF:12
LH:12
BRDA:4,0,0,0
BRDA:4,0,1,1
BRDA:5,1,0,0
BRDA:5,1,1,1
BRDA:5,2,0,1
BRDA:5,2,1,1
BRDA:12,3,0,2
BRDA:12,3,1,5
BRF:8
BRH:6
end_of_record
TN:
SF:utils/experienceScore.js
FN:2,timeToMinutes
FN:7,getOpeningStatusPure
FN:15,getCrowdPredictionPure
FN:25,calculateExperienceScorePure
FNF:4
FNH:4
FNDA:5,timeToMinutes
FNDA:2,getOpeningStatusPure
FNDA:1,getCrowdPredictionPure
FNDA:1,calculateExperienceScorePure
DA:3,5
DA:4,5
DA:5,5
DA:8,2
DA:9,2
DA:10,2
DA:11,2
DA:12,1
DA:13,1
DA:16,1
DA:17,1
DA:18,1
DA:19,1
DA:20,1
DA:21,1
DA:22,1
DA:23,0
DA:26,1
DA:27,1
DA:28,1
DA:29,1
DA:30,1
DA:32,1
LF:23
LH:22
BRDA:3,0,0,0
BRDA:3,0,1,5
BRDA:3,1,0,5
BRDA:3,1,1,0
BRDA:4,2,0,5
BRDA:4,2,1,0
BRDA:5,3,0,5
BRDA:5,3,1,0
BRDA:8,4,0,2
BRDA:8,4,1,0
BRDA:8,5,0,2
BRDA:8,5,1,0
BRDA:9,6,0,0
BRDA:9,6,1,2
BRDA:9,7,0,2
BRDA:9,7,1,2
BRDA:10,8,0,2
BRDA:10,8,1,0
BRDA:10,9,0,2
BRDA:10,9,1,2
BRDA:10,10,0,0
BRDA:10,10,1,0
BRDA:11,11,0,1
BRDA:11,11,1,1
BRDA:12,12,0,1
BRDA:12,12,1,0
BRDA:13,13,0,0
BRDA:13,13,1,1
BRDA:15,14,0,0
BRDA:16,15,0,0
BRDA:16,15,1,1
BRDA:16,16,0,0
BRDA:16,16,1,1
BRDA:16,17,0,0
BRDA:16,17,1,1
BRDA:16,18,0,1
BRDA:16,18,1,0
BRDA:17,19,0,1
BRDA:17,19,1,0
BRDA:18,20,0,0
BRDA:18,20,1,1
BRDA:19,21,0,0
BRDA:19,21,1,1
BRDA:20,22,0,0
BRDA:20,22,1,1
BRDA:21,23,0,0
BRDA:21,23,1,1
BRDA:22,24,0,1
BRDA:22,24,1,0
BRDA:25,25,0,0
BRDA:26,26,0,0
BRDA:26,26,1,1
BRDA:28,27,0,1
BRDA:28,27,1,0
BRDA:28,28,0,1
BRDA:28,28,1,1
BRDA:28,29,0,1
BRDA:28,29,1,0
BRDA:29,30,0,0
BRDA:29,30,1,1
BRDA:29,31,0,1
BRDA:29,31,1,0
BRDA:29,31,2,0
BRDA:29,31,3,0
BRF:64
BRH:33
end_of_record
TN:
SF:utils/geo.js
FN:7,distKm
FN:30,isInIndia
FN:40,isValidCoords
FN:53,findClosest
FNF:4
FNH:4
FNDA:32708,distKm
FNDA:10,isInIndia
FNDA:14,isValidCoords
FNDA:3,findClosest
DA:8,32708
DA:9,32708
DA:10,32708
DA:12,32708
DA:15,32708
DA:22,55
DA:31,10
DA:41,14
DA:54,3
DA:55,3
DA:56,5
DA:57,3
DA:58,3
DA:60,3
DA:63,55
LF:15
LH:15
BRDA:32,0,0,10
BRDA:32,0,1,9
BRDA:32,0,2,6
BRDA:32,0,3,6
BRDA:42,1,0,14
BRDA:42,1,1,13
BRDA:42,1,2,13
BRDA:42,1,3,10
BRDA:42,1,4,10
BRDA:42,1,5,10
BRDA:42,1,6,9
BRDA:42,1,7,9
BRDA:56,2,0,2
BRDA:56,2,1,3
BRDA:58,3,0,3
BRDA:58,3,1,0
BRF:16
BRH:15
end_of_record
TN:
SF:utils/placesMerge.js
FN:12,filterPlacesByPrefs
FN:14,(anonymous_1)
FN:17,normalizeTokens
FN:23,(anonymous_3)
FN:25,(anonymous_4)
FN:26,(anonymous_5)
FN:29,tokenOverlap
FN:41,isConfidentWikiMatch
FN:49,dedupePlacesByName
FN:62,fallbackCategoryForQuery
FN:69,inferFallbackCategory
FN:77,visitMinutesForCat
FNF:12
FNH:12
FNDA:56,filterPlacesByPrefs
FNDA:12,(anonymous_1)
FNDA:34,normalizeTokens
FNDA:71,(anonymous_3)
FNDA:71,(anonymous_4)
FNDA:64,(anonymous_5)
FNDA:11,tokenOverlap
FNDA:6,isConfidentWikiMatch
FNDA:10,dedupePlacesByName
FNDA:24,fallbackCategoryForQuery
FNDA:21,inferFallbackCategory
FNDA:22,visitMinutesForCat
DA:13,56
DA:14,12
DA:18,34
DA:19,34
DA:23,71
DA:25,71
DA:26,64
DA:30,11
DA:31,11
DA:32,11
DA:34,10
DA:35,10
DA:36,15
DA:38,10
DA:42,6
DA:43,6
DA:44,6
DA:45,5
DA:46,1
DA:50,10
DA:51,10
DA:52,10
DA:53,30
DA:54,30
DA:55,28
DA:56,26
DA:57,26
DA:59,10
DA:63,24
DA:64,22
DA:65,19
DA:66,17
DA:70,21
DA:71,21
DA:72,20
DA:73,19
DA:74,19
DA:78,22
DA:79,21
DA:80,20
DA:81,17
DA:85,5
LF:42
LH:42
BRDA:12,0,0,0
BRDA:13,1,0,48
BRDA:13,1,1,8
BRDA:13,2,0,56
BRDA:13,2,1,56
BRDA:13,3,0,48
BRDA:13,3,1,0
BRDA:14,4,0,8
BRDA:14,4,1,1
BRDA:19,5,0,34
BRDA:19,5,1,4
BRDA:32,6,0,1
BRDA:32,6,1,10
BRDA:32,7,0,11
BRDA:32,7,1,10
BRDA:36,8,0,9
BRDA:36,8,1,6
BRDA:44,9,0,1
BRDA:44,9,1,5
BRDA:45,10,0,4
BRDA:45,10,1,1
BRDA:52,11,0,10
BRDA:52,11,1,1
BRDA:53,12,0,30
BRDA:53,12,1,0
BRDA:54,13,0,2
BRDA:54,13,1,28
BRDA:54,14,0,30
BRDA:54,14,1,30
BRDA:54,14,2,30
BRDA:55,15,0,2
BRDA:55,15,1,26
BRDA:55,16,0,28
BRDA:55,16,1,27
BRDA:63,17,0,2
BRDA:63,17,1,22
BRDA:64,18,0,3
BRDA:64,18,1,19
BRDA:65,19,0,2
BRDA:65,19,1,17
BRDA:70,20,0,21
BRDA:70,20,1,1
BRDA:70,21,0,21
BRDA:70,21,1,0
BRDA:70,22,0,21
BRDA:70,22,1,0
BRDA:70,23,0,21
BRDA:70,23,1,4
BRDA:71,24,0,1
BRDA:71,24,1,20
BRDA:72,25,0,1
BRDA:72,25,1,19
BRDA:73,26,0,0
BRDA:73,26,1,19
BRDA:78,27,0,1
BRDA:78,27,1,21
BRDA:79,28,0,1
BRDA:79,28,1,20
BRDA:80,29,0,3
BRDA:80,29,1,17
BRF:60
BRH:54
end_of_record
TN:
SF:utils/sanitize.js
FN:6,stripControlChars
FN:15,limitLength
FN:23,sanitizeMessage
FN:30,sanitizeCityName
FN:41,sanitizePlaceName
FN:53,validateBase64Image
FN:69,sanitizeStringArray
FN:73,(anonymous_7)
FN:74,(anonymous_8)
FN:86,sanitizeObjectArray
FN:88,(anonymous_10)
FN:100,sanitizeNumber
FNF:12
FNH:12
FNDA:299,stripControlChars
FNDA:297,limitLength
FNDA:294,sanitizeMessage
FNDA:9,sanitizeCityName
FNDA:6,sanitizePlaceName
FNDA:6,validateBase64Image
FNDA:10,sanitizeStringArray
FNDA:173,(anonymous_7)
FNDA:173,(anonymous_8)
FNDA:5,sanitizeObjectArray
FNDA:107,(anonymous_10)
FNDA:118,sanitizeNumber
DA:7,299
DA:9,296
DA:16,297
DA:17,297
DA:24,294
DA:31,9
DA:32,7
DA:42,6
DA:43,6
DA:54,6
DA:55,2
DA:58,4
DA:59,4
DA:60,4
DA:61,2
DA:63,2
DA:70,10
DA:71,8
DA:73,173
DA:74,173
DA:87,5
DA:88,5
DA:89,107
DA:90,104
DA:91,104
DA:92,104
DA:93,104
DA:101,118
DA:102,118
DA:103,113
DA:106,3
LF:31
LH:31
BRDA:7,0,0,3
BRDA:7,0,1,296
BRDA:15,1,0,1
BRDA:16,2,0,0
BRDA:16,2,1,297
BRDA:23,3,0,1
BRDA:31,4,0,2
BRDA:31,4,1,7
BRDA:42,5,0,0
BRDA:42,5,1,6
BRDA:53,6,0,2
BRDA:54,7,0,2
BRDA:54,7,1,4
BRDA:54,8,0,6
BRDA:54,8,1,5
BRDA:60,9,0,2
BRDA:60,9,1,2
BRDA:69,10,0,3
BRDA:69,11,0,3
BRDA:70,12,0,2
BRDA:70,12,1,8
BRDA:73,13,0,173
BRDA:73,13,1,1
BRDA:86,14,0,0
BRDA:86,15,0,0
BRDA:87,16,0,0
BRDA:87,16,1,5
BRDA:89,17,0,3
BRDA:89,17,1,104
BRDA:89,18,0,107
BRDA:89,18,1,105
BRDA:91,19,0,104
BRDA:91,19,1,0
BRDA:102,20,0,5
BRDA:102,20,1,113
BRF:35
BRH:29
end_of_record
TN:
SF:utils/spatial.js
FN:4,toRad
FN:5,toDeg
FN:7,haversineKm
FN:18,bboxAround
FN:29,pointInBbox
FN:39,filterWithinRadius
FN:41,(anonymous_6)
FN:50,bearingDegrees
FN:63,gridCellId
FN:71,orderNearestNeighbor
FN:72,(anonymous_10)
FNF:11
FNH:11
FNDA:42,toRad
FNDA:1,toDeg
FNDA:9,haversineKm
FNDA:3,bboxAround
FNDA:6,pointInBbox
FNDA:2,filterWithinRadius
FNDA:4,(anonymous_6)
FNDA:1,bearingDegrees
FNDA:2,gridCellId
FNDA:2,orderNearestNeighbor
FNDA:4,(anonymous_10)
DA:4,42
DA:5,1
DA:8,9
DA:9,9
DA:10,9
DA:12,9
DA:14,9
DA:19,3
DA:20,3
DA:21,3
DA:30,6
DA:40,2
DA:41,2
DA:42,4
DA:43,4
DA:44,4
DA:45,2
DA:51,1
DA:52,1
DA:53,1
DA:54,1
DA:55,1
DA:56,1
DA:64,2
DA:65,2
DA:72,4
DA:73,2
DA:74,2
DA:75,2
DA:76,2
DA:77,4
DA:78,4
DA:79,4
DA:80,6
DA:81,6
DA:82,6
DA:83,6
DA:84,6
DA:87,4
DA:88,4
DA:89,4
DA:90,4
DA:91,4
DA:93,2
DA:96,2
LF:45
LH:45
BRDA:20,0,0,3
BRDA:20,0,1,0
BRDA:31,1,0,6
BRDA:31,1,1,5
BRDA:31,1,2,3
BRDA:31,1,3,3
BRDA:41,2,0,2
BRDA:41,2,1,0
BRDA:42,3,0,4
BRDA:42,3,1,0
BRDA:43,4,0,0
BRDA:43,4,1,4
BRDA:43,5,0,4
BRDA:43,5,1,4
BRDA:44,6,0,2
BRDA:44,6,1,2
BRDA:63,7,0,0
BRDA:72,8,0,2
BRDA:72,8,1,0
BRDA:80,9,0,6
BRDA:80,9,1,0
BRDA:82,10,0,6
BRDA:82,10,1,0
BRDA:89,11,0,4
BRDA:89,11,1,0
BRF:25
BRH:16
end_of_record
